[INFO]: 2023-07-06 09:03:44.150034 no filled =False
[INFO]: 2023-07-06 09:04:09.153508 no filled =False
[INFO]: 2023-07-06 09:04:34.156373 no filled =False
[INFO]: 2023-07-06 09:04:59.175753 no filled =False
[INFO]: 2023-07-06 09:05:24.184809 no filled =False
[INFO]: 2023-07-06 09:05:49.192903 no filled =False
[INFO]: 2023-07-06 09:06:14.216672 no filled =False
[INFO]: 2023-07-06 09:06:39.220120 no filled =False
[INFO]: 2023-07-06 09:07:04.224827 no filled =False
[INFO]: 2023-07-06 09:07:29.248589 no filled =False
[INFO]: 2023-07-06 09:07:54.252376 no filled =False
[INFO]: 2023-07-06 09:08:19.261171 no filled =False
[INFO]: 2023-07-06 09:08:44.288435 no filled =False
[INFO]: 2023-07-06 09:09:09.312831 no filled =False
[INFO]: 2023-07-06 09:09:34.336854 no filled =False
[INFO]: 2023-07-06 09:09:59.344670 no filled =False
[INFO]: 2023-07-06 09:10:24.372438 no filled =False
[INFO]: 2023-07-06 09:10:49.400078 no filled =False
[INFO]: 2023-07-06 09:11:14.418758 no filled =False
[INFO]: 2023-07-06 09:11:39.424274 no filled =False
[INFO]: 2023-07-06 09:12:04.449002 no filled =False
[INFO]: 2023-07-06 09:12:29.477525 no filled =False
[INFO]: 2023-07-06 09:12:54.489969 no filled =False
[INFO]: 2023-07-06 09:13:19.494131 no filled =False
[INFO]: 2023-07-06 09:13:44.505769 no filled =False
[INFO]: 2023-07-06 09:14:09.512830 no filled =False
[INFO]: 2023-07-06 09:14:34.540118 no filled =False
[INFO]: 2023-07-06 09:14:59.548641 no filled =False
[INFO]: 2023-07-06 09:15:24.576076 no filled =False
[INFO]: 2023-07-06 09:15:49.584624 no filled =False
[INFO]: 2023-07-06 09:16:14.592475 no filled =False
[INFO]: 2023-07-06 09:16:39.608269 no filled =False
[INFO]: 2023-07-06 09:17:04.632752 no filled =False
[INFO]: 2023-07-06 09:17:29.656601 no filled =False
[INFO]: 2023-07-06 09:17:54.682531 no filled =False
[INFO]: 2023-07-06 09:18:19.688444 no filled =False
[INFO]: 2023-07-06 09:18:44.715669 no filled =False
[INFO]: 2023-07-06 09:19:09.744399 no filled =False
[INFO]: 2023-07-06 09:19:34.761891 no filled =False
[INFO]: 2023-07-06 09:19:59.772866 no filled =False
[INFO]: 2023-07-06 09:20:24.799610 no filled =False
[INFO]: 2023-07-06 09:20:49.826051 no filled =False
[INFO]: 2023-07-06 09:21:14.842843 no filled =False
[INFO]: 2023-07-06 09:21:39.874447 no filled =False
[INFO]: 2023-07-06 09:22:04.884826 no filled =False
[INFO]: 2023-07-06 09:22:29.900177 no filled =False
[INFO]: 2023-07-06 09:22:54.928245 no filled =False
[INFO]: 2023-07-06 09:23:19.934588 no filled =False
[INFO]: 2023-07-06 09:23:44.940866 no filled =False
[INFO]: 2023-07-06 09:24:09.956741 no filled =False
[INFO]: 2023-07-06 09:24:34.984067 no filled =False
[INFO]: 2023-07-06 09:25:00.008017 no filled =False
[INFO]: 2023-07-06 09:25:25.036709 no filled =False
[INFO]: 2023-07-06 09:25:50.052554 no filled =False
[INFO]: 2023-07-06 09:26:15.080571 no filled =False
[INFO]: 2023-07-06 09:26:40.084474 no filled =False
[INFO]: 2023-07-06 09:27:05.108665 no filled =False
[INFO]: 2023-07-06 09:27:30.132818 no filled =False
[INFO]: 2023-07-06 09:27:55.158909 no filled =False
[INFO]: 2023-07-06 09:28:20.176580 no filled =False
[INFO]: 2023-07-06 09:28:45.200218 no filled =False
[INFO]: 2023-07-06 09:29:10.225012 no filled =False
[INFO]: 2023-07-06 09:29:35.241624 no filled =False
[INFO]: 2023-07-06 09:30:00.268870 no filled =False
[INFO]: 2023-07-06 09:30:25.296451 no filled =False
[INFO]: 2023-07-06 09:30:50.312872 no filled =False
[INFO]: 2023-07-06 09:31:15.318929 no filled =False
[INFO]: 2023-07-06 09:31:40.324480 no filled =False
[INFO]: 2023-07-06 09:32:05.348919 no filled =False
[INFO]: 2023-07-06 09:32:30.376126 no filled =False
[INFO]: 2023-07-06 09:32:55.402976 no filled =False
[INFO]: 2023-07-06 09:33:20.428691 no filled =False
[INFO]: 2023-07-06 09:33:45.452839 no filled =False
[INFO]: 2023-07-06 09:34:10.461985 no filled =False
[INFO]: 2023-07-06 09:34:35.465549 no filled =False
[INFO]: 2023-07-06 09:35:00.492476 no filled =False
[INFO]: 2023-07-06 09:35:25.508343 no filled =False
[INFO]: 2023-07-06 09:35:50.532682 no filled =False
[INFO]: 2023-07-06 09:36:15.544470 no filled =False
[INFO]: 2023-07-06 09:36:40.568767 no filled =False
[INFO]: 2023-07-06 09:37:05.596886 no filled =False
[INFO]: 2023-07-06 09:37:30.600881 no filled =False
[INFO]: 2023-07-06 09:37:55.626955 no filled =False
[INFO]: 2023-07-06 09:38:20.653673 no filled =False
[INFO]: 2023-07-06 09:38:45.681219 no filled =False
[INFO]: 2023-07-06 09:39:10.708866 no filled =False
[INFO]: 2023-07-06 09:39:35.735116 no filled =False
[INFO]: 2023-07-06 09:40:00.760334 no filled =False
[INFO]: 2023-07-06 09:40:25.772768 checking orderStatus
[DEBUG]: Starting new HTTPS connection (1): api.icicidirect.com:443
[DEBUG]: https://api.icicidirect.com:443 "GET /breezeapi/api/v1/order HTTP/1.1" 200 786
[INFO]: 2023-07-06 09:40:25.986804 {'Success': [{'order_id': '202307062400006569', 'exchange_order_id': '1100000018928997', 'exchange_code': 'NFO', 'stock_code': 'NIFTY', 'product_type': 'Options', 'action': 'Buy', 'order_type': 'Limit', 'stoploss': '0', 'quantity': '50', 'price': '27.2', 'validity': 'Day', 'disclosed_quantity': '0', 'expiry_date': '06-Jul-2023', 'right': 'Put', 'strike_price': 19350.0, 'average_price': '24.05', 'cancelled_quantity': '0', 'pending_quantity': '0', 'status': 'Executed', 'user_remark': None, 'order_datetime': '06-Jul-2023 09:40:00', 'parent_order_id': '', 'modification_number': None, 'exchange_acknowledgement_date': None, 'SLTP_price': None, 'exchange_acknowledge_number': None, 'initial_limit': None, 'intial_sltp': None, 'LTP': None, 'limit_offset': None, 'mbc_flag': None, 'cutoff_price': None, 'validity_date': None}], 'Status': 200, 'Error': None}
[INFO]: 2023-07-06 09:40:25.987053 response delay 0.21
[INFO]: 2023-07-06 09:40:25.988704 order filled ,setting filled =True
[INFO]: ..
[INFO]: 2023-07-06 09:40:50.993116 no filled =False
[INFO]: 2023-07-06 09:41:15.996159 no filled =False
[INFO]: 2023-07-06 09:41:41.002109 no filled =False
[INFO]: 2023-07-06 09:42:06.028499 no filled =False
[INFO]: 2023-07-06 09:42:31.041304 no filled =False
[INFO]: 2023-07-06 09:42:56.047016 no filled =False
[INFO]: 2023-07-06 09:43:21.059084 no filled =False
[INFO]: 2023-07-06 09:43:46.077038 no filled =False
[INFO]: 2023-07-06 09:44:11.100906 no filled =False
[INFO]: 2023-07-06 09:44:36.128802 no filled =False
[INFO]: 2023-07-06 09:45:01.144768 no filled =False
[INFO]: 2023-07-06 09:45:26.168332 no filled =False
[INFO]: 2023-07-06 09:45:51.193261 no filled =False
[INFO]: 2023-07-06 09:46:16.220551 no filled =False
[INFO]: 2023-07-06 09:46:41.224552 no filled =False
[INFO]: 2023-07-06 09:47:06.248771 no filled =False
[INFO]: 2023-07-06 09:47:31.273771 no filled =False
[INFO]: 2023-07-06 09:47:56.300728 no filled =False
[INFO]: 2023-07-06 09:48:21.324069 no filled =False
[INFO]: 2023-07-06 09:48:46.336681 no filled =False
[INFO]: 2023-07-06 09:49:11.340974 no filled =False
[INFO]: 2023-07-06 09:49:36.357242 no filled =False
[INFO]: 2023-07-06 09:50:01.364885 no filled =False
[INFO]: 2023-07-06 09:50:26.381491 no filled =False
[INFO]: 2023-07-06 09:50:51.384425 no filled =False
[INFO]: 2023-07-06 09:51:16.416690 no filled =False
[INFO]: 2023-07-06 09:51:41.440359 no filled =False
[INFO]: 2023-07-06 09:52:06.464673 no filled =False
[INFO]: 2023-07-06 09:52:31.488270 no filled =False
[INFO]: 2023-07-06 09:52:56.512856 no filled =False
[INFO]: 2023-07-06 09:53:21.540051 no filled =False
[INFO]: 2023-07-06 09:53:46.544375 no filled =False
[INFO]: 2023-07-06 09:54:11.569777 no filled =False
[INFO]: 2023-07-06 09:54:36.596593 no filled =False
[INFO]: 2023-07-06 09:55:01.608326 no filled =False
[INFO]: 2023-07-06 09:55:26.632699 no filled =False
[INFO]: 2023-07-06 09:55:51.656352 no filled =False
[INFO]: 2023-07-06 09:56:16.681317 no filled =False
[INFO]: 2023-07-06 09:56:41.708263 no filled =False
[INFO]: 2023-07-06 09:57:06.732944 no filled =False
[INFO]: 2023-07-06 09:57:31.756600 no filled =False
[INFO]: 2023-07-06 09:57:56.762598 no filled =False
[INFO]: 2023-07-06 09:58:21.788224 no filled =False
[INFO]: 2023-07-06 09:58:46.813907 no filled =False
[INFO]: 2023-07-06 09:59:11.832698 no filled =False
[INFO]: 2023-07-06 09:59:36.855971 no filled =False
[INFO]: 2023-07-06 10:00:01.882322 no filled =False
[INFO]: 2023-07-06 10:00:26.909223 no filled =False
[INFO]: 2023-07-06 10:00:51.911805 no filled =False
[INFO]: 2023-07-06 10:01:16.939753 no filled =False
[INFO]: 2023-07-06 10:01:41.965182 no filled =False
[INFO]: 2023-07-06 10:02:06.992323 no filled =False
[INFO]: 2023-07-06 10:02:32.016275 no filled =False
[INFO]: 2023-07-06 10:02:57.037589 no filled =False
[INFO]: 2023-07-06 10:03:22.064799 no filled =False
[INFO]: 2023-07-06 10:03:47.092495 no filled =False
[INFO]: 2023-07-06 10:04:12.116573 no filled =False
[INFO]: 2023-07-06 10:04:37.120674 no filled =False
[INFO]: 2023-07-06 10:05:02.148379 no filled =False
[INFO]: 2023-07-06 10:05:27.172372 no filled =False
[INFO]: 2023-07-06 10:05:52.196180 no filled =False
[INFO]: 2023-07-06 10:06:17.210100 no filled =False
[INFO]: 2023-07-06 10:06:42.237180 no filled =False
[INFO]: 2023-07-06 10:07:07.264325 no filled =False
[INFO]: 2023-07-06 10:07:32.291644 no filled =False
[INFO]: 2023-07-06 10:07:57.309161 no filled =False
[INFO]: 2023-07-06 10:08:22.337349 no filled =False
[INFO]: 2023-07-06 10:08:47.364780 no filled =False
[INFO]: 2023-07-06 10:09:12.378195 no filled =False
[INFO]: 2023-07-06 10:09:37.405180 no filled =False
[INFO]: 2023-07-06 10:10:02.431115 no filled =False
[INFO]: 2023-07-06 10:10:27.454202 no filled =False
[INFO]: 2023-07-06 10:10:52.464243 no filled =False
[INFO]: 2023-07-06 10:11:17.477386 no filled =False
[INFO]: 2023-07-06 10:11:42.504734 no filled =False
[INFO]: 2023-07-06 10:12:07.525303 no filled =False
[INFO]: 2023-07-06 10:12:32.540634 no filled =False
[INFO]: 2023-07-06 10:12:57.555911 no filled =False
[INFO]: 2023-07-06 10:13:22.575382 no filled =False
[INFO]: 2023-07-06 10:13:47.594092 no filled =False
[INFO]: 2023-07-06 10:14:12.604698 no filled =False
[INFO]: 2023-07-06 10:14:37.628434 no filled =False
[INFO]: 2023-07-06 10:15:02.652733 no filled =False
[INFO]: 2023-07-06 10:15:27.676909 no filled =False
[INFO]: 2023-07-06 10:15:52.700767 no filled =False
[INFO]: 2023-07-06 10:16:17.708987 no filled =False
[INFO]: 2023-07-06 10:16:42.736643 no filled =False
[INFO]: 2023-07-06 10:17:07.764001 no filled =False
[INFO]: 2023-07-06 10:17:32.780851 no filled =False
[INFO]: 2023-07-06 10:17:57.808567 no filled =False
[INFO]: 2023-07-06 10:18:22.822829 no filled =False
[INFO]: 2023-07-06 10:18:47.850175 no filled =False
[INFO]: 2023-07-06 10:19:12.864705 no filled =False
[INFO]: 2023-07-06 10:19:37.892229 no filled =False
[INFO]: 2023-07-06 10:20:02.908947 no filled =False
[INFO]: 2023-07-06 10:20:27.936587 no filled =False
[INFO]: 2023-07-06 10:20:52.964195 no filled =False
[INFO]: 2023-07-06 10:21:17.980918 no filled =False
[INFO]: 2023-07-06 10:21:42.992289 no filled =False
[INFO]: 2023-07-06 10:22:08.012981 no filled =False
[INFO]: 2023-07-06 10:22:33.044477 no filled =False
[INFO]: 2023-07-06 10:22:58.068460 no filled =False
[INFO]: 2023-07-06 10:23:23.089600 no filled =False
[INFO]: 2023-07-06 10:23:48.114983 no filled =False
[INFO]: 2023-07-06 10:24:13.121220 no filled =False
[INFO]: 2023-07-06 10:24:38.149014 no filled =False
[INFO]: 2023-07-06 10:25:03.156596 no filled =False
[INFO]: 2023-07-06 10:25:28.184436 no filled =False
[INFO]: 2023-07-06 10:25:53.208578 no filled =False
[INFO]: 2023-07-06 10:26:18.236718 no filled =False
[INFO]: 2023-07-06 10:26:43.260556 no filled =False
[INFO]: 2023-07-06 10:27:08.284498 no filled =False
[INFO]: 2023-07-06 10:27:33.311346 no filled =False
[INFO]: 2023-07-06 10:27:58.339029 no filled =False
[INFO]: 2023-07-06 10:28:23.344431 no filled =False
[INFO]: 2023-07-06 10:28:48.368298 no filled =False
[INFO]: 2023-07-06 10:29:13.372628 no filled =False
[INFO]: 2023-07-06 10:29:38.396407 no filled =False
[INFO]: 2023-07-06 10:30:03.421277 no filled =False
[INFO]: 2023-07-06 10:30:28.444724 no filled =False
[INFO]: 2023-07-06 10:30:53.468134 no filled =False
[INFO]: 2023-07-06 10:31:18.484209 no filled =False
[INFO]: 2023-07-06 10:31:43.512532 no filled =False
[INFO]: 2023-07-06 10:32:08.536762 no filled =False
[INFO]: 2023-07-06 10:32:33.562503 no filled =False
[INFO]: 2023-07-06 10:32:58.589023 no filled =False
[INFO]: 2023-07-06 10:33:23.612414 no filled =False
[INFO]: 2023-07-06 10:33:48.628880 no filled =False
[INFO]: 2023-07-06 10:34:13.649685 no filled =False
[INFO]: 2023-07-06 10:34:38.652527 no filled =False
[INFO]: 2023-07-06 10:35:03.657167 no filled =False
[INFO]: 2023-07-06 10:35:28.682516 no filled =False
[INFO]: 2023-07-06 10:35:53.709156 no filled =False
[INFO]: 2023-07-06 10:36:18.736949 no filled =False
[INFO]: 2023-07-06 10:36:43.764847 no filled =False
[INFO]: 2023-07-06 10:37:08.791291 no filled =False
[INFO]: 2023-07-06 10:37:33.805604 no filled =False
[INFO]: 2023-07-06 10:37:58.820598 no filled =False
[INFO]: 2023-07-06 10:38:23.836430 no filled =False
[INFO]: 2023-07-06 10:38:48.862678 no filled =False
[INFO]: 2023-07-06 10:39:13.889366 no filled =False
[INFO]: 2023-07-06 10:39:38.916973 no filled =False
[INFO]: 2023-07-06 10:40:03.940718 no filled =False
[INFO]: 2023-07-06 10:40:28.944418 no filled =False
[INFO]: 2023-07-06 10:40:53.948857 no filled =False
[INFO]: 2023-07-06 10:41:18.973626 no filled =False
[INFO]: 2023-07-06 10:41:44.000191 no filled =False
[INFO]: 2023-07-06 10:42:09.026996 no filled =False
[INFO]: 2023-07-06 10:42:34.052682 no filled =False
[INFO]: 2023-07-06 10:42:59.076752 no filled =False
[INFO]: 2023-07-06 10:43:24.104699 no filled =False
[INFO]: 2023-07-06 10:43:49.128373 no filled =False
[INFO]: 2023-07-06 10:44:14.151418 no filled =False
[INFO]: 2023-07-06 10:44:39.176750 no filled =False
[INFO]: 2023-07-06 10:45:04.200657 no filled =False
[INFO]: 2023-07-06 10:45:29.221047 no filled =False
[INFO]: 2023-07-06 10:45:54.224592 no filled =False
[INFO]: 2023-07-06 10:46:19.248568 no filled =False
[INFO]: 2023-07-06 10:46:44.276047 no filled =False
[INFO]: 2023-07-06 10:47:09.303018 no filled =False
[INFO]: 2023-07-06 10:47:34.330176 no filled =False
[INFO]: 2023-07-06 10:47:59.356230 no filled =False
[INFO]: 2023-07-06 10:48:24.380270 no filled =False
[INFO]: 2023-07-06 10:48:49.404377 no filled =False
[INFO]: 2023-07-06 10:49:14.408397 no filled =False
[INFO]: 2023-07-06 10:49:39.432732 no filled =False
[INFO]: 2023-07-06 10:50:04.456393 no filled =False
[INFO]: 2023-07-06 10:50:29.466049 no filled =False
[INFO]: 2023-07-06 10:50:54.492468 no filled =False
[INFO]: 2023-07-06 10:51:19.516204 no filled =False
[INFO]: 2023-07-06 10:51:44.540976 no filled =False
[INFO]: 2023-07-06 10:52:09.564916 no filled =False
[INFO]: 2023-07-06 10:52:34.589254 no filled =False
[INFO]: 2023-07-06 10:52:59.616166 no filled =False
[INFO]: 2023-07-06 10:53:24.640174 no filled =False
[INFO]: 2023-07-06 10:53:49.644358 no filled =False
[INFO]: 2023-07-06 10:54:14.671958 no filled =False
[INFO]: 2023-07-06 10:54:39.692039 no filled =False
[INFO]: 2023-07-06 10:55:04.719493 no filled =False
[INFO]: 2023-07-06 10:55:29.746140 no filled =False
[INFO]: 2023-07-06 10:55:54.764804 no filled =False
[INFO]: 2023-07-06 10:56:19.788411 no filled =False
[INFO]: 2023-07-06 10:56:44.799759 no filled =False
[INFO]: 2023-07-06 10:57:09.820340 no filled =False
[INFO]: 2023-07-06 10:57:34.834824 no filled =False
[INFO]: 2023-07-06 10:57:59.861349 no filled =False
[INFO]: 2023-07-06 10:58:24.888559 no filled =False
[INFO]: 2023-07-06 10:58:49.908507 no filled =False
[INFO]: 2023-07-06 10:59:14.924198 no filled =False
[INFO]: 2023-07-06 10:59:39.951135 no filled =False
[INFO]: 2023-07-06 11:00:29.977600 no filled =False
[INFO]: 2023-07-06 11:00:55.002405 no filled =False
[INFO]: 2023-07-06 11:01:20.020574 no filled =False
[INFO]: 2023-07-06 11:01:45.049168 no filled =False
[INFO]: 2023-07-06 11:02:10.076547 no filled =False
[INFO]: 2023-07-06 11:02:35.084394 no filled =False
[INFO]: 2023-07-06 11:03:00.108136 no filled =False
[INFO]: 2023-07-06 11:03:25.116434 no filled =False
[INFO]: 2023-07-06 11:03:50.120321 no filled =False
[INFO]: 2023-07-06 11:04:15.144778 no filled =False
[INFO]: 2023-07-06 11:04:40.172162 no filled =False
[INFO]: 2023-07-06 11:05:05.199334 no filled =False
[INFO]: 2023-07-06 11:05:30.208400 no filled =False
[INFO]: 2023-07-06 11:05:55.228301 no filled =False
[INFO]: 2023-07-06 11:06:20.252101 no filled =False
[INFO]: 2023-07-06 11:06:45.277732 no filled =False
[INFO]: 2023-07-06 11:07:10.304767 no filled =False
[INFO]: 2023-07-06 11:07:35.312249 no filled =False
[INFO]: 2023-07-06 11:08:00.328640 no filled =False
[INFO]: 2023-07-06 11:08:25.353269 no filled =False
[INFO]: 2023-07-06 11:08:50.372879 no filled =False
[INFO]: 2023-07-06 11:09:15.389725 no filled =False
[INFO]: 2023-07-06 11:09:40.416068 no filled =False
[INFO]: 2023-07-06 11:10:05.440223 no filled =False
[INFO]: 2023-07-06 11:10:30.464278 no filled =False
[INFO]: 2023-07-06 11:10:55.485035 no filled =False
[INFO]: 2023-07-06 11:11:20.497863 no filled =False
[INFO]: 2023-07-06 11:11:45.524260 no filled =False
[INFO]: 2023-07-06 11:12:10.548140 no filled =False
[INFO]: 2023-07-06 11:12:35.573199 no filled =False
[INFO]: 2023-07-06 11:13:00.592195 no filled =False
[INFO]: 2023-07-06 11:13:25.600353 no filled =False
[INFO]: 2023-07-06 11:13:50.624180 no filled =False
[INFO]: 2023-07-06 11:14:15.648056 no filled =False
[INFO]: 2023-07-06 11:14:40.664357 no filled =False
[INFO]: 2023-07-06 11:15:05.691520 no filled =False
[INFO]: 2023-07-06 11:15:30.696820 no filled =False
[INFO]: 2023-07-06 11:15:55.707818 no filled =False
[INFO]: 2023-07-06 11:16:20.734044 no filled =False
[INFO]: 2023-07-06 11:16:45.756061 no filled =False
[INFO]: 2023-07-06 11:17:10.780118 no filled =False
[INFO]: 2023-07-06 11:17:35.788257 no filled =False
[INFO]: 2023-07-06 11:18:00.815611 no filled =False
[INFO]: 2023-07-06 11:18:25.824857 no filled =False
[INFO]: 2023-07-06 11:18:50.848928 no filled =False
[INFO]: 2023-07-06 11:19:15.875004 no filled =False
[INFO]: 2023-07-06 11:19:40.900409 no filled =False
[INFO]: 2023-07-06 11:20:05.908751 no filled =False
[INFO]: 2023-07-06 11:20:30.936473 no filled =False
[INFO]: 2023-07-06 11:20:55.956260 no filled =False
[INFO]: 2023-07-06 11:21:20.961685 no filled =False
[INFO]: 2023-07-06 11:21:45.976566 no filled =False
[INFO]: 2023-07-06 11:22:11.000334 no filled =False
[INFO]: 2023-07-06 11:22:36.025297 no filled =False
[INFO]: 2023-07-06 11:23:01.048138 no filled =False
[INFO]: 2023-07-06 11:23:26.075398 no filled =False
[INFO]: 2023-07-06 11:23:51.096513 no filled =False
[INFO]: 2023-07-06 11:24:16.120095 no filled =False
[INFO]: 2023-07-06 11:24:41.144308 no filled =False
[INFO]: 2023-07-06 11:25:06.168198 no filled =False
[INFO]: 2023-07-06 11:25:31.190532 no filled =False
[INFO]: 2023-07-06 11:25:56.216963 no filled =False
[INFO]: 2023-07-06 11:26:21.240341 no filled =False
[INFO]: 2023-07-06 11:26:46.265245 no filled =False
[INFO]: 2023-07-06 11:27:11.272374 no filled =False
[INFO]: 2023-07-06 11:27:36.276553 no filled =False
[INFO]: 2023-07-06 11:28:01.300478 no filled =False
[INFO]: 2023-07-06 11:28:26.324331 no filled =False
[INFO]: 2023-07-06 11:28:51.336467 no filled =False
[INFO]: 2023-07-06 11:29:16.361219 no filled =False
[INFO]: 2023-07-06 11:29:41.364331 no filled =False
[INFO]: 2023-07-06 11:30:06.388370 no filled =False
[INFO]: 2023-07-06 11:30:31.412324 no filled =False
[INFO]: 2023-07-06 11:30:56.436376 no filled =False
[INFO]: 2023-07-06 11:31:21.460282 no filled =False
[INFO]: 2023-07-06 11:31:46.487379 no filled =False
[INFO]: 2023-07-06 11:32:11.492894 no filled =False
[INFO]: 2023-07-06 11:32:36.520379 no filled =False
[INFO]: 2023-07-06 11:33:01.532588 no filled =False
[INFO]: 2023-07-06 11:33:26.556481 no filled =False
[INFO]: 2023-07-06 11:33:51.576438 no filled =False
[INFO]: 2023-07-06 11:34:16.588209 no filled =False
[INFO]: 2023-07-06 11:34:41.614218 no filled =False
[INFO]: 2023-07-06 11:35:06.640431 no filled =False
[INFO]: 2023-07-06 11:35:31.667575 no filled =False
[INFO]: 2023-07-06 11:35:56.692729 no filled =False
[INFO]: 2023-07-06 11:36:21.716497 no filled =False
[INFO]: 2023-07-06 11:36:46.740707 no filled =False
[INFO]: 2023-07-06 11:37:11.764355 no filled =False
[INFO]: 2023-07-06 11:37:36.788407 no filled =False
[INFO]: 2023-07-06 11:38:01.812960 no filled =False
[INFO]: 2023-07-06 11:38:26.840407 no filled =False
[INFO]: 2023-07-06 11:38:51.844258 no filled =False
[INFO]: 2023-07-06 11:39:16.868234 no filled =False
[INFO]: 2023-07-06 11:39:41.892368 no filled =False
[INFO]: 2023-07-06 11:40:06.916663 no filled =False
[INFO]: 2023-07-06 11:40:31.932209 no filled =False
[INFO]: 2023-07-06 11:40:56.952481 no filled =False
[INFO]: 2023-07-06 11:41:21.976486 no filled =False
[INFO]: 2023-07-06 11:41:47.000498 no filled =False
[INFO]: 2023-07-06 11:42:12.024731 no filled =False
[INFO]: 2023-07-06 11:42:37.037179 no filled =False
[INFO]: 2023-07-06 11:43:02.060285 no filled =False
[INFO]: 2023-07-06 11:43:27.064358 no filled =False
[INFO]: 2023-07-06 11:43:52.082127 no filled =False
[INFO]: 2023-07-06 11:44:17.104576 no filled =False
[INFO]: 2023-07-06 11:44:42.131843 no filled =False
[INFO]: 2023-07-06 11:45:07.159267 no filled =False
[INFO]: 2023-07-06 11:45:32.168697 no filled =False
[INFO]: 2023-07-06 11:45:57.192438 no filled =False
[INFO]: 2023-07-06 11:46:22.197608 no filled =False
[INFO]: 2023-07-06 11:46:47.224246 no filled =False
[INFO]: 2023-07-06 11:47:12.231883 no filled =False
[INFO]: 2023-07-06 11:47:37.247736 no filled =False
[INFO]: 2023-07-06 11:48:02.270696 no filled =False
[INFO]: 2023-07-06 11:48:27.297721 no filled =False
[INFO]: 2023-07-06 11:48:52.325084 no filled =False
[INFO]: 2023-07-06 11:49:17.331914 no filled =False
[INFO]: 2023-07-06 11:49:42.344292 no filled =False
[INFO]: 2023-07-06 11:50:07.368248 no filled =False
[INFO]: 2023-07-06 11:50:32.392405 no filled =False
[INFO]: 2023-07-06 11:50:57.397038 no filled =False
[INFO]: 2023-07-06 11:51:22.420330 no filled =False
[INFO]: 2023-07-06 11:51:47.444702 no filled =False
[INFO]: 2023-07-06 11:52:12.448453 no filled =False
[INFO]: 2023-07-06 11:52:37.472519 no filled =False
[INFO]: 2023-07-06 11:53:02.497340 no filled =False
[INFO]: 2023-07-06 11:53:27.525945 no filled =False
[INFO]: 2023-07-06 11:53:52.552548 no filled =False
[INFO]: 2023-07-06 11:54:17.578249 no filled =False
[INFO]: 2023-07-06 11:54:42.584740 no filled =False
[INFO]: 2023-07-06 11:55:07.588786 no filled =False
[INFO]: 2023-07-06 11:55:32.612783 no filled =False
[INFO]: 2023-07-06 11:55:57.636350 no filled =False
[INFO]: 2023-07-06 11:56:22.660557 no filled =False
[INFO]: 2023-07-06 11:56:47.684386 no filled =False
[INFO]: 2023-07-06 11:57:12.711035 no filled =False
[INFO]: 2023-07-06 11:57:37.738742 no filled =False
[INFO]: 2023-07-06 11:58:02.765296 no filled =False
[INFO]: 2023-07-06 11:58:27.792396 no filled =False
[INFO]: 2023-07-06 11:58:52.816913 no filled =False
[INFO]: 2023-07-06 11:59:17.820760 no filled =False
[INFO]: 2023-07-06 11:59:42.844380 no filled =False
[INFO]: 2023-07-06 12:00:07.848609 no filled =False
[INFO]: 2023-07-06 12:00:32.873130 no filled =False
[INFO]: 2023-07-06 12:00:57.896310 no filled =False
[INFO]: 2023-07-06 12:01:22.920381 no filled =False
[INFO]: 2023-07-06 12:01:47.944039 no filled =False
[INFO]: 2023-07-06 12:02:12.968604 no filled =False
[INFO]: 2023-07-06 12:02:37.995947 no filled =False
[INFO]: 2023-07-06 12:03:03.020843 no filled =False
[INFO]: 2023-07-06 12:03:28.044427 no filled =False
[INFO]: 2023-07-06 12:03:53.068902 no filled =False
[INFO]: 2023-07-06 12:04:18.092605 no filled =False
[INFO]: 2023-07-06 12:04:43.116905 no filled =False
[INFO]: 2023-07-06 12:05:08.140824 no filled =False
[INFO]: 2023-07-06 12:05:33.168161 no filled =False
[INFO]: 2023-07-06 12:05:58.192256 no filled =False
[INFO]: 2023-07-06 12:06:23.216415 no filled =False
[INFO]: 2023-07-06 12:06:48.240301 no filled =False
[INFO]: 2023-07-06 12:07:13.264199 no filled =False
[INFO]: 2023-07-06 12:07:38.288253 no filled =False
[INFO]: 2023-07-06 12:08:03.312657 no filled =False
[INFO]: 2023-07-06 12:08:28.336559 no filled =False
[INFO]: 2023-07-06 12:08:53.340688 no filled =False
[INFO]: 2023-07-06 12:09:18.368925 no filled =False
[INFO]: 2023-07-06 12:09:43.392666 no filled =False
[INFO]: 2023-07-06 12:10:08.416698 no filled =False
[INFO]: 2023-07-06 12:10:33.440503 no filled =False
[INFO]: 2023-07-06 12:10:58.465105 no filled =False
[INFO]: 2023-07-06 12:11:23.492408 no filled =False
[INFO]: 2023-07-06 12:11:48.516570 no filled =False
[INFO]: 2023-07-06 12:12:13.540943 no filled =False
[INFO]: 2023-07-06 12:12:38.564063 no filled =False
[INFO]: 2023-07-06 12:13:03.590148 no filled =False
[INFO]: 2023-07-06 12:13:28.616574 no filled =False
[INFO]: 2023-07-06 12:13:53.620263 no filled =False
[INFO]: 2023-07-06 12:14:18.628920 no filled =False
[INFO]: 2023-07-06 12:14:43.652465 no filled =False
[INFO]: 2023-07-06 12:15:08.680308 no filled =False
[INFO]: 2023-07-06 12:15:33.704245 no filled =False
[INFO]: 2023-07-06 12:15:58.728243 no filled =False
[INFO]: 2023-07-06 12:16:23.745652 no filled =False
[INFO]: 2023-07-06 12:16:48.772396 no filled =False
[INFO]: 2023-07-06 12:17:13.796490 no filled =False
[INFO]: 2023-07-06 12:17:38.820816 no filled =False
[INFO]: 2023-07-06 12:18:03.828341 no filled =False
[INFO]: 2023-07-06 12:18:28.853210 no filled =False
[INFO]: 2023-07-06 12:18:53.880485 no filled =False
[INFO]: 2023-07-06 12:19:18.904487 no filled =False
[INFO]: 2023-07-06 12:19:43.930948 no filled =False
[INFO]: 2023-07-06 12:20:08.956640 no filled =False
[INFO]: 2023-07-06 12:20:33.980577 no filled =False
[INFO]: 2023-07-06 12:20:59.004204 no filled =False
[INFO]: 2023-07-06 12:21:24.028319 no filled =False
[INFO]: 2023-07-06 12:21:49.052222 no filled =False
[INFO]: 2023-07-06 12:22:14.076926 no filled =False
[INFO]: 2023-07-06 12:22:39.084615 no filled =False
[INFO]: 2023-07-06 12:23:04.109074 no filled =False
[INFO]: 2023-07-06 12:23:29.132745 no filled =False
[INFO]: 2023-07-06 12:23:54.154891 no filled =False
[INFO]: 2023-07-06 12:24:19.181988 no filled =False
[INFO]: 2023-07-06 12:24:44.208631 no filled =False
[INFO]: 2023-07-06 12:25:09.234076 no filled =False
[INFO]: 2023-07-06 12:25:34.260668 no filled =False
[INFO]: 2023-07-06 12:25:59.264753 no filled =False
[INFO]: 2023-07-06 12:26:24.268728 no filled =False
[INFO]: 2023-07-06 12:26:49.292344 no filled =False
[INFO]: 2023-07-06 12:27:14.300679 no filled =False
[INFO]: 2023-07-06 12:27:39.329348 no filled =False
[INFO]: 2023-07-06 12:28:04.340806 no filled =False
[INFO]: 2023-07-06 12:28:29.365863 no filled =False
[INFO]: 2023-07-06 12:28:54.393190 no filled =False
[INFO]: 2023-07-06 12:29:19.420451 no filled =False
[INFO]: 2023-07-06 12:29:44.436632 no filled =False
[INFO]: 2023-07-06 12:30:09.455191 no filled =False
[INFO]: 2023-07-06 12:30:34.480076 no filled =False
[INFO]: 2023-07-06 12:30:59.504287 no filled =False
[INFO]: 2023-07-06 12:31:24.525822 no filled =False
[INFO]: 2023-07-06 12:31:49.552451 no filled =False
[INFO]: 2023-07-06 12:32:14.555431 no filled =False
[INFO]: 2023-07-06 12:32:39.580507 no filled =False
[INFO]: 2023-07-06 12:33:04.606921 no filled =False
[INFO]: 2023-07-06 12:33:29.632283 no filled =False
[INFO]: 2023-07-06 12:33:54.647647 no filled =False
[INFO]: 2023-07-06 12:34:19.669164 no filled =False
[INFO]: 2023-07-06 12:34:44.672514 no filled =False
[INFO]: 2023-07-06 12:35:09.696227 no filled =False
[INFO]: 2023-07-06 12:35:34.720581 no filled =False
[INFO]: 2023-07-06 12:35:59.741048 no filled =False
[INFO]: 2023-07-06 12:36:24.752604 no filled =False
[INFO]: 2023-07-06 12:36:49.757102 no filled =False
[INFO]: 2023-07-06 12:37:14.784819 no filled =False
[INFO]: 2023-07-06 12:37:39.812092 no filled =False
[INFO]: 2023-07-06 12:38:04.839018 no filled =False
[INFO]: 2023-07-06 12:38:29.866634 no filled =False
[INFO]: 2023-07-06 12:38:54.893157 no filled =False
[INFO]: 2023-07-06 12:39:19.920707 no filled =False
[INFO]: 2023-07-06 12:39:44.927225 no filled =False
[INFO]: 2023-07-06 12:40:09.954931 no filled =False
[INFO]: 2023-07-06 12:40:34.969189 no filled =False
[INFO]: 2023-07-06 12:40:59.996541 no filled =False
[INFO]: 2023-07-06 12:41:25.000168 no filled =False
[INFO]: 2023-07-06 12:41:50.021956 no filled =False
[INFO]: 2023-07-06 12:42:15.036768 no filled =False
[INFO]: 2023-07-06 12:42:40.060453 no filled =False
[INFO]: 2023-07-06 12:43:05.077528 no filled =False
[INFO]: 2023-07-06 12:43:30.097706 no filled =False
[INFO]: 2023-07-06 12:43:55.124487 no filled =False
[INFO]: 2023-07-06 12:44:20.148472 no filled =False
[INFO]: 2023-07-06 12:44:45.175027 no filled =False
[INFO]: 2023-07-06 12:45:10.185049 no filled =False
[INFO]: 2023-07-06 12:45:35.208535 no filled =False
[INFO]: 2023-07-06 12:46:00.234204 no filled =False
[INFO]: 2023-07-06 12:46:25.261696 no filled =False
[INFO]: 2023-07-06 12:46:50.264849 no filled =False
[INFO]: 2023-07-06 12:47:15.280923 no filled =False
[INFO]: 2023-07-06 12:47:40.304963 no filled =False
[INFO]: 2023-07-06 12:48:05.328026 no filled =False
[INFO]: 2023-07-06 12:48:30.332783 no filled =False
[INFO]: 2023-07-06 12:48:55.360959 no filled =False
[INFO]: 2023-07-06 12:49:20.384449 no filled =False
[INFO]: 2023-07-06 12:49:45.411795 no filled =False
[INFO]: 2023-07-06 12:50:10.426148 no filled =False
[INFO]: 2023-07-06 12:50:35.444523 no filled =False
[INFO]: 2023-07-06 12:51:00.468956 no filled =False
[INFO]: 2023-07-06 12:51:25.492669 no filled =False
[INFO]: 2023-07-06 12:51:50.514586 no filled =False
[INFO]: 2023-07-06 12:52:15.524391 no filled =False
[INFO]: 2023-07-06 12:52:40.548377 no filled =False
[INFO]: 2023-07-06 12:53:05.556179 no filled =False
[INFO]: 2023-07-06 12:53:30.580465 no filled =False
[INFO]: 2023-07-06 12:53:55.604649 no filled =False
[INFO]: 2023-07-06 12:54:20.628511 no filled =False
[INFO]: 2023-07-06 12:54:45.652320 no filled =False
[INFO]: 2023-07-06 12:55:10.676757 no filled =False
[INFO]: 2023-07-06 12:55:35.701682 no filled =False
[INFO]: 2023-07-06 12:56:00.729107 no filled =False
[INFO]: 2023-07-06 12:56:25.756663 no filled =False
[INFO]: 2023-07-06 12:56:50.761072 no filled =False
[INFO]: 2023-07-06 12:57:15.784429 no filled =False
[INFO]: 2023-07-06 12:57:40.808681 no filled =False
[INFO]: 2023-07-06 12:58:05.843846 no filled =False
[INFO]: 2023-07-06 12:58:30.870428 no filled =False
[INFO]: 2023-07-06 12:58:55.896426 no filled =False
[INFO]: 2023-07-06 12:59:20.920882 no filled =False
[INFO]: 2023-07-06 12:59:45.928135 no filled =False
[INFO]: 2023-07-06 13:00:10.952590 no filled =False
[INFO]: 2023-07-06 13:00:35.976714 no filled =False
[INFO]: 2023-07-06 13:01:01.000529 no filled =False
[INFO]: 2023-07-06 13:01:26.027161 no filled =False
[INFO]: 2023-07-06 13:01:51.052750 no filled =False
[INFO]: 2023-07-06 13:02:16.078756 no filled =False
[INFO]: 2023-07-06 13:02:41.104864 no filled =False
[INFO]: 2023-07-06 13:03:06.128468 no filled =False
[INFO]: 2023-07-06 13:03:31.164325 no filled =False
[INFO]: 2023-07-06 13:03:56.188598 no filled =False
[INFO]: 2023-07-06 13:04:21.212232 no filled =False
[INFO]: 2023-07-06 13:04:46.237172 no filled =False
[INFO]: 2023-07-06 13:05:11.264540 no filled =False
[INFO]: 2023-07-06 13:05:36.288429 no filled =False
[INFO]: 2023-07-06 13:06:01.298847 no filled =False
[INFO]: 2023-07-06 13:06:26.325139 no filled =False
[INFO]: 2023-07-06 13:06:51.352606 no filled =False
[INFO]: 2023-07-06 13:07:16.364392 no filled =False
[INFO]: 2023-07-06 13:07:41.388314 no filled =False
[INFO]: 2023-07-06 13:08:06.396693 no filled =False
[INFO]: 2023-07-06 13:08:31.412074 no filled =False
[INFO]: 2023-07-06 13:08:56.436772 no filled =False
[INFO]: 2023-07-06 13:09:21.464691 no filled =False
[INFO]: 2023-07-06 13:09:46.488480 no filled =False
[INFO]: 2023-07-06 13:10:11.505744 no filled =False
[INFO]: 2023-07-06 13:10:36.512270 no filled =False
[INFO]: 2023-07-06 13:11:01.536274 no filled =False
[INFO]: 2023-07-06 13:11:26.560481 no filled =False
[INFO]: 2023-07-06 13:11:51.584383 no filled =False
[INFO]: 2023-07-06 13:12:16.608271 no filled =False
[INFO]: 2023-07-06 13:12:41.633400 no filled =False
[INFO]: 2023-07-06 13:13:06.660389 no filled =False
[INFO]: 2023-07-06 13:13:31.687876 no filled =False
[INFO]: 2023-07-06 13:13:56.712937 no filled =False
[INFO]: 2023-07-06 13:14:21.736304 no filled =False
[INFO]: 2023-07-06 13:14:46.760269 no filled =False
[INFO]: 2023-07-06 13:15:11.772369 no filled =False
[INFO]: 2023-07-06 13:15:36.796767 no filled =False
[INFO]: 2023-07-06 13:16:01.820198 no filled =False
[INFO]: 2023-07-06 13:16:26.844956 no filled =False
[INFO]: 2023-07-06 13:16:51.868410 no filled =False
[INFO]: 2023-07-06 13:17:16.892631 no filled =False
[INFO]: 2023-07-06 13:17:41.916398 no filled =False
[INFO]: 2023-07-06 13:18:06.940037 no filled =False
[INFO]: 2023-07-06 13:18:31.964651 no filled =False
[INFO]: 2023-07-06 13:18:56.990108 no filled =False
[INFO]: 2023-07-06 13:19:22.016043 no filled =False
[INFO]: 2023-07-06 13:19:47.040626 no filled =False
[INFO]: 2023-07-06 13:20:12.053748 no filled =False
[INFO]: 2023-07-06 13:20:37.080452 no filled =False
[INFO]: 2023-07-06 13:21:27.131408 no filled =False
[INFO]: 2023-07-06 13:21:52.136224 no filled =False
[INFO]: 2023-07-06 13:22:17.152419 no filled =False
[INFO]: 2023-07-06 13:22:42.164517 no filled =False
[INFO]: 2023-07-06 13:23:07.181420 no filled =False
[INFO]: 2023-07-06 13:23:32.208975 no filled =False
[INFO]: 2023-07-06 13:23:57.236292 no filled =False
[INFO]: 2023-07-06 13:24:22.260059 no filled =False
[INFO]: 2023-07-06 13:24:47.287093 no filled =False
[INFO]: 2023-07-06 13:25:12.314404 no filled =False
[INFO]: 2023-07-06 13:25:37.340917 no filled =False
[INFO]: 2023-07-06 13:26:02.349346 no filled =False
[INFO]: 2023-07-06 13:26:27.356466 no filled =False
[INFO]: 2023-07-06 13:26:52.360133 no filled =False
[INFO]: 2023-07-06 13:27:17.383424 no filled =False
[INFO]: 2023-07-06 13:27:42.406837 no filled =False
[INFO]: 2023-07-06 13:28:07.434392 no filled =False
[INFO]: 2023-07-06 13:28:32.462371 no filled =False
[INFO]: 2023-07-06 13:28:57.489774 no filled =False
[INFO]: 2023-07-06 13:29:22.514661 no filled =False
[INFO]: 2023-07-06 13:29:47.538733 no filled =False
[INFO]: 2023-07-06 13:30:12.559126 no filled =False
[INFO]: 2023-07-06 13:30:37.580654 no filled =False
[INFO]: 2023-07-06 13:31:02.603768 no filled =False
[INFO]: 2023-07-06 13:31:27.611035 no filled =False
[INFO]: 2023-07-06 13:31:52.638759 no filled =False
[INFO]: 2023-07-06 13:32:17.645147 no filled =False
[INFO]: 2023-07-06 13:32:42.672983 no filled =False
[INFO]: 2023-07-06 13:33:07.681153 no filled =False
[INFO]: 2023-07-06 13:33:32.709153 no filled =False
[INFO]: 2023-07-06 13:33:57.724774 no filled =False
[INFO]: 2023-07-06 13:34:22.748667 no filled =False
[INFO]: 2023-07-06 13:34:47.773132 no filled =False
[INFO]: 2023-07-06 13:35:12.801022 no filled =False
[INFO]: 2023-07-06 13:35:37.829450 no filled =False
[INFO]: 2023-07-06 13:36:02.837474 no filled =False
[INFO]: 2023-07-06 13:36:27.861135 no filled =False
[INFO]: 2023-07-06 13:36:52.865352 no filled =False
[INFO]: 2023-07-06 13:37:17.892533 no filled =False
[INFO]: 2023-07-06 13:37:42.908344 no filled =False
[INFO]: 2023-07-06 13:38:07.935525 no filled =False
[INFO]: 2023-07-06 13:38:32.940408 no filled =False
[INFO]: 2023-07-06 13:38:57.964139 no filled =False
[INFO]: 2023-07-06 13:39:22.990934 no filled =False
[INFO]: 2023-07-06 13:39:48.017261 no filled =False
[INFO]: 2023-07-06 13:40:13.044390 no filled =False
[INFO]: 2023-07-06 13:40:38.068247 no filled =False
[INFO]: 2023-07-06 13:41:28.080236 no filled =False
[INFO]: 2023-07-06 13:41:53.104644 no filled =False
[INFO]: 2023-07-06 13:42:18.128327 no filled =False
[INFO]: 2023-07-06 13:42:43.152707 no filled =False
[INFO]: 2023-07-06 13:43:08.172533 no filled =False
[INFO]: 2023-07-06 13:43:33.196595 no filled =False
[INFO]: 2023-07-06 13:43:58.222712 no filled =False
[INFO]: 2023-07-06 13:44:23.240147 no filled =False
[INFO]: 2023-07-06 13:44:48.265730 no filled =False
[INFO]: 2023-07-06 13:45:13.294497 no filled =False
[INFO]: 2023-07-06 13:45:38.307890 no filled =False
[INFO]: 2023-07-06 13:46:03.324950 no filled =False
[INFO]: 2023-07-06 13:46:28.352397 no filled =False
[INFO]: 2023-07-06 13:46:53.379724 no filled =False
[INFO]: 2023-07-06 13:47:18.404417 no filled =False
[INFO]: 2023-07-06 13:47:43.416425 no filled =False
[INFO]: 2023-07-06 13:48:08.420475 no filled =False
[INFO]: 2023-07-06 13:48:33.445188 no filled =False
[INFO]: 2023-07-06 13:48:58.472364 no filled =False
[INFO]: 2023-07-06 13:49:23.488123 no filled =False
[INFO]: 2023-07-06 13:49:48.512523 no filled =False
[INFO]: 2023-07-06 13:50:13.536832 no filled =False
[INFO]: 2023-07-06 13:50:38.552347 no filled =False
[INFO]: 2023-07-06 13:51:03.576805 no filled =False
[INFO]: 2023-07-06 13:51:28.582176 no filled =False
[INFO]: 2023-07-06 13:51:53.588755 no filled =False
[INFO]: 2023-07-06 13:52:43.608280 checking orderStatus
[DEBUG]: Starting new HTTPS connection (1): api.icicidirect.com:443
[DEBUG]: https://api.icicidirect.com:443 "GET /breezeapi/api/v1/order HTTP/1.1" 200 786
[INFO]: 2023-07-06 13:52:43.850435 {'Success': [{'order_id': '202307062400035905', 'exchange_order_id': '1100000103912954', 'exchange_code': 'NFO', 'stock_code': 'NIFTY', 'product_type': 'Options', 'action': 'Sell', 'order_type': 'Limit', 'stoploss': '0', 'quantity': '50', 'price': '55.1', 'validity': 'Day', 'disclosed_quantity': '0', 'expiry_date': '06-Jul-2023', 'right': 'Put', 'strike_price': 19500.0, 'average_price': '58.5', 'cancelled_quantity': '0', 'pending_quantity': '0', 'status': 'Executed', 'user_remark': None, 'order_datetime': '06-Jul-2023 13:52:04', 'parent_order_id': '', 'modification_number': None, 'exchange_acknowledgement_date': None, 'SLTP_price': None, 'exchange_acknowledge_number': None, 'initial_limit': None, 'intial_sltp': None, 'LTP': None, 'limit_offset': None, 'mbc_flag': None, 'cutoff_price': None, 'validity_date': None}], 'Status': 200, 'Error': None}
[INFO]: 2023-07-06 13:52:43.850742 response delay 0.24
[INFO]: 2023-07-06 13:52:43.852685 order filled ,setting filled =True
[INFO]: ..
[INFO]: 2023-07-06 13:53:08.876266 no filled =False
[INFO]: 2023-07-06 13:53:33.899987 no filled =False
[INFO]: 2023-07-06 13:53:58.924136 no filled =False
[INFO]: 2023-07-06 13:54:23.948251 no filled =False
[INFO]: 2023-07-06 13:54:48.972847 no filled =False
[INFO]: 2023-07-06 13:55:13.996826 no filled =False
[INFO]: 2023-07-06 13:55:39.024591 no filled =False
[INFO]: 2023-07-06 13:56:04.048120 no filled =False
[INFO]: 2023-07-06 13:56:29.072539 no filled =False
[INFO]: 2023-07-06 13:56:54.096509 no filled =False
[INFO]: 2023-07-06 13:57:19.120370 no filled =False
[INFO]: 2023-07-06 13:57:44.144243 no filled =False
[INFO]: 2023-07-06 13:58:09.168275 no filled =False
[INFO]: 2023-07-06 13:58:34.192563 no filled =False
[INFO]: 2023-07-06 13:58:59.216362 no filled =False
[INFO]: 2023-07-06 13:59:24.240136 no filled =False
[INFO]: 2023-07-06 13:59:49.264203 no filled =False
[INFO]: 2023-07-06 14:00:14.288240 no filled =False
[INFO]: 2023-07-06 14:00:39.312017 no filled =False
[INFO]: 2023-07-06 14:01:04.336144 no filled =False
[INFO]: 2023-07-06 14:01:29.360312 no filled =False
[INFO]: 2023-07-06 14:01:54.387099 no filled =False
[INFO]: 2023-07-06 14:02:19.412846 no filled =False
[INFO]: 2023-07-06 14:02:44.420612 no filled =False
[INFO]: 2023-07-06 14:03:09.447865 no filled =False
[INFO]: 2023-07-06 14:03:34.472505 no filled =False
[INFO]: 2023-07-06 14:03:59.496456 no filled =False
[INFO]: 2023-07-06 14:04:24.520252 no filled =False
[INFO]: 2023-07-06 14:04:49.544229 no filled =False
[INFO]: 2023-07-06 14:05:14.569299 no filled =False
[INFO]: 2023-07-06 14:05:39.596675 no filled =False
[INFO]: 2023-07-06 14:06:04.621434 no filled =False
[INFO]: 2023-07-06 14:06:29.648345 no filled =False
[INFO]: 2023-07-06 14:06:54.673052 no filled =False
[INFO]: 2023-07-06 14:07:19.696011 no filled =False
[INFO]: 2023-07-06 14:07:44.721942 no filled =False
[INFO]: 2023-07-06 14:08:09.724381 no filled =False
[INFO]: 2023-07-06 14:08:34.740493 no filled =False
[INFO]: 2023-07-06 14:08:59.764373 no filled =False
[INFO]: 2023-07-06 14:09:24.772826 no filled =False
[INFO]: 2023-07-06 14:09:49.796829 no filled =False
[INFO]: 2023-07-06 14:10:14.820354 no filled =False
[INFO]: 2023-07-06 14:10:39.844294 no filled =False
[INFO]: 2023-07-06 14:11:04.868443 no filled =False
[INFO]: 2023-07-06 14:11:29.892586 no filled =False
[INFO]: 2023-07-06 14:11:54.916254 no filled =False
[INFO]: 2023-07-06 14:12:19.936863 no filled =False
[INFO]: 2023-07-06 14:12:44.960677 no filled =False
[INFO]: 2023-07-06 14:13:09.987977 no filled =False
[INFO]: 2023-07-06 14:13:35.012437 no filled =False
[INFO]: 2023-07-06 14:14:00.036843 no filled =False
[INFO]: 2023-07-06 14:14:25.048458 no filled =False
[INFO]: 2023-07-06 14:14:50.064309 no filled =False
[INFO]: 2023-07-06 14:15:15.089421 no filled =False
[INFO]: 2023-07-06 14:15:40.116468 no filled =False
[INFO]: 2023-07-06 14:16:05.128751 no filled =False
[INFO]: 2023-07-06 14:16:30.133423 no filled =False
[INFO]: 2023-07-06 14:16:55.160633 no filled =False
[INFO]: 2023-07-06 14:17:20.184647 no filled =False
[INFO]: 2023-07-06 14:17:45.212059 no filled =False
[INFO]: 2023-07-06 14:18:10.239441 no filled =False
[INFO]: 2023-07-06 14:18:35.266734 no filled =False
[INFO]: 2023-07-06 14:19:00.270995 no filled =False
[INFO]: 2023-07-06 14:19:25.296740 no filled =False
[INFO]: 2023-07-06 14:19:50.320514 no filled =False
[INFO]: 2023-07-06 14:20:15.345259 no filled =False
[INFO]: 2023-07-06 14:20:40.372731 no filled =False
[INFO]: 2023-07-06 14:21:05.396715 no filled =False
[INFO]: 2023-07-06 14:21:30.400339 no filled =False
[INFO]: 2023-07-06 14:21:55.413088 no filled =False
[INFO]: 2023-07-06 14:22:20.440336 no filled =False
[INFO]: 2023-07-06 14:22:45.464407 no filled =False
[INFO]: 2023-07-06 14:23:10.488597 no filled =False
[INFO]: 2023-07-06 14:23:35.512411 no filled =False
[INFO]: 2023-07-06 14:24:00.536454 no filled =False
[INFO]: 2023-07-06 14:24:25.560117 no filled =False
[INFO]: 2023-07-06 14:24:50.584415 no filled =False
[INFO]: 2023-07-06 14:25:15.608659 no filled =False
[INFO]: 2023-07-06 14:25:40.632836 no filled =False
[INFO]: 2023-07-06 14:26:05.640846 no filled =False
[INFO]: 2023-07-06 14:26:30.660421 no filled =False
[INFO]: 2023-07-06 14:26:55.682723 no filled =False
[INFO]: 2023-07-06 14:27:20.708983 no filled =False
[INFO]: 2023-07-06 14:27:45.736586 no filled =False
[INFO]: 2023-07-06 14:28:10.760461 no filled =False
[INFO]: 2023-07-06 14:28:35.784664 no filled =False
[INFO]: 2023-07-06 14:29:00.808242 no filled =False
[INFO]: 2023-07-06 14:29:25.815720 no filled =False
[INFO]: 2023-07-06 14:29:50.840779 no filled =False
[INFO]: 2023-07-06 14:30:15.867142 no filled =False
[INFO]: 2023-07-06 14:30:40.884634 no filled =False
[INFO]: 2023-07-06 14:31:05.908947 no filled =False
[INFO]: 2023-07-06 14:31:30.936658 no filled =False
[INFO]: 2023-07-06 14:31:55.963589 no filled =False
[INFO]: 2023-07-06 14:32:20.968632 no filled =False
[INFO]: 2023-07-06 14:32:45.973178 no filled =False
[INFO]: 2023-07-06 14:33:11.001271 no filled =False
[INFO]: 2023-07-06 14:33:36.004738 no filled =False
[INFO]: 2023-07-06 14:34:01.028277 no filled =False
[INFO]: 2023-07-06 14:34:26.052316 no filled =False
[INFO]: 2023-07-06 14:34:51.076373 no filled =False
[INFO]: 2023-07-06 14:35:16.103518 no filled =False
[INFO]: 2023-07-06 14:35:41.128486 no filled =False
[INFO]: 2023-07-06 14:36:06.152732 no filled =False
[INFO]: 2023-07-06 14:36:31.176165 no filled =False
[INFO]: 2023-07-06 14:36:56.203125 no filled =False
[INFO]: 2023-07-06 14:37:21.228945 no filled =False
[INFO]: 2023-07-06 14:37:46.244666 no filled =False
[INFO]: 2023-07-06 14:38:11.270973 no filled =False
[INFO]: 2023-07-06 14:38:36.276671 no filled =False
[INFO]: 2023-07-06 14:39:01.280745 no filled =False
[INFO]: 2023-07-06 14:39:26.288699 no filled =False
[INFO]: 2023-07-06 14:39:51.312322 no filled =False
[INFO]: 2023-07-06 14:40:16.337828 no filled =False
[INFO]: 2023-07-06 14:40:41.348524 no filled =False
[INFO]: 2023-07-06 14:41:06.353269 no filled =False
[INFO]: 2023-07-06 14:41:31.372334 no filled =False
[INFO]: 2023-07-06 14:41:56.396925 no filled =False
[INFO]: 2023-07-06 14:42:21.420710 no filled =False
[INFO]: 2023-07-06 14:42:46.444885 no filled =False
[INFO]: 2023-07-06 14:43:11.460879 no filled =False
[INFO]: 2023-07-06 14:43:36.484507 no filled =False
[INFO]: 2023-07-06 14:44:01.512031 no filled =False
[INFO]: 2023-07-06 14:44:26.537476 no filled =False
[INFO]: 2023-07-06 14:44:51.558535 no filled =False
[INFO]: 2023-07-06 14:45:16.585801 no filled =False
[INFO]: 2023-07-06 14:45:41.588180 no filled =False
[INFO]: 2023-07-06 14:46:06.591211 no filled =False
[INFO]: 2023-07-06 14:46:31.616913 no filled =False
[INFO]: 2023-07-06 14:46:56.637226 no filled =False
[INFO]: 2023-07-06 14:47:21.651657 no filled =False
[INFO]: 2023-07-06 14:47:46.677522 no filled =False
[INFO]: 2023-07-06 14:48:11.704405 no filled =False
[INFO]: 2023-07-06 14:48:36.728492 no filled =False
[INFO]: 2023-07-06 14:49:01.752465 no filled =False
[INFO]: 2023-07-06 14:49:26.775787 no filled =False
[INFO]: 2023-07-06 14:49:51.802598 no filled =False
[INFO]: 2023-07-06 14:50:16.828257 no filled =False
[INFO]: 2023-07-06 14:50:41.848461 no filled =False
[INFO]: 2023-07-06 14:51:06.856920 no filled =False
[INFO]: 2023-07-06 14:51:31.872401 no filled =False
[INFO]: 2023-07-06 14:51:56.896256 no filled =False
[INFO]: 2023-07-06 14:52:21.920437 no filled =False
[INFO]: 2023-07-06 14:52:46.947799 no filled =False
[INFO]: 2023-07-06 14:53:11.975599 no filled =False
[INFO]: 2023-07-06 14:53:36.988692 no filled =False
[INFO]: 2023-07-06 14:54:02.008681 no filled =False
[INFO]: 2023-07-06 14:54:27.032785 no filled =False
[INFO]: 2023-07-06 14:54:52.060583 no filled =False
[INFO]: 2023-07-06 14:55:17.064924 no filled =False
[INFO]: 2023-07-06 14:55:42.076968 no filled =False
[INFO]: 2023-07-06 14:56:07.100602 no filled =False
[INFO]: 2023-07-06 14:56:32.125501 no filled =False
[INFO]: 2023-07-06 14:56:57.152693 no filled =False
[INFO]: 2023-07-06 14:57:22.180649 no filled =False
[INFO]: 2023-07-06 14:57:47.204759 no filled =False
[INFO]: 2023-07-06 14:58:12.228685 no filled =False
[INFO]: 2023-07-06 14:58:37.256283 no filled =False
[INFO]: 2023-07-06 14:59:02.281651 no filled =False
[INFO]: 2023-07-06 14:59:27.310391 no filled =False
[INFO]: 2023-07-06 14:59:52.328712 no filled =False
[INFO]: 2023-07-06 15:00:17.352449 no filled =False
[INFO]: 2023-07-06 15:00:42.376518 no filled =False
[INFO]: 2023-07-06 15:01:07.400477 no filled =False
[INFO]: 2023-07-06 15:01:32.424545 no filled =False
[INFO]: 2023-07-06 15:01:57.448510 no filled =False
[INFO]: 2023-07-06 15:02:22.472398 no filled =False
[INFO]: 2023-07-06 15:02:47.496508 no filled =False
[INFO]: 2023-07-06 15:03:12.522926 no filled =False
[INFO]: 2023-07-06 15:03:37.528573 no filled =False
[INFO]: 2023-07-06 15:04:02.553377 no filled =False
[INFO]: 2023-07-06 15:04:27.584023 no filled =False
[INFO]: 2023-07-06 15:04:52.599727 no filled =False
[INFO]: 2023-07-06 15:05:17.624304 no filled =False
[INFO]: 2023-07-06 15:05:42.649884 no filled =False
[INFO]: 2023-07-06 15:06:07.660415 no filled =False
[INFO]: 2023-07-06 15:06:32.685075 no filled =False
[INFO]: 2023-07-06 15:06:57.708582 no filled =False
[INFO]: 2023-07-06 15:07:22.728669 no filled =False
[INFO]: 2023-07-06 15:07:47.756075 no filled =False
[INFO]: 2023-07-06 15:08:12.780643 no filled =False
[INFO]: 2023-07-06 15:08:37.796459 no filled =False
[INFO]: 2023-07-06 15:09:02.820525 no filled =False
[INFO]: 2023-07-06 15:09:27.845179 no filled =False
[INFO]: 2023-07-06 15:09:52.872551 no filled =False
[INFO]: 2023-07-06 15:10:17.900019 no filled =False
[INFO]: 2023-07-06 15:10:42.924365 no filled =False
[INFO]: 2023-07-06 15:11:07.948503 no filled =False
[INFO]: 2023-07-06 15:11:32.961242 no filled =False
[INFO]: 2023-07-06 15:11:57.988507 no filled =False
[INFO]: 2023-07-06 15:12:23.014050 no filled =False
[INFO]: 2023-07-06 15:12:48.024628 no filled =False
[INFO]: 2023-07-06 15:13:13.053240 no filled =False
[INFO]: 2023-07-06 15:13:38.056551 no filled =False
[INFO]: 2023-07-06 15:14:03.083799 no filled =False
[INFO]: 2023-07-06 15:14:28.092846 no filled =False
[INFO]: 2023-07-06 15:14:53.116437 no filled =False
[INFO]: 2023-07-06 15:15:18.125221 no filled =False
[INFO]: 2023-07-06 15:15:43.141642 no filled =False
[INFO]: 2023-07-06 15:16:08.144979 no filled =False
[INFO]: 2023-07-06 15:16:33.169177 no filled =False
[INFO]: 2023-07-06 15:16:58.196909 no filled =False
[INFO]: 2023-07-06 15:17:23.220770 no filled =False
[INFO]: 2023-07-06 15:17:48.244715 no filled =False
[INFO]: 2023-07-06 15:18:13.269572 no filled =False
[INFO]: 2023-07-06 15:18:38.280646 no filled =False
[INFO]: 2023-07-06 15:19:03.304557 no filled =False
[INFO]: 2023-07-06 15:19:28.329250 no filled =False
[INFO]: 2023-07-06 15:19:53.356916 no filled =False
[INFO]: 2023-07-06 15:20:18.361031 no filled =False
[INFO]: 2023-07-06 15:20:43.364741 no filled =False
[INFO]: 2023-07-06 15:21:08.377963 no filled =False
[INFO]: 2023-07-06 15:21:33.392792 no filled =False
[INFO]: 2023-07-06 15:21:58.416527 no filled =False
[INFO]: 2023-07-06 15:22:23.441261 no filled =False
[INFO]: 2023-07-06 15:22:48.448111 no filled =False
[INFO]: 2023-07-06 15:23:13.460639 no filled =False
[INFO]: 2023-07-06 15:23:38.465351 no filled =False
[INFO]: 2023-07-06 15:24:03.489214 no filled =False
[INFO]: 2023-07-06 15:24:28.504700 no filled =False
[INFO]: 2023-07-06 15:24:53.533381 no filled =False
[INFO]: 2023-07-06 15:25:18.541655 no filled =False
[INFO]: 2023-07-06 15:25:43.569347 no filled =False
[INFO]: 2023-07-06 15:26:08.588981 no filled =False
[INFO]: 2023-07-06 15:26:33.616959 no filled =False
[INFO]: 2023-07-06 15:26:58.628732 no filled =False
[INFO]: 2023-07-06 15:27:23.656554 no filled =False
[INFO]: 2023-07-06 15:27:48.681972 no filled =False
[INFO]: 2023-07-06 15:28:13.684980 no filled =False
[INFO]: 2023-07-06 15:28:38.712629 no filled =False
[INFO]: 2023-07-06 15:29:03.741647 no filled =False
[INFO]: 2023-07-06 15:29:28.769971 no filled =False
[INFO]: 2023-07-06 15:29:53.796701 no filled =False
[INFO]: 2023-07-06 15:30:18.820180 no filled =False
[INFO]: 2023-07-06 15:30:43.845884 no filled =False
[INFO]: 2023-07-06 15:31:08.849051 no filled =False
[INFO]: 2023-07-06 15:31:33.856420 no filled =False
[INFO]: 2023-07-06 15:31:58.880836 no filled =False
[INFO]: 2023-07-06 15:32:23.906908 no filled =False
[INFO]: 2023-07-06 15:32:48.912456 no filled =False
[INFO]: 2023-07-06 15:33:13.936328 no filled =False
[INFO]: 2023-07-06 15:33:38.963860 no filled =False
[INFO]: 2023-07-06 15:34:03.985234 no filled =False
[INFO]: 2023-07-06 15:34:28.988664 no filled =False
[INFO]: 2023-07-06 15:34:53.992987 no filled =False
