[INFO]: ..........................START........................
[INFO]: Candle:2023-06-15 09:23:00 , Open:18737.95 , High:18737.95 , Low:18724.25 , Close:18724.25
[INFO]: 2023-06-15 09:24:00.599703-------------built NIFTY15JUN2318700PE short position
[INFO]: 2023-06-15 09:24:00.599703-------------built NIFTY15JUN2318700CE short position 
[INFO]: 2023-06-15 09:24:00.599703-------------built NIFTY15JUN2318750PE short position
[INFO]: 2023-06-15 09:24:00.599703-------------built NIFTY15JUN2318750CE short position 
[INFO]: lt:[18700, 18750]
[INFO]: Candle:2023-06-15 09:24:00 , Open:18724.5 , High:18730.95 , Low:18722.85 , Close:18730.2
[INFO]: Candle:2023-06-15 09:26:00 , Open:18726.65 , High:18734.75 , Low:18726.65 , Close:18734.2
[INFO]: Candle:2023-06-15 09:27:00 , Open:18734.65 , High:18737.3 , Low:18734.65 , Close:18736.15
[INFO]: Candle:2023-06-15 09:28:00 , Open:18736.05 , High:18742.65 , Low:18735.4 , Close:18742.4
[INFO]: Candle:2023-06-15 09:30:00 , Open:18748.75 , High:18749.3 , Low:18743.35 , Close:18744.55
[INFO]: Candle:2023-06-15 09:31:00 , Open:18745.0 , High:18749.05 , Low:18744.05 , Close:18747.55
[INFO]: Candle:2023-06-15 09:32:00 , Open:18746.75 , High:18746.75 , Low:18736.0 , Close:18736.6
[INFO]: Candle:2023-06-15 09:33:00 , Open:18736.25 , High:18740.3 , Low:18733.9 , Close:18733.9
[INFO]: Candle:2023-06-15 09:34:00 , Open:18734.7 , High:18738.1 , Low:18734.05 , Close:18736.15
[INFO]: Candle:2023-06-15 09:35:00 , Open:18736.35 , High:18736.7 , Low:18730.3 , Close:18734.1
[INFO]: Candle:2023-06-15 09:36:00 , Open:18734.1 , High:18736.75 , Low:18733.7 , Close:18734.85
[INFO]: Candle:2023-06-15 09:37:00 , Open:18735.5 , High:18737.65 , Low:18734.1 , Close:18737.4
[INFO]: Candle:2023-06-15 09:38:00 , Open:18736.8 , High:18740.0 , Low:18736.8 , Close:18739.55
[INFO]: Candle:2023-06-15 09:39:00 , Open:18738.8 , High:18740.45 , Low:18732.25 , Close:18732.25
[INFO]: Candle:2023-06-15 09:40:00 , Open:18732.25 , High:18734.05 , Low:18729.45 , Close:18731.9
[INFO]: Candle:2023-06-15 09:41:00 , Open:18731.4 , High:18735.75 , Low:18730.75 , Close:18734.35
[INFO]: Candle:2023-06-15 09:42:00 , Open:18735.1 , High:18736.45 , Low:18728.3 , Close:18731.05
[INFO]: Candle:2023-06-15 09:43:00 , Open:18730.2 , High:18738.1 , Low:18730.05 , Close:18738.1
[INFO]: Candle:2023-06-15 09:44:00 , Open:18738.15 , High:18742.6 , Low:18736.65 , Close:18742.0
[INFO]: Candle:2023-06-15 09:45:00 , Open:18742.5 , High:18759.65 , Low:18741.05 , Close:18759.65
[INFO]: 2023-06-15 09:46:00.786497 shift straddle upward----------------closed NIFTY15JUN2318700PE short position @10.1
[INFO]: 2023-06-15 09:46:00.786497 shift straddle upward----------------closed NIFTY15JUN2318700CE short position @69.25
[INFO]: 2023-06-15 09:46:00.786497-------------built NIFTY15JUN2318800PE short position
[INFO]: 2023-06-15 09:46:00.786497-------------built NIFTY15JUN2318800CE short position
[INFO]: lt:[18750, 18800]
[INFO]: Candle:2023-06-15 09:46:00 , Open:18757.25 , High:18760.8 , Low:18754.95 , Close:18759.0
[INFO]: Candle:2023-06-15 09:47:00 , Open:18759.0 , High:18759.0 , Low:18754.6 , Close:18758.5
[INFO]: Candle:2023-06-15 09:48:00 , Open:18759.3 , High:18765.5 , Low:18759.3 , Close:18763.15
[INFO]: Candle:2023-06-15 09:49:00 , Open:18763.95 , High:18764.5 , Low:18761.3 , Close:18763.25
[INFO]: Candle:2023-06-15 09:50:00 , Open:18762.75 , High:18764.35 , Low:18757.4 , Close:18758.65
[INFO]: Candle:2023-06-15 09:51:00 , Open:18757.1 , High:18760.5 , Low:18757.1 , Close:18759.2
[INFO]: Candle:2023-06-15 09:52:00 , Open:18759.55 , High:18764.15 , Low:18758.85 , Close:18764.15
[INFO]: Candle:2023-06-15 09:53:00 , Open:18763.8 , High:18765.65 , Low:18762.65 , Close:18765.15
[INFO]: Candle:2023-06-15 09:54:00 , Open:18765.5 , High:18767.65 , Low:18764.6 , Close:18767.65
[INFO]: Candle:2023-06-15 09:55:00 , Open:18767.75 , High:18769.4 , Low:18765.0 , Close:18765.0
[INFO]: Candle:2023-06-15 09:56:00 , Open:18765.65 , High:18770.6 , Low:18765.05 , Close:18769.4
[INFO]: Candle:2023-06-15 09:57:00 , Open:18769.55 , High:18775.8 , Low:18769.15 , Close:18775.3
[INFO]: Candle:2023-06-15 09:58:00 , Open:18774.8 , High:18777.1 , Low:18772.6 , Close:18774.4
[INFO]: Candle:2023-06-15 09:59:00 , Open:18774.2 , High:18775.45 , Low:18771.05 , Close:18772.1
[INFO]: Candle:2023-06-15 10:00:00 , Open:18772.05 , High:18773.25 , Low:18770.35 , Close:18771.35
[INFO]: Candle:2023-06-15 10:01:00 , Open:18771.2 , High:18778.6 , Low:18769.45 , Close:18776.45
[INFO]: Candle:2023-06-15 10:02:00 , Open:18776.7 , High:18778.4 , Low:18767.55 , Close:18769.9
[INFO]: Candle:2023-06-15 10:03:00 , Open:18770.15 , High:18773.2 , Low:18769.0 , Close:18773.2
[INFO]: Candle:2023-06-15 10:04:00 , Open:18773.5 , High:18779.4 , Low:18773.45 , Close:18776.5
[INFO]: Candle:2023-06-15 10:05:00 , Open:18777.05 , High:18781.15 , Low:18776.65 , Close:18780.0
[INFO]: Candle:2023-06-15 10:06:00 , Open:18779.75 , High:18781.35 , Low:18778.5 , Close:18781.25
[INFO]: Candle:2023-06-15 10:07:00 , Open:18780.95 , High:18783.2 , Low:18778.6 , Close:18778.6
[INFO]: Candle:2023-06-15 10:08:00 , Open:18779.5 , High:18781.3 , Low:18777.85 , Close:18780.9
[INFO]: Candle:2023-06-15 10:09:00 , Open:18780.5 , High:18781.2 , Low:18779.1 , Close:18780.0
[INFO]: Candle:2023-06-15 10:10:00 , Open:18779.85 , High:18780.5 , Low:18776.95 , Close:18778.15
[INFO]: Candle:2023-06-15 10:11:00 , Open:18778.3 , High:18780.1 , Low:18777.15 , Close:18777.8
[INFO]: Candle:2023-06-15 10:12:00 , Open:18777.7 , High:18778.55 , Low:18776.25 , Close:18777.65
[INFO]: Candle:2023-06-15 10:13:00 , Open:18777.75 , High:18779.0 , Low:18776.6 , Close:18776.6
[INFO]: Candle:2023-06-15 10:15:00 , Open:18775.65 , High:18777.2 , Low:18773.25 , Close:18773.55
[INFO]: Candle:2023-06-15 10:16:00 , Open:18773.7 , High:18774.4 , Low:18772.85 , Close:18774.1
[INFO]: Candle:2023-06-15 10:17:00 , Open:18774.0 , High:18774.9 , Low:18773.1 , Close:18773.9
[INFO]: Candle:2023-06-15 10:18:00 , Open:18773.6 , High:18776.75 , Low:18773.5 , Close:18776.2
[INFO]: Candle:2023-06-15 10:19:00 , Open:18776.05 , High:18784.2 , Low:18775.9 , Close:18783.3
[INFO]: Candle:2023-06-15 10:20:00 , Open:18783.35 , High:18787.7 , Low:18783.35 , Close:18786.55
[INFO]: Candle:2023-06-15 10:21:00 , Open:18787.0 , High:18787.05 , Low:18785.3 , Close:18785.6
[INFO]: Candle:2023-06-15 10:22:00 , Open:18786.2 , High:18788.45 , Low:18786.05 , Close:18787.8
[INFO]: Candle:2023-06-15 10:23:00 , Open:18787.5 , High:18789.3 , Low:18786.55 , Close:18789.3
[INFO]: Candle:2023-06-15 10:24:00 , Open:18789.45 , High:18792.65 , Low:18788.45 , Close:18792.25
[INFO]: Candle:2023-06-15 10:25:00 , Open:18792.3 , High:18793.9 , Low:18791.4 , Close:18792.75
[INFO]: Candle:2023-06-15 10:26:00 , Open:18792.1 , High:18793.0 , Low:18790.6 , Close:18791.05
[INFO]: Candle:2023-06-15 10:27:00 , Open:18790.9 , High:18791.65 , Low:18790.15 , Close:18791.05
[INFO]: Candle:2023-06-15 10:28:00 , Open:18791.05 , High:18791.15 , Low:18787.15 , Close:18787.6
[INFO]: Candle:2023-06-15 10:29:00 , Open:18787.65 , High:18788.3 , Low:18786.65 , Close:18788.15
[INFO]: Candle:2023-06-15 10:30:00 , Open:18787.7 , High:18789.5 , Low:18787.0 , Close:18787.35
[INFO]: Candle:2023-06-15 10:31:00 , Open:18787.6 , High:18790.25 , Low:18787.15 , Close:18789.9
[INFO]: Candle:2023-06-15 10:32:00 , Open:18790.25 , High:18792.25 , Low:18789.05 , Close:18789.05
[INFO]: Candle:2023-06-15 10:34:00 , Open:18785.6 , High:18786.1 , Low:18782.65 , Close:18782.85
[INFO]: Candle:2023-06-15 10:35:00 , Open:18783.2 , High:18785.45 , Low:18781.15 , Close:18784.65
[INFO]: Candle:2023-06-15 10:36:00 , Open:18784.0 , High:18784.6 , Low:18780.3 , Close:18780.5
[INFO]: Candle:2023-06-15 10:37:00 , Open:18780.5 , High:18781.55 , Low:18779.4 , Close:18779.6
[INFO]: Candle:2023-06-15 10:38:00 , Open:18780.25 , High:18780.45 , Low:18778.3 , Close:18779.55
[INFO]: Candle:2023-06-15 10:40:00 , Open:18784.4 , High:18786.4 , Low:18783.55 , Close:18785.65
[INFO]: Candle:2023-06-15 10:41:00 , Open:18784.55 , High:18785.75 , Low:18783.55 , Close:18783.65
[INFO]: Candle:2023-06-15 10:42:00 , Open:18784.15 , High:18785.0 , Low:18782.6 , Close:18782.6
[INFO]: Candle:2023-06-15 10:43:00 , Open:18782.3 , High:18784.15 , Low:18782.2 , Close:18782.75
[INFO]: Candle:2023-06-15 10:44:00 , Open:18783.15 , High:18784.05 , Low:18781.25 , Close:18781.8
[INFO]: Candle:2023-06-15 10:45:00 , Open:18781.65 , High:18783.25 , Low:18781.15 , Close:18782.15
[INFO]: Candle:2023-06-15 10:46:00 , Open:18782.45 , High:18784.05 , Low:18781.75 , Close:18783.55
[INFO]: Candle:2023-06-15 10:47:00 , Open:18783.85 , High:18786.1 , Low:18782.85 , Close:18784.75
[INFO]: Candle:2023-06-15 10:48:00 , Open:18784.9 , High:18785.7 , Low:18780.7 , Close:18781.05
[INFO]: Candle:2023-06-15 10:49:00 , Open:18780.9 , High:18783.7 , Low:18780.35 , Close:18783.5
[INFO]: Candle:2023-06-15 10:50:00 , Open:18783.55 , High:18784.7 , Low:18782.3 , Close:18784.25
[INFO]: Candle:2023-06-15 10:51:00 , Open:18784.45 , High:18785.0 , Low:18782.9 , Close:18784.6
[INFO]: Candle:2023-06-15 10:52:00 , Open:18784.1 , High:18786.95 , Low:18783.55 , Close:18786.5
[INFO]: Candle:2023-06-15 10:53:00 , Open:18786.15 , High:18787.95 , Low:18782.4 , Close:18782.4
[INFO]: Candle:2023-06-15 10:54:00 , Open:18782.65 , High:18783.75 , Low:18776.75 , Close:18776.75
[INFO]: Candle:2023-06-15 10:55:00 , Open:18776.45 , High:18777.7 , Low:18773.85 , Close:18777.7
[INFO]: Candle:2023-06-15 10:56:00 , Open:18777.2 , High:18780.75 , Low:18776.85 , Close:18777.95
[INFO]: Candle:2023-06-15 10:57:00 , Open:18778.3 , High:18779.5 , Low:18776.65 , Close:18779.1
[INFO]: Candle:2023-06-15 10:58:00 , Open:18777.95 , High:18782.3 , Low:18776.4 , Close:18781.05
[INFO]: Candle:2023-06-15 10:59:00 , Open:18780.85 , High:18780.85 , Low:18776.4 , Close:18777.35
[INFO]: Candle:2023-06-15 11:00:00 , Open:18776.8 , High:18784.45 , Low:18776.65 , Close:18783.75
[INFO]: Candle:2023-06-15 11:01:00 , Open:18783.0 , High:18783.75 , Low:18779.15 , Close:18779.5
[INFO]: Candle:2023-06-15 11:02:00 , Open:18779.4 , High:18779.4 , Low:18776.2 , Close:18776.2
[INFO]: Candle:2023-06-15 11:03:00 , Open:18776.35 , High:18776.5 , Low:18773.35 , Close:18774.6
[INFO]: Candle:2023-06-15 11:04:00 , Open:18774.2 , High:18777.8 , Low:18773.85 , Close:18776.9
[INFO]: Candle:2023-06-15 11:05:00 , Open:18776.65 , High:18778.9 , Low:18776.35 , Close:18778.15
[INFO]: Candle:2023-06-15 11:06:00 , Open:18777.85 , High:18777.85 , Low:18770.0 , Close:18771.6
[INFO]: Candle:2023-06-15 11:07:00 , Open:18771.3 , High:18771.35 , Low:18767.1 , Close:18767.5
[INFO]: Candle:2023-06-15 11:08:00 , Open:18767.5 , High:18769.0 , Low:18765.55 , Close:18768.75
[INFO]: Candle:2023-06-15 11:09:00 , Open:18768.3 , High:18768.3 , Low:18761.4 , Close:18761.7
[INFO]: Candle:2023-06-15 11:10:00 , Open:18761.4 , High:18770.5 , Low:18759.9 , Close:18770.5
[INFO]: Candle:2023-06-15 11:11:00 , Open:18770.95 , High:18772.4 , Low:18765.5 , Close:18768.3
[INFO]: Candle:2023-06-15 11:12:00 , Open:18768.65 , High:18768.65 , Low:18764.5 , Close:18767.35
[INFO]: Candle:2023-06-15 11:13:00 , Open:18767.5 , High:18768.05 , Low:18764.85 , Close:18766.05
[INFO]: Candle:2023-06-15 11:14:00 , Open:18765.8 , High:18766.2 , Low:18761.65 , Close:18762.3
[INFO]: Candle:2023-06-15 11:15:00 , Open:18762.4 , High:18762.6 , Low:18753.8 , Close:18753.8
[INFO]: Candle:2023-06-15 11:17:00 , Open:18753.35 , High:18754.75 , Low:18751.3 , Close:18752.9
[INFO]: Candle:2023-06-15 11:18:00 , Open:18752.25 , High:18758.65 , Low:18751.85 , Close:18756.6
[INFO]: Candle:2023-06-15 11:19:00 , Open:18756.15 , High:18756.85 , Low:18750.9 , Close:18752.4
[INFO]: Candle:2023-06-15 11:20:00 , Open:18751.6 , High:18751.6 , Low:18744.8 , Close:18744.95
[INFO]: Candle:2023-06-15 11:21:00 , Open:18744.55 , High:18744.55 , Low:18734.6 , Close:18737.9
[INFO]: 2023-06-15 11:22:00.733028 shift straddle downward---------------------closed NIFTY15JUN2318800PE short position @69.45
[INFO]: 2023-06-15 11:22:00.733028 shift straddle downward---------------------closed NIFTY15JUN2318800CE short position @7.25
[INFO]: 2023-06-15 11:22:00.733028-------------built NIFTY15JUN2318700PE short position 
[INFO]: 2023-06-15 11:22:00.733028-------------built NIFTY15JUN2318700CE short position
[INFO]: lt:[18700, 18750]
[INFO]: Candle:2023-06-15 11:22:00 , Open:18737.15 , High:18739.0 , Low:18735.1 , Close:18738.6
[INFO]: Candle:2023-06-15 11:23:00 , Open:18738.6 , High:18738.8 , Low:18735.4 , Close:18737.55
[INFO]: Candle:2023-06-15 11:24:00 , Open:18737.9 , High:18739.8 , Low:18737.15 , Close:18738.85
[INFO]: Candle:2023-06-15 11:25:00 , Open:18738.55 , High:18739.4 , Low:18736.15 , Close:18739.0
[INFO]: Candle:2023-06-15 11:26:00 , Open:18738.7 , High:18740.85 , Low:18738.05 , Close:18740.0
[INFO]: Candle:2023-06-15 11:27:00 , Open:18739.5 , High:18740.65 , Low:18738.5 , Close:18740.45
[INFO]: Candle:2023-06-15 11:28:00 , Open:18740.3 , High:18742.6 , Low:18739.65 , Close:18741.85
[INFO]: Candle:2023-06-15 11:29:00 , Open:18742.55 , High:18742.55 , Low:18738.05 , Close:18738.9
[INFO]: Candle:2023-06-15 11:30:00 , Open:18739.6 , High:18740.4 , Low:18738.25 , Close:18739.25
[INFO]: Candle:2023-06-15 11:31:00 , Open:18738.7 , High:18738.7 , Low:18727.7 , Close:18729.15
[INFO]: Candle:2023-06-15 11:32:00 , Open:18728.85 , High:18728.85 , Low:18726.2 , Close:18728.3
[INFO]: Candle:2023-06-15 11:33:00 , Open:18728.2 , High:18728.2 , Low:18723.5 , Close:18723.6
[INFO]: Candle:2023-06-15 11:34:00 , Open:18723.65 , High:18724.65 , Low:18717.2 , Close:18718.25
[INFO]: Candle:2023-06-15 11:35:00 , Open:18718.45 , High:18721.1 , Low:18714.55 , Close:18720.3
[INFO]: Candle:2023-06-15 11:36:00 , Open:18720.4 , High:18724.25 , Low:18718.15 , Close:18723.35
[INFO]: Candle:2023-06-15 11:37:00 , Open:18723.85 , High:18725.3 , Low:18721.3 , Close:18722.7
[INFO]: Candle:2023-06-15 11:38:00 , Open:18723.05 , High:18726.6 , Low:18723.0 , Close:18725.9
[INFO]: Candle:2023-06-15 11:39:00 , Open:18725.25 , High:18726.35 , Low:18723.6 , Close:18723.75
[INFO]: Candle:2023-06-15 11:40:00 , Open:18723.35 , High:18728.4 , Low:18723.35 , Close:18727.4
[INFO]: Candle:2023-06-15 11:41:00 , Open:18727.55 , High:18731.1 , Low:18726.8 , Close:18728.2
[INFO]: Candle:2023-06-15 11:42:00 , Open:18728.25 , High:18730.3 , Low:18726.7 , Close:18726.85
[INFO]: Candle:2023-06-15 11:43:00 , Open:18726.75 , High:18728.25 , Low:18724.6 , Close:18724.85
[INFO]: Candle:2023-06-15 11:44:00 , Open:18725.6 , High:18726.8 , Low:18721.2 , Close:18721.75
[INFO]: Candle:2023-06-15 11:46:00 , Open:18718.3 , High:18719.2 , Low:18711.65 , Close:18711.8
[INFO]: Candle:2023-06-15 11:47:00 , Open:18711.75 , High:18719.45 , Low:18710.65 , Close:18714.8
[INFO]: Candle:2023-06-15 11:48:00 , Open:18715.0 , High:18716.8 , Low:18712.75 , Close:18716.2
[INFO]: Candle:2023-06-15 11:49:00 , Open:18716.8 , High:18719.05 , Low:18714.35 , Close:18717.2
[INFO]: Candle:2023-06-15 11:50:00 , Open:18717.5 , High:18720.55 , Low:18716.8 , Close:18719.25
[INFO]: Candle:2023-06-15 11:51:00 , Open:18718.8 , High:18719.8 , Low:18716.2 , Close:18717.7
[INFO]: Candle:2023-06-15 11:52:00 , Open:18717.0 , High:18719.85 , Low:18715.7 , Close:18717.7
[INFO]: Candle:2023-06-15 11:53:00 , Open:18718.25 , High:18721.0 , Low:18718.25 , Close:18720.7
[INFO]: Candle:2023-06-15 11:54:00 , Open:18720.7 , High:18721.95 , Low:18718.05 , Close:18718.5
[INFO]: Candle:2023-06-15 11:55:00 , Open:18718.3 , High:18726.15 , Low:18717.9 , Close:18724.25
[INFO]: Candle:2023-06-15 11:56:00 , Open:18724.25 , High:18724.95 , Low:18718.25 , Close:18718.25
[INFO]: Candle:2023-06-15 11:57:00 , Open:18718.1 , High:18721.05 , Low:18718.1 , Close:18719.8
[INFO]: Candle:2023-06-15 11:58:00 , Open:18719.6 , High:18725.95 , Low:18718.75 , Close:18725.95
[INFO]: Candle:2023-06-15 11:59:00 , Open:18725.2 , High:18730.1 , Low:18724.35 , Close:18728.65
[INFO]: Candle:2023-06-15 12:00:00 , Open:18728.75 , High:18734.45 , Low:18727.95 , Close:18727.95
[INFO]: Candle:2023-06-15 12:01:00 , Open:18727.9 , High:18729.4 , Low:18721.35 , Close:18721.75
[INFO]: Candle:2023-06-15 12:02:00 , Open:18722.95 , High:18726.8 , Low:18721.95 , Close:18723.9
[INFO]: Candle:2023-06-15 12:03:00 , Open:18722.95 , High:18725.05 , Low:18721.35 , Close:18724.55
[INFO]: Candle:2023-06-15 12:04:00 , Open:18724.8 , High:18726.05 , Low:18715.5 , Close:18716.55
[INFO]: Candle:2023-06-15 12:05:00 , Open:18716.1 , High:18720.45 , Low:18715.8 , Close:18719.0
[INFO]: Candle:2023-06-15 12:06:00 , Open:18719.65 , High:18721.0 , Low:18717.35 , Close:18719.6
[INFO]: Candle:2023-06-15 12:07:00 , Open:18719.7 , High:18723.2 , Low:18719.0 , Close:18723.2
[INFO]: Candle:2023-06-15 12:08:00 , Open:18722.75 , High:18725.9 , Low:18722.4 , Close:18725.55
[INFO]: Candle:2023-06-15 12:09:00 , Open:18725.75 , High:18729.8 , Low:18725.3 , Close:18728.5
[INFO]: Candle:2023-06-15 12:10:00 , Open:18728.9 , High:18730.1 , Low:18727.35 , Close:18727.8
[INFO]: Candle:2023-06-15 12:11:00 , Open:18728.0 , High:18732.9 , Low:18726.2 , Close:18731.85
[INFO]: Candle:2023-06-15 12:12:00 , Open:18731.2 , High:18732.3 , Low:18723.0 , Close:18725.2
[INFO]: Candle:2023-06-15 12:13:00 , Open:18726.05 , High:18731.05 , Low:18726.05 , Close:18730.15
[INFO]: Candle:2023-06-15 12:15:00 , Open:18726.55 , High:18727.25 , Low:18723.85 , Close:18726.15
[INFO]: Candle:2023-06-15 12:16:00 , Open:18725.9 , High:18731.0 , Low:18725.9 , Close:18730.05
[INFO]: Candle:2023-06-15 12:17:00 , Open:18729.35 , High:18733.25 , Low:18728.0 , Close:18729.7
[INFO]: Candle:2023-06-15 12:18:00 , Open:18729.6 , High:18732.6 , Low:18729.45 , Close:18731.0
[INFO]: Candle:2023-06-15 12:19:00 , Open:18730.5 , High:18733.3 , Low:18728.9 , Close:18732.8
[INFO]: Candle:2023-06-15 12:20:00 , Open:18732.6 , High:18734.1 , Low:18732.35 , Close:18732.7
[INFO]: Candle:2023-06-15 12:21:00 , Open:18733.15 , High:18734.5 , Low:18732.65 , Close:18733.35
[INFO]: Candle:2023-06-15 12:22:00 , Open:18733.3 , High:18737.4 , Low:18733.3 , Close:18737.4
[INFO]: Candle:2023-06-15 12:23:00 , Open:18737.5 , High:18739.8 , Low:18737.25 , Close:18738.5
[INFO]: Candle:2023-06-15 12:24:00 , Open:18738.7 , High:18743.15 , Low:18738.15 , Close:18742.15
[INFO]: Candle:2023-06-15 12:25:00 , Open:18742.25 , High:18746.35 , Low:18742.25 , Close:18743.9
[INFO]: Candle:2023-06-15 12:26:00 , Open:18743.75 , High:18744.95 , Low:18737.55 , Close:18738.35
[INFO]: Candle:2023-06-15 12:27:00 , Open:18738.1 , High:18739.1 , Low:18736.65 , Close:18736.85
[INFO]: Candle:2023-06-15 12:28:00 , Open:18737.05 , High:18738.0 , Low:18733.6 , Close:18733.6
[INFO]: Candle:2023-06-15 12:29:00 , Open:18733.0 , High:18734.55 , Low:18728.4 , Close:18729.7
[INFO]: Candle:2023-06-15 12:30:00 , Open:18730.0 , High:18736.85 , Low:18730.0 , Close:18736.6
[INFO]: Candle:2023-06-15 12:31:00 , Open:18736.2 , High:18738.95 , Low:18736.15 , Close:18736.7
[INFO]: Candle:2023-06-15 12:32:00 , Open:18737.1 , High:18739.45 , Low:18735.05 , Close:18737.75
[INFO]: Candle:2023-06-15 12:33:00 , Open:18737.25 , High:18739.95 , Low:18734.95 , Close:18737.1
[INFO]: Candle:2023-06-15 12:34:00 , Open:18736.7 , High:18737.8 , Low:18732.05 , Close:18732.2
[INFO]: Candle:2023-06-15 12:35:00 , Open:18732.4 , High:18732.65 , Low:18728.0 , Close:18728.35
[INFO]: Candle:2023-06-15 12:36:00 , Open:18728.2 , High:18729.05 , Low:18721.1 , Close:18724.9
[INFO]: Candle:2023-06-15 12:37:00 , Open:18724.85 , High:18733.7 , Low:18724.2 , Close:18731.75
[INFO]: Candle:2023-06-15 12:38:00 , Open:18731.4 , High:18733.35 , Low:18728.3 , Close:18731.15
[INFO]: Candle:2023-06-15 12:39:00 , Open:18731.45 , High:18732.1 , Low:18729.15 , Close:18731.3
[INFO]: Candle:2023-06-15 12:40:00 , Open:18731.45 , High:18734.15 , Low:18730.3 , Close:18733.15
[INFO]: Candle:2023-06-15 12:41:00 , Open:18733.5 , High:18735.1 , Low:18730.65 , Close:18730.75
[INFO]: Candle:2023-06-15 12:42:00 , Open:18730.7 , High:18731.2 , Low:18721.8 , Close:18721.85
[INFO]: Candle:2023-06-15 12:43:00 , Open:18721.35 , High:18724.75 , Low:18720.2 , Close:18722.9
[INFO]: Candle:2023-06-15 12:44:00 , Open:18723.4 , High:18725.65 , Low:18722.6 , Close:18724.15
[INFO]: Candle:2023-06-15 12:45:00 , Open:18723.65 , High:18731.4 , Low:18723.65 , Close:18730.9
[INFO]: Candle:2023-06-15 12:46:00 , Open:18730.35 , High:18731.55 , Low:18728.9 , Close:18729.0
[INFO]: Candle:2023-06-15 12:47:00 , Open:18729.05 , High:18731.0 , Low:18728.6 , Close:18729.25
[INFO]: Candle:2023-06-15 12:48:00 , Open:18729.1 , High:18732.35 , Low:18729.1 , Close:18732.3
[INFO]: Candle:2023-06-15 12:51:00 , Open:18739.15 , High:18739.6 , Low:18737.4 , Close:18739.05
[INFO]: Candle:2023-06-15 12:52:00 , Open:18738.1 , High:18739.95 , Low:18737.95 , Close:18739.2
[INFO]: Candle:2023-06-15 12:53:00 , Open:18739.05 , High:18740.5 , Low:18737.8 , Close:18739.35
[INFO]: Candle:2023-06-15 12:54:00 , Open:18738.45 , High:18740.15 , Low:18735.4 , Close:18736.25
[INFO]: Candle:2023-06-15 12:55:00 , Open:18735.75 , High:18739.45 , Low:18735.55 , Close:18735.95
[INFO]: Candle:2023-06-15 12:56:00 , Open:18736.0 , High:18739.5 , Low:18735.8 , Close:18737.25
[INFO]: Candle:2023-06-15 12:57:00 , Open:18736.8 , High:18738.15 , Low:18734.75 , Close:18734.8
[INFO]: Candle:2023-06-15 12:58:00 , Open:18735.05 , High:18737.25 , Low:18734.65 , Close:18735.9
[INFO]: Candle:2023-06-15 12:59:00 , Open:18735.2 , High:18736.6 , Low:18734.1 , Close:18735.85
[INFO]: Candle:2023-06-15 13:00:00 , Open:18735.35 , High:18737.4 , Low:18735.05 , Close:18735.5
[INFO]: Candle:2023-06-15 13:01:00 , Open:18736.2 , High:18740.15 , Low:18736.2 , Close:18738.9
[INFO]: Candle:2023-06-15 13:02:00 , Open:18738.95 , High:18739.6 , Low:18735.25 , Close:18735.5
[INFO]: Candle:2023-06-15 13:03:00 , Open:18734.55 , High:18736.5 , Low:18731.1 , Close:18731.1
[INFO]: Candle:2023-06-15 13:04:00 , Open:18731.3 , High:18732.95 , Low:18728.0 , Close:18728.0
[INFO]: Candle:2023-06-15 13:05:00 , Open:18728.35 , High:18728.35 , Low:18724.35 , Close:18725.15
[INFO]: Candle:2023-06-15 13:06:00 , Open:18725.5 , High:18727.05 , Low:18723.7 , Close:18723.7
[INFO]: Candle:2023-06-15 13:07:00 , Open:18724.1 , High:18724.7 , Low:18719.75 , Close:18720.3
[INFO]: Candle:2023-06-15 13:08:00 , Open:18720.35 , High:18722.0 , Low:18719.95 , Close:18721.4
[INFO]: Candle:2023-06-15 13:09:00 , Open:18720.9 , High:18726.65 , Low:18720.05 , Close:18722.3
[INFO]: Candle:2023-06-15 13:10:00 , Open:18722.35 , High:18722.35 , Low:18719.9 , Close:18720.15
[INFO]: Candle:2023-06-15 13:11:00 , Open:18719.7 , High:18722.9 , Low:18718.3 , Close:18718.8
[INFO]: Candle:2023-06-15 13:12:00 , Open:18719.25 , High:18720.95 , Low:18715.4 , Close:18716.75
[INFO]: Candle:2023-06-15 13:13:00 , Open:18716.75 , High:18723.15 , Low:18715.75 , Close:18721.95
[INFO]: Candle:2023-06-15 13:14:00 , Open:18721.9 , High:18724.15 , Low:18720.4 , Close:18723.3
[INFO]: Candle:2023-06-15 13:15:00 , Open:18723.5 , High:18726.75 , Low:18723.0 , Close:18724.75
[INFO]: Candle:2023-06-15 13:16:00 , Open:18725.05 , High:18727.0 , Low:18723.8 , Close:18725.75
[INFO]: Candle:2023-06-15 13:17:00 , Open:18725.55 , High:18727.15 , Low:18724.45 , Close:18725.95
[INFO]: Candle:2023-06-15 13:18:00 , Open:18725.6 , High:18728.4 , Low:18725.6 , Close:18727.9
[INFO]: Candle:2023-06-15 13:19:00 , Open:18727.35 , High:18729.9 , Low:18727.15 , Close:18727.75
[INFO]: Candle:2023-06-15 13:20:00 , Open:18727.3 , High:18727.7 , Low:18725.35 , Close:18726.2
[INFO]: Candle:2023-06-15 13:21:00 , Open:18726.5 , High:18728.65 , Low:18724.7 , Close:18725.2
[INFO]: Candle:2023-06-15 13:22:00 , Open:18725.4 , High:18726.65 , Low:18720.5 , Close:18720.9
[INFO]: Candle:2023-06-15 13:23:00 , Open:18721.0 , High:18723.35 , Low:18720.7 , Close:18722.3
[INFO]: Candle:2023-06-15 13:24:00 , Open:18722.55 , High:18724.1 , Low:18717.6 , Close:18717.6
[INFO]: Candle:2023-06-15 13:25:00 , Open:18718.55 , High:18723.5 , Low:18717.15 , Close:18722.85
[INFO]: Candle:2023-06-15 13:26:00 , Open:18723.3 , High:18729.4 , Low:18723.15 , Close:18729.3
[INFO]: Candle:2023-06-15 13:27:00 , Open:18728.65 , High:18732.6 , Low:18728.4 , Close:18730.1
[INFO]: Candle:2023-06-15 13:28:00 , Open:18729.65 , High:18734.15 , Low:18729.65 , Close:18732.4
[INFO]: Candle:2023-06-15 13:29:00 , Open:18732.65 , High:18733.9 , Low:18731.55 , Close:18732.0
[INFO]: Candle:2023-06-15 13:30:00 , Open:18731.6 , High:18736.5 , Low:18731.6 , Close:18735.55
[INFO]: Candle:2023-06-15 13:31:00 , Open:18735.55 , High:18738.5 , Low:18735.55 , Close:18737.5
[INFO]: Candle:2023-06-15 13:32:00 , Open:18737.15 , High:18741.0 , Low:18733.55 , Close:18740.5
[INFO]: Candle:2023-06-15 13:33:00 , Open:18740.25 , High:18747.15 , Low:18740.25 , Close:18746.9
[INFO]: Candle:2023-06-15 13:34:00 , Open:18746.7 , High:18749.85 , Low:18744.25 , Close:18746.65
[INFO]: Candle:2023-06-15 13:35:00 , Open:18745.9 , High:18747.65 , Low:18744.55 , Close:18744.65
[INFO]: Candle:2023-06-15 13:36:00 , Open:18745.2 , High:18747.9 , Low:18744.4 , Close:18746.95
[INFO]: Candle:2023-06-15 13:37:00 , Open:18746.95 , High:18748.95 , Low:18745.9 , Close:18746.0
[INFO]: Candle:2023-06-15 13:38:00 , Open:18746.25 , High:18750.75 , Low:18745.6 , Close:18750.7
[INFO]: Candle:2023-06-15 13:39:00 , Open:18750.5 , High:18755.85 , Low:18750.5 , Close:18754.45
[INFO]: Candle:2023-06-15 13:40:00 , Open:18754.45 , High:18757.35 , Low:18750.2 , Close:18750.3
[INFO]: Candle:2023-06-15 13:41:00 , Open:18749.2 , High:18750.4 , Low:18742.5 , Close:18744.1
[INFO]: Candle:2023-06-15 13:42:00 , Open:18744.0 , High:18745.2 , Low:18742.6 , Close:18743.25
[INFO]: Candle:2023-06-15 13:43:00 , Open:18743.1 , High:18744.9 , Low:18741.1 , Close:18743.3
[INFO]: Candle:2023-06-15 13:44:00 , Open:18742.15 , High:18743.95 , Low:18740.15 , Close:18740.15
[INFO]: Candle:2023-06-15 13:45:00 , Open:18739.9 , High:18741.3 , Low:18735.75 , Close:18735.75
[INFO]: Candle:2023-06-15 13:46:00 , Open:18735.9 , High:18739.4 , Low:18734.35 , Close:18739.4
[INFO]: Candle:2023-06-15 13:47:00 , Open:18740.65 , High:18748.7 , Low:18740.45 , Close:18743.35
[INFO]: Candle:2023-06-15 13:48:00 , Open:18743.85 , High:18745.1 , Low:18734.1 , Close:18737.95
[INFO]: Candle:2023-06-15 13:49:00 , Open:18738.25 , High:18738.9 , Low:18734.15 , Close:18737.35
[INFO]: Candle:2023-06-15 13:50:00 , Open:18737.35 , High:18742.55 , Low:18737.35 , Close:18740.3
[INFO]: Candle:2023-06-15 13:51:00 , Open:18740.25 , High:18743.1 , Low:18739.35 , Close:18742.1
[INFO]: Candle:2023-06-15 13:52:00 , Open:18741.25 , High:18743.2 , Low:18736.0 , Close:18736.0
[INFO]: Candle:2023-06-15 13:53:00 , Open:18735.75 , High:18738.95 , Low:18734.0 , Close:18735.35
[INFO]: Candle:2023-06-15 13:54:00 , Open:18735.3 , High:18742.15 , Low:18735.3 , Close:18741.25
[INFO]: Candle:2023-06-15 13:55:00 , Open:18741.25 , High:18747.9 , Low:18741.25 , Close:18746.35
[INFO]: Candle:2023-06-15 13:56:00 , Open:18746.0 , High:18747.1 , Low:18743.25 , Close:18744.75
[INFO]: Candle:2023-06-15 13:57:00 , Open:18744.55 , High:18747.45 , Low:18744.55 , Close:18745.9
[INFO]: Candle:2023-06-15 13:58:00 , Open:18746.0 , High:18748.25 , Low:18736.2 , Close:18737.4
[INFO]: Candle:2023-06-15 13:59:00 , Open:18736.95 , High:18739.4 , Low:18734.95 , Close:18736.95
[INFO]: Candle:2023-06-15 14:00:00 , Open:18737.15 , High:18740.9 , Low:18737.15 , Close:18740.4
[INFO]: Candle:2023-06-15 14:01:00 , Open:18739.6 , High:18743.95 , Low:18739.6 , Close:18742.7
[INFO]: Candle:2023-06-15 14:02:00 , Open:18742.2 , High:18744.4 , Low:18729.4 , Close:18730.55
[INFO]: Candle:2023-06-15 14:03:00 , Open:18730.45 , High:18735.05 , Low:18723.3 , Close:18725.0
[INFO]: Candle:2023-06-15 14:04:00 , Open:18724.05 , High:18726.2 , Low:18721.55 , Close:18721.6
[INFO]: Candle:2023-06-15 14:05:00 , Open:18722.1 , High:18727.95 , Low:18721.25 , Close:18722.8
[INFO]: Candle:2023-06-15 14:06:00 , Open:18723.55 , High:18726.45 , Low:18722.3 , Close:18722.65
[INFO]: Candle:2023-06-15 14:07:00 , Open:18722.0 , High:18724.65 , Low:18718.65 , Close:18718.65
[INFO]: Candle:2023-06-15 14:08:00 , Open:18719.8 , High:18722.8 , Low:18717.95 , Close:18722.3
[INFO]: Candle:2023-06-15 14:09:00 , Open:18722.0 , High:18725.7 , Low:18719.55 , Close:18720.15
[INFO]: Candle:2023-06-15 14:10:00 , Open:18719.85 , High:18725.85 , Low:18719.85 , Close:18723.55
[INFO]: Candle:2023-06-15 14:11:00 , Open:18723.8 , High:18728.7 , Low:18720.2 , Close:18720.6
[INFO]: Candle:2023-06-15 14:12:00 , Open:18718.35 , High:18718.35 , Low:18707.4 , Close:18709.95
[INFO]: Candle:2023-06-15 14:13:00 , Open:18710.2 , High:18711.4 , Low:18707.35 , Close:18709.75
[INFO]: Candle:2023-06-15 14:14:00 , Open:18709.25 , High:18711.15 , Low:18703.85 , Close:18705.8
[INFO]: Candle:2023-06-15 14:15:00 , Open:18705.15 , High:18712.15 , Low:18705.15 , Close:18712.05
[INFO]: Candle:2023-06-15 14:16:00 , Open:18711.55 , High:18714.1 , Low:18710.1 , Close:18711.15
[INFO]: Candle:2023-06-15 14:17:00 , Open:18710.35 , High:18711.7 , Low:18708.4 , Close:18710.15
[INFO]: Candle:2023-06-15 14:18:00 , Open:18709.65 , High:18709.65 , Low:18699.15 , Close:18699.9
[INFO]: Candle:2023-06-15 14:19:00 , Open:18699.7 , High:18705.05 , Low:18698.9 , Close:18702.4
[INFO]: Candle:2023-06-15 14:20:00 , Open:18703.05 , High:18710.4 , Low:18703.05 , Close:18710.3
[INFO]: Candle:2023-06-15 14:21:00 , Open:18710.4 , High:18711.7 , Low:18704.6 , Close:18705.0
[INFO]: Candle:2023-06-15 14:22:00 , Open:18705.25 , High:18706.5 , Low:18697.4 , Close:18698.0
[INFO]: Candle:2023-06-15 14:23:00 , Open:18697.9 , High:18698.9 , Low:18693.55 , Close:18697.0
[INFO]: Candle:2023-06-15 14:24:00 , Open:18696.75 , High:18698.75 , Low:18695.0 , Close:18697.15
[INFO]: Candle:2023-06-15 14:25:00 , Open:18697.4 , High:18710.7 , Low:18696.95 , Close:18705.95
[INFO]: Candle:2023-06-15 14:26:00 , Open:18705.3 , High:18707.6 , Low:18704.55 , Close:18704.7
[INFO]: Candle:2023-06-15 14:27:00 , Open:18704.4 , High:18706.85 , Low:18698.3 , Close:18700.05
[INFO]: Candle:2023-06-15 14:28:00 , Open:18699.75 , High:18705.2 , Low:18699.75 , Close:18700.15
[INFO]: Candle:2023-06-15 14:29:00 , Open:18698.85 , High:18702.95 , Low:18697.35 , Close:18702.75
[INFO]: Candle:2023-06-15 14:30:00 , Open:18703.55 , High:18704.45 , Low:18701.0 , Close:18702.15
[INFO]: Candle:2023-06-15 14:31:00 , Open:18702.05 , High:18705.35 , Low:18700.55 , Close:18703.45
[INFO]: Candle:2023-06-15 14:32:00 , Open:18703.0 , High:18704.4 , Low:18700.5 , Close:18701.5
[INFO]: Candle:2023-06-15 14:33:00 , Open:18700.4 , High:18705.5 , Low:18700.0 , Close:18702.85
[INFO]: Candle:2023-06-15 14:34:00 , Open:18701.85 , High:18703.1 , Low:18698.85 , Close:18699.6
[INFO]: Candle:2023-06-15 14:35:00 , Open:18700.05 , High:18701.75 , Low:18697.85 , Close:18697.85
[INFO]: Candle:2023-06-15 14:36:00 , Open:18698.5 , High:18700.2 , Low:18687.45 , Close:18688.3
[INFO]: 2023-06-15 14:37:00.302171 shift straddle downward---------------------closed NIFTY15JUN2318750PE short position @69.65
[INFO]: 2023-06-15 14:37:00.302171 shift straddle downward---------------------closed NIFTY15JUN2318750CE short position @2.35
[INFO]: 2023-06-15 14:37:00.302171-------------built NIFTY15JUN2318650PE short position 
[INFO]: 2023-06-15 14:37:00.302171-------------built NIFTY15JUN2318650CE short position
[INFO]: lt:[18650, 18700]
[INFO]: Candle:2023-06-15 14:37:00 , Open:18688.35 , High:18691.65 , Low:18686.4 , Close:18686.9
[INFO]: Candle:2023-06-15 14:38:00 , Open:18683.25 , High:18689.45 , Low:18683.25 , Close:18687.05
[INFO]: Candle:2023-06-15 14:39:00 , Open:18686.15 , High:18688.45 , Low:18685.2 , Close:18687.6
[INFO]: Candle:2023-06-15 14:40:00 , Open:18687.5 , High:18692.55 , Low:18683.7 , Close:18683.7
[INFO]: Candle:2023-06-15 14:41:00 , Open:18683.95 , High:18693.2 , Low:18682.65 , Close:18691.65
[INFO]: Candle:2023-06-15 14:42:00 , Open:18691.5 , High:18694.95 , Low:18687.2 , Close:18687.35
[INFO]: Candle:2023-06-15 14:43:00 , Open:18687.15 , High:18692.5 , Low:18687.15 , Close:18688.7
[INFO]: Candle:2023-06-15 14:44:00 , Open:18688.15 , High:18692.2 , Low:18687.5 , Close:18689.8
[INFO]: Candle:2023-06-15 14:45:00 , Open:18689.4 , High:18691.65 , Low:18685.6 , Close:18690.05
[INFO]: Candle:2023-06-15 14:46:00 , Open:18689.7 , High:18697.15 , Low:18686.95 , Close:18695.15
[INFO]: Candle:2023-06-15 14:47:00 , Open:18694.55 , High:18695.9 , Low:18679.7 , Close:18680.75
[INFO]: Candle:2023-06-15 14:48:00 , Open:18680.1 , High:18684.5 , Low:18680.1 , Close:18680.55
[INFO]: Candle:2023-06-15 14:49:00 , Open:18680.7 , High:18681.8 , Low:18679.0 , Close:18679.2
[INFO]: Candle:2023-06-15 14:50:00 , Open:18678.65 , High:18683.15 , Low:18676.95 , Close:18679.9
[INFO]: Candle:2023-06-15 14:51:00 , Open:18679.8 , High:18683.4 , Low:18677.4 , Close:18683.4
[INFO]: Candle:2023-06-15 14:52:00 , Open:18682.8 , High:18690.6 , Low:18682.8 , Close:18688.75
[INFO]: Candle:2023-06-15 14:53:00 , Open:18688.95 , High:18689.55 , Low:18680.7 , Close:18681.85
[INFO]: Candle:2023-06-15 14:54:00 , Open:18679.8 , High:18681.2 , Low:18675.0 , Close:18677.4
[INFO]: Candle:2023-06-15 14:55:00 , Open:18677.5 , High:18678.55 , Low:18672.3 , Close:18673.75
[INFO]: Candle:2023-06-15 14:56:00 , Open:18673.6 , High:18675.65 , Low:18669.85 , Close:18674.05
[INFO]: Candle:2023-06-15 14:57:00 , Open:18673.05 , High:18674.15 , Low:18669.8 , Close:18670.15
[INFO]: Candle:2023-06-15 14:58:00 , Open:18670.0 , High:18675.75 , Low:18669.2 , Close:18673.85
[INFO]: ..............stop algo...............
