[INFO]: ..........................START........................
[INFO]: ..........................START........................
[INFO]: Candle:2023-06-09 10:07:00 , Open:18664.5 , High:18665.3 , Low:18659.7 , Close:18662.15
[INFO]: 2023-06-09 10:08:00.610661-------------built NIFTY15JUN2318650PE short position
[INFO]: 2023-06-09 10:08:00.610661-------------built NIFTY15JUN2318650CE short position 
[INFO]: 2023-06-09 10:08:00.610661-------------built NIFTY15JUN2318700PE short position
[INFO]: 2023-06-09 10:08:00.610661-------------built NIFTY15JUN2318700CE short position 
[INFO]: lt:[18650, 18700]
[INFO]: Candle:2023-06-09 10:08:00 , Open:18662.1 , High:18664.05 , Low:18661.4 , Close:18663.5
[INFO]: Candle:2023-06-09 10:09:00 , Open:18662.65 , High:18663.45 , Low:18658.45 , Close:18660.25
[INFO]: Candle:2023-06-09 10:10:00 , Open:18660.7 , High:18661.25 , Low:18655.85 , Close:18656.15
[INFO]: Candle:2023-06-09 10:11:00 , Open:18656.35 , High:18656.85 , Low:18649.3 , Close:18649.65
[INFO]: Candle:2023-06-09 10:12:00 , Open:18650.2 , High:18650.65 , Low:18636.6 , Close:18637.85
[INFO]: 2023-06-09 10:13:00.539257 shift straddle downward---------------------closed NIFTY15JUN2318700PE short position @107.95
[INFO]: 2023-06-09 10:13:00.539257 shift straddle downward---------------------closed NIFTY15JUN2318700CE short position @62.8
[INFO]: 2023-06-09 10:13:00.539257-------------built NIFTY15JUN2318600PE short position 
[INFO]: 2023-06-09 10:13:00.539257-------------built NIFTY15JUN2318600CE short position
[INFO]: lt:[18600, 18650]
[INFO]: Candle:2023-06-09 10:13:00 , Open:18637.05 , High:18638.1 , Low:18633.65 , Close:18637.8
[INFO]: Candle:2023-06-09 10:14:00 , Open:18637.05 , High:18643.8 , Low:18636.0 , Close:18641.2
[INFO]: Candle:2023-06-09 10:15:00 , Open:18640.4 , High:18641.8 , Low:18638.8 , Close:18639.7
[INFO]: Candle:2023-06-09 10:16:00 , Open:18639.25 , High:18639.85 , Low:18636.6 , Close:18637.65
[INFO]: Candle:2023-06-09 10:17:00 , Open:18637.55 , High:18639.05 , Low:18636.15 , Close:18636.4
[INFO]: Candle:2023-06-09 10:18:00 , Open:18636.75 , High:18637.9 , Low:18635.1 , Close:18635.45
[INFO]: Candle:2023-06-09 10:19:00 , Open:18635.4 , High:18635.95 , Low:18628.55 , Close:18628.8
[INFO]: Candle:2023-06-09 10:20:00 , Open:18628.65 , High:18630.8 , Low:18625.2 , Close:18625.85
[INFO]: Candle:2023-06-09 10:21:00 , Open:18626.7 , High:18632.9 , Low:18625.7 , Close:18630.1
[INFO]: Candle:2023-06-09 10:22:00 , Open:18630.2 , High:18631.8 , Low:18628.85 , Close:18631.55
[INFO]: Candle:2023-06-09 10:23:00 , Open:18631.4 , High:18632.2 , Low:18629.8 , Close:18630.3
[INFO]: Candle:2023-06-09 10:24:00 , Open:18630.6 , High:18630.6 , Low:18628.05 , Close:18628.85
[INFO]: Candle:2023-06-09 10:25:00 , Open:18629.6 , High:18631.85 , Low:18628.35 , Close:18631.35
[INFO]: Candle:2023-06-09 10:26:00 , Open:18632.45 , High:18638.15 , Low:18632.05 , Close:18637.1
[INFO]: Candle:2023-06-09 10:27:00 , Open:18637.7 , High:18637.7 , Low:18628.65 , Close:18629.05
[INFO]: Candle:2023-06-09 10:28:00 , Open:18628.65 , High:18629.3 , Low:18625.2 , Close:18625.2
[INFO]: Candle:2023-06-09 10:29:00 , Open:18624.2 , High:18624.9 , Low:18619.65 , Close:18619.65
[INFO]: Candle:2023-06-09 10:30:00 , Open:18619.7 , High:18622.25 , Low:18618.15 , Close:18618.8
[INFO]: Candle:2023-06-09 10:31:00 , Open:18618.85 , High:18627.2 , Low:18617.95 , Close:18625.85
[INFO]: Candle:2023-06-09 10:32:00 , Open:18626.3 , High:18628.75 , Low:18624.5 , Close:18624.5
[INFO]: Candle:2023-06-09 10:33:00 , Open:18624.9 , High:18627.35 , Low:18624.05 , Close:18626.75
[INFO]: Candle:2023-06-09 10:34:00 , Open:18627.4 , High:18629.25 , Low:18625.7 , Close:18628.2
[INFO]: Candle:2023-06-09 10:35:00 , Open:18628.45 , High:18632.6 , Low:18628.15 , Close:18632.6
[INFO]: Candle:2023-06-09 10:37:00 , Open:18632.2 , High:18635.85 , Low:18631.3 , Close:18635.6
[INFO]: Candle:2023-06-09 10:38:00 , Open:18636.25 , High:18639.25 , Low:18635.2 , Close:18636.7
[INFO]: Candle:2023-06-09 10:39:00 , Open:18636.6 , High:18637.4 , Low:18634.35 , Close:18635.2
[INFO]: Candle:2023-06-09 10:40:00 , Open:18635.3 , High:18636.65 , Low:18631.55 , Close:18633.65
[INFO]: Candle:2023-06-09 10:41:00 , Open:18633.7 , High:18635.25 , Low:18632.0 , Close:18635.25
[INFO]: Candle:2023-06-09 10:42:00 , Open:18635.25 , High:18636.15 , Low:18633.3 , Close:18633.55
[INFO]: Candle:2023-06-09 10:43:00 , Open:18633.2 , High:18634.15 , Low:18626.5 , Close:18627.0
[INFO]: Candle:2023-06-09 10:44:00 , Open:18627.45 , High:18628.05 , Low:18624.0 , Close:18627.0
[INFO]: Candle:2023-06-09 10:45:00 , Open:18626.65 , High:18627.05 , Low:18622.55 , Close:18624.05
[INFO]: Candle:2023-06-09 10:46:00 , Open:18624.3 , High:18624.3 , Low:18621.9 , Close:18622.95
[INFO]: Candle:2023-06-09 10:47:00 , Open:18622.65 , High:18622.75 , Low:18618.45 , Close:18618.65
[INFO]: Candle:2023-06-09 10:48:00 , Open:18618.8 , High:18621.9 , Low:18617.3 , Close:18621.4
[INFO]: Candle:2023-06-09 10:49:00 , Open:18622.6 , High:18626.3 , Low:18622.6 , Close:18626.25
[INFO]: Candle:2023-06-09 10:50:00 , Open:18626.2 , High:18627.3 , Low:18623.8 , Close:18623.8
[INFO]: Candle:2023-06-09 10:51:00 , Open:18623.9 , High:18625.05 , Low:18622.6 , Close:18625.05
[INFO]: Candle:2023-06-09 10:52:00 , Open:18624.8 , High:18625.55 , Low:18622.05 , Close:18622.45
[INFO]: Candle:2023-06-09 10:53:00 , Open:18622.2 , High:18622.2 , Low:18614.5 , Close:18616.3
[INFO]: Candle:2023-06-09 10:54:00 , Open:18616.6 , High:18620.9 , Low:18615.95 , Close:18619.8
[INFO]: Candle:2023-06-09 10:55:00 , Open:18620.05 , High:18623.7 , Low:18619.9 , Close:18622.45
[INFO]: Candle:2023-06-09 10:56:00 , Open:18622.65 , High:18622.85 , Low:18617.1 , Close:18617.5
[INFO]: Candle:2023-06-09 10:57:00 , Open:18617.9 , High:18617.9 , Low:18613.5 , Close:18614.35
[INFO]: Candle:2023-06-09 10:58:00 , Open:18614.15 , High:18616.55 , Low:18613.7 , Close:18616.1
[INFO]: Candle:2023-06-09 10:59:00 , Open:18614.9 , High:18615.15 , Low:18607.85 , Close:18613.05
[INFO]: Candle:2023-06-09 11:00:00 , Open:18612.95 , High:18614.65 , Low:18611.25 , Close:18611.25
[INFO]: Candle:2023-06-09 11:01:00 , Open:18610.6 , High:18610.7 , Low:18607.35 , Close:18608.85
[INFO]: Candle:2023-06-09 11:02:00 , Open:18609.85 , High:18610.65 , Low:18608.15 , Close:18608.45
[INFO]: Candle:2023-06-09 11:03:00 , Open:18608.7 , High:18609.6 , Low:18606.8 , Close:18608.35
[INFO]: Candle:2023-06-09 11:04:00 , Open:18608.15 , High:18609.3 , Low:18607.45 , Close:18608.7
[INFO]: Candle:2023-06-09 11:05:00 , Open:18609.5 , High:18610.1 , Low:18601.9 , Close:18605.0
[INFO]: Candle:2023-06-09 11:06:00 , Open:18604.95 , High:18605.8 , Low:18601.65 , Close:18602.1
[INFO]: Candle:2023-06-09 11:07:00 , Open:18601.85 , High:18603.15 , Low:18600.5 , Close:18602.25
[INFO]: Candle:2023-06-09 11:08:00 , Open:18601.7 , High:18604.7 , Low:18601.35 , Close:18604.7
[INFO]: Candle:2023-06-09 11:09:00 , Open:18605.05 , High:18610.75 , Low:18603.05 , Close:18610.6
[INFO]: Candle:2023-06-09 11:10:00 , Open:18610.55 , High:18619.55 , Low:18609.65 , Close:18616.2
[INFO]: Candle:2023-06-09 11:11:00 , Open:18616.85 , High:18617.05 , Low:18614.25 , Close:18615.4
[INFO]: Candle:2023-06-09 11:12:00 , Open:18614.95 , High:18615.5 , Low:18612.35 , Close:18612.7
[INFO]: Candle:2023-06-09 11:13:00 , Open:18613.4 , High:18613.55 , Low:18611.4 , Close:18611.75
[INFO]: Candle:2023-06-09 11:14:00 , Open:18612.55 , High:18614.05 , Low:18611.05 , Close:18612.05
[INFO]: Candle:2023-06-09 11:15:00 , Open:18612.1 , High:18619.2 , Low:18612.1 , Close:18619.2
[INFO]: Candle:2023-06-09 11:16:00 , Open:18619.25 , High:18622.75 , Low:18619.25 , Close:18622.2
[INFO]: Candle:2023-06-09 11:17:00 , Open:18622.55 , High:18623.75 , Low:18621.2 , Close:18621.85
[INFO]: Candle:2023-06-09 11:18:00 , Open:18621.3 , High:18624.05 , Low:18620.95 , Close:18623.35
[INFO]: Candle:2023-06-09 11:19:00 , Open:18623.65 , High:18624.3 , Low:18622.1 , Close:18622.95
[INFO]: Candle:2023-06-09 11:20:00 , Open:18623.1 , High:18626.1 , Low:18621.65 , Close:18624.25
[INFO]: Candle:2023-06-09 11:21:00 , Open:18624.3 , High:18627.25 , Low:18623.75 , Close:18627.15
[INFO]: Candle:2023-06-09 11:22:00 , Open:18627.7 , High:18628.1 , Low:18625.6 , Close:18627.55
[INFO]: Candle:2023-06-09 11:23:00 , Open:18627.4 , High:18629.05 , Low:18625.8 , Close:18625.8
[INFO]: Candle:2023-06-09 11:24:00 , Open:18625.5 , High:18629.05 , Low:18625.05 , Close:18627.7
[INFO]: Candle:2023-06-09 11:25:00 , Open:18628.15 , High:18629.8 , Low:18627.65 , Close:18628.2
[INFO]: Candle:2023-06-09 11:26:00 , Open:18628.45 , High:18629.4 , Low:18624.95 , Close:18627.3
[INFO]: Candle:2023-06-09 11:27:00 , Open:18627.8 , High:18628.35 , Low:18624.55 , Close:18625.15
[INFO]: Candle:2023-06-09 11:28:00 , Open:18624.25 , High:18626.1 , Low:18624.05 , Close:18624.7
[INFO]: Candle:2023-06-09 11:29:00 , Open:18624.45 , High:18626.65 , Low:18624.45 , Close:18625.45
[INFO]: Candle:2023-06-09 11:30:00 , Open:18624.9 , High:18626.55 , Low:18624.85 , Close:18625.4
[INFO]: Candle:2023-06-09 11:31:00 , Open:18625.2 , High:18629.0 , Low:18625.05 , Close:18628.95
[INFO]: Candle:2023-06-09 11:32:00 , Open:18628.4 , High:18629.95 , Low:18627.7 , Close:18628.65
[INFO]: Candle:2023-06-09 11:34:00 , Open:18628.25 , High:18628.8 , Low:18626.95 , Close:18627.75
[INFO]: Candle:2023-06-09 11:35:00 , Open:18627.25 , High:18627.75 , Low:18623.2 , Close:18623.45
[INFO]: Candle:2023-06-09 11:36:00 , Open:18623.25 , High:18623.55 , Low:18618.55 , Close:18619.65
[INFO]: Candle:2023-06-09 11:37:00 , Open:18619.4 , High:18620.7 , Low:18618.6 , Close:18619.5
[INFO]: Candle:2023-06-09 11:38:00 , Open:18619.65 , High:18621.9 , Low:18618.9 , Close:18621.05
[INFO]: Candle:2023-06-09 11:39:00 , Open:18620.95 , High:18621.65 , Low:18619.2 , Close:18619.5
[INFO]: Candle:2023-06-09 11:40:00 , Open:18619.1 , High:18624.35 , Low:18619.1 , Close:18623.95
[INFO]: Candle:2023-06-09 11:41:00 , Open:18624.2 , High:18625.25 , Low:18622.85 , Close:18624.7
[INFO]: Candle:2023-06-09 11:42:00 , Open:18624.05 , High:18624.65 , Low:18619.3 , Close:18621.2
[INFO]: Candle:2023-06-09 11:43:00 , Open:18620.9 , High:18622.4 , Low:18618.3 , Close:18620.05
[INFO]: Candle:2023-06-09 11:44:00 , Open:18620.35 , High:18625.0 , Low:18618.8 , Close:18624.2
[INFO]: Candle:2023-06-09 11:45:00 , Open:18624.2 , High:18628.3 , Low:18623.75 , Close:18627.0
[INFO]: Candle:2023-06-09 11:46:00 , Open:18626.65 , High:18630.15 , Low:18626.1 , Close:18629.4
[INFO]: Candle:2023-06-09 11:47:00 , Open:18629.8 , High:18633.3 , Low:18629.05 , Close:18632.25
[INFO]: Candle:2023-06-09 11:48:00 , Open:18632.45 , High:18634.4 , Low:18632.35 , Close:18633.45
[INFO]: Candle:2023-06-09 11:49:00 , Open:18633.25 , High:18634.65 , Low:18629.9 , Close:18629.9
[INFO]: Candle:2023-06-09 11:50:00 , Open:18629.95 , High:18632.05 , Low:18629.7 , Close:18630.85
[INFO]: Candle:2023-06-09 11:51:00 , Open:18630.25 , High:18632.45 , Low:18628.5 , Close:18632.0
[INFO]: Candle:2023-06-09 11:52:00 , Open:18632.7 , High:18632.7 , Low:18629.3 , Close:18629.55
[INFO]: Candle:2023-06-09 11:53:00 , Open:18628.65 , High:18629.9 , Low:18627.8 , Close:18628.7
[INFO]: Candle:2023-06-09 11:54:00 , Open:18628.6 , High:18629.1 , Low:18624.1 , Close:18624.7
[INFO]: Candle:2023-06-09 11:55:00 , Open:18624.5 , High:18624.6 , Low:18619.9 , Close:18619.9
[INFO]: Candle:2023-06-09 11:56:00 , Open:18619.95 , High:18623.4 , Low:18619.3 , Close:18622.2
[INFO]: Candle:2023-06-09 11:57:00 , Open:18621.9 , High:18623.65 , Low:18620.75 , Close:18622.7
[INFO]: Candle:2023-06-09 11:58:00 , Open:18622.85 , High:18626.95 , Low:18622.6 , Close:18626.15
[INFO]: Candle:2023-06-09 11:59:00 , Open:18626.25 , High:18628.6 , Low:18626.15 , Close:18627.7
[INFO]: Candle:2023-06-09 12:01:00 , Open:18633.7 , High:18634.0 , Low:18629.7 , Close:18629.95
[INFO]: Candle:2023-06-09 12:02:00 , Open:18630.25 , High:18631.35 , Low:18629.05 , Close:18630.05
[INFO]: Candle:2023-06-09 12:03:00 , Open:18629.9 , High:18633.1 , Low:18629.6 , Close:18631.9
[INFO]: Candle:2023-06-09 12:04:00 , Open:18631.65 , High:18632.6 , Low:18629.6 , Close:18629.85
[INFO]: Candle:2023-06-09 12:05:00 , Open:18630.0 , High:18632.3 , Low:18629.5 , Close:18631.45
[INFO]: Candle:2023-06-09 12:06:00 , Open:18631.05 , High:18631.2 , Low:18627.15 , Close:18627.15
[INFO]: Candle:2023-06-09 12:07:00 , Open:18626.7 , High:18629.55 , Low:18625.8 , Close:18629.0
[INFO]: Candle:2023-06-09 12:08:00 , Open:18629.7 , High:18632.45 , Low:18629.35 , Close:18631.45
[INFO]: Candle:2023-06-09 12:09:00 , Open:18631.1 , High:18632.75 , Low:18630.15 , Close:18632.3
[INFO]: Candle:2023-06-09 12:10:00 , Open:18631.95 , High:18637.4 , Low:18631.1 , Close:18635.95
[INFO]: Candle:2023-06-09 12:11:00 , Open:18636.85 , High:18638.45 , Low:18636.05 , Close:18636.5
[INFO]: Candle:2023-06-09 12:12:00 , Open:18636.35 , High:18636.95 , Low:18634.8 , Close:18636.45
[INFO]: Candle:2023-06-09 12:13:00 , Open:18636.05 , High:18637.0 , Low:18634.1 , Close:18636.25
[INFO]: Candle:2023-06-09 12:14:00 , Open:18635.7 , High:18636.4 , Low:18634.0 , Close:18634.75
[INFO]: Candle:2023-06-09 12:16:00 , Open:18634.9 , High:18635.75 , Low:18633.6 , Close:18633.6
[INFO]: Candle:2023-06-09 12:17:00 , Open:18633.75 , High:18634.45 , Low:18630.3 , Close:18630.3
[INFO]: Candle:2023-06-09 12:18:00 , Open:18630.35 , High:18631.95 , Low:18630.1 , Close:18631.15
[INFO]: Candle:2023-06-09 12:19:00 , Open:18631.2 , High:18632.25 , Low:18628.05 , Close:18629.1
[INFO]: Candle:2023-06-09 12:21:00 , Open:18626.25 , High:18627.4 , Low:18623.25 , Close:18627.0
[INFO]: Candle:2023-06-09 12:22:00 , Open:18627.15 , High:18632.95 , Low:18626.9 , Close:18632.65
[INFO]: Candle:2023-06-09 12:23:00 , Open:18632.4 , High:18633.7 , Low:18631.1 , Close:18633.2
[INFO]: Candle:2023-06-09 12:24:00 , Open:18632.55 , High:18633.2 , Low:18630.85 , Close:18631.55
[INFO]: Candle:2023-06-09 12:25:00 , Open:18632.05 , High:18632.95 , Low:18630.65 , Close:18630.65
[INFO]: Candle:2023-06-09 12:26:00 , Open:18631.25 , High:18631.25 , Low:18628.8 , Close:18629.85
[INFO]: Candle:2023-06-09 12:27:00 , Open:18629.75 , High:18630.45 , Low:18628.6 , Close:18628.6
[INFO]: Candle:2023-06-09 12:28:00 , Open:18628.6 , High:18628.85 , Low:18626.45 , Close:18627.45
[INFO]: Candle:2023-06-09 12:29:00 , Open:18627.4 , High:18630.7 , Low:18627.4 , Close:18630.7
[INFO]: Candle:2023-06-09 12:30:00 , Open:18630.6 , High:18632.1 , Low:18629.3 , Close:18631.0
[INFO]: Candle:2023-06-09 12:31:00 , Open:18631.5 , High:18632.15 , Low:18628.3 , Close:18628.3
[INFO]: Candle:2023-06-09 12:32:00 , Open:18628.45 , High:18642.7 , Low:18628.2 , Close:18642.7
[INFO]: Candle:2023-06-09 12:33:00 , Open:18645.3 , High:18646.1 , Low:18638.1 , Close:18638.1
[INFO]: Candle:2023-06-09 12:34:00 , Open:18637.8 , High:18637.8 , Low:18618.7 , Close:18620.6
[INFO]: Candle:2023-06-09 12:36:00 , Open:18626.65 , High:18630.9 , Low:18626.65 , Close:18628.25
[INFO]: Candle:2023-06-09 12:37:00 , Open:18628.55 , High:18628.8 , Low:18626.2 , Close:18626.65
[INFO]: Candle:2023-06-09 12:38:00 , Open:18627.0 , High:18629.2 , Low:18625.8 , Close:18629.2
[INFO]: Candle:2023-06-09 12:39:00 , Open:18629.3 , High:18629.4 , Low:18624.35 , Close:18625.0
[INFO]: Candle:2023-06-09 12:40:00 , Open:18625.1 , High:18628.35 , Low:18623.85 , Close:18625.65
[INFO]: Candle:2023-06-09 12:41:00 , Open:18625.35 , High:18626.4 , Low:18623.25 , Close:18623.7
[INFO]: Candle:2023-06-09 12:42:00 , Open:18623.75 , High:18625.35 , Low:18623.2 , Close:18623.7
[INFO]: Candle:2023-06-09 12:43:00 , Open:18624.0 , High:18624.3 , Low:18617.85 , Close:18617.85
[INFO]: Candle:2023-06-09 12:44:00 , Open:18617.7 , High:18617.8 , Low:18615.95 , Close:18616.8
[INFO]: Candle:2023-06-09 12:45:00 , Open:18616.9 , High:18616.9 , Low:18613.4 , Close:18614.2
[INFO]: Candle:2023-06-09 12:46:00 , Open:18614.0 , High:18616.8 , Low:18613.5 , Close:18615.3
[INFO]: Candle:2023-06-09 12:47:00 , Open:18615.75 , High:18616.95 , Low:18612.45 , Close:18612.45
[INFO]: Candle:2023-06-09 12:48:00 , Open:18612.9 , High:18613.2 , Low:18609.1 , Close:18609.25
[INFO]: Candle:2023-06-09 12:51:00 , Open:18607.95 , High:18609.3 , Low:18607.1 , Close:18607.1
[INFO]: Candle:2023-06-09 12:52:00 , Open:18607.0 , High:18612.8 , Low:18607.0 , Close:18609.65
[INFO]: Candle:2023-06-09 12:53:00 , Open:18610.1 , High:18611.45 , Low:18607.75 , Close:18607.75
[INFO]: Candle:2023-06-09 12:54:00 , Open:18607.15 , High:18608.4 , Low:18604.4 , Close:18607.15
[INFO]: Candle:2023-06-09 12:55:00 , Open:18606.6 , High:18609.8 , Low:18605.85 , Close:18608.7
[INFO]: Candle:2023-06-09 12:56:00 , Open:18609.2 , High:18611.55 , Low:18607.55 , Close:18610.85
[INFO]: Candle:2023-06-09 12:57:00 , Open:18610.85 , High:18611.4 , Low:18606.1 , Close:18607.35
[INFO]: Candle:2023-06-09 12:58:00 , Open:18608.0 , High:18608.5 , Low:18604.0 , Close:18604.45
[INFO]: Candle:2023-06-09 12:59:00 , Open:18604.55 , High:18608.25 , Low:18604.5 , Close:18605.95
[INFO]: Candle:2023-06-09 13:00:00 , Open:18606.0 , High:18607.6 , Low:18603.5 , Close:18606.3
[INFO]: Candle:2023-06-09 13:01:00 , Open:18605.7 , High:18606.6 , Low:18603.9 , Close:18605.0
[INFO]: Candle:2023-06-09 13:02:00 , Open:18604.95 , High:18609.15 , Low:18604.5 , Close:18608.7
[INFO]: Candle:2023-06-09 13:03:00 , Open:18607.85 , High:18608.65 , Low:18606.3 , Close:18607.7
[INFO]: Candle:2023-06-09 13:04:00 , Open:18607.5 , High:18608.55 , Low:18605.75 , Close:18605.85
[INFO]: Candle:2023-06-09 13:05:00 , Open:18606.2 , High:18607.15 , Low:18605.35 , Close:18605.35
[INFO]: Candle:2023-06-09 13:07:00 , Open:18600.95 , High:18602.65 , Low:18598.95 , Close:18600.15
[INFO]: Candle:2023-06-09 13:08:00 , Open:18600.2 , High:18603.0 , Low:18600.2 , Close:18601.25
[INFO]: Candle:2023-06-09 13:09:00 , Open:18601.85 , High:18609.45 , Low:18600.0 , Close:18609.2
[INFO]: Candle:2023-06-09 13:10:00 , Open:18608.8 , High:18614.6 , Low:18608.8 , Close:18612.05
[INFO]: Candle:2023-06-09 13:11:00 , Open:18611.65 , High:18611.8 , Low:18609.25 , Close:18610.55
[INFO]: Candle:2023-06-09 13:12:00 , Open:18609.9 , High:18611.0 , Low:18607.85 , Close:18609.35
[INFO]: Candle:2023-06-09 13:14:00 , Open:18610.1 , High:18611.2 , Low:18609.25 , Close:18610.5
[INFO]: Candle:2023-06-09 13:15:00 , Open:18609.65 , High:18609.85 , Low:18607.45 , Close:18608.45
[INFO]: Candle:2023-06-09 13:16:00 , Open:18608.15 , High:18613.9 , Low:18608.15 , Close:18613.8
[INFO]: Candle:2023-06-09 13:17:00 , Open:18613.65 , High:18615.5 , Low:18612.8 , Close:18614.1
[INFO]: Candle:2023-06-09 13:18:00 , Open:18614.15 , High:18615.4 , Low:18610.85 , Close:18611.6
[INFO]: Candle:2023-06-09 13:19:00 , Open:18612.15 , High:18613.05 , Low:18603.6 , Close:18603.6
[INFO]: Candle:2023-06-09 13:20:00 , Open:18602.95 , High:18603.75 , Low:18598.8 , Close:18600.35
[INFO]: Candle:2023-06-09 13:21:00 , Open:18601.2 , High:18602.85 , Low:18599.75 , Close:18599.75
[INFO]: Candle:2023-06-09 13:22:00 , Open:18599.65 , High:18601.35 , Low:18597.4 , Close:18599.25
[INFO]: Candle:2023-06-09 13:23:00 , Open:18599.75 , High:18601.5 , Low:18598.8 , Close:18600.1
[INFO]: Candle:2023-06-09 13:24:00 , Open:18600.15 , High:18600.4 , Low:18595.8 , Close:18596.1
[INFO]: Candle:2023-06-09 13:25:00 , Open:18596.45 , High:18598.5 , Low:18594.85 , Close:18596.4
[INFO]: Candle:2023-06-09 13:26:00 , Open:18596.15 , High:18596.5 , Low:18591.25 , Close:18593.6
[INFO]: 2023-06-09 13:27:00.405599 shift straddle downward---------------------closed NIFTY15JUN2318650PE short position @104.85
[INFO]: 2023-06-09 13:27:00.405599 shift straddle downward---------------------closed NIFTY15JUN2318650CE short position @67.6
[INFO]: 2023-06-09 13:27:00.405599-------------built NIFTY15JUN2318550PE short position 
[INFO]: 2023-06-09 13:27:00.405599-------------built NIFTY15JUN2318550CE short position
[INFO]: lt:[18550, 18600]
[INFO]: Candle:2023-06-09 13:27:00 , Open:18593.85 , High:18595.05 , Low:18591.4 , Close:18593.25
[INFO]: Candle:2023-06-09 13:28:00 , Open:18593.45 , High:18595.6 , Low:18592.25 , Close:18593.45
[INFO]: Candle:2023-06-09 13:29:00 , Open:18593.7 , High:18593.8 , Low:18587.4 , Close:18588.85
[INFO]: Candle:2023-06-09 13:30:00 , Open:18588.7 , High:18590.25 , Low:18587.5 , Close:18588.5
[INFO]: Candle:2023-06-09 13:31:00 , Open:18588.3 , High:18592.85 , Low:18587.8 , Close:18590.4
[INFO]: Candle:2023-06-09 13:32:00 , Open:18590.7 , High:18591.7 , Low:18588.65 , Close:18588.65
[INFO]: Candle:2023-06-09 13:33:00 , Open:18589.35 , High:18590.65 , Low:18588.4 , Close:18589.0
[INFO]: Candle:2023-06-09 13:34:00 , Open:18588.9 , High:18592.1 , Low:18588.4 , Close:18588.4
[INFO]: Candle:2023-06-09 13:35:00 , Open:18588.6 , High:18591.15 , Low:18587.2 , Close:18590.3
[INFO]: Candle:2023-06-09 13:36:00 , Open:18590.45 , High:18591.65 , Low:18588.45 , Close:18588.45
[INFO]: Candle:2023-06-09 13:37:00 , Open:18588.45 , High:18588.9 , Low:18584.8 , Close:18586.8
[INFO]: Candle:2023-06-09 13:38:00 , Open:18586.35 , High:18588.75 , Low:18585.8 , Close:18587.9
[INFO]: Candle:2023-06-09 13:39:00 , Open:18588.05 , High:18590.55 , Low:18586.6 , Close:18589.75
[INFO]: Candle:2023-06-09 13:40:00 , Open:18590.35 , High:18596.95 , Low:18589.5 , Close:18594.65
[INFO]: Candle:2023-06-09 13:41:00 , Open:18594.35 , High:18600.75 , Low:18594.0 , Close:18597.55
[INFO]: Candle:2023-06-09 13:42:00 , Open:18598.4 , High:18600.25 , Low:18596.85 , Close:18599.45
[INFO]: Candle:2023-06-09 13:43:00 , Open:18599.2 , High:18603.95 , Low:18598.65 , Close:18601.5
[INFO]: Candle:2023-06-09 13:44:00 , Open:18602.0 , High:18602.9 , Low:18598.4 , Close:18599.3
[INFO]: Candle:2023-06-09 13:45:00 , Open:18599.7 , High:18601.25 , Low:18598.7 , Close:18600.55
[INFO]: Candle:2023-06-09 13:46:00 , Open:18601.05 , High:18601.9 , Low:18599.45 , Close:18600.25
[INFO]: Candle:2023-06-09 13:47:00 , Open:18600.45 , High:18600.85 , Low:18597.95 , Close:18599.45
[INFO]: Candle:2023-06-09 13:48:00 , Open:18599.2 , High:18603.9 , Low:18599.2 , Close:18602.75
[INFO]: Candle:2023-06-09 13:49:00 , Open:18602.3 , High:18603.35 , Low:18601.15 , Close:18602.9
[INFO]: Candle:2023-06-09 13:50:00 , Open:18602.9 , High:18602.9 , Low:18587.9 , Close:18587.9
[INFO]: Candle:2023-06-09 13:51:00 , Open:18587.5 , High:18587.5 , Low:18580.85 , Close:18582.0
[INFO]: Candle:2023-06-09 13:52:00 , Open:18581.9 , High:18581.95 , Low:18577.9 , Close:18578.95
[INFO]: Candle:2023-06-09 13:53:00 , Open:18579.5 , High:18583.25 , Low:18578.65 , Close:18581.65
[INFO]: Candle:2023-06-09 13:55:00 , Open:18577.35 , High:18580.6 , Low:18574.55 , Close:18575.1
[INFO]: Candle:2023-06-09 13:56:00 , Open:18576.3 , High:18579.4 , Low:18575.55 , Close:18577.85
[INFO]: Candle:2023-06-09 13:57:00 , Open:18577.55 , High:18580.0 , Low:18576.2 , Close:18578.05
[INFO]: Candle:2023-06-09 13:58:00 , Open:18578.6 , High:18580.0 , Low:18577.05 , Close:18578.3
[INFO]: Candle:2023-06-09 13:59:00 , Open:18578.45 , High:18585.35 , Low:18578.15 , Close:18583.45
[INFO]: Candle:2023-06-09 14:00:00 , Open:18582.9 , High:18586.6 , Low:18582.2 , Close:18582.55
[INFO]: Candle:2023-06-09 14:01:00 , Open:18583.6 , High:18583.95 , Low:18578.35 , Close:18578.35
[INFO]: Candle:2023-06-09 14:02:00 , Open:18578.4 , High:18581.35 , Low:18576.35 , Close:18580.55
[INFO]: Candle:2023-06-09 14:03:00 , Open:18580.15 , High:18583.55 , Low:18579.65 , Close:18582.3
[INFO]: Candle:2023-06-09 14:05:00 , Open:18577.65 , High:18581.45 , Low:18576.45 , Close:18576.45
[INFO]: Candle:2023-06-09 14:06:00 , Open:18576.6 , High:18576.6 , Low:18570.9 , Close:18572.45
[INFO]: Candle:2023-06-09 14:07:00 , Open:18572.15 , High:18574.85 , Low:18570.6 , Close:18573.9
[INFO]: Candle:2023-06-09 14:08:00 , Open:18574.4 , High:18575.45 , Low:18572.6 , Close:18572.6
[INFO]: Candle:2023-06-09 14:10:00 , Open:18574.9 , High:18578.4 , Low:18573.45 , Close:18578.4
[INFO]: Candle:2023-06-09 14:11:00 , Open:18578.35 , High:18581.25 , Low:18576.4 , Close:18580.65
[INFO]: Candle:2023-06-09 14:12:00 , Open:18580.65 , High:18581.2 , Low:18575.1 , Close:18577.05
[INFO]: Candle:2023-06-09 14:13:00 , Open:18576.8 , High:18577.2 , Low:18573.5 , Close:18576.15
[INFO]: Candle:2023-06-09 14:14:00 , Open:18575.95 , High:18577.35 , Low:18574.65 , Close:18575.35
[INFO]: Candle:2023-06-09 14:15:00 , Open:18573.85 , High:18575.55 , Low:18572.55 , Close:18573.45
[INFO]: Candle:2023-06-09 14:17:00 , Open:18567.0 , High:18567.0 , Low:18562.25 , Close:18564.9
[INFO]: Candle:2023-06-09 14:18:00 , Open:18564.9 , High:18568.05 , Low:18563.6 , Close:18566.55
[INFO]: Candle:2023-06-09 14:19:00 , Open:18566.75 , High:18568.25 , Low:18564.05 , Close:18567.85
[INFO]: Candle:2023-06-09 14:20:00 , Open:18567.75 , High:18567.75 , Low:18564.6 , Close:18566.65
[INFO]: Candle:2023-06-09 14:21:00 , Open:18566.05 , High:18567.55 , Low:18563.2 , Close:18563.7
[INFO]: Candle:2023-06-09 14:22:00 , Open:18563.95 , High:18569.0 , Low:18562.9 , Close:18568.2
[INFO]: Candle:2023-06-09 14:23:00 , Open:18568.55 , High:18568.55 , Low:18559.25 , Close:18560.55
[INFO]: Candle:2023-06-09 14:24:00 , Open:18561.4 , High:18562.2 , Low:18559.5 , Close:18559.95
[INFO]: Candle:2023-06-09 14:25:00 , Open:18560.15 , High:18563.5 , Low:18559.25 , Close:18562.0
[INFO]: Candle:2023-06-09 14:26:00 , Open:18562.15 , High:18563.7 , Low:18560.45 , Close:18561.5
[INFO]: Candle:2023-06-09 14:27:00 , Open:18562.35 , High:18562.75 , Low:18556.85 , Close:18556.85
[INFO]: Candle:2023-06-09 14:28:00 , Open:18556.25 , High:18558.7 , Low:18555.7 , Close:18555.75
[INFO]: Candle:2023-06-09 14:29:00 , Open:18556.35 , High:18566.2 , Low:18556.35 , Close:18565.15
[INFO]: Candle:2023-06-09 14:30:00 , Open:18565.65 , High:18574.4 , Low:18565.3 , Close:18566.45
[INFO]: Candle:2023-06-09 14:31:00 , Open:18566.95 , High:18571.35 , Low:18566.25 , Close:18569.65
[INFO]: Candle:2023-06-09 14:32:00 , Open:18570.05 , High:18578.6 , Low:18569.2 , Close:18577.8
[INFO]: Candle:2023-06-09 14:33:00 , Open:18577.45 , High:18584.15 , Low:18576.95 , Close:18582.95
[INFO]: Candle:2023-06-09 14:34:00 , Open:18582.9 , High:18587.6 , Low:18581.15 , Close:18587.3
[INFO]: Candle:2023-06-09 14:35:00 , Open:18586.9 , High:18592.65 , Low:18586.7 , Close:18591.35
[INFO]: Candle:2023-06-09 14:36:00 , Open:18591.05 , High:18591.65 , Low:18586.45 , Close:18588.35
[INFO]: Candle:2023-06-09 14:37:00 , Open:18588.75 , High:18590.4 , Low:18586.25 , Close:18586.45
[INFO]: Candle:2023-06-09 14:38:00 , Open:18587.1 , High:18587.1 , Low:18583.9 , Close:18586.25
[INFO]: Candle:2023-06-09 14:39:00 , Open:18587.1 , High:18589.0 , Low:18579.65 , Close:18579.65
[INFO]: Candle:2023-06-09 14:40:00 , Open:18580.9 , High:18581.55 , Low:18577.75 , Close:18579.1
[INFO]: Candle:2023-06-09 14:41:00 , Open:18578.75 , High:18579.8 , Low:18573.5 , Close:18573.5
[INFO]: Candle:2023-06-09 14:42:00 , Open:18573.05 , High:18573.3 , Low:18568.95 , Close:18569.9
[INFO]: Candle:2023-06-09 14:43:00 , Open:18570.1 , High:18573.35 , Low:18568.65 , Close:18571.95
[INFO]: Candle:2023-06-09 14:44:00 , Open:18571.65 , High:18573.45 , Low:18570.75 , Close:18572.65
[INFO]: Candle:2023-06-09 14:45:00 , Open:18572.7 , High:18575.0 , Low:18572.2 , Close:18573.35
[INFO]: Candle:2023-06-09 14:46:00 , Open:18572.95 , High:18573.35 , Low:18568.2 , Close:18569.4
[INFO]: Candle:2023-06-09 14:47:00 , Open:18569.1 , High:18569.55 , Low:18566.55 , Close:18567.7
[INFO]: Candle:2023-06-09 14:48:00 , Open:18567.85 , High:18569.4 , Low:18565.8 , Close:18568.2
[INFO]: Candle:2023-06-09 14:49:00 , Open:18568.05 , High:18572.55 , Low:18568.05 , Close:18571.4
[INFO]: Candle:2023-06-09 14:50:00 , Open:18571.95 , High:18577.15 , Low:18570.85 , Close:18575.55
[INFO]: Candle:2023-06-09 14:51:00 , Open:18575.45 , High:18578.8 , Low:18572.4 , Close:18572.8
[INFO]: Candle:2023-06-09 14:52:00 , Open:18573.6 , High:18573.6 , Low:18567.2 , Close:18568.2
[INFO]: Candle:2023-06-09 14:53:00 , Open:18568.25 , High:18575.05 , Low:18565.4 , Close:18575.05
[INFO]: Candle:2023-06-09 14:54:00 , Open:18575.05 , High:18577.15 , Low:18573.55 , Close:18575.45
[INFO]: Candle:2023-06-09 14:55:00 , Open:18576.5 , High:18577.65 , Low:18571.85 , Close:18575.35
[INFO]: Candle:2023-06-09 14:56:00 , Open:18575.35 , High:18577.6 , Low:18574.55 , Close:18576.15
[INFO]: Candle:2023-06-09 14:57:00 , Open:18575.8 , High:18577.15 , Low:18574.55 , Close:18574.95
[INFO]: Candle:2023-06-09 14:58:00 , Open:18574.95 , High:18575.3 , Low:18573.3 , Close:18573.75
[INFO]: Candle:2023-06-09 14:59:00 , Open:18573.75 , High:18573.75 , Low:18567.45 , Close:18572.95
[INFO]: Candle:2023-06-09 15:00:00 , Open:18573.8 , High:18577.6 , Low:18560.4 , Close:18564.1
[INFO]: Candle:2023-06-09 15:01:00 , Open:18564.05 , High:18568.85 , Low:18563.7 , Close:18568.5
[INFO]: Candle:2023-06-09 15:02:00 , Open:18569.25 , High:18570.85 , Low:18566.9 , Close:18566.9
[INFO]: Candle:2023-06-09 15:03:00 , Open:18567.55 , High:18568.8 , Low:18564.9 , Close:18568.35
[INFO]: Candle:2023-06-09 15:04:00 , Open:18569.2 , High:18569.3 , Low:18563.55 , Close:18564.75
[INFO]: Candle:2023-06-09 15:05:00 , Open:18565.4 , High:18569.75 , Low:18564.5 , Close:18568.8
[INFO]: Candle:2023-06-09 15:06:00 , Open:18569.05 , High:18573.65 , Low:18568.15 , Close:18570.8
[INFO]: Candle:2023-06-09 15:07:00 , Open:18570.9 , High:18572.4 , Low:18569.1 , Close:18571.2
[INFO]: Candle:2023-06-09 15:08:00 , Open:18571.3 , High:18572.35 , Low:18570.7 , Close:18570.95
[INFO]: Candle:2023-06-09 15:09:00 , Open:18571.2 , High:18574.95 , Low:18570.65 , Close:18574.95
[INFO]: 2023-06-09 15:10:00.654336 expiry settlement-------------closed NIFTY15JUN2318600PE position @79.1
[INFO]: 2023-06-09 15:10:00.654336 expiry settlement-------------closed NIFTY15JUN2318600CE position @86.2
[INFO]: 2023-06-09 15:10:00.654336 expiry settlement-------------closed NIFTY15JUN2318550PE position @57.95
[INFO]: 2023-06-09 15:10:00.654336 expiry settlement-------------closed NIFTY15JUN2318550CE position @115.45
[INFO]: ..............stop algo...............
[INFO]: ..........................START........................
[INFO]: ..............stop algo...............
[INFO]: ..........................START........................
[INFO]: ..............stop algo...............
[INFO]: ..........................START........................
[INFO]: ..............stop algo...............
[INFO]: ..........................START........................
[INFO]: ..............stop algo...............
[INFO]: ..........................START........................
[INFO]: ..............stop algo...............
[INFO]: ..........................START........................
[INFO]: ..............stop algo...............
[INFO]: ..........................START........................
[INFO]: ..............stop algo...............
[INFO]: ..........................START........................
[INFO]: ..............stop algo...............
[INFO]: ..........................START........................
[INFO]: ..............stop algo...............
[INFO]: ..........................START........................
[INFO]: ..............stop algo...............
[INFO]: ..........................START........................
[INFO]: ..............stop algo...............
[INFO]: ..........................START........................
[INFO]: ..............stop algo...............
[INFO]: ..........................START........................
[INFO]: ..............stop algo...............
[INFO]: ..........................START........................
[INFO]: ..............stop algo...............
[INFO]: ..........................START........................
[INFO]: ..............stop algo...............
[INFO]: ..........................START........................
[INFO]: ..............stop algo...............
