[INFO]: ..........................START........................
[INFO]: Candle:2023-06-13 09:18:00 , Open:18674.9 , High:18676.05 , Low:18668.5 , Close:18672.9
[INFO]: 2023-06-13 09:19:59.357851-------------built NIFTY15JUN2318650PE short position
[INFO]: 2023-06-13 09:19:59.357851-------------built NIFTY15JUN2318650CE short position 
[INFO]: 2023-06-13 09:19:59.357851-------------built NIFTY15JUN2318700PE short position
[INFO]: 2023-06-13 09:19:59.357851-------------built NIFTY15JUN2318700CE short position 
[INFO]: lt:[18650, 18700]
[INFO]: Candle:2023-06-13 09:19:00 , Open:18672.95 , High:18677.45 , Low:18670.6 , Close:18672.6
[INFO]: Candle:2023-06-13 09:20:00 , Open:18671.7 , High:18673.2 , Low:18666.95 , Close:18668.9
[INFO]: Candle:2023-06-13 09:21:00 , Open:18668.65 , High:18672.4 , Low:18667.8 , Close:18672.4
[INFO]: Candle:2023-06-13 09:22:00 , Open:18671.6 , High:18677.45 , Low:18670.2 , Close:18677.15
[INFO]: Candle:2023-06-13 09:23:00 , Open:18676.3 , High:18681.95 , Low:18676.05 , Close:18681.7
[INFO]: Candle:2023-06-13 09:24:00 , Open:18681.15 , High:18683.55 , Low:18680.25 , Close:18681.8
[INFO]: Candle:2023-06-13 09:26:00 , Open:18680.75 , High:18682.3 , Low:18678.65 , Close:18681.35
[INFO]: Candle:2023-06-13 09:27:00 , Open:18680.95 , High:18683.05 , Low:18680.25 , Close:18681.25
[INFO]: Candle:2023-06-13 09:28:00 , Open:18681.05 , High:18681.65 , Low:18678.8 , Close:18679.4
[INFO]: Candle:2023-06-13 09:29:00 , Open:18678.55 , High:18681.45 , Low:18677.65 , Close:18680.35
[INFO]: Candle:2023-06-13 09:30:00 , Open:18679.75 , High:18681.75 , Low:18677.5 , Close:18678.3
[INFO]: Candle:2023-06-13 09:31:00 , Open:18678.15 , High:18679.6 , Low:18675.35 , Close:18676.75
[INFO]: Candle:2023-06-13 09:32:00 , Open:18677.4 , High:18687.75 , Low:18676.65 , Close:18687.55
[INFO]: Candle:2023-06-13 09:33:00 , Open:18687.8 , High:18693.15 , Low:18687.75 , Close:18692.95
[INFO]: Candle:2023-06-13 09:34:00 , Open:18692.1 , High:18692.75 , Low:18690.65 , Close:18691.1
[INFO]: Candle:2023-06-13 09:35:00 , Open:18691.95 , High:18697.2 , Low:18691.95 , Close:18693.15
[INFO]: Candle:2023-06-13 09:36:00 , Open:18693.25 , High:18694.7 , Low:18691.9 , Close:18694.05
[INFO]: Candle:2023-06-13 09:37:00 , Open:18693.55 , High:18694.2 , Low:18691.55 , Close:18693.65
[INFO]: Candle:2023-06-13 09:38:00 , Open:18693.9 , High:18694.5 , Low:18692.4 , Close:18694.2
[INFO]: Candle:2023-06-13 09:39:00 , Open:18694.35 , High:18698.05 , Low:18693.4 , Close:18695.15
[INFO]: Candle:2023-06-13 09:40:00 , Open:18695.1 , High:18696.3 , Low:18691.9 , Close:18695.5
[INFO]: Candle:2023-06-13 09:41:00 , Open:18695.8 , High:18697.2 , Low:18695.15 , Close:18695.4
[INFO]: Candle:2023-06-13 09:42:00 , Open:18694.9 , High:18695.7 , Low:18693.8 , Close:18694.6
[INFO]: Candle:2023-06-13 09:43:00 , Open:18694.65 , High:18695.7 , Low:18692.1 , Close:18694.9
[INFO]: Candle:2023-06-13 09:44:00 , Open:18695.35 , High:18697.85 , Low:18694.7 , Close:18697.35
[INFO]: Candle:2023-06-13 09:45:00 , Open:18697.65 , High:18699.85 , Low:18696.75 , Close:18698.55
[INFO]: Candle:2023-06-13 09:46:00 , Open:18699.9 , High:18699.9 , Low:18693.3 , Close:18694.85
[INFO]: Candle:2023-06-13 09:47:00 , Open:18694.55 , High:18695.8 , Low:18693.25 , Close:18695.45
[INFO]: Candle:2023-06-13 09:48:00 , Open:18695.4 , High:18697.85 , Low:18694.9 , Close:18697.75
[INFO]: Candle:2023-06-13 09:49:00 , Open:18698.05 , High:18698.7 , Low:18696.15 , Close:18697.85
[INFO]: Candle:2023-06-13 09:50:00 , Open:18698.45 , High:18702.2 , Low:18697.7 , Close:18701.75
[INFO]: Candle:2023-06-13 09:51:00 , Open:18702.0 , High:18702.65 , Low:18699.95 , Close:18701.4
[INFO]: ..........................START........................
[INFO]: Candle:2023-06-13 14:12:00 , Open:18689.85 , High:18689.85 , Low:18687.7 , Close:18688.0
[INFO]: Candle:2023-06-13 14:13:00 , Open:18688.45 , High:18692.85 , Low:18687.7 , Close:18691.45
[INFO]: Candle:2023-06-13 14:14:00 , Open:18691.75 , High:18695.85 , Low:18688.9 , Close:18694.9
[INFO]: Candle:2023-06-13 14:15:00 , Open:18694.2 , High:18695.75 , Low:18693.4 , Close:18694.05
[INFO]: Candle:2023-06-13 14:16:00 , Open:18694.95 , High:18698.1 , Low:18694.05 , Close:18697.8
[INFO]: Candle:2023-06-13 14:17:00 , Open:18697.9 , High:18698.8 , Low:18695.4 , Close:18695.95
[INFO]: Candle:2023-06-13 14:18:00 , Open:18695.95 , High:18696.15 , Low:18690.55 , Close:18690.55
[INFO]: Candle:2023-06-13 14:19:00 , Open:18690.25 , High:18693.55 , Low:18687.7 , Close:18693.55
[INFO]: Candle:2023-06-13 14:20:00 , Open:18693.2 , High:18694.2 , Low:18691.5 , Close:18692.95
