[INFO]: ..........................START........................
[INFO]: ..........................START........................
[INFO]: Candle:2023-06-06 09:28:00 , Open:18593.25 , High:18601.75 , Low:18591.55 , Close:18600.1
[INFO]: 2023-06-06 09:29:00.270072-------------built NIFTY08JUN2318600PE short position
[INFO]: 2023-06-06 09:29:00.270072-------------built NIFTY08JUN2318600CE short position 
[INFO]: 2023-06-06 09:29:00.270072-------------built NIFTY08JUN2318650PE short position
[INFO]: 2023-06-06 09:29:00.270072-------------built NIFTY08JUN2318650CE short position 
[INFO]: lt:[18600, 18650]
[INFO]: Candle:2023-06-06 09:29:00 , Open:18599.9 , High:18603.4 , Low:18598.35 , Close:18603.25
[INFO]: Candle:2023-06-06 09:30:00 , Open:18602.8 , High:18606.55 , Low:18598.9 , Close:18601.85
[INFO]: Candle:2023-06-06 09:31:00 , Open:18601.8 , High:18603.9 , Low:18600.85 , Close:18602.25
[INFO]: Candle:2023-06-06 09:32:00 , Open:18602.5 , High:18603.6 , Low:18598.75 , Close:18600.2
[INFO]: Candle:2023-06-06 09:33:00 , Open:18600.1 , High:18604.35 , Low:18600.1 , Close:18603.7
[INFO]: Candle:2023-06-06 09:34:00 , Open:18603.7 , High:18604.45 , Low:18601.85 , Close:18602.9
[INFO]: Candle:2023-06-06 09:35:00 , Open:18602.65 , High:18604.95 , Low:18601.9 , Close:18601.9
[INFO]: Candle:2023-06-06 09:36:00 , Open:18601.8 , High:18606.5 , Low:18600.6 , Close:18606.5
[INFO]: Candle:2023-06-06 09:37:00 , Open:18605.75 , High:18612.0 , Low:18605.75 , Close:18611.1
[INFO]: Candle:2023-06-06 09:38:00 , Open:18609.9 , High:18614.3 , Low:18609.5 , Close:18614.3
[INFO]: Candle:2023-06-06 09:39:00 , Open:18614.1 , High:18617.75 , Low:18611.5 , Close:18611.75
[INFO]: Candle:2023-06-06 09:40:00 , Open:18611.05 , High:18613.4 , Low:18604.6 , Close:18607.5
[INFO]: Candle:2023-06-06 09:41:00 , Open:18607.65 , High:18608.2 , Low:18604.85 , Close:18605.9
[INFO]: Candle:2023-06-06 09:42:00 , Open:18605.7 , High:18610.45 , Low:18605.15 , Close:18610.0
[INFO]: Candle:2023-06-06 09:43:00 , Open:18608.65 , High:18609.25 , Low:18605.55 , Close:18608.6
[INFO]: Candle:2023-06-06 09:44:00 , Open:18608.75 , High:18612.0 , Low:18608.75 , Close:18610.15
[INFO]: Candle:2023-06-06 09:45:00 , Open:18610.55 , High:18612.65 , Low:18609.05 , Close:18609.45
[INFO]: Candle:2023-06-06 09:46:00 , Open:18609.55 , High:18611.9 , Low:18608.25 , Close:18608.25
[INFO]: Candle:2023-06-06 09:47:00 , Open:18607.45 , High:18608.9 , Low:18606.1 , Close:18606.25
[INFO]: Candle:2023-06-06 09:48:00 , Open:18606.65 , High:18606.65 , Low:18600.25 , Close:18600.6
[INFO]: Candle:2023-06-06 09:49:00 , Open:18600.45 , High:18601.65 , Low:18598.25 , Close:18598.25
[INFO]: Candle:2023-06-06 09:50:00 , Open:18597.35 , High:18599.15 , Low:18597.35 , Close:18598.75
[INFO]: Candle:2023-06-06 09:51:00 , Open:18599.45 , High:18601.4 , Low:18597.75 , Close:18597.75
[INFO]: Candle:2023-06-06 09:52:00 , Open:18598.3 , High:18598.3 , Low:18594.35 , Close:18594.95
[INFO]: Candle:2023-06-06 09:53:00 , Open:18594.5 , High:18595.05 , Low:18588.8 , Close:18590.5
[INFO]: 2023-06-06 09:54:00.504907 shift straddle downward---------------------closed NIFTY08JUN2318650PE short position @86.95
[INFO]: 2023-06-06 09:54:00.504907 shift straddle downward---------------------closed NIFTY08JUN2318650CE short position @39.55
[INFO]: 2023-06-06 09:54:00.504907-------------built NIFTY08JUN2318550PE short position 
[INFO]: 2023-06-06 09:54:00.504907-------------built NIFTY08JUN2318550CE short position
[INFO]: lt:[18550, 18600]
[INFO]: Candle:2023-06-06 09:54:00 , Open:18590.15 , High:18590.45 , Low:18585.05 , Close:18585.6
[INFO]: Candle:2023-06-06 09:55:00 , Open:18585.55 , High:18588.6 , Low:18584.7 , Close:18586.85
[INFO]: Candle:2023-06-06 09:56:00 , Open:18586.2 , High:18587.1 , Low:18581.85 , Close:18583.35
[INFO]: Candle:2023-06-06 09:57:00 , Open:18583.05 , High:18584.1 , Low:18581.3 , Close:18582.7
[INFO]: Candle:2023-06-06 09:58:00 , Open:18583.9 , High:18588.15 , Low:18583.7 , Close:18586.1
[INFO]: Candle:2023-06-06 09:59:00 , Open:18585.8 , High:18587.0 , Low:18584.15 , Close:18584.85
[INFO]: Candle:2023-06-06 10:00:00 , Open:18584.5 , High:18586.1 , Low:18583.3 , Close:18583.4
[INFO]: Candle:2023-06-06 10:01:00 , Open:18583.0 , High:18588.85 , Low:18578.7 , Close:18588.85
[INFO]: Candle:2023-06-06 10:02:00 , Open:18587.3 , High:18587.3 , Low:18582.75 , Close:18583.2
[INFO]: Candle:2023-06-06 10:03:00 , Open:18583.45 , High:18584.2 , Low:18579.4 , Close:18580.3
[INFO]: Candle:2023-06-06 10:04:00 , Open:18580.25 , High:18580.6 , Low:18578.25 , Close:18578.4
[INFO]: Candle:2023-06-06 10:05:00 , Open:18578.5 , High:18578.5 , Low:18571.5 , Close:18576.55
[INFO]: Candle:2023-06-06 10:06:00 , Open:18577.15 , High:18577.15 , Low:18573.2 , Close:18574.45
[INFO]: Candle:2023-06-06 10:07:00 , Open:18574.15 , High:18576.5 , Low:18573.8 , Close:18575.9
[INFO]: Candle:2023-06-06 10:08:00 , Open:18575.8 , High:18578.95 , Low:18574.4 , Close:18578.95
[INFO]: Candle:2023-06-06 10:09:00 , Open:18578.65 , High:18583.6 , Low:18578.65 , Close:18582.95
[INFO]: Candle:2023-06-06 10:10:00 , Open:18582.95 , High:18586.35 , Low:18581.9 , Close:18586.15
[INFO]: Candle:2023-06-06 10:11:00 , Open:18587.05 , High:18590.35 , Low:18585.7 , Close:18587.95
[INFO]: Candle:2023-06-06 10:12:00 , Open:18587.4 , High:18588.45 , Low:18584.45 , Close:18586.55
[INFO]: Candle:2023-06-06 10:13:00 , Open:18586.65 , High:18586.85 , Low:18581.25 , Close:18582.65
[INFO]: Candle:2023-06-06 10:14:00 , Open:18583.15 , High:18583.25 , Low:18579.85 , Close:18580.6
[INFO]: Candle:2023-06-06 10:15:00 , Open:18580.6 , High:18581.5 , Low:18579.0 , Close:18580.1
[INFO]: Candle:2023-06-06 10:16:00 , Open:18579.8 , High:18579.8 , Low:18575.45 , Close:18575.7
[INFO]: Candle:2023-06-06 10:17:00 , Open:18575.25 , High:18576.6 , Low:18572.55 , Close:18572.85
[INFO]: Candle:2023-06-06 10:18:00 , Open:18573.15 , High:18576.65 , Low:18572.1 , Close:18575.8
[INFO]: Candle:2023-06-06 10:19:00 , Open:18575.95 , High:18576.35 , Low:18574.1 , Close:18575.4
[INFO]: Candle:2023-06-06 10:20:00 , Open:18574.95 , High:18576.65 , Low:18574.3 , Close:18576.2
[INFO]: Candle:2023-06-06 10:21:00 , Open:18576.15 , High:18577.8 , Low:18576.15 , Close:18577.35
[INFO]: Candle:2023-06-06 10:22:00 , Open:18576.65 , High:18577.1 , Low:18573.7 , Close:18575.0
[INFO]: Candle:2023-06-06 10:23:00 , Open:18574.85 , High:18576.3 , Low:18573.9 , Close:18575.1
[INFO]: Candle:2023-06-06 10:24:00 , Open:18574.85 , High:18575.5 , Low:18573.65 , Close:18575.35
[INFO]: Candle:2023-06-06 10:25:00 , Open:18575.95 , High:18577.6 , Low:18574.05 , Close:18576.65
[INFO]: Candle:2023-06-06 10:26:00 , Open:18576.95 , High:18577.4 , Low:18576.5 , Close:18576.65
[INFO]: Candle:2023-06-06 10:27:00 , Open:18575.9 , High:18576.4 , Low:18572.15 , Close:18572.25
[INFO]: Candle:2023-06-06 10:28:00 , Open:18572.25 , High:18572.8 , Low:18565.65 , Close:18566.1
[INFO]: Candle:2023-06-06 10:29:00 , Open:18566.4 , High:18567.55 , Low:18565.7 , Close:18566.1
[INFO]: Candle:2023-06-06 10:30:00 , Open:18566.35 , High:18568.8 , Low:18565.9 , Close:18566.75
[INFO]: Candle:2023-06-06 10:31:00 , Open:18567.85 , High:18569.85 , Low:18567.35 , Close:18569.4
[INFO]: Candle:2023-06-06 10:32:00 , Open:18569.55 , High:18570.65 , Low:18567.65 , Close:18569.95
[INFO]: Candle:2023-06-06 10:33:00 , Open:18569.75 , High:18572.4 , Low:18569.1 , Close:18571.65
[INFO]: Candle:2023-06-06 10:34:00 , Open:18571.65 , High:18572.35 , Low:18570.9 , Close:18571.5
[INFO]: Candle:2023-06-06 10:35:00 , Open:18571.35 , High:18576.3 , Low:18570.9 , Close:18573.35
[INFO]: Candle:2023-06-06 10:36:00 , Open:18573.75 , High:18573.9 , Low:18570.7 , Close:18573.6
[INFO]: Candle:2023-06-06 10:37:00 , Open:18574.05 , High:18576.5 , Low:18573.75 , Close:18575.15
[INFO]: Candle:2023-06-06 10:38:00 , Open:18575.0 , High:18575.7 , Low:18572.0 , Close:18572.0
[INFO]: Candle:2023-06-06 10:40:00 , Open:18574.4 , High:18576.25 , Low:18570.9 , Close:18571.7
[INFO]: Candle:2023-06-06 10:41:00 , Open:18571.45 , High:18571.45 , Low:18568.2 , Close:18568.7
[INFO]: Candle:2023-06-06 10:43:00 , Open:18567.45 , High:18568.0 , Low:18565.7 , Close:18565.95
[INFO]: Candle:2023-06-06 10:44:00 , Open:18565.2 , High:18566.75 , Low:18564.8 , Close:18565.1
[INFO]: Candle:2023-06-06 10:45:00 , Open:18564.95 , High:18566.45 , Low:18563.95 , Close:18565.45
[INFO]: Candle:2023-06-06 10:46:00 , Open:18566.1 , High:18568.0 , Low:18564.9 , Close:18567.55
[INFO]: Candle:2023-06-06 10:47:00 , Open:18567.0 , High:18568.7 , Low:18566.4 , Close:18567.7
[INFO]: Candle:2023-06-06 10:48:00 , Open:18567.95 , High:18568.35 , Low:18563.1 , Close:18563.95
[INFO]: Candle:2023-06-06 10:49:00 , Open:18562.95 , High:18562.95 , Low:18558.05 , Close:18558.35
[INFO]: Candle:2023-06-06 10:50:00 , Open:18558.8 , High:18558.8 , Low:18552.85 , Close:18556.15
[INFO]: Candle:2023-06-06 10:51:00 , Open:18555.85 , High:18557.05 , Low:18553.3 , Close:18554.75
[INFO]: Candle:2023-06-06 10:52:00 , Open:18554.6 , High:18554.9 , Low:18551.5 , Close:18553.4
[INFO]: Candle:2023-06-06 10:53:00 , Open:18554.05 , High:18556.4 , Low:18553.25 , Close:18556.0
[INFO]: Candle:2023-06-06 10:54:00 , Open:18556.0 , High:18558.45 , Low:18555.2 , Close:18557.05
[INFO]: Candle:2023-06-06 10:55:00 , Open:18557.95 , High:18558.1 , Low:18554.85 , Close:18556.55
[INFO]: Candle:2023-06-06 10:56:00 , Open:18556.45 , High:18557.1 , Low:18553.55 , Close:18555.8
[INFO]: Candle:2023-06-06 10:57:00 , Open:18555.2 , High:18558.0 , Low:18554.55 , Close:18558.0
[INFO]: Candle:2023-06-06 10:58:00 , Open:18557.25 , High:18558.3 , Low:18555.6 , Close:18556.6
[INFO]: Candle:2023-06-06 10:59:00 , Open:18556.65 , High:18559.15 , Low:18556.5 , Close:18559.15
[INFO]: Candle:2023-06-06 11:01:00 , Open:18555.4 , High:18555.95 , Low:18551.6 , Close:18554.4
[INFO]: Candle:2023-06-06 11:02:00 , Open:18554.5 , High:18556.2 , Low:18552.75 , Close:18555.25
[INFO]: Candle:2023-06-06 11:03:00 , Open:18555.5 , High:18559.45 , Low:18554.6 , Close:18558.5
[INFO]: Candle:2023-06-06 11:04:00 , Open:18558.75 , High:18558.75 , Low:18554.7 , Close:18555.4
[INFO]: Candle:2023-06-06 11:05:00 , Open:18555.55 , High:18556.75 , Low:18554.3 , Close:18554.35
[INFO]: Candle:2023-06-06 11:06:00 , Open:18553.95 , High:18554.05 , Low:18551.6 , Close:18552.25
[INFO]: Candle:2023-06-06 11:09:00 , Open:18554.0 , High:18555.0 , Low:18550.4 , Close:18551.1
[INFO]: Candle:2023-06-06 11:10:00 , Open:18551.45 , High:18551.45 , Low:18547.2 , Close:18547.8
[INFO]: Candle:2023-06-06 11:11:00 , Open:18547.9 , High:18550.3 , Low:18546.9 , Close:18549.05
[INFO]: Candle:2023-06-06 11:12:00 , Open:18547.8 , High:18548.95 , Low:18545.7 , Close:18548.1
[INFO]: Candle:2023-06-06 11:13:00 , Open:18548.4 , High:18550.95 , Low:18547.45 , Close:18550.5
[INFO]: Candle:2023-06-06 11:14:00 , Open:18550.5 , High:18552.15 , Low:18549.55 , Close:18551.4
[INFO]: Candle:2023-06-06 11:15:00 , Open:18550.8 , High:18553.0 , Low:18549.05 , Close:18549.55
[INFO]: Candle:2023-06-06 11:16:00 , Open:18549.5 , High:18549.5 , Low:18542.65 , Close:18542.85
[INFO]: 2023-06-06 11:17:01.014587 shift straddle downward---------------------closed NIFTY08JUN2318600PE short position @85.3
[INFO]: 2023-06-06 11:17:01.014587 shift straddle downward---------------------closed NIFTY08JUN2318600CE short position @41.85
[INFO]: 2023-06-06 11:17:01.014587-------------built NIFTY08JUN2318500PE short position 
[INFO]: 2023-06-06 11:17:01.014587-------------built NIFTY08JUN2318500CE short position
[INFO]: lt:[18500, 18550]
[INFO]: Candle:2023-06-06 11:17:00 , Open:18544.1 , High:18545.1 , Low:18542.9 , Close:18545.1
[INFO]: Candle:2023-06-06 11:18:00 , Open:18545.2 , High:18545.3 , Low:18542.05 , Close:18544.1
[INFO]: Candle:2023-06-06 11:19:00 , Open:18543.9 , High:18547.85 , Low:18542.9 , Close:18545.15
[INFO]: Candle:2023-06-06 11:20:00 , Open:18545.5 , High:18546.3 , Low:18540.75 , Close:18541.4
[INFO]: Candle:2023-06-06 11:21:00 , Open:18540.55 , High:18543.35 , Low:18540.45 , Close:18542.75
[INFO]: Candle:2023-06-06 11:22:00 , Open:18543.35 , High:18546.4 , Low:18542.55 , Close:18545.65
[INFO]: Candle:2023-06-06 11:23:00 , Open:18545.2 , High:18548.45 , Low:18544.75 , Close:18547.75
[INFO]: Candle:2023-06-06 11:24:00 , Open:18546.95 , High:18550.35 , Low:18546.2 , Close:18550.1
[INFO]: Candle:2023-06-06 11:25:00 , Open:18550.15 , High:18554.2 , Low:18549.35 , Close:18554.15
[INFO]: Candle:2023-06-06 11:26:00 , Open:18554.5 , High:18558.3 , Low:18553.15 , Close:18558.3
[INFO]: 2023-06-06 11:27:00.309969 shift straddle upward----------------closed NIFTY08JUN2318500PE short position @36.2
[INFO]: 2023-06-06 11:27:00.309969 shift straddle upward----------------closed NIFTY08JUN2318500CE short position @103.2
[INFO]: 2023-06-06 11:27:00.309969-------------built NIFTY08JUN2318600PE short position
[INFO]: 2023-06-06 11:27:00.309969-------------built NIFTY08JUN2318600CE short position
[INFO]: lt:[18550, 18600]
[INFO]: Candle:2023-06-06 11:27:00 , Open:18558.9 , High:18560.0 , Low:18556.55 , Close:18559.75
[INFO]: Candle:2023-06-06 11:28:00 , Open:18559.5 , High:18559.7 , Low:18556.3 , Close:18557.7
[INFO]: Candle:2023-06-06 11:29:00 , Open:18557.05 , High:18558.6 , Low:18555.6 , Close:18558.45
[INFO]: Candle:2023-06-06 11:30:00 , Open:18558.5 , High:18558.5 , Low:18554.8 , Close:18555.75
[INFO]: Candle:2023-06-06 11:31:00 , Open:18555.85 , High:18556.9 , Low:18554.25 , Close:18556.8
[INFO]: Candle:2023-06-06 11:32:00 , Open:18556.1 , High:18556.3 , Low:18553.45 , Close:18554.85
[INFO]: Candle:2023-06-06 11:33:00 , Open:18554.4 , High:18554.4 , Low:18550.9 , Close:18551.5
[INFO]: ..........................START........................
[INFO]: Candle:2023-06-06 11:35:00 , Open:18553.15 , High:18553.7 , Low:18550.5 , Close:18551.45
[INFO]: Candle:2023-06-06 11:36:00 , Open:18551.25 , High:18554.6 , Low:18550.1 , Close:18554.0
[INFO]: Candle:2023-06-06 11:37:00 , Open:18553.8 , High:18555.4 , Low:18553.15 , Close:18554.3
[INFO]: Candle:2023-06-06 11:38:00 , Open:18554.65 , High:18555.25 , Low:18552.95 , Close:18554.15
[INFO]: Candle:2023-06-06 11:39:00 , Open:18554.3 , High:18554.4 , Low:18548.65 , Close:18550.5
[INFO]: Candle:2023-06-06 11:40:00 , Open:18550.4 , High:18550.6 , Low:18544.65 , Close:18545.5
[INFO]: Candle:2023-06-06 11:41:00 , Open:18545.85 , High:18545.85 , Low:18539.65 , Close:18543.25
[INFO]: ..........................START........................
[INFO]: Candle:2023-06-06 11:42:00 , Open:18543.75 , High:18545.15 , Low:18541.95 , Close:18544.4
[INFO]: ..........................START........................
[INFO]: Candle:2023-06-06 11:43:00 , Open:18544.8 , High:18544.8 , Low:18542.45 , Close:18544.05
[INFO]: ..........................START........................
[INFO]: Candle:2023-06-06 11:44:00 , Open:18544.4 , High:18547.25 , Low:18542.3 , Close:18546.05
[INFO]: Candle:2023-06-06 11:45:00 , Open:18545.8 , High:18546.2 , Low:18542.85 , Close:18545.4
[INFO]: Candle:2023-06-06 11:46:00 , Open:18545.95 , High:18545.95 , Low:18542.65 , Close:18544.5
[INFO]: ..........................START........................
[INFO]: Candle:2023-06-06 11:47:00 , Open:18544.45 , High:18546.5 , Low:18543.15 , Close:18546.15
[INFO]: Candle:2023-06-06 11:48:00 , Open:18546.3 , High:18547.85 , Low:18545.05 , Close:18547.4
[INFO]: Candle:2023-06-06 11:49:00 , Open:18547.65 , High:18547.65 , Low:18543.9 , Close:18545.5
[INFO]: Candle:2023-06-06 11:50:00 , Open:18545.7 , High:18547.0 , Low:18542.45 , Close:18544.4
[INFO]: ..........................START........................
[INFO]: Candle:2023-06-06 11:51:00 , Open:18544.0 , High:18544.0 , Low:18541.65 , Close:18542.85
[INFO]: ..........................START........................
[INFO]: Candle:2023-06-06 11:52:00 , Open:18542.65 , High:18543.45 , Low:18539.9 , Close:18542.35
[INFO]: ..........................START........................
[INFO]: Candle:2023-06-06 11:53:00 , Open:18541.75 , High:18541.85 , Low:18539.35 , Close:18540.3
[INFO]: ..........................START........................
[INFO]: Candle:2023-06-06 11:54:00 , Open:18540.05 , High:18542.0 , Low:18538.4 , Close:18541.15
[INFO]: ..........................START........................
[INFO]: Candle:2023-06-06 11:55:00 , Open:18541.05 , High:18545.35 , Low:18540.8 , Close:18542.8
[INFO]: ..........................START........................
[INFO]: Candle:2023-06-06 11:56:00 , Open:18542.25 , High:18545.05 , Low:18541.75 , Close:18545.05
[INFO]: Candle:2023-06-06 11:57:00 , Open:18544.5 , High:18545.5 , Low:18542.45 , Close:18544.7
[INFO]: ..........................START........................
[INFO]: Candle:2023-06-06 11:58:00 , Open:18544.7 , High:18547.0 , Low:18543.6 , Close:18547.0
[INFO]: Candle:2023-06-06 11:59:00 , Open:18547.15 , High:18547.85 , Low:18542.55 , Close:18543.0
[INFO]: ..........................START........................
[INFO]: Candle:2023-06-06 12:00:00 , Open:18542.45 , High:18544.0 , Low:18539.25 , Close:18542.9
[INFO]: ..........................START........................
[INFO]: Candle:2023-06-06 12:01:00 , Open:18542.6 , High:18543.45 , Low:18540.75 , Close:18542.2
[INFO]: ..........................START........................
[INFO]: Candle:2023-06-06 12:02:00 , Open:18542.15 , High:18542.65 , Low:18540.15 , Close:18541.25
[INFO]: ..........................START........................
[INFO]: Candle:2023-06-06 12:03:00 , Open:18541.25 , High:18542.8 , Low:18540.75 , Close:18542.2
[INFO]: ..........................START........................
[INFO]: Candle:2023-06-06 12:04:00 , Open:18541.95 , High:18543.15 , Low:18540.6 , Close:18542.45
[INFO]: ..........................START........................
[INFO]: Candle:2023-06-06 12:05:00 , Open:18542.15 , High:18542.15 , Low:18539.6 , Close:18540.7
[INFO]: ..........................START........................
[INFO]: Candle:2023-06-06 12:06:00 , Open:18540.75 , High:18541.25 , Low:18533.8 , Close:18534.85
[INFO]: ..........................START........................
[INFO]: Candle:2023-06-06 12:07:00 , Open:18534.35 , High:18534.85 , Low:18531.95 , Close:18534.5
[INFO]: ..........................START........................
[INFO]: Candle:2023-06-06 12:08:00 , Open:18534.25 , High:18538.35 , Low:18533.05 , Close:18536.7
[INFO]: ..........................START........................
[INFO]: Candle:2023-06-06 12:09:00 , Open:18536.95 , High:18536.95 , Low:18533.05 , Close:18534.1
[INFO]: ..........................START........................
[INFO]: Candle:2023-06-06 12:10:00 , Open:18534.6 , High:18540.3 , Low:18533.95 , Close:18540.3
[INFO]: ..........................START........................
[INFO]: Candle:2023-06-06 12:11:00 , Open:18540.1 , High:18544.75 , Low:18537.9 , Close:18544.25
[INFO]: ..........................START........................
[INFO]: Candle:2023-06-06 12:12:00 , Open:18544.15 , High:18545.6 , Low:18542.35 , Close:18544.8
[INFO]: Candle:2023-06-06 12:13:00 , Open:18544.9 , High:18546.75 , Low:18543.1 , Close:18543.5
[INFO]: ..........................START........................
[INFO]: Candle:2023-06-06 12:14:00 , Open:18543.8 , High:18543.8 , Low:18539.2 , Close:18541.6
[INFO]: ..........................START........................
[INFO]: Candle:2023-06-06 12:15:00 , Open:18541.1 , High:18541.3 , Low:18537.4 , Close:18538.95
[INFO]: ..........................START........................
[INFO]: Candle:2023-06-06 12:16:00 , Open:18539.9 , High:18540.1 , Low:18536.8 , Close:18538.2
[INFO]: ..........................START........................
[INFO]: Candle:2023-06-06 12:17:00 , Open:18538.1 , High:18539.6 , Low:18537.85 , Close:18538.8
[INFO]: ..........................START........................
[INFO]: Candle:2023-06-06 12:18:00 , Open:18538.7 , High:18539.45 , Low:18536.2 , Close:18539.35
[INFO]: ..........................START........................
[INFO]: Candle:2023-06-06 12:19:00 , Open:18539.2 , High:18541.15 , Low:18538.55 , Close:18540.1
[INFO]: ..........................START........................
[INFO]: Candle:2023-06-06 12:20:00 , Open:18539.7 , High:18541.65 , Low:18538.65 , Close:18540.3
[INFO]: ..........................START........................
[INFO]: Candle:2023-06-06 12:21:00 , Open:18540.15 , High:18541.3 , Low:18537.3 , Close:18540.0
[INFO]: ..........................START........................
[INFO]: Candle:2023-06-06 12:22:00 , Open:18540.2 , High:18540.2 , Low:18537.0 , Close:18537.25
[INFO]: ..........................START........................
[INFO]: Candle:2023-06-06 12:23:00 , Open:18537.65 , High:18538.05 , Low:18534.3 , Close:18536.6
[INFO]: ..........................START........................
[INFO]: Candle:2023-06-06 12:24:00 , Open:18536.75 , High:18537.9 , Low:18536.1 , Close:18537.2
[INFO]: ..........................START........................
[INFO]: Candle:2023-06-06 12:25:00 , Open:18536.75 , High:18537.9 , Low:18535.45 , Close:18536.5
[INFO]: ..........................START........................
[INFO]: Candle:2023-06-06 12:26:00 , Open:18536.1 , High:18538.15 , Low:18535.3 , Close:18537.0
[INFO]: ..........................START........................
[INFO]: Candle:2023-06-06 12:27:00 , Open:18537.25 , High:18539.9 , Low:18535.9 , Close:18539.6
[INFO]: ..........................START........................
[INFO]: Candle:2023-06-06 12:28:00 , Open:18540.05 , High:18541.85 , Low:18538.75 , Close:18541.5
[INFO]: ..........................START........................
[INFO]: Candle:2023-06-06 12:29:00 , Open:18541.6 , High:18544.7 , Low:18539.55 , Close:18544.7
[INFO]: ..........................START........................
[INFO]: Candle:2023-06-06 12:30:00 , Open:18544.55 , High:18547.05 , Low:18543.4 , Close:18546.0
[INFO]: Candle:2023-06-06 12:31:00 , Open:18546.45 , High:18552.85 , Low:18545.75 , Close:18551.15
[INFO]: Candle:2023-06-06 12:32:00 , Open:18550.8 , High:18551.4 , Low:18547.65 , Close:18548.75
[INFO]: Candle:2023-06-06 12:33:00 , Open:18548.45 , High:18548.45 , Low:18545.35 , Close:18546.95
[INFO]: Candle:2023-06-06 12:34:00 , Open:18547.7 , High:18547.95 , Low:18544.95 , Close:18547.75
[INFO]: Candle:2023-06-06 12:35:00 , Open:18547.75 , High:18552.8 , Low:18547.7 , Close:18552.2
[INFO]: Candle:2023-06-06 12:36:00 , Open:18552.4 , High:18552.4 , Low:18549.95 , Close:18552.05
[INFO]: Candle:2023-06-06 12:37:00 , Open:18552.3 , High:18553.85 , Low:18551.1 , Close:18553.85
[INFO]: Candle:2023-06-06 12:38:00 , Open:18553.35 , High:18555.1 , Low:18552.1 , Close:18554.65
[INFO]: Candle:2023-06-06 12:39:00 , Open:18554.6 , High:18554.8 , Low:18550.9 , Close:18552.9
[INFO]: Candle:2023-06-06 12:40:00 , Open:18552.55 , High:18552.55 , Low:18549.5 , Close:18551.9
[INFO]: Candle:2023-06-06 12:41:00 , Open:18551.8 , High:18553.15 , Low:18550.2 , Close:18552.95
[INFO]: Candle:2023-06-06 12:42:00 , Open:18552.5 , High:18552.5 , Low:18549.7 , Close:18550.85
[INFO]: Candle:2023-06-06 12:43:00 , Open:18550.7 , High:18551.25 , Low:18547.45 , Close:18548.15
[INFO]: Candle:2023-06-06 12:44:00 , Open:18548.25 , High:18548.25 , Low:18546.15 , Close:18547.0
[INFO]: Candle:2023-06-06 12:46:00 , Open:18548.75 , High:18548.75 , Low:18546.05 , Close:18547.3
[INFO]: Candle:2023-06-06 12:47:00 , Open:18547.55 , High:18548.0 , Low:18546.35 , Close:18547.25
[INFO]: Candle:2023-06-06 12:48:00 , Open:18547.45 , High:18547.5 , Low:18545.45 , Close:18545.95
[INFO]: Candle:2023-06-06 12:49:00 , Open:18545.85 , High:18546.25 , Low:18544.3 , Close:18545.25
[INFO]: Candle:2023-06-06 12:52:00 , Open:18541.65 , High:18543.4 , Low:18540.55 , Close:18542.95
[INFO]: ..........................START........................
[INFO]: Candle:2023-06-06 12:53:00 , Open:18543.0 , High:18546.25 , Low:18542.25 , Close:18542.65
[INFO]: ..........................START........................
[INFO]: Candle:2023-06-06 12:54:00 , Open:18542.85 , High:18543.0 , Low:18541.45 , Close:18542.95
[INFO]: ..........................START........................
[INFO]: Candle:2023-06-06 12:55:00 , Open:18542.65 , High:18549.0 , Low:18542.1 , Close:18548.05
[INFO]: Candle:2023-06-06 12:56:00 , Open:18547.95 , High:18552.2 , Low:18546.65 , Close:18550.45
[INFO]: Candle:2023-06-06 12:57:00 , Open:18550.65 , High:18555.85 , Low:18550.25 , Close:18555.85
[INFO]: Candle:2023-06-06 12:58:00 , Open:18555.35 , High:18557.1 , Low:18554.05 , Close:18555.45
[INFO]: Candle:2023-06-06 12:59:00 , Open:18556.15 , High:18556.45 , Low:18553.8 , Close:18555.65
[INFO]: Candle:2023-06-06 13:00:00 , Open:18555.55 , High:18557.8 , Low:18553.9 , Close:18557.8
[INFO]: Candle:2023-06-06 13:01:00 , Open:18557.25 , High:18559.25 , Low:18556.1 , Close:18558.65
[INFO]: Candle:2023-06-06 13:02:00 , Open:18557.7 , High:18557.9 , Low:18555.7 , Close:18556.45
[INFO]: Candle:2023-06-06 13:03:00 , Open:18556.65 , High:18557.95 , Low:18555.5 , Close:18556.9
[INFO]: Candle:2023-06-06 13:04:00 , Open:18557.55 , High:18557.55 , Low:18555.4 , Close:18556.9
[INFO]: Candle:2023-06-06 13:05:00 , Open:18556.95 , High:18558.1 , Low:18555.9 , Close:18557.65
[INFO]: Candle:2023-06-06 13:06:00 , Open:18557.25 , High:18558.45 , Low:18554.35 , Close:18555.0
[INFO]: Candle:2023-06-06 13:07:00 , Open:18554.3 , High:18554.85 , Low:18550.55 , Close:18551.85
[INFO]: Candle:2023-06-06 13:08:00 , Open:18551.6 , High:18553.0 , Low:18551.0 , Close:18552.65
[INFO]: Candle:2023-06-06 13:09:00 , Open:18552.1 , High:18552.1 , Low:18547.4 , Close:18550.6
[INFO]: Candle:2023-06-06 13:10:00 , Open:18549.1 , High:18550.15 , Low:18547.9 , Close:18548.35
[INFO]: Candle:2023-06-06 13:11:00 , Open:18548.75 , High:18555.45 , Low:18548.4 , Close:18555.4
[INFO]: Candle:2023-06-06 13:12:00 , Open:18555.25 , High:18556.35 , Low:18553.6 , Close:18556.2
[INFO]: Candle:2023-06-06 13:13:00 , Open:18556.0 , High:18557.8 , Low:18554.0 , Close:18557.6
[INFO]: Candle:2023-06-06 13:14:00 , Open:18557.5 , High:18557.5 , Low:18554.25 , Close:18556.65
[INFO]: Candle:2023-06-06 13:15:00 , Open:18556.95 , High:18557.5 , Low:18554.6 , Close:18555.45
[INFO]: Candle:2023-06-06 13:16:00 , Open:18554.8 , High:18554.8 , Low:18551.25 , Close:18553.8
[INFO]: Candle:2023-06-06 13:17:00 , Open:18553.4 , High:18554.85 , Low:18552.3 , Close:18553.15
[INFO]: Candle:2023-06-06 13:18:00 , Open:18551.8 , High:18552.55 , Low:18549.2 , Close:18550.45
[INFO]: Candle:2023-06-06 13:19:00 , Open:18550.3 , High:18550.3 , Low:18548.05 , Close:18550.25
[INFO]: Candle:2023-06-06 13:20:00 , Open:18549.5 , High:18550.2 , Low:18546.6 , Close:18547.85
[INFO]: Candle:2023-06-06 13:21:00 , Open:18547.7 , High:18549.35 , Low:18546.4 , Close:18548.05
[INFO]: Candle:2023-06-06 13:22:00 , Open:18548.3 , High:18548.85 , Low:18546.7 , Close:18548.8
[INFO]: Candle:2023-06-06 13:23:00 , Open:18548.35 , High:18549.45 , Low:18547.05 , Close:18547.9
[INFO]: Candle:2023-06-06 13:24:00 , Open:18547.35 , High:18549.55 , Low:18546.15 , Close:18549.2
[INFO]: Candle:2023-06-06 13:25:00 , Open:18548.55 , High:18549.95 , Low:18547.1 , Close:18549.95
[INFO]: Candle:2023-06-06 13:26:00 , Open:18550.0 , High:18550.0 , Low:18543.55 , Close:18546.05
[INFO]: Candle:2023-06-06 13:27:00 , Open:18545.7 , High:18548.2 , Low:18545.3 , Close:18547.15
[INFO]: Candle:2023-06-06 13:28:00 , Open:18546.95 , High:18546.95 , Low:18544.75 , Close:18546.4
[INFO]: Candle:2023-06-06 13:29:00 , Open:18545.85 , High:18550.1 , Low:18544.3 , Close:18549.5
[INFO]: Candle:2023-06-06 13:30:00 , Open:18549.05 , High:18554.95 , Low:18548.95 , Close:18554.85
[INFO]: Candle:2023-06-06 13:31:00 , Open:18554.1 , High:18555.8 , Low:18553.1 , Close:18555.8
[INFO]: Candle:2023-06-06 13:32:00 , Open:18555.5 , High:18560.2 , Low:18554.45 , Close:18560.1
[INFO]: Candle:2023-06-06 13:33:00 , Open:18559.75 , High:18563.7 , Low:18558.3 , Close:18563.55
[INFO]: Candle:2023-06-06 13:34:00 , Open:18562.6 , High:18562.6 , Low:18559.2 , Close:18561.75
[INFO]: Candle:2023-06-06 13:35:00 , Open:18561.55 , High:18563.75 , Low:18560.35 , Close:18563.75
[INFO]: Candle:2023-06-06 13:36:00 , Open:18563.4 , High:18566.7 , Low:18562.75 , Close:18565.55
[INFO]: Candle:2023-06-06 13:37:00 , Open:18565.55 , High:18565.55 , Low:18563.0 , Close:18563.4
[INFO]: Candle:2023-06-06 13:38:00 , Open:18564.15 , High:18564.15 , Low:18560.0 , Close:18561.0
[INFO]: Candle:2023-06-06 13:39:00 , Open:18560.85 , High:18561.9 , Low:18558.15 , Close:18559.45
[INFO]: Candle:2023-06-06 13:40:00 , Open:18559.4 , High:18559.4 , Low:18555.05 , Close:18556.2
[INFO]: Candle:2023-06-06 13:41:00 , Open:18556.25 , High:18556.25 , Low:18553.1 , Close:18555.2
[INFO]: Candle:2023-06-06 13:42:00 , Open:18554.5 , High:18555.7 , Low:18553.55 , Close:18555.6
[INFO]: Candle:2023-06-06 13:43:00 , Open:18555.3 , High:18560.0 , Low:18555.05 , Close:18560.0
[INFO]: Candle:2023-06-06 13:44:00 , Open:18559.3 , High:18560.1 , Low:18557.1 , Close:18558.4
[INFO]: Candle:2023-06-06 13:45:00 , Open:18558.1 , High:18559.85 , Low:18556.75 , Close:18559.85
[INFO]: Candle:2023-06-06 13:46:00 , Open:18559.35 , High:18561.15 , Low:18558.6 , Close:18560.6
[INFO]: Candle:2023-06-06 13:47:00 , Open:18560.65 , High:18563.0 , Low:18560.0 , Close:18561.95
[INFO]: Candle:2023-06-06 13:48:00 , Open:18560.95 , High:18563.2 , Low:18560.55 , Close:18561.8
[INFO]: Candle:2023-06-06 13:49:00 , Open:18561.3 , High:18561.3 , Low:18555.7 , Close:18556.7
[INFO]: Candle:2023-06-06 13:50:00 , Open:18556.6 , High:18559.75 , Low:18555.45 , Close:18559.75
[INFO]: Candle:2023-06-06 13:52:00 , Open:18562.6 , High:18562.9 , Low:18560.2 , Close:18562.25
[INFO]: Candle:2023-06-06 13:53:00 , Open:18561.8 , High:18562.05 , Low:18559.55 , Close:18560.4
[INFO]: Candle:2023-06-06 13:54:00 , Open:18560.6 , High:18560.6 , Low:18557.2 , Close:18559.1
[INFO]: Candle:2023-06-06 13:55:00 , Open:18558.5 , High:18560.6 , Low:18558.0 , Close:18560.4
[INFO]: Candle:2023-06-06 13:56:00 , Open:18560.75 , High:18561.8 , Low:18558.9 , Close:18561.1
[INFO]: Candle:2023-06-06 13:57:00 , Open:18560.65 , High:18563.7 , Low:18559.75 , Close:18563.7
[INFO]: Candle:2023-06-06 13:58:00 , Open:18563.2 , High:18565.5 , Low:18562.25 , Close:18564.85
[INFO]: Candle:2023-06-06 13:59:00 , Open:18564.35 , High:18564.35 , Low:18559.7 , Close:18559.75
[INFO]: Candle:2023-06-06 14:00:00 , Open:18559.2 , High:18561.35 , Low:18557.65 , Close:18559.25
[INFO]: Candle:2023-06-06 14:01:00 , Open:18558.8 , High:18558.8 , Low:18551.2 , Close:18552.2
[INFO]: Candle:2023-06-06 14:02:00 , Open:18552.6 , High:18555.0 , Low:18552.5 , Close:18553.15
[INFO]: Candle:2023-06-06 14:03:00 , Open:18552.65 , High:18553.5 , Low:18547.95 , Close:18549.2
[INFO]: Candle:2023-06-06 14:04:00 , Open:18549.2 , High:18549.5 , Low:18546.7 , Close:18546.8
[INFO]: Candle:2023-06-06 14:05:00 , Open:18546.6 , High:18546.6 , Low:18542.95 , Close:18544.75
[INFO]: ..........................START........................
[INFO]: Candle:2023-06-06 14:06:00 , Open:18544.7 , High:18548.7 , Low:18544.55 , Close:18548.7
[INFO]: Candle:2023-06-06 14:07:00 , Open:18548.8 , High:18550.05 , Low:18547.95 , Close:18548.25
[INFO]: Candle:2023-06-06 14:08:00 , Open:18548.5 , High:18550.2 , Low:18547.25 , Close:18550.0
[INFO]: Candle:2023-06-06 14:09:00 , Open:18549.65 , High:18549.65 , Low:18545.8 , Close:18546.55
[INFO]: Candle:2023-06-06 14:10:00 , Open:18546.0 , High:18547.9 , Low:18544.7 , Close:18547.25
[INFO]: Candle:2023-06-06 14:11:00 , Open:18547.25 , High:18551.0 , Low:18546.05 , Close:18550.25
[INFO]: Candle:2023-06-06 14:12:00 , Open:18549.5 , High:18550.75 , Low:18548.6 , Close:18550.25
[INFO]: Candle:2023-06-06 14:13:00 , Open:18549.85 , High:18551.2 , Low:18548.8 , Close:18550.75
[INFO]: Candle:2023-06-06 14:14:00 , Open:18550.8 , High:18552.0 , Low:18549.5 , Close:18551.55
[INFO]: Candle:2023-06-06 14:15:00 , Open:18551.15 , High:18555.05 , Low:18549.95 , Close:18554.2
[INFO]: Candle:2023-06-06 14:16:00 , Open:18552.65 , High:18554.55 , Low:18551.15 , Close:18554.1
[INFO]: Candle:2023-06-06 14:17:00 , Open:18552.45 , High:18555.15 , Low:18552.35 , Close:18554.25
[INFO]: Candle:2023-06-06 14:18:00 , Open:18553.95 , High:18555.7 , Low:18552.6 , Close:18554.6
[INFO]: Candle:2023-06-06 14:19:00 , Open:18555.05 , High:18555.6 , Low:18552.65 , Close:18554.55
[INFO]: Candle:2023-06-06 14:20:00 , Open:18554.6 , High:18557.75 , Low:18552.75 , Close:18556.95
[INFO]: Candle:2023-06-06 14:21:00 , Open:18556.55 , High:18558.8 , Low:18554.15 , Close:18557.6
[INFO]: Candle:2023-06-06 14:22:00 , Open:18557.8 , High:18558.7 , Low:18555.0 , Close:18556.65
[INFO]: Candle:2023-06-06 14:23:00 , Open:18556.5 , High:18557.35 , Low:18554.5 , Close:18555.8
[INFO]: Candle:2023-06-06 14:24:00 , Open:18556.0 , High:18557.0 , Low:18553.7 , Close:18556.3
[INFO]: Candle:2023-06-06 14:25:00 , Open:18555.15 , High:18557.85 , Low:18553.45 , Close:18557.55
[INFO]: Candle:2023-06-06 14:26:00 , Open:18556.9 , High:18558.1 , Low:18555.15 , Close:18557.1
[INFO]: Candle:2023-06-06 14:27:00 , Open:18556.45 , High:18558.8 , Low:18553.7 , Close:18558.8
[INFO]: Candle:2023-06-06 14:28:00 , Open:18558.2 , High:18559.15 , Low:18555.65 , Close:18559.15
[INFO]: Candle:2023-06-06 14:29:00 , Open:18557.3 , High:18558.05 , Low:18555.45 , Close:18558.05
[INFO]: Candle:2023-06-06 14:30:00 , Open:18558.2 , High:18560.2 , Low:18556.8 , Close:18560.2
[INFO]: Candle:2023-06-06 14:31:00 , Open:18559.65 , High:18561.7 , Low:18559.0 , Close:18560.35
[INFO]: Candle:2023-06-06 14:32:00 , Open:18559.1 , High:18561.4 , Low:18558.4 , Close:18560.85
[INFO]: Candle:2023-06-06 14:33:00 , Open:18560.15 , High:18563.75 , Low:18559.55 , Close:18563.7
[INFO]: Candle:2023-06-06 14:34:00 , Open:18564.2 , High:18564.2 , Low:18558.95 , Close:18559.2
[INFO]: Candle:2023-06-06 14:35:00 , Open:18558.25 , High:18558.25 , Low:18552.6 , Close:18557.1
[INFO]: Candle:2023-06-06 14:36:00 , Open:18556.75 , High:18557.15 , Low:18554.9 , Close:18556.2
[INFO]: Candle:2023-06-06 14:37:00 , Open:18555.8 , High:18558.85 , Low:18555.6 , Close:18558.05
[INFO]: Candle:2023-06-06 14:38:00 , Open:18557.9 , High:18558.8 , Low:18556.5 , Close:18557.25
[INFO]: Candle:2023-06-06 14:39:00 , Open:18558.0 , High:18558.05 , Low:18555.6 , Close:18557.15
[INFO]: Candle:2023-06-06 14:40:00 , Open:18556.85 , High:18557.1 , Low:18554.7 , Close:18556.2
[INFO]: Candle:2023-06-06 14:41:00 , Open:18555.7 , High:18556.5 , Low:18552.95 , Close:18556.5
[INFO]: Candle:2023-06-06 14:42:00 , Open:18556.05 , High:18556.2 , Low:18552.15 , Close:18556.05
[INFO]: Candle:2023-06-06 14:43:00 , Open:18556.8 , High:18558.8 , Low:18553.75 , Close:18557.7
[INFO]: Candle:2023-06-06 14:44:00 , Open:18557.5 , High:18557.5 , Low:18550.1 , Close:18551.15
[INFO]: Candle:2023-06-06 14:45:00 , Open:18551.1 , High:18557.25 , Low:18549.75 , Close:18556.15
[INFO]: Candle:2023-06-06 14:46:00 , Open:18555.15 , High:18560.15 , Low:18552.65 , Close:18559.8
[INFO]: Candle:2023-06-06 14:47:00 , Open:18558.35 , High:18560.55 , Low:18555.9 , Close:18558.8
[INFO]: Candle:2023-06-06 14:48:00 , Open:18558.0 , High:18560.7 , Low:18556.4 , Close:18559.6
[INFO]: Candle:2023-06-06 14:49:00 , Open:18559.8 , High:18559.8 , Low:18556.75 , Close:18558.7
[INFO]: Candle:2023-06-06 14:50:00 , Open:18558.45 , High:18559.35 , Low:18557.25 , Close:18558.85
[INFO]: Candle:2023-06-06 14:51:00 , Open:18558.65 , High:18558.65 , Low:18555.15 , Close:18557.6
[INFO]: Candle:2023-06-06 14:52:00 , Open:18557.2 , High:18557.95 , Low:18554.05 , Close:18555.4
[INFO]: Candle:2023-06-06 14:53:00 , Open:18555.2 , High:18555.2 , Low:18549.5 , Close:18550.7
[INFO]: Candle:2023-06-06 14:54:00 , Open:18550.95 , High:18554.15 , Low:18549.95 , Close:18554.15
[INFO]: Candle:2023-06-06 14:55:00 , Open:18553.6 , High:18556.15 , Low:18552.75 , Close:18555.85
[INFO]: Candle:2023-06-06 14:56:00 , Open:18555.75 , High:18560.95 , Low:18554.6 , Close:18560.95
[INFO]: Candle:2023-06-06 14:57:00 , Open:18561.1 , High:18562.2 , Low:18559.7 , Close:18561.3
[INFO]: Candle:2023-06-06 14:58:00 , Open:18561.25 , High:18561.25 , Low:18558.5 , Close:18560.35
[INFO]: Candle:2023-06-06 14:59:00 , Open:18560.1 , High:18560.1 , Low:18556.65 , Close:18558.05
[INFO]: Candle:2023-06-06 15:00:00 , Open:18558.9 , High:18571.8 , Low:18558.9 , Close:18570.35
[INFO]: Candle:2023-06-06 15:01:00 , Open:18571.05 , High:18571.05 , Low:18567.3 , Close:18570.55
[INFO]: Candle:2023-06-06 15:02:00 , Open:18569.55 , High:18572.8 , Low:18569.15 , Close:18571.15
[INFO]: Candle:2023-06-06 15:03:00 , Open:18570.75 , High:18582.6 , Low:18569.95 , Close:18581.75
[INFO]: Candle:2023-06-06 15:04:00 , Open:18581.5 , High:18581.5 , Low:18575.1 , Close:18577.25
[INFO]: Candle:2023-06-06 15:05:00 , Open:18576.7 , High:18580.0 , Low:18576.3 , Close:18579.0
[INFO]: Candle:2023-06-06 15:06:00 , Open:18578.95 , High:18585.1 , Low:18578.7 , Close:18583.5
[INFO]: Candle:2023-06-06 15:07:00 , Open:18584.15 , High:18588.55 , Low:18583.3 , Close:18587.8
[INFO]: Candle:2023-06-06 15:08:00 , Open:18586.8 , High:18590.05 , Low:18585.8 , Close:18590.05
[INFO]: ..............stop algo...............
[INFO]: ..........................START........................
[INFO]: ..............stop algo...............
[INFO]: ..........................START........................
[INFO]: ..............stop algo...............
[INFO]: ..........................START........................
[INFO]: ..............stop algo...............
[INFO]: ..........................START........................
[INFO]: ..............stop algo...............
[INFO]: ..........................START........................
[INFO]: ..............stop algo...............
[INFO]: ..........................START........................
[INFO]: ..............stop algo...............
[INFO]: ..........................START........................
[INFO]: ..............stop algo...............
[INFO]: ..........................START........................
[INFO]: ..............stop algo...............
[INFO]: ..........................START........................
[INFO]: ..............stop algo...............
[INFO]: ..........................START........................
[INFO]: ..............stop algo...............
[INFO]: ..........................START........................
[INFO]: ..............stop algo...............
[INFO]: ..........................START........................
[INFO]: ..............stop algo...............
[INFO]: ..........................START........................
[INFO]: ..............stop algo...............
[INFO]: ..........................START........................
[INFO]: ..............stop algo...............
[INFO]: ..........................START........................
[INFO]: ..............stop algo...............
[INFO]: ..........................START........................
[INFO]: ..............stop algo...............
[INFO]: ..........................START........................
[INFO]: ..............stop algo...............
[INFO]: ..........................START........................
[INFO]: ..............stop algo...............
[INFO]: ..........................START........................
[INFO]: ..............stop algo...............
[INFO]: ..........................START........................
[INFO]: ..............stop algo...............
[INFO]: ..........................START........................
[INFO]: ..............stop algo...............
[INFO]: ..........................START........................
[INFO]: Candle:2023-06-06 15:13:00 , Open:18610.1 , High:18613.15 , Low:18609.45 , Close:18609.45
[INFO]: 2023-06-06 15:14:00.673633 shift straddle upward----------------closed NIFTY08JUN2318550PE short position @26.55
[INFO]: 2023-06-06 15:14:00.673633 shift straddle upward----------------closed NIFTY08JUN2318550CE short position @92.65
[INFO]: 2023-06-06 15:14:00.673633-------------built NIFTY08JUN2318650PE short position
[INFO]: 2023-06-06 15:14:00.673633-------------built NIFTY08JUN2318650CE short position
[INFO]: lt:[18600, 18650]
[INFO]: 2023-06-06 15:14:00.673633 expiry settlement-------------closed NIFTY08JUN2318600PE position @43.5
[INFO]: 2023-06-06 15:14:00.673633 expiry settlement-------------closed NIFTY08JUN2318600CE position @59.85
[INFO]: 2023-06-06 15:14:00.673633 expiry settlement-------------closed NIFTY08JUN2318650PE position @68.85
[INFO]: 2023-06-06 15:14:00.673633 expiry settlement-------------closed NIFTY08JUN2318650CE position @35.45
[INFO]: ..............stop algo...............
[INFO]: ..........................START........................
[INFO]: ..............stop algo...............
[INFO]: ..........................START........................
[INFO]: ..............stop algo...............
[INFO]: ..........................START........................
[INFO]: ..............stop algo...............
[INFO]: ..........................START........................
[INFO]: ..............stop algo...............
[INFO]: ..........................START........................
[INFO]: ..............stop algo...............
[INFO]: ..........................START........................
[INFO]: ..............stop algo...............
[INFO]: ..........................START........................
[INFO]: ..............stop algo...............
[INFO]: ..........................START........................
[INFO]: ..............stop algo...............
[INFO]: ..........................START........................
[INFO]: ..............stop algo...............
[INFO]: ..........................START........................
[INFO]: ..............stop algo...............
[INFO]: ..........................START........................
[INFO]: ..............stop algo...............
[INFO]: ..........................START........................
[INFO]: ..............stop algo...............
[INFO]: ..........................START........................
[INFO]: ..............stop algo...............
[INFO]: ..........................START........................
[INFO]: ..............stop algo...............
[INFO]: ..........................START........................
[INFO]: ..............stop algo...............
[INFO]: ..........................START........................
[INFO]: ..............stop algo...............
[INFO]: ..........................START........................
[INFO]: ..............stop algo...............
[INFO]: ..........................START........................
[INFO]: ..............stop algo...............
[INFO]: ..........................START........................
[INFO]: ..............stop algo...............
[INFO]: ..........................START........................
[INFO]: ..............stop algo...............
[INFO]: ..........................START........................
[INFO]: ..............stop algo...............
[INFO]: ..........................START........................
[INFO]: ..............stop algo...............
[INFO]: ..........................START........................
[INFO]: ..............stop algo...............
[INFO]: ..........................START........................
[INFO]: ..............stop algo...............
[INFO]: ..........................START........................
[INFO]: ..............stop algo...............
[INFO]: ..........................START........................
[INFO]: ..............stop algo...............
[INFO]: ..........................START........................
[INFO]: ..............stop algo...............
[INFO]: ..........................START........................
[INFO]: ..............stop algo...............
[INFO]: ..........................START........................
[INFO]: ..............stop algo...............
[INFO]: ..........................START........................
[INFO]: ..............stop algo...............
[INFO]: ..........................START........................
[INFO]: ..............stop algo...............
[INFO]: ..........................START........................
[INFO]: ..............stop algo...............
[INFO]: ..........................START........................
[INFO]: ..............stop algo...............
[INFO]: ..........................START........................
[INFO]: ..............stop algo...............
[INFO]: ..........................START........................
[INFO]: ..............stop algo...............
[INFO]: ..........................START........................
[INFO]: ..............stop algo...............
[INFO]: ..........................START........................
[INFO]: ..............stop algo...............
[INFO]: ..........................START........................
[INFO]: ..............stop algo...............
[INFO]: ..........................START........................
[INFO]: ..............stop algo...............
[INFO]: ..........................START........................
[INFO]: ..............stop algo...............
[INFO]: ..........................START........................
[INFO]: ..............stop algo...............
[INFO]: ..........................START........................
[INFO]: ..............stop algo...............
[INFO]: ..........................START........................
[INFO]: ..............stop algo...............
[INFO]: ..........................START........................
[INFO]: Candle:2023-06-06 15:21:00 , Open:18610.8 , High:18616.15 , Low:18610.8 , Close:18615.95
[INFO]: ..............stop algo...............
[INFO]: ..........................START........................
[INFO]: ..............stop algo...............
[INFO]: ..........................START........................
[INFO]: ..............stop algo...............
[INFO]: ..........................START........................
[INFO]: ..............stop algo...............
[INFO]: ..........................START........................
[INFO]: ..............stop algo...............
[INFO]: ..........................START........................
[INFO]: ..............stop algo...............
[INFO]: ..........................START........................
[INFO]: ..............stop algo...............
[INFO]: ..........................START........................
[INFO]: ..............stop algo...............
[INFO]: ..........................START........................
[INFO]: ..............stop algo...............
[INFO]: ..........................START........................
[INFO]: ..............stop algo...............
[INFO]: ..........................START........................
[INFO]: ..............stop algo...............
[INFO]: ..........................START........................
[INFO]: ..............stop algo...............
[INFO]: ..........................START........................
[INFO]: ..............stop algo...............
[INFO]: ..........................START........................
[INFO]: ..............stop algo...............
[INFO]: ..........................START........................
[INFO]: ..............stop algo...............
[INFO]: ..........................START........................
[INFO]: ..............stop algo...............
[INFO]: ..........................START........................
[INFO]: ..............stop algo...............
[INFO]: ..........................START........................
[INFO]: ..............stop algo...............
[INFO]: ..........................START........................
[INFO]: ..............stop algo...............
[INFO]: ..........................START........................
[INFO]: ..............stop algo...............
[INFO]: ..........................START........................
[INFO]: ..............stop algo...............
[INFO]: ..........................START........................
[INFO]: ..............stop algo...............
[INFO]: ..........................START........................
[INFO]: ..............stop algo...............
[INFO]: ..........................START........................
[INFO]: ..............stop algo...............
[INFO]: ..........................START........................
[INFO]: ..............stop algo...............
[INFO]: ..........................START........................
[INFO]: ..............stop algo...............
[INFO]: ..........................START........................
[INFO]: ..............stop algo...............
[INFO]: ..........................START........................
[INFO]: ..............stop algo...............
[INFO]: ..........................START........................
[INFO]: ..............stop algo...............
[INFO]: ..........................START........................
[INFO]: ..............stop algo...............
[INFO]: ..........................START........................
[INFO]: ..............stop algo...............
[INFO]: ..........................START........................
[INFO]: ..............stop algo...............
[INFO]: ..........................START........................
[INFO]: ..............stop algo...............
[INFO]: ..........................START........................
[INFO]: ..............stop algo...............
[INFO]: ..........................START........................
[INFO]: ..............stop algo...............
[INFO]: ..........................START........................
[INFO]: ..............stop algo...............
[INFO]: ..........................START........................
[INFO]: ..............stop algo...............
[INFO]: ..........................START........................
[INFO]: ..............stop algo...............
[INFO]: ..........................START........................
[INFO]: ..............stop algo...............
[INFO]: ..........................START........................
[INFO]: ..............stop algo...............
[INFO]: ..........................START........................
[INFO]: ..............stop algo...............
[INFO]: ..........................START........................
[INFO]: ..............stop algo...............
[INFO]: ..........................START........................
[INFO]: ..............stop algo...............
[INFO]: ..........................START........................
[INFO]: ..............stop algo...............
[INFO]: ..........................START........................
[INFO]: ..............stop algo...............
[INFO]: ..........................START........................
[INFO]: ..............stop algo...............
[INFO]: ..........................START........................
[INFO]: ..............stop algo...............
[INFO]: ..........................START........................
[INFO]: ..............stop algo...............
[INFO]: ..........................START........................
[INFO]: ..............stop algo...............
[INFO]: ..........................START........................
[INFO]: ..............stop algo...............
[INFO]: ..........................START........................
[INFO]: ..............stop algo...............
[INFO]: ..........................START........................
[INFO]: ..............stop algo...............
[INFO]: ..........................START........................
[INFO]: ..............stop algo...............
[INFO]: ..........................START........................
[INFO]: ..............stop algo...............
[INFO]: ..........................START........................
[INFO]: ..............stop algo...............
[INFO]: ..........................START........................
[INFO]: ..............stop algo...............
[INFO]: ..........................START........................
[INFO]: ..............stop algo...............
[INFO]: ..........................START........................
[INFO]: ..............stop algo...............
[INFO]: ..........................START........................
[INFO]: ..............stop algo...............
[INFO]: ..........................START........................
[INFO]: ..............stop algo...............
[INFO]: ..........................START........................
[INFO]: ..............stop algo...............
[INFO]: ..........................START........................
[INFO]: ..............stop algo...............
[INFO]: ..........................START........................
[INFO]: ..............stop algo...............
[INFO]: ..........................START........................
[INFO]: ..............stop algo...............
[INFO]: ..........................START........................
[INFO]: ..............stop algo...............
[INFO]: ..........................START........................
[INFO]: ..............stop algo...............
[INFO]: ..........................START........................
[INFO]: ..............stop algo...............
[INFO]: ..........................START........................
[INFO]: ..............stop algo...............
[INFO]: ..........................START........................
[INFO]: ..............stop algo...............
[INFO]: ..........................START........................
[INFO]: ..............stop algo...............
[INFO]: ..........................START........................
[INFO]: ..............stop algo...............
[INFO]: ..........................START........................
[INFO]: ..............stop algo...............
[INFO]: ..........................START........................
[INFO]: ..............stop algo...............
