[INFO]: ..........................START........................
[INFO]: Candle:2023-06-05 09:18:00 , Open:18626.35 , High:18628.95 , Low:18623.9 , Close:18626.1
[INFO]: 2023-06-05 09:19:59.386770-------------built NIFTY08JUN2318600PE short position
[INFO]: 2023-06-05 09:19:59.386770-------------built NIFTY08JUN2318600CE short position 
[INFO]: 2023-06-05 09:19:59.386770-------------built NIFTY08JUN2318650PE short position
[INFO]: 2023-06-05 09:19:59.386770-------------built NIFTY08JUN2318650CE short position 
[INFO]: lt:[18600, 18650]
[INFO]: Candle:2023-06-05 09:19:00 , Open:18626.5 , High:18626.85 , Low:18614.3 , Close:18618.05
[INFO]: Candle:2023-06-05 09:20:00 , Open:18617.85 , High:18619.1 , Low:18607.25 , Close:18610.4
[INFO]: Candle:2023-06-05 09:21:00 , Open:18609.9 , High:18613.1 , Low:18604.7 , Close:18611.5
[INFO]: Candle:2023-06-05 09:22:00 , Open:18612.2 , High:18612.2 , Low:18600.5 , Close:18602.95
[INFO]: Candle:2023-06-05 09:23:00 , Open:18602.4 , High:18609.2 , Low:18602.35 , Close:18609.2
[INFO]: Candle:2023-06-05 09:24:00 , Open:18609.7 , High:18616.6 , Low:18609.65 , Close:18616.6
[INFO]: Candle:2023-06-05 09:25:00 , Open:18616.55 , High:18617.7 , Low:18614.1 , Close:18615.3
[INFO]: Candle:2023-06-05 09:26:00 , Open:18615.55 , High:18616.0 , Low:18607.7 , Close:18608.8
[INFO]: Candle:2023-06-05 09:27:00 , Open:18608.45 , High:18610.1 , Low:18602.8 , Close:18604.45
[INFO]: Candle:2023-06-05 09:28:00 , Open:18605.55 , High:18611.75 , Low:18603.75 , Close:18611.25
[INFO]: Candle:2023-06-05 09:29:00 , Open:18611.35 , High:18612.95 , Low:18608.0 , Close:18612.0
[INFO]: Candle:2023-06-05 09:30:00 , Open:18611.8 , High:18617.25 , Low:18611.8 , Close:18612.2
[INFO]: Candle:2023-06-05 09:31:00 , Open:18611.65 , High:18613.3 , Low:18605.15 , Close:18605.15
[INFO]: Candle:2023-06-05 09:32:00 , Open:18605.65 , High:18606.25 , Low:18603.7 , Close:18604.0
[INFO]: Candle:2023-06-05 09:33:00 , Open:18605.05 , High:18605.45 , Low:18597.05 , Close:18598.4
[INFO]: Candle:2023-06-05 09:34:00 , Open:18598.25 , High:18598.7 , Low:18588.95 , Close:18588.95
[INFO]: 2023-06-05 09:35:00.927613 shift straddle downward---------------------closed NIFTY08JUN2318650PE short position @94.55
[INFO]: 2023-06-05 09:35:00.927613 shift straddle downward---------------------closed NIFTY08JUN2318650CE short position @59.65
[INFO]: 2023-06-05 09:35:00.927613-------------built NIFTY08JUN2318550PE short position 
[INFO]: 2023-06-05 09:35:00.927613-------------built NIFTY08JUN2318550CE short position
[INFO]: lt:[18550, 18600]
[INFO]: Candle:2023-06-05 09:35:00 , Open:18589.65 , High:18592.65 , Low:18585.3 , Close:18592.65
[INFO]: Candle:2023-06-05 09:36:00 , Open:18592.75 , High:18593.55 , Low:18583.3 , Close:18593.55
[INFO]: Candle:2023-06-05 09:37:00 , Open:18594.55 , High:18601.6 , Low:18594.4 , Close:18600.85
[INFO]: Candle:2023-06-05 09:38:00 , Open:18600.25 , High:18609.2 , Low:18599.35 , Close:18609.2
[INFO]: 2023-06-05 09:39:00.427329 shift straddle upward----------------closed NIFTY08JUN2318550PE short position @41.75
[INFO]: 2023-06-05 09:39:00.427329 shift straddle upward----------------closed NIFTY08JUN2318550CE short position @127.0
[INFO]: 2023-06-05 09:39:00.427329-------------built NIFTY08JUN2318650PE short position
[INFO]: 2023-06-05 09:39:00.427329-------------built NIFTY08JUN2318650CE short position
[INFO]: lt:[18600, 18650]
[INFO]: Candle:2023-06-05 09:39:00 , Open:18608.65 , High:18609.7 , Low:18604.15 , Close:18604.7
[INFO]: Candle:2023-06-05 09:40:00 , Open:18605.25 , High:18606.2 , Low:18603.7 , Close:18606.0
[INFO]: Candle:2023-06-05 09:41:00 , Open:18605.2 , High:18606.25 , Low:18600.4 , Close:18601.95
[INFO]: Candle:2023-06-05 09:42:00 , Open:18601.8 , High:18604.55 , Low:18600.15 , Close:18604.25
[INFO]: Candle:2023-06-05 09:43:00 , Open:18604.45 , High:18606.25 , Low:18602.75 , Close:18602.75
[INFO]: Candle:2023-06-05 09:44:00 , Open:18603.0 , High:18606.0 , Low:18598.6 , Close:18605.3
[INFO]: Candle:2023-06-05 09:45:00 , Open:18605.0 , High:18614.0 , Low:18604.8 , Close:18613.15
[INFO]: Candle:2023-06-05 09:46:00 , Open:18613.05 , High:18613.65 , Low:18608.8 , Close:18610.05
[INFO]: Candle:2023-06-05 09:47:00 , Open:18610.25 , High:18615.15 , Low:18608.95 , Close:18614.4
[INFO]: Candle:2023-06-05 09:48:00 , Open:18614.1 , High:18619.0 , Low:18613.2 , Close:18614.35
[INFO]: Candle:2023-06-05 09:49:00 , Open:18614.6 , High:18617.6 , Low:18613.1 , Close:18616.9
[INFO]: Candle:2023-06-05 09:50:00 , Open:18616.4 , High:18620.05 , Low:18616.05 , Close:18618.75
[INFO]: Candle:2023-06-05 09:51:00 , Open:18619.15 , High:18620.7 , Low:18612.3 , Close:18612.3
[INFO]: Candle:2023-06-05 09:52:00 , Open:18611.8 , High:18613.15 , Low:18609.1 , Close:18609.1
[INFO]: Candle:2023-06-05 09:53:00 , Open:18608.55 , High:18610.35 , Low:18606.4 , Close:18609.35
[INFO]: Candle:2023-06-05 09:54:00 , Open:18609.0 , High:18612.4 , Low:18608.0 , Close:18612.35
[INFO]: Candle:2023-06-05 09:55:00 , Open:18611.95 , High:18614.9 , Low:18611.1 , Close:18613.4
[INFO]: Candle:2023-06-05 09:56:00 , Open:18612.6 , High:18618.4 , Low:18610.8 , Close:18616.45
[INFO]: Candle:2023-06-05 09:57:00 , Open:18616.3 , High:18618.35 , Low:18614.9 , Close:18615.7
[INFO]: Candle:2023-06-05 09:58:00 , Open:18616.35 , High:18620.65 , Low:18616.3 , Close:18620.3
[INFO]: Candle:2023-06-05 09:59:00 , Open:18620.15 , High:18622.5 , Low:18618.7 , Close:18619.35
[INFO]: Candle:2023-06-05 10:00:00 , Open:18620.35 , High:18622.5 , Low:18619.2 , Close:18620.85
[INFO]: Candle:2023-06-05 10:01:00 , Open:18620.65 , High:18623.15 , Low:18620.55 , Close:18622.3
[INFO]: Candle:2023-06-05 10:02:00 , Open:18622.2 , High:18623.9 , Low:18619.25 , Close:18619.65
[INFO]: Candle:2023-06-05 10:03:00 , Open:18619.55 , High:18620.55 , Low:18616.45 , Close:18620.0
[INFO]: Candle:2023-06-05 10:04:00 , Open:18619.8 , High:18620.75 , Low:18615.9 , Close:18618.05
[INFO]: Candle:2023-06-05 10:05:00 , Open:18619.65 , High:18619.8 , Low:18616.65 , Close:18619.1
[INFO]: Candle:2023-06-05 10:06:00 , Open:18619.6 , High:18620.15 , Low:18616.4 , Close:18617.65
[INFO]: Candle:2023-06-05 10:07:00 , Open:18617.25 , High:18618.25 , Low:18614.6 , Close:18618.25
[INFO]: Candle:2023-06-05 10:08:00 , Open:18618.1 , High:18622.35 , Low:18617.0 , Close:18618.95
[INFO]: Candle:2023-06-05 10:09:00 , Open:18619.0 , High:18619.95 , Low:18615.05 , Close:18615.45
[INFO]: Candle:2023-06-05 10:10:00 , Open:18616.25 , High:18618.95 , Low:18612.7 , Close:18618.95
[INFO]: Candle:2023-06-05 10:11:00 , Open:18618.2 , High:18622.55 , Low:18617.8 , Close:18619.85
[INFO]: Candle:2023-06-05 10:12:00 , Open:18620.4 , High:18620.85 , Low:18618.0 , Close:18620.4
[INFO]: Candle:2023-06-05 10:13:00 , Open:18620.45 , High:18620.45 , Low:18615.3 , Close:18615.8
[INFO]: Candle:2023-06-05 10:14:00 , Open:18615.65 , High:18618.3 , Low:18614.7 , Close:18618.3
[INFO]: Candle:2023-06-05 10:15:00 , Open:18617.75 , High:18619.8 , Low:18616.75 , Close:18619.2
[INFO]: Candle:2023-06-05 10:16:00 , Open:18620.1 , High:18620.7 , Low:18617.8 , Close:18617.8
[INFO]: Candle:2023-06-05 10:17:00 , Open:18618.4 , High:18620.85 , Low:18617.65 , Close:18620.35
[INFO]: Candle:2023-06-05 10:18:00 , Open:18620.05 , High:18622.8 , Low:18619.3 , Close:18621.55
[INFO]: Candle:2023-06-05 10:19:00 , Open:18622.4 , High:18625.9 , Low:18621.4 , Close:18624.75
[INFO]: Candle:2023-06-05 10:20:00 , Open:18624.55 , High:18625.05 , Low:18623.6 , Close:18624.45
[INFO]: Candle:2023-06-05 10:21:00 , Open:18624.4 , High:18628.8 , Low:18624.4 , Close:18628.65
[INFO]: Candle:2023-06-05 10:22:00 , Open:18628.45 , High:18629.8 , Low:18626.9 , Close:18628.35
[INFO]: Candle:2023-06-05 10:23:00 , Open:18627.95 , High:18628.6 , Low:18624.75 , Close:18626.1
[INFO]: Candle:2023-06-05 10:24:00 , Open:18625.75 , High:18626.25 , Low:18623.9 , Close:18624.25
[INFO]: Candle:2023-06-05 10:25:00 , Open:18624.6 , High:18626.75 , Low:18623.15 , Close:18626.3
[INFO]: Candle:2023-06-05 10:27:00 , Open:18629.8 , High:18629.8 , Low:18625.55 , Close:18626.55
[INFO]: Candle:2023-06-05 10:28:00 , Open:18626.05 , High:18626.35 , Low:18619.75 , Close:18619.75
[INFO]: Candle:2023-06-05 10:29:00 , Open:18620.15 , High:18620.2 , Low:18617.8 , Close:18618.5
[INFO]: Candle:2023-06-05 10:30:00 , Open:18618.65 , High:18618.75 , Low:18613.0 , Close:18614.45
[INFO]: Candle:2023-06-05 10:31:00 , Open:18614.15 , High:18616.95 , Low:18613.4 , Close:18615.35
[INFO]: Candle:2023-06-05 10:32:00 , Open:18614.9 , High:18616.6 , Low:18612.75 , Close:18615.8
[INFO]: Candle:2023-06-05 10:33:00 , Open:18615.7 , High:18618.0 , Low:18614.9 , Close:18615.6
[INFO]: Candle:2023-06-05 10:34:00 , Open:18615.9 , High:18618.55 , Low:18614.8 , Close:18615.1
[INFO]: Candle:2023-06-05 10:35:00 , Open:18614.95 , High:18618.3 , Low:18614.95 , Close:18616.8
[INFO]: Candle:2023-06-05 10:36:00 , Open:18617.45 , High:18618.05 , Low:18614.95 , Close:18617.95
[INFO]: Candle:2023-06-05 10:37:00 , Open:18618.15 , High:18618.15 , Low:18614.55 , Close:18614.9
[INFO]: Candle:2023-06-05 10:38:00 , Open:18616.0 , High:18616.0 , Low:18613.2 , Close:18615.05
[INFO]: Candle:2023-06-05 10:39:00 , Open:18615.55 , High:18615.8 , Low:18612.5 , Close:18612.6
[INFO]: Candle:2023-06-05 10:40:00 , Open:18611.8 , High:18613.15 , Low:18611.45 , Close:18612.55
[INFO]: Candle:2023-06-05 10:41:00 , Open:18612.55 , High:18612.8 , Low:18609.95 , Close:18610.95
[INFO]: Candle:2023-06-05 10:42:00 , Open:18611.05 , High:18612.0 , Low:18609.65 , Close:18609.65
[INFO]: Candle:2023-06-05 10:43:00 , Open:18609.2 , High:18611.55 , Low:18609.2 , Close:18611.55
[INFO]: Candle:2023-06-05 10:44:00 , Open:18611.35 , High:18615.45 , Low:18610.15 , Close:18615.05
[INFO]: Candle:2023-06-05 10:45:00 , Open:18615.8 , High:18620.25 , Low:18614.9 , Close:18619.6
[INFO]: Candle:2023-06-05 10:46:00 , Open:18619.6 , High:18621.35 , Low:18617.8 , Close:18621.15
[INFO]: Candle:2023-06-05 10:47:00 , Open:18621.4 , High:18621.55 , Low:18618.85 , Close:18619.65
[INFO]: Candle:2023-06-05 10:48:00 , Open:18620.0 , High:18620.0 , Low:18617.7 , Close:18618.8
[INFO]: Candle:2023-06-05 10:49:00 , Open:18618.35 , High:18618.85 , Low:18616.55 , Close:18617.75
[INFO]: Candle:2023-06-05 10:50:00 , Open:18617.35 , High:18618.0 , Low:18615.9 , Close:18616.35
[INFO]: Candle:2023-06-05 10:51:00 , Open:18616.6 , High:18617.2 , Low:18615.05 , Close:18615.05
[INFO]: Candle:2023-06-05 10:52:00 , Open:18615.65 , High:18616.6 , Low:18614.7 , Close:18615.9
[INFO]: Candle:2023-06-05 10:53:00 , Open:18615.65 , High:18616.85 , Low:18615.2 , Close:18615.2
[INFO]: Candle:2023-06-05 10:54:00 , Open:18615.4 , High:18616.25 , Low:18614.2 , Close:18615.0
[INFO]: Candle:2023-06-05 10:55:00 , Open:18615.35 , High:18619.9 , Low:18615.25 , Close:18619.15
[INFO]: Candle:2023-06-05 10:56:00 , Open:18620.0 , High:18620.0 , Low:18616.95 , Close:18617.25
[INFO]: Candle:2023-06-05 10:57:00 , Open:18617.85 , High:18620.25 , Low:18616.4 , Close:18618.0
[INFO]: Candle:2023-06-05 10:58:00 , Open:18617.85 , High:18618.95 , Low:18615.5 , Close:18618.3
[INFO]: Candle:2023-06-05 10:59:00 , Open:18618.4 , High:18622.1 , Low:18618.4 , Close:18620.5
[INFO]: Candle:2023-06-05 11:00:00 , Open:18621.75 , High:18624.9 , Low:18621.35 , Close:18624.7
[INFO]: Candle:2023-06-05 11:01:00 , Open:18624.15 , High:18624.25 , Low:18622.1 , Close:18623.0
[INFO]: Candle:2023-06-05 11:02:00 , Open:18622.95 , High:18623.55 , Low:18621.8 , Close:18622.8
[INFO]: Candle:2023-06-05 11:03:00 , Open:18622.85 , High:18624.3 , Low:18622.45 , Close:18623.65
[INFO]: Candle:2023-06-05 11:04:00 , Open:18623.3 , High:18625.5 , Low:18623.3 , Close:18624.8
[INFO]: Candle:2023-06-05 11:05:00 , Open:18624.75 , High:18627.05 , Low:18624.35 , Close:18626.5
[INFO]: Candle:2023-06-05 11:06:00 , Open:18625.55 , High:18628.0 , Low:18625.55 , Close:18627.25
[INFO]: Candle:2023-06-05 11:07:00 , Open:18627.5 , High:18629.1 , Low:18627.35 , Close:18628.25
[INFO]: Candle:2023-06-05 11:08:00 , Open:18629.15 , High:18630.5 , Low:18628.3 , Close:18630.5
[INFO]: Candle:2023-06-05 11:09:00 , Open:18629.15 , High:18630.7 , Low:18629.0 , Close:18630.2
[INFO]: Candle:2023-06-05 11:10:00 , Open:18630.4 , High:18633.7 , Low:18627.95 , Close:18633.05
[INFO]: Candle:2023-06-05 11:11:00 , Open:18633.1 , High:18636.35 , Low:18632.2 , Close:18635.65
[INFO]: Candle:2023-06-05 11:12:00 , Open:18635.05 , High:18635.2 , Low:18631.95 , Close:18632.35
[INFO]: Candle:2023-06-05 11:13:00 , Open:18632.55 , High:18634.0 , Low:18631.5 , Close:18632.45
[INFO]: Candle:2023-06-05 11:14:00 , Open:18632.4 , High:18634.0 , Low:18631.2 , Close:18631.5
[INFO]: Candle:2023-06-05 11:15:00 , Open:18631.3 , High:18633.0 , Low:18631.05 , Close:18631.4
[INFO]: Candle:2023-06-05 11:16:00 , Open:18631.55 , High:18634.85 , Low:18631.3 , Close:18634.35
[INFO]: Candle:2023-06-05 11:17:00 , Open:18634.6 , High:18635.6 , Low:18633.3 , Close:18635.2
[INFO]: Candle:2023-06-05 11:18:00 , Open:18635.55 , High:18638.5 , Low:18635.4 , Close:18637.7
[INFO]: Candle:2023-06-05 11:19:00 , Open:18637.3 , High:18638.0 , Low:18634.6 , Close:18635.25
[INFO]: Candle:2023-06-05 11:20:00 , Open:18634.75 , High:18636.35 , Low:18634.3 , Close:18635.6
[INFO]: Candle:2023-06-05 11:21:00 , Open:18635.45 , High:18637.75 , Low:18635.1 , Close:18636.25
[INFO]: Candle:2023-06-05 11:22:00 , Open:18636.2 , High:18638.3 , Low:18635.35 , Close:18637.85
[INFO]: Candle:2023-06-05 11:23:00 , Open:18638.45 , High:18639.4 , Low:18637.3 , Close:18638.25
[INFO]: Candle:2023-06-05 11:24:00 , Open:18638.7 , High:18639.2 , Low:18637.15 , Close:18638.2
[INFO]: Candle:2023-06-05 11:25:00 , Open:18637.85 , High:18639.2 , Low:18636.9 , Close:18638.7
[INFO]: Candle:2023-06-05 11:26:00 , Open:18637.35 , High:18638.15 , Low:18635.1 , Close:18635.45
[INFO]: Candle:2023-06-05 11:27:00 , Open:18636.5 , High:18637.6 , Low:18635.55 , Close:18635.6
[INFO]: Candle:2023-06-05 11:28:00 , Open:18636.85 , High:18637.45 , Low:18634.7 , Close:18635.55
[INFO]: Candle:2023-06-05 11:29:00 , Open:18635.45 , High:18637.3 , Low:18634.9 , Close:18636.6
[INFO]: Candle:2023-06-05 11:30:00 , Open:18636.55 , High:18637.15 , Low:18633.0 , Close:18634.6
[INFO]: Candle:2023-06-05 11:31:00 , Open:18634.05 , High:18634.35 , Low:18631.75 , Close:18632.4
[INFO]: Candle:2023-06-05 11:32:00 , Open:18631.75 , High:18632.3 , Low:18629.7 , Close:18629.7
[INFO]: Candle:2023-06-05 11:33:00 , Open:18629.95 , High:18630.15 , Low:18626.25 , Close:18626.45
[INFO]: Candle:2023-06-05 11:34:00 , Open:18626.35 , High:18627.45 , Low:18625.1 , Close:18625.55
[INFO]: Candle:2023-06-05 11:35:00 , Open:18625.2 , High:18625.45 , Low:18622.05 , Close:18623.7
[INFO]: Candle:2023-06-05 11:36:00 , Open:18623.6 , High:18627.05 , Low:18622.95 , Close:18626.55
[INFO]: Candle:2023-06-05 11:37:00 , Open:18625.75 , High:18629.05 , Low:18625.2 , Close:18628.5
[INFO]: Candle:2023-06-05 11:38:00 , Open:18627.6 , High:18628.95 , Low:18626.5 , Close:18626.9
[INFO]: Candle:2023-06-05 11:39:00 , Open:18626.95 , High:18629.2 , Low:18626.0 , Close:18628.8
[INFO]: Candle:2023-06-05 11:40:00 , Open:18628.2 , High:18629.75 , Low:18627.3 , Close:18628.05
[INFO]: Candle:2023-06-05 11:41:00 , Open:18628.0 , High:18628.3 , Low:18626.1 , Close:18626.6
[INFO]: Candle:2023-06-05 11:42:00 , Open:18626.05 , High:18628.9 , Low:18625.1 , Close:18628.1
[INFO]: Candle:2023-06-05 11:43:00 , Open:18627.05 , High:18628.0 , Low:18624.15 , Close:18624.5
[INFO]: Candle:2023-06-05 11:44:00 , Open:18624.6 , High:18626.1 , Low:18623.4 , Close:18625.65
[INFO]: Candle:2023-06-05 11:45:00 , Open:18625.3 , High:18627.35 , Low:18624.15 , Close:18626.5
[INFO]: Candle:2023-06-05 11:46:00 , Open:18626.35 , High:18626.8 , Low:18624.35 , Close:18626.45
[INFO]: Candle:2023-06-05 11:47:00 , Open:18626.45 , High:18629.0 , Low:18626.0 , Close:18628.05
[INFO]: Candle:2023-06-05 11:48:00 , Open:18628.55 , High:18630.5 , Low:18627.95 , Close:18629.8
[INFO]: Candle:2023-06-05 11:49:00 , Open:18630.05 , High:18631.1 , Low:18629.25 , Close:18630.0
[INFO]: Candle:2023-06-05 11:50:00 , Open:18629.7 , High:18631.75 , Low:18628.65 , Close:18630.45
[INFO]: Candle:2023-06-05 11:51:00 , Open:18630.7 , High:18631.5 , Low:18627.65 , Close:18629.95
[INFO]: Candle:2023-06-05 11:52:00 , Open:18630.0 , High:18630.25 , Low:18627.05 , Close:18627.95
[INFO]: Candle:2023-06-05 11:53:00 , Open:18627.7 , High:18630.4 , Low:18626.5 , Close:18627.0
[INFO]: Candle:2023-06-05 11:54:00 , Open:18626.9 , High:18627.1 , Low:18623.85 , Close:18624.2
[INFO]: Candle:2023-06-05 11:56:00 , Open:18620.3 , High:18620.9 , Low:18618.9 , Close:18620.1
[INFO]: Candle:2023-06-05 11:57:00 , Open:18619.65 , High:18621.35 , Low:18618.1 , Close:18620.8
[INFO]: Candle:2023-06-05 11:58:00 , Open:18620.45 , High:18621.0 , Low:18618.45 , Close:18619.25
[INFO]: Candle:2023-06-05 11:59:00 , Open:18619.15 , High:18619.95 , Low:18617.85 , Close:18619.0
[INFO]: Candle:2023-06-05 12:00:00 , Open:18618.4 , High:18624.85 , Low:18616.2 , Close:18623.95
[INFO]: Candle:2023-06-05 12:01:00 , Open:18623.15 , High:18624.35 , Low:18622.35 , Close:18623.5
[INFO]: Candle:2023-06-05 12:03:00 , Open:18622.1 , High:18624.0 , Low:18621.8 , Close:18623.05
[INFO]: Candle:2023-06-05 12:04:00 , Open:18622.15 , High:18622.35 , Low:18620.2 , Close:18620.95
[INFO]: Candle:2023-06-05 12:05:00 , Open:18620.85 , High:18622.55 , Low:18620.85 , Close:18622.0
[INFO]: Candle:2023-06-05 12:06:00 , Open:18621.75 , High:18621.75 , Low:18617.4 , Close:18618.8
[INFO]: Candle:2023-06-05 12:07:00 , Open:18618.9 , High:18622.8 , Low:18618.1 , Close:18621.85
[INFO]: Candle:2023-06-05 12:08:00 , Open:18622.3 , High:18622.7 , Low:18620.6 , Close:18620.95
[INFO]: Candle:2023-06-05 12:09:00 , Open:18621.2 , High:18624.2 , Low:18619.7 , Close:18623.15
[INFO]: Candle:2023-06-05 12:10:00 , Open:18622.9 , High:18626.3 , Low:18622.55 , Close:18625.65
[INFO]: Candle:2023-06-05 12:11:00 , Open:18625.75 , High:18626.55 , Low:18624.5 , Close:18625.75
[INFO]: Candle:2023-06-05 12:12:00 , Open:18625.6 , High:18625.75 , Low:18623.75 , Close:18624.3
[INFO]: Candle:2023-06-05 12:13:00 , Open:18624.15 , High:18628.9 , Low:18623.55 , Close:18628.2
[INFO]: Candle:2023-06-05 12:14:00 , Open:18628.15 , High:18628.65 , Low:18624.55 , Close:18625.9
[INFO]: Candle:2023-06-05 12:15:00 , Open:18626.4 , High:18629.3 , Low:18625.8 , Close:18628.55
[INFO]: Candle:2023-06-05 12:16:00 , Open:18627.95 , High:18628.85 , Low:18626.45 , Close:18628.55
[INFO]: Candle:2023-06-05 12:17:00 , Open:18628.35 , High:18628.85 , Low:18627.35 , Close:18627.75
[INFO]: Candle:2023-06-05 12:18:00 , Open:18627.45 , High:18627.85 , Low:18624.9 , Close:18624.9
[INFO]: Candle:2023-06-05 12:19:00 , Open:18625.15 , High:18625.15 , Low:18620.85 , Close:18622.25
[INFO]: Candle:2023-06-05 12:20:00 , Open:18622.35 , High:18622.55 , Low:18619.75 , Close:18620.45
[INFO]: Candle:2023-06-05 12:21:00 , Open:18620.4 , High:18620.45 , Low:18617.3 , Close:18617.3
[INFO]: Candle:2023-06-05 12:22:00 , Open:18617.4 , High:18618.75 , Low:18614.85 , Close:18617.45
[INFO]: Candle:2023-06-05 12:23:00 , Open:18617.6 , High:18623.2 , Low:18616.5 , Close:18622.85
[INFO]: Candle:2023-06-05 12:24:00 , Open:18622.9 , High:18624.6 , Low:18619.0 , Close:18619.95
[INFO]: Candle:2023-06-05 12:25:00 , Open:18619.4 , High:18619.4 , Low:18616.4 , Close:18616.5
[INFO]: Candle:2023-06-05 12:26:00 , Open:18616.7 , High:18617.2 , Low:18615.0 , Close:18615.4
[INFO]: Candle:2023-06-05 12:27:00 , Open:18614.95 , High:18619.5 , Low:18613.65 , Close:18617.65
[INFO]: Candle:2023-06-05 12:28:00 , Open:18617.7 , High:18619.3 , Low:18616.2 , Close:18618.5
[INFO]: Candle:2023-06-05 12:29:00 , Open:18618.3 , High:18619.6 , Low:18616.75 , Close:18618.15
[INFO]: Candle:2023-06-05 12:30:00 , Open:18617.9 , High:18619.3 , Low:18616.35 , Close:18616.35
[INFO]: Candle:2023-06-05 12:31:00 , Open:18616.2 , High:18616.65 , Low:18614.1 , Close:18615.85
[INFO]: Candle:2023-06-05 12:32:00 , Open:18615.65 , High:18615.8 , Low:18612.7 , Close:18613.3
[INFO]: Candle:2023-06-05 12:33:00 , Open:18613.55 , High:18613.55 , Low:18610.55 , Close:18612.4
[INFO]: Candle:2023-06-05 12:34:00 , Open:18612.1 , High:18612.65 , Low:18609.5 , Close:18611.05
[INFO]: Candle:2023-06-05 12:35:00 , Open:18611.7 , High:18613.1 , Low:18609.85 , Close:18610.95
[INFO]: Candle:2023-06-05 12:36:00 , Open:18610.85 , High:18612.6 , Low:18610.1 , Close:18610.55
[INFO]: Candle:2023-06-05 12:37:00 , Open:18611.05 , High:18614.15 , Low:18609.9 , Close:18613.35
[INFO]: Candle:2023-06-05 12:38:00 , Open:18613.55 , High:18614.7 , Low:18611.85 , Close:18613.25
[INFO]: Candle:2023-06-05 12:39:00 , Open:18612.9 , High:18613.3 , Low:18609.8 , Close:18609.85
[INFO]: Candle:2023-06-05 12:40:00 , Open:18609.45 , High:18609.55 , Low:18606.25 , Close:18608.3
[INFO]: Candle:2023-06-05 12:41:00 , Open:18608.4 , High:18609.55 , Low:18607.05 , Close:18608.3
[INFO]: Candle:2023-06-05 12:42:00 , Open:18608.9 , High:18613.3 , Low:18608.25 , Close:18612.5
[INFO]: Candle:2023-06-05 12:43:00 , Open:18612.5 , High:18614.55 , Low:18611.0 , Close:18612.95
[INFO]: Candle:2023-06-05 12:44:00 , Open:18613.1 , High:18613.3 , Low:18610.0 , Close:18611.1
[INFO]: Candle:2023-06-05 12:45:00 , Open:18610.9 , High:18612.55 , Low:18610.1 , Close:18612.25
[INFO]: Candle:2023-06-05 12:46:00 , Open:18611.95 , High:18615.05 , Low:18610.4 , Close:18614.7
[INFO]: Candle:2023-06-05 12:47:00 , Open:18615.2 , High:18615.9 , Low:18613.8 , Close:18614.9
[INFO]: Candle:2023-06-05 12:48:00 , Open:18615.35 , High:18615.75 , Low:18613.95 , Close:18614.55
[INFO]: Candle:2023-06-05 12:51:00 , Open:18613.7 , High:18614.25 , Low:18611.45 , Close:18611.45
[INFO]: Candle:2023-06-05 12:52:00 , Open:18611.7 , High:18611.7 , Low:18608.85 , Close:18610.55
[INFO]: Candle:2023-06-05 12:53:00 , Open:18610.55 , High:18611.2 , Low:18609.3 , Close:18609.55
[INFO]: Candle:2023-06-05 12:54:00 , Open:18609.85 , High:18609.85 , Low:18607.05 , Close:18608.5
[INFO]: Candle:2023-06-05 12:55:00 , Open:18608.4 , High:18609.7 , Low:18607.35 , Close:18608.8
[INFO]: Candle:2023-06-05 12:56:00 , Open:18608.75 , High:18610.6 , Low:18608.2 , Close:18609.65
[INFO]: Candle:2023-06-05 12:57:00 , Open:18609.5 , High:18613.25 , Low:18608.6 , Close:18612.4
[INFO]: Candle:2023-06-05 12:58:00 , Open:18612.3 , High:18613.95 , Low:18612.05 , Close:18613.8
[INFO]: Candle:2023-06-05 12:59:00 , Open:18613.65 , High:18614.15 , Low:18612.7 , Close:18613.45
[INFO]: Candle:2023-06-05 13:00:00 , Open:18613.25 , High:18614.8 , Low:18611.7 , Close:18613.85
[INFO]: Candle:2023-06-05 13:01:00 , Open:18613.6 , High:18614.4 , Low:18610.35 , Close:18611.45
[INFO]: Candle:2023-06-05 13:02:00 , Open:18611.85 , High:18615.2 , Low:18610.9 , Close:18615.05
[INFO]: Candle:2023-06-05 13:04:00 , Open:18613.0 , High:18614.65 , Low:18612.5 , Close:18613.85
[INFO]: Candle:2023-06-05 13:05:00 , Open:18614.1 , High:18614.1 , Low:18611.6 , Close:18612.55
[INFO]: Candle:2023-06-05 13:06:00 , Open:18612.7 , High:18614.0 , Low:18610.9 , Close:18612.95
[INFO]: Candle:2023-06-05 13:07:00 , Open:18613.05 , High:18613.45 , Low:18611.25 , Close:18611.5
[INFO]: Candle:2023-06-05 13:08:00 , Open:18611.6 , High:18613.7 , Low:18610.9 , Close:18613.15
[INFO]: Candle:2023-06-05 13:09:00 , Open:18613.1 , High:18613.5 , Low:18610.05 , Close:18611.05
[INFO]: Candle:2023-06-05 13:10:00 , Open:18610.65 , High:18613.45 , Low:18610.2 , Close:18612.6
[INFO]: Candle:2023-06-05 13:11:00 , Open:18612.4 , High:18613.15 , Low:18608.9 , Close:18609.75
[INFO]: Candle:2023-06-05 13:12:00 , Open:18610.45 , High:18611.95 , Low:18609.35 , Close:18611.6
[INFO]: Candle:2023-06-05 13:13:00 , Open:18611.3 , High:18611.35 , Low:18602.95 , Close:18607.7
[INFO]: Candle:2023-06-05 13:14:00 , Open:18607.4 , High:18607.8 , Low:18605.25 , Close:18606.55
[INFO]: Candle:2023-06-05 13:15:00 , Open:18606.4 , High:18609.1 , Low:18605.25 , Close:18607.75
[INFO]: Candle:2023-06-05 13:16:00 , Open:18607.8 , High:18609.3 , Low:18607.2 , Close:18608.15
[INFO]: Candle:2023-06-05 13:17:00 , Open:18608.05 , High:18612.05 , Low:18608.05 , Close:18611.05
[INFO]: Candle:2023-06-05 13:18:00 , Open:18610.9 , High:18613.25 , Low:18610.5 , Close:18612.8
[INFO]: Candle:2023-06-05 13:19:00 , Open:18612.7 , High:18615.4 , Low:18612.0 , Close:18614.7
[INFO]: Candle:2023-06-05 13:20:00 , Open:18614.5 , High:18615.6 , Low:18612.65 , Close:18613.9
[INFO]: Candle:2023-06-05 13:21:00 , Open:18614.3 , High:18614.4 , Low:18612.75 , Close:18613.2
[INFO]: Candle:2023-06-05 13:22:00 , Open:18613.1 , High:18615.6 , Low:18612.5 , Close:18615.05
[INFO]: Candle:2023-06-05 13:23:00 , Open:18615.1 , High:18618.3 , Low:18614.5 , Close:18617.35
[INFO]: Candle:2023-06-05 13:24:00 , Open:18617.0 , High:18617.95 , Low:18614.4 , Close:18617.05
[INFO]: Candle:2023-06-05 13:25:00 , Open:18617.1 , High:18619.65 , Low:18616.35 , Close:18617.95
[INFO]: Candle:2023-06-05 13:26:00 , Open:18618.05 , High:18619.55 , Low:18616.05 , Close:18616.35
[INFO]: Candle:2023-06-05 13:27:00 , Open:18615.95 , High:18615.95 , Low:18611.5 , Close:18614.15
[INFO]: Candle:2023-06-05 13:28:00 , Open:18613.9 , High:18614.5 , Low:18611.65 , Close:18613.35
[INFO]: Candle:2023-06-05 13:29:00 , Open:18613.0 , High:18614.05 , Low:18611.45 , Close:18613.4
[INFO]: Candle:2023-06-05 13:30:00 , Open:18613.05 , High:18613.8 , Low:18611.5 , Close:18612.15
[INFO]: Candle:2023-06-05 13:32:00 , Open:18613.85 , High:18614.1 , Low:18612.5 , Close:18613.5
[INFO]: Candle:2023-06-05 13:33:00 , Open:18613.5 , High:18616.3 , Low:18613.5 , Close:18614.95
[INFO]: Candle:2023-06-05 13:34:00 , Open:18614.6 , High:18615.95 , Low:18614.1 , Close:18615.5
