[DEBUG]: Starting new HTTPS connection (1): api.icicidirect.com:443
[DEBUG]: https://api.icicidirect.com:443 "GET /breezeapi/api/v1/customerdetails HTTP/1.1" 200 577
[DEBUG]: Starting new HTTPS connection (1): traderweb.icicidirect.com:443
[DEBUG]: https://traderweb.icicidirect.com:443 "GET /Content/File/txtFile/ScripFile/StockScriptNew.csv HTTP/1.1" 200 2543449
[INFO]: 2023-06-17 12:28:01.017806 modifying order_id 202306192700000496 with limitPrice @5.1
[DEBUG]: Starting new HTTPS connection (1): api.icicidirect.com:443
[DEBUG]: https://api.icicidirect.com:443 "PUT /breezeapi/api/v1/order HTTP/1.1" 200 115
[INFO]: 2023-06-17 12:28:01.327652 {'Success': {'message': 'Successfully Modified the order', 'order_id': '202306192700000496'}, 'Status': 200, 'Error': None}
[INFO]: 2023-06-17 12:28:01.327848 order_id 202306192700000496 modified sucessfully
[INFO]: 2023-06-17 12:28:07.342764 modifying order_id 202306192700000496 with limitPrice @5.1
[DEBUG]: Starting new HTTPS connection (1): api.icicidirect.com:443
[DEBUG]: https://api.icicidirect.com:443 "PUT /breezeapi/api/v1/order HTTP/1.1" 200 115
[INFO]: 2023-06-17 12:28:07.636217 {'Success': {'message': 'Successfully Modified the order', 'order_id': '202306192700000496'}, 'Status': 200, 'Error': None}
[INFO]: 2023-06-17 12:28:07.636407 order_id 202306192700000496 modified sucessfully
[INFO]: 2023-06-17 12:28:13.650878 modifying order_id 202306192700000496 with limitPrice @5.1
[DEBUG]: Starting new HTTPS connection (1): api.icicidirect.com:443
[DEBUG]: https://api.icicidirect.com:443 "PUT /breezeapi/api/v1/order HTTP/1.1" 200 115
[INFO]: 2023-06-17 12:28:13.952218 {'Success': {'message': 'Successfully Modified the order', 'order_id': '202306192700000496'}, 'Status': 200, 'Error': None}
[INFO]: 2023-06-17 12:28:13.952409 order_id 202306192700000496 modified sucessfully
[INFO]: 2023-06-17 12:28:19.966982 modifying order_id 202306192700000496 with limitPrice @5.1
[DEBUG]: Starting new HTTPS connection (1): api.icicidirect.com:443
[DEBUG]: https://api.icicidirect.com:443 "PUT /breezeapi/api/v1/order HTTP/1.1" 200 115
[INFO]: 2023-06-17 12:28:20.254228 {'Success': {'message': 'Successfully Modified the order', 'order_id': '202306192700000496'}, 'Status': 200, 'Error': None}
[INFO]: 2023-06-17 12:28:20.254422 order_id 202306192700000496 modified sucessfully
[INFO]: 2023-06-17 12:28:20.756690 modified max times 4, removing order_id 202306192700000496 from modifyOrder queue
[INFO]: 2023-06-17 13:19:26.206204 modifying order_id 202306192700000524 with limitPrice @5.1
[DEBUG]: Starting new HTTPS connection (1): api.icicidirect.com:443
[DEBUG]: https://api.icicidirect.com:443 "PUT /breezeapi/api/v1/order HTTP/1.1" 200 115
[INFO]: 2023-06-17 13:19:26.546616 {'Success': {'message': 'Successfully Modified the order', 'order_id': '202306192700000524'}, 'Status': 200, 'Error': None}
[INFO]: 2023-06-17 13:19:26.546894 order_id 202306192700000524 modified sucessfully
[INFO]: 2023-06-17 13:19:32.573923 modifying order_id 202306192700000524 with limitPrice @5.1
[DEBUG]: Starting new HTTPS connection (1): api.icicidirect.com:443
[DEBUG]: https://api.icicidirect.com:443 "PUT /breezeapi/api/v1/order HTTP/1.1" 200 115
[INFO]: 2023-06-17 13:19:32.826748 {'Success': {'message': 'Successfully Modified the order', 'order_id': '202306192700000524'}, 'Status': 200, 'Error': None}
[INFO]: 2023-06-17 13:19:32.827047 order_id 202306192700000524 modified sucessfully
[INFO]: 2023-06-17 13:19:38.841674 modifying order_id 202306192700000524 with limitPrice @5.1
[DEBUG]: Starting new HTTPS connection (1): api.icicidirect.com:443
[DEBUG]: https://api.icicidirect.com:443 "PUT /breezeapi/api/v1/order HTTP/1.1" 200 115
[INFO]: 2023-06-17 13:19:39.126959 {'Success': {'message': 'Successfully Modified the order', 'order_id': '202306192700000524'}, 'Status': 200, 'Error': None}
[INFO]: 2023-06-17 13:19:39.127235 order_id 202306192700000524 modified sucessfully
[INFO]: 2023-06-17 13:19:45.142347 modifying order_id 202306192700000524 with limitPrice @5.1
[DEBUG]: Starting new HTTPS connection (1): api.icicidirect.com:443
[DEBUG]: https://api.icicidirect.com:443 "PUT /breezeapi/api/v1/order HTTP/1.1" 200 115
[INFO]: 2023-06-17 13:19:45.413657 {'Success': {'message': 'Successfully Modified the order', 'order_id': '202306192700000524'}, 'Status': 200, 'Error': None}
[INFO]: 2023-06-17 13:19:45.413930 order_id 202306192700000524 modified sucessfully
[INFO]: 2023-06-17 13:19:45.915784 modified max times 4, removing order_id 202306192700000524 from modifyOrder queue
[DEBUG]: Starting new HTTPS connection (1): api.icicidirect.com:443
[DEBUG]: https://api.icicidirect.com:443 "GET /breezeapi/api/v1/customerdetails HTTP/1.1" 200 577
[DEBUG]: Starting new HTTPS connection (1): traderweb.icicidirect.com:443
[DEBUG]: https://traderweb.icicidirect.com:443 "GET /Content/File/txtFile/ScripFile/StockScriptNew.csv HTTP/1.1" 200 2543449
[INFO]: 2023-06-17 16:13:01.316405 modifying order_id 202306192700000605 with limitPrice @5.1
[DEBUG]: Starting new HTTPS connection (1): api.icicidirect.com:443
[DEBUG]: https://api.icicidirect.com:443 "PUT /breezeapi/api/v1/order HTTP/1.1" 200 115
[INFO]: 2023-06-17 16:13:01.641653 {'Success': {'message': 'Successfully Modified the order', 'order_id': '202306192700000605'}, 'Status': 200, 'Error': None}
[INFO]: 2023-06-17 16:13:01.641842 order_id 202306192700000605 modified sucessfully
[INFO]: 2023-06-17 16:13:07.659073 modifying order_id 202306192700000605 with limitPrice @5.1
[DEBUG]: Starting new HTTPS connection (1): api.icicidirect.com:443
[DEBUG]: https://api.icicidirect.com:443 "PUT /breezeapi/api/v1/order HTTP/1.1" 200 115
[INFO]: 2023-06-17 16:13:07.929169 {'Success': {'message': 'Successfully Modified the order', 'order_id': '202306192700000605'}, 'Status': 200, 'Error': None}
[INFO]: 2023-06-17 16:13:07.929366 order_id 202306192700000605 modified sucessfully
[INFO]: 2023-06-17 16:13:13.946150 modifying order_id 202306192700000605 with limitPrice @5.1
[DEBUG]: Starting new HTTPS connection (1): api.icicidirect.com:443
[DEBUG]: https://api.icicidirect.com:443 "PUT /breezeapi/api/v1/order HTTP/1.1" 200 115
[INFO]: 2023-06-17 16:13:14.220601 {'Success': {'message': 'Successfully Modified the order', 'order_id': '202306192700000605'}, 'Status': 200, 'Error': None}
[INFO]: 2023-06-17 16:13:14.220804 order_id 202306192700000605 modified sucessfully
[INFO]: 2023-06-17 16:13:20.234830 modifying order_id 202306192700000605 with limitPrice @5.1
[DEBUG]: Starting new HTTPS connection (1): api.icicidirect.com:443
[DEBUG]: https://api.icicidirect.com:443 "PUT /breezeapi/api/v1/order HTTP/1.1" 200 115
[INFO]: 2023-06-17 16:13:20.503612 {'Success': {'message': 'Successfully Modified the order', 'order_id': '202306192700000605'}, 'Status': 200, 'Error': None}
[INFO]: 2023-06-17 16:13:20.503797 order_id 202306192700000605 modified sucessfully
[INFO]: 2023-06-17 16:13:21.006005 modified max times 4, removing order_id 202306192700000605 from modifyOrder queue
[DEBUG]: Starting new HTTPS connection (1): api.icicidirect.com:443
[DEBUG]: https://api.icicidirect.com:443 "GET /breezeapi/api/v1/customerdetails HTTP/1.1" 200 577
[DEBUG]: Starting new HTTPS connection (1): traderweb.icicidirect.com:443
[DEBUG]: https://traderweb.icicidirect.com:443 "GET /Content/File/txtFile/ScripFile/StockScriptNew.csv HTTP/1.1" 200 2543449
[INFO]: 2023-06-17 16:33:33.519792 modifying order_id 202306192700000606 with limitPrice @5.1
[DEBUG]: Starting new HTTPS connection (1): api.icicidirect.com:443
[DEBUG]: https://api.icicidirect.com:443 "PUT /breezeapi/api/v1/order HTTP/1.1" 200 121
[ERROR]: 2023-06-17 16:33:33.754950 {'Success': None, 'Status': 500, 'Error': 'Modification/Cancellation of Order is not possible:Please verify the order status'}
[INFO]: 2023-06-17 16:33:34.257092 modifying order_id 202306192700000607 with limitPrice @5.1
[DEBUG]: Starting new HTTPS connection (1): api.icicidirect.com:443
[DEBUG]: https://api.icicidirect.com:443 "PUT /breezeapi/api/v1/order HTTP/1.1" 200 121
[ERROR]: 2023-06-17 16:33:34.472650 {'Success': None, 'Status': 500, 'Error': 'Modification/Cancellation of Order is not possible:Please verify the order status'}
[INFO]: 2023-06-17 16:33:34.974793 modifying order_id 202306192700000608 with limitPrice @5.1
[DEBUG]: Starting new HTTPS connection (1): api.icicidirect.com:443
[DEBUG]: https://api.icicidirect.com:443 "PUT /breezeapi/api/v1/order HTTP/1.1" 200 121
[ERROR]: 2023-06-17 16:33:35.201114 {'Success': None, 'Status': 500, 'Error': 'Modification/Cancellation of Order is not possible:Please verify the order status'}
[INFO]: 2023-06-17 16:33:35.703298 modifying order_id 202306192700000609 with limitPrice @5.1
[DEBUG]: Starting new HTTPS connection (1): api.icicidirect.com:443
[DEBUG]: https://api.icicidirect.com:443 "PUT /breezeapi/api/v1/order HTTP/1.1" 200 121
[ERROR]: 2023-06-17 16:33:35.929040 {'Success': None, 'Status': 500, 'Error': 'Modification/Cancellation of Order is not possible:Please verify the order status'}
[INFO]: 2023-06-17 16:33:36.431116 modifying order_id 202306192700000610 with limitPrice @5.1
[DEBUG]: Starting new HTTPS connection (1): api.icicidirect.com:443
[DEBUG]: https://api.icicidirect.com:443 "PUT /breezeapi/api/v1/order HTTP/1.1" 200 121
[ERROR]: 2023-06-17 16:33:37.656977 {'Success': None, 'Status': 500, 'Error': 'Modification/Cancellation of Order is not possible:Please verify the order status'}
[INFO]: 2023-06-17 16:33:38.159819 modifying order_id 202306192700000616 with limitPrice @5.1
[DEBUG]: Starting new HTTPS connection (1): api.icicidirect.com:443
[DEBUG]: https://api.icicidirect.com:443 "PUT /breezeapi/api/v1/order HTTP/1.1" 200 115
[INFO]: 2023-06-17 16:33:38.439299 {'Success': {'message': 'Successfully Modified the order', 'order_id': '202306192700000616'}, 'Status': 200, 'Error': None}
[INFO]: 2023-06-17 16:33:38.439652 order_id 202306192700000616 modified sucessfully
[INFO]: 2023-06-17 16:33:38.942955 modifying order_id 202306192700000617 with limitPrice @5.1
[DEBUG]: Starting new HTTPS connection (1): api.icicidirect.com:443
[DEBUG]: https://api.icicidirect.com:443 "PUT /breezeapi/api/v1/order HTTP/1.1" 200 115
[INFO]: 2023-06-17 16:33:39.251902 {'Success': {'message': 'Successfully Modified the order', 'order_id': '202306192700000617'}, 'Status': 200, 'Error': None}
[INFO]: 2023-06-17 16:33:39.252095 order_id 202306192700000617 modified sucessfully
[INFO]: 2023-06-17 16:33:39.755398 modifying order_id 202306192700000618 with limitPrice @5.1
[DEBUG]: Starting new HTTPS connection (1): api.icicidirect.com:443
[DEBUG]: https://api.icicidirect.com:443 "PUT /breezeapi/api/v1/order HTTP/1.1" 200 115
[INFO]: 2023-06-17 16:33:40.022647 {'Success': {'message': 'Successfully Modified the order', 'order_id': '202306192700000618'}, 'Status': 200, 'Error': None}
[INFO]: 2023-06-17 16:33:40.022741 order_id 202306192700000618 modified sucessfully
[INFO]: 2023-06-17 16:33:40.526816 modifying order_id 202306192700000619 with limitPrice @5.1
[DEBUG]: Starting new HTTPS connection (1): api.icicidirect.com:443
[DEBUG]: https://api.icicidirect.com:443 "PUT /breezeapi/api/v1/order HTTP/1.1" 200 115
[INFO]: 2023-06-17 16:33:40.823256 {'Success': {'message': 'Successfully Modified the order', 'order_id': '202306192700000619'}, 'Status': 200, 'Error': None}
[INFO]: 2023-06-17 16:33:40.823357 order_id 202306192700000619 modified sucessfully
[INFO]: 2023-06-17 16:33:41.326836 modifying order_id 202306192700000620 with limitPrice @5.1
[DEBUG]: Starting new HTTPS connection (1): api.icicidirect.com:443
[DEBUG]: https://api.icicidirect.com:443 "PUT /breezeapi/api/v1/order HTTP/1.1" 200 115
[INFO]: 2023-06-17 16:33:41.597703 {'Success': {'message': 'Successfully Modified the order', 'order_id': '202306192700000620'}, 'Status': 200, 'Error': None}
[INFO]: 2023-06-17 16:33:41.597894 order_id 202306192700000620 modified sucessfully
[INFO]: 2023-06-17 16:33:44.605677 modifying order_id 202306192700000616 with limitPrice @5.1
[DEBUG]: Starting new HTTPS connection (1): api.icicidirect.com:443
[DEBUG]: https://api.icicidirect.com:443 "PUT /breezeapi/api/v1/order HTTP/1.1" 200 115
[INFO]: 2023-06-17 16:33:44.863934 {'Success': {'message': 'Successfully Modified the order', 'order_id': '202306192700000616'}, 'Status': 200, 'Error': None}
[INFO]: 2023-06-17 16:33:44.864156 order_id 202306192700000616 modified sucessfully
[INFO]: 2023-06-17 16:33:45.367393 modifying order_id 202306192700000617 with limitPrice @5.1
[DEBUG]: Starting new HTTPS connection (1): api.icicidirect.com:443
[DEBUG]: https://api.icicidirect.com:443 "PUT /breezeapi/api/v1/order HTTP/1.1" 200 115
[INFO]: 2023-06-17 16:33:45.632896 {'Success': {'message': 'Successfully Modified the order', 'order_id': '202306192700000617'}, 'Status': 200, 'Error': None}
[INFO]: 2023-06-17 16:33:45.633114 order_id 202306192700000617 modified sucessfully
[INFO]: 2023-06-17 16:33:46.136455 modifying order_id 202306192700000618 with limitPrice @5.1
[DEBUG]: Starting new HTTPS connection (1): api.icicidirect.com:443
[DEBUG]: https://api.icicidirect.com:443 "PUT /breezeapi/api/v1/order HTTP/1.1" 200 115
[INFO]: 2023-06-17 16:33:46.405776 {'Success': {'message': 'Successfully Modified the order', 'order_id': '202306192700000618'}, 'Status': 200, 'Error': None}
[INFO]: 2023-06-17 16:33:46.405983 order_id 202306192700000618 modified sucessfully
[INFO]: 2023-06-17 16:33:46.909344 modifying order_id 202306192700000619 with limitPrice @5.1
[DEBUG]: Starting new HTTPS connection (1): api.icicidirect.com:443
[DEBUG]: https://api.icicidirect.com:443 "PUT /breezeapi/api/v1/order HTTP/1.1" 200 115
[INFO]: 2023-06-17 16:33:47.205559 {'Success': {'message': 'Successfully Modified the order', 'order_id': '202306192700000619'}, 'Status': 200, 'Error': None}
[INFO]: 2023-06-17 16:33:47.205755 order_id 202306192700000619 modified sucessfully
[INFO]: 2023-06-17 16:33:47.708795 modifying order_id 202306192700000620 with limitPrice @5.1
[DEBUG]: Starting new HTTPS connection (1): api.icicidirect.com:443
[DEBUG]: https://api.icicidirect.com:443 "PUT /breezeapi/api/v1/order HTTP/1.1" 200 115
[INFO]: 2023-06-17 16:33:47.983538 {'Success': {'message': 'Successfully Modified the order', 'order_id': '202306192700000620'}, 'Status': 200, 'Error': None}
[INFO]: 2023-06-17 16:33:47.983735 order_id 202306192700000620 modified sucessfully
[INFO]: 2023-06-17 16:33:50.992199 modifying order_id 202306192700000616 with limitPrice @5.1
[DEBUG]: Starting new HTTPS connection (1): api.icicidirect.com:443
[DEBUG]: https://api.icicidirect.com:443 "PUT /breezeapi/api/v1/order HTTP/1.1" 200 115
[INFO]: 2023-06-17 16:33:51.257875 {'Success': {'message': 'Successfully Modified the order', 'order_id': '202306192700000616'}, 'Status': 200, 'Error': None}
[INFO]: 2023-06-17 16:33:51.258067 order_id 202306192700000616 modified sucessfully
[INFO]: 2023-06-17 16:33:51.760861 modifying order_id 202306192700000617 with limitPrice @5.1
[DEBUG]: Starting new HTTPS connection (1): api.icicidirect.com:443
[DEBUG]: https://api.icicidirect.com:443 "PUT /breezeapi/api/v1/order HTTP/1.1" 200 115
[INFO]: 2023-06-17 16:33:52.048801 {'Success': {'message': 'Successfully Modified the order', 'order_id': '202306192700000617'}, 'Status': 200, 'Error': None}
[INFO]: 2023-06-17 16:33:52.049007 order_id 202306192700000617 modified sucessfully
[INFO]: 2023-06-17 16:33:52.555279 modifying order_id 202306192700000618 with limitPrice @5.1
[DEBUG]: Starting new HTTPS connection (1): api.icicidirect.com:443
[DEBUG]: https://api.icicidirect.com:443 "PUT /breezeapi/api/v1/order HTTP/1.1" 200 115
[INFO]: 2023-06-17 16:33:52.827293 {'Success': {'message': 'Successfully Modified the order', 'order_id': '202306192700000618'}, 'Status': 200, 'Error': None}
[INFO]: 2023-06-17 16:33:52.827539 order_id 202306192700000618 modified sucessfully
[INFO]: 2023-06-17 16:33:53.330873 modifying order_id 202306192700000619 with limitPrice @5.1
[DEBUG]: Starting new HTTPS connection (1): api.icicidirect.com:443
[DEBUG]: https://api.icicidirect.com:443 "PUT /breezeapi/api/v1/order HTTP/1.1" 200 115
[INFO]: 2023-06-17 16:33:53.650048 {'Success': {'message': 'Successfully Modified the order', 'order_id': '202306192700000619'}, 'Status': 200, 'Error': None}
[INFO]: 2023-06-17 16:33:53.650263 order_id 202306192700000619 modified sucessfully
[INFO]: 2023-06-17 16:33:54.153822 modifying order_id 202306192700000620 with limitPrice @5.1
[DEBUG]: Starting new HTTPS connection (1): api.icicidirect.com:443
[DEBUG]: https://api.icicidirect.com:443 "PUT /breezeapi/api/v1/order HTTP/1.1" 200 115
[INFO]: 2023-06-17 16:33:54.452476 {'Success': {'message': 'Successfully Modified the order', 'order_id': '202306192700000620'}, 'Status': 200, 'Error': None}
[INFO]: 2023-06-17 16:33:54.452696 order_id 202306192700000620 modified sucessfully
[INFO]: 2023-06-17 16:33:57.460887 modifying order_id 202306192700000616 with limitPrice @5.1
[DEBUG]: Starting new HTTPS connection (1): api.icicidirect.com:443
[DEBUG]: https://api.icicidirect.com:443 "PUT /breezeapi/api/v1/order HTTP/1.1" 200 115
[INFO]: 2023-06-17 16:33:57.720194 {'Success': {'message': 'Successfully Modified the order', 'order_id': '202306192700000616'}, 'Status': 200, 'Error': None}
[INFO]: 2023-06-17 16:33:57.720403 order_id 202306192700000616 modified sucessfully
[INFO]: 2023-06-17 16:33:58.223659 modifying order_id 202306192700000617 with limitPrice @5.1
[DEBUG]: Starting new HTTPS connection (1): api.icicidirect.com:443
[DEBUG]: https://api.icicidirect.com:443 "PUT /breezeapi/api/v1/order HTTP/1.1" 200 115
[INFO]: 2023-06-17 16:33:58.485123 {'Success': {'message': 'Successfully Modified the order', 'order_id': '202306192700000617'}, 'Status': 200, 'Error': None}
[INFO]: 2023-06-17 16:33:58.485222 order_id 202306192700000617 modified sucessfully
[INFO]: 2023-06-17 16:33:58.988526 modifying order_id 202306192700000618 with limitPrice @5.1
[DEBUG]: Starting new HTTPS connection (1): api.icicidirect.com:443
[DEBUG]: https://api.icicidirect.com:443 "PUT /breezeapi/api/v1/order HTTP/1.1" 200 115
[INFO]: 2023-06-17 16:33:59.285683 {'Success': {'message': 'Successfully Modified the order', 'order_id': '202306192700000618'}, 'Status': 200, 'Error': None}
[INFO]: 2023-06-17 16:33:59.285886 order_id 202306192700000618 modified sucessfully
[INFO]: 2023-06-17 16:33:59.788901 modifying order_id 202306192700000619 with limitPrice @5.1
[DEBUG]: Starting new HTTPS connection (1): api.icicidirect.com:443
[DEBUG]: https://api.icicidirect.com:443 "PUT /breezeapi/api/v1/order HTTP/1.1" 200 115
[INFO]: 2023-06-17 16:34:00.106095 {'Success': {'message': 'Successfully Modified the order', 'order_id': '202306192700000619'}, 'Status': 200, 'Error': None}
[INFO]: 2023-06-17 16:34:00.106197 order_id 202306192700000619 modified sucessfully
[INFO]: 2023-06-17 16:34:00.609554 modifying order_id 202306192700000620 with limitPrice @5.1
[DEBUG]: Starting new HTTPS connection (1): api.icicidirect.com:443
[DEBUG]: https://api.icicidirect.com:443 "PUT /breezeapi/api/v1/order HTTP/1.1" 200 115
[INFO]: 2023-06-17 16:34:00.893825 {'Success': {'message': 'Successfully Modified the order', 'order_id': '202306192700000620'}, 'Status': 200, 'Error': None}
[INFO]: 2023-06-17 16:34:00.894034 order_id 202306192700000620 modified sucessfully
[INFO]: 2023-06-17 16:34:01.395826 modified max times 4, removing order_id 202306192700000616 from modifyOrder queue
[INFO]: 2023-06-17 16:34:01.896891 modified max times 4, removing order_id 202306192700000617 from modifyOrder queue
[INFO]: 2023-06-17 16:34:02.397950 modified max times 4, removing order_id 202306192700000618 from modifyOrder queue
[INFO]: 2023-06-17 16:34:02.898973 modified max times 4, removing order_id 202306192700000619 from modifyOrder queue
[INFO]: 2023-06-17 16:34:03.400065 modified max times 4, removing order_id 202306192700000620 from modifyOrder queue
[DEBUG]: Starting new HTTPS connection (1): api.icicidirect.com:443
[DEBUG]: https://api.icicidirect.com:443 "GET /breezeapi/api/v1/customerdetails HTTP/1.1" 200 577
[DEBUG]: Starting new HTTPS connection (1): traderweb.icicidirect.com:443
[DEBUG]: https://traderweb.icicidirect.com:443 "GET /Content/File/txtFile/ScripFile/StockScriptNew.csv HTTP/1.1" 200 2543449
[INFO]: 2023-06-17 16:39:45.196245 modifying order_id 202306192700000624 with limitPrice @5.1
[DEBUG]: Starting new HTTPS connection (1): api.icicidirect.com:443
[DEBUG]: https://api.icicidirect.com:443 "PUT /breezeapi/api/v1/order HTTP/1.1" 200 115
[INFO]: 2023-06-17 16:39:45.487253 {'Success': {'message': 'Successfully Modified the order', 'order_id': '202306192700000624'}, 'Status': 200, 'Error': None}
[INFO]: 2023-06-17 16:39:45.487495 order_id 202306192700000624 modified sucessfully
[INFO]: ..
[INFO]: 2023-06-17 16:39:51.489731 modifying order_id 202306192700000624 with limitPrice @5.1
[DEBUG]: Starting new HTTPS connection (1): api.icicidirect.com:443
[DEBUG]: https://api.icicidirect.com:443 "PUT /breezeapi/api/v1/order HTTP/1.1" 200 115
[INFO]: 2023-06-17 16:39:51.766442 {'Success': {'message': 'Successfully Modified the order', 'order_id': '202306192700000624'}, 'Status': 200, 'Error': None}
[INFO]: 2023-06-17 16:39:51.766657 order_id 202306192700000624 modified sucessfully
[INFO]: ..
[INFO]: 2023-06-17 16:39:57.769020 modifying order_id 202306192700000624 with limitPrice @5.1
[DEBUG]: Starting new HTTPS connection (1): api.icicidirect.com:443
[DEBUG]: https://api.icicidirect.com:443 "PUT /breezeapi/api/v1/order HTTP/1.1" 200 115
[INFO]: 2023-06-17 16:39:58.053764 {'Success': {'message': 'Successfully Modified the order', 'order_id': '202306192700000624'}, 'Status': 200, 'Error': None}
[INFO]: 2023-06-17 16:39:58.053958 order_id 202306192700000624 modified sucessfully
[INFO]: ..
[INFO]: 2023-06-17 16:40:04.056694 modifying order_id 202306192700000624 with limitPrice @5.1
[DEBUG]: Starting new HTTPS connection (1): api.icicidirect.com:443
[DEBUG]: https://api.icicidirect.com:443 "PUT /breezeapi/api/v1/order HTTP/1.1" 200 115
[INFO]: 2023-06-17 16:40:04.340684 {'Success': {'message': 'Successfully Modified the order', 'order_id': '202306192700000624'}, 'Status': 200, 'Error': None}
[INFO]: 2023-06-17 16:40:04.340876 order_id 202306192700000624 modified sucessfully
[INFO]: ..
[INFO]: 2023-06-17 16:40:04.343798 modified max times 4, removing order_id 202306192700000624 from modifyOrder queue
[INFO]: ..
[INFO]: 2023-06-17 16:41:42.507098 modifying order_id 202306192700000629 with limitPrice @5.1
[DEBUG]: Starting new HTTPS connection (1): api.icicidirect.com:443
[DEBUG]: https://api.icicidirect.com:443 "PUT /breezeapi/api/v1/order HTTP/1.1" 200 115
[INFO]: 2023-06-17 16:41:42.771281 {'Success': {'message': 'Successfully Modified the order', 'order_id': '202306192700000629'}, 'Status': 200, 'Error': None}
[INFO]: 2023-06-17 16:41:42.771382 order_id 202306192700000629 modified sucessfully
[INFO]: ..
[INFO]: 2023-06-17 16:41:42.776463 modifying order_id 202306192700000630 with limitPrice @5.1
[DEBUG]: Starting new HTTPS connection (1): api.icicidirect.com:443
[DEBUG]: https://api.icicidirect.com:443 "PUT /breezeapi/api/v1/order HTTP/1.1" 200 117
[ERROR]: 2023-06-17 16:41:43.058215 {'Success': None, 'Status': 500, 'Error': 'Available Futures and Options Limit is insufficient to cover the trade value:'}
[INFO]: ..
[INFO]: 2023-06-17 16:41:43.060259 modifying order_id 202306192700000631 with limitPrice @5.1
[DEBUG]: Starting new HTTPS connection (1): api.icicidirect.com:443
[DEBUG]: https://api.icicidirect.com:443 "PUT /breezeapi/api/v1/order HTTP/1.1" 200 115
[INFO]: 2023-06-17 16:41:43.341235 {'Success': {'message': 'Successfully Modified the order', 'order_id': '202306192700000631'}, 'Status': 200, 'Error': None}
[INFO]: 2023-06-17 16:41:43.341426 order_id 202306192700000631 modified sucessfully
[INFO]: ..
[INFO]: 2023-06-17 16:41:43.393288 modifying order_id 202306192700000632 with limitPrice @5.1
[DEBUG]: Starting new HTTPS connection (1): api.icicidirect.com:443
[DEBUG]: https://api.icicidirect.com:443 "PUT /breezeapi/api/v1/order HTTP/1.1" 200 115
[INFO]: 2023-06-17 16:41:43.662346 {'Success': {'message': 'Successfully Modified the order', 'order_id': '202306192700000632'}, 'Status': 200, 'Error': None}
[INFO]: 2023-06-17 16:41:43.662555 order_id 202306192700000632 modified sucessfully
[INFO]: ..
[INFO]: 2023-06-17 16:41:43.793446 modifying order_id 202306192700000633 with limitPrice @5.1
[DEBUG]: Starting new HTTPS connection (1): api.icicidirect.com:443
[DEBUG]: https://api.icicidirect.com:443 "PUT /breezeapi/api/v1/order HTTP/1.1" 200 115
[INFO]: 2023-06-17 16:41:44.066826 {'Success': {'message': 'Successfully Modified the order', 'order_id': '202306192700000633'}, 'Status': 200, 'Error': None}
[INFO]: 2023-06-17 16:41:44.066938 order_id 202306192700000633 modified sucessfully
[INFO]: ..
[INFO]: 2023-06-17 16:41:48.773996 modifying order_id 202306192700000629 with limitPrice @5.1
[DEBUG]: Starting new HTTPS connection (1): api.icicidirect.com:443
[DEBUG]: https://api.icicidirect.com:443 "PUT /breezeapi/api/v1/order HTTP/1.1" 200 115
[INFO]: 2023-06-17 16:41:49.043695 {'Success': {'message': 'Successfully Modified the order', 'order_id': '202306192700000629'}, 'Status': 200, 'Error': None}
[INFO]: 2023-06-17 16:41:49.043880 order_id 202306192700000629 modified sucessfully
[INFO]: ..
[INFO]: 2023-06-17 16:41:49.343695 modifying order_id 202306192700000631 with limitPrice @5.1
[DEBUG]: Starting new HTTPS connection (1): api.icicidirect.com:443
[DEBUG]: https://api.icicidirect.com:443 "PUT /breezeapi/api/v1/order HTTP/1.1" 200 115
[INFO]: 2023-06-17 16:41:49.602081 {'Success': {'message': 'Successfully Modified the order', 'order_id': '202306192700000631'}, 'Status': 200, 'Error': None}
[INFO]: 2023-06-17 16:41:49.602272 order_id 202306192700000631 modified sucessfully
[INFO]: ..
[INFO]: 2023-06-17 16:41:49.665076 modifying order_id 202306192700000632 with limitPrice @5.1
[DEBUG]: Starting new HTTPS connection (1): api.icicidirect.com:443
[DEBUG]: https://api.icicidirect.com:443 "PUT /breezeapi/api/v1/order HTTP/1.1" 200 115
[INFO]: 2023-06-17 16:41:49.926673 {'Success': {'message': 'Successfully Modified the order', 'order_id': '202306192700000632'}, 'Status': 200, 'Error': None}
[INFO]: 2023-06-17 16:41:49.926876 order_id 202306192700000632 modified sucessfully
[INFO]: ..
[INFO]: 2023-06-17 16:41:50.070637 modifying order_id 202306192700000633 with limitPrice @5.1
[DEBUG]: Starting new HTTPS connection (1): api.icicidirect.com:443
[DEBUG]: https://api.icicidirect.com:443 "PUT /breezeapi/api/v1/order HTTP/1.1" 200 115
[INFO]: 2023-06-17 16:41:50.332672 {'Success': {'message': 'Successfully Modified the order', 'order_id': '202306192700000633'}, 'Status': 200, 'Error': None}
[INFO]: 2023-06-17 16:41:50.332863 order_id 202306192700000633 modified sucessfully
[INFO]: ..
[INFO]: 2023-06-17 16:41:55.046661 modifying order_id 202306192700000629 with limitPrice @5.1
[DEBUG]: Starting new HTTPS connection (1): api.icicidirect.com:443
[DEBUG]: https://api.icicidirect.com:443 "PUT /breezeapi/api/v1/order HTTP/1.1" 200 115
[INFO]: 2023-06-17 16:41:55.307583 {'Success': {'message': 'Successfully Modified the order', 'order_id': '202306192700000629'}, 'Status': 200, 'Error': None}
[INFO]: 2023-06-17 16:41:55.307777 order_id 202306192700000629 modified sucessfully
[INFO]: ..
[INFO]: 2023-06-17 16:41:55.605112 modifying order_id 202306192700000631 with limitPrice @5.1
[DEBUG]: Starting new HTTPS connection (1): api.icicidirect.com:443
[DEBUG]: https://api.icicidirect.com:443 "PUT /breezeapi/api/v1/order HTTP/1.1" 200 115
[INFO]: 2023-06-17 16:41:55.851852 {'Success': {'message': 'Successfully Modified the order', 'order_id': '202306192700000631'}, 'Status': 200, 'Error': None}
[INFO]: 2023-06-17 16:41:55.852047 order_id 202306192700000631 modified sucessfully
[INFO]: ..
[INFO]: 2023-06-17 16:41:55.929483 modifying order_id 202306192700000632 with limitPrice @5.1
[DEBUG]: Starting new HTTPS connection (1): api.icicidirect.com:443
[DEBUG]: https://api.icicidirect.com:443 "PUT /breezeapi/api/v1/order HTTP/1.1" 200 115
[INFO]: 2023-06-17 16:41:56.188865 {'Success': {'message': 'Successfully Modified the order', 'order_id': '202306192700000632'}, 'Status': 200, 'Error': None}
[INFO]: 2023-06-17 16:41:56.189087 order_id 202306192700000632 modified sucessfully
[INFO]: ..
[INFO]: 2023-06-17 16:41:56.337374 modifying order_id 202306192700000633 with limitPrice @5.1
[DEBUG]: Starting new HTTPS connection (1): api.icicidirect.com:443
[DEBUG]: https://api.icicidirect.com:443 "PUT /breezeapi/api/v1/order HTTP/1.1" 200 115
[INFO]: 2023-06-17 16:41:56.644228 {'Success': {'message': 'Successfully Modified the order', 'order_id': '202306192700000633'}, 'Status': 200, 'Error': None}
[INFO]: 2023-06-17 16:41:56.644463 order_id 202306192700000633 modified sucessfully
[INFO]: ..
[INFO]: 2023-06-17 16:42:01.310201 modifying order_id 202306192700000629 with limitPrice @5.1
[DEBUG]: Starting new HTTPS connection (1): api.icicidirect.com:443
[DEBUG]: https://api.icicidirect.com:443 "PUT /breezeapi/api/v1/order HTTP/1.1" 200 115
[INFO]: 2023-06-17 16:42:01.599002 {'Success': {'message': 'Successfully Modified the order', 'order_id': '202306192700000629'}, 'Status': 200, 'Error': None}
[INFO]: 2023-06-17 16:42:01.599206 order_id 202306192700000629 modified sucessfully
[INFO]: ..
[INFO]: 2023-06-17 16:42:01.601666 modified max times 4, removing order_id 202306192700000629 from modifyOrder queue
[INFO]: ..
[INFO]: 2023-06-17 16:42:01.854422 modifying order_id 202306192700000631 with limitPrice @5.1
[DEBUG]: Starting new HTTPS connection (1): api.icicidirect.com:443
[DEBUG]: https://api.icicidirect.com:443 "PUT /breezeapi/api/v1/order HTTP/1.1" 200 115
[INFO]: 2023-06-17 16:42:02.148712 {'Success': {'message': 'Successfully Modified the order', 'order_id': '202306192700000631'}, 'Status': 200, 'Error': None}
[INFO]: 2023-06-17 16:42:02.148911 order_id 202306192700000631 modified sucessfully
[INFO]: ..
[INFO]: 2023-06-17 16:42:02.151039 modified max times 4, removing order_id 202306192700000631 from modifyOrder queue
[INFO]: ..
[INFO]: 2023-06-17 16:42:02.191258 modifying order_id 202306192700000632 with limitPrice @5.1
[DEBUG]: Starting new HTTPS connection (1): api.icicidirect.com:443
[DEBUG]: https://api.icicidirect.com:443 "PUT /breezeapi/api/v1/order HTTP/1.1" 200 115
[INFO]: 2023-06-17 16:42:02.495100 {'Success': {'message': 'Successfully Modified the order', 'order_id': '202306192700000632'}, 'Status': 200, 'Error': None}
[INFO]: 2023-06-17 16:42:02.495291 order_id 202306192700000632 modified sucessfully
[INFO]: ..
[INFO]: 2023-06-17 16:42:02.497615 modified max times 4, removing order_id 202306192700000632 from modifyOrder queue
[INFO]: ..
[INFO]: 2023-06-17 16:42:02.646820 modifying order_id 202306192700000633 with limitPrice @5.1
[DEBUG]: Starting new HTTPS connection (1): api.icicidirect.com:443
[DEBUG]: https://api.icicidirect.com:443 "PUT /breezeapi/api/v1/order HTTP/1.1" 200 115
[INFO]: 2023-06-17 16:42:02.956131 {'Success': {'message': 'Successfully Modified the order', 'order_id': '202306192700000633'}, 'Status': 200, 'Error': None}
[INFO]: 2023-06-17 16:42:02.956325 order_id 202306192700000633 modified sucessfully
[INFO]: ..
[INFO]: 2023-06-17 16:42:02.957947 modified max times 4, removing order_id 202306192700000633 from modifyOrder queue
[INFO]: ..
[INFO]: 2023-06-17 16:44:27.911776 modifying order_id 202306192700000634 with limitPrice @5.1
[DEBUG]: Starting new HTTPS connection (1): api.icicidirect.com:443
[DEBUG]: https://api.icicidirect.com:443 "PUT /breezeapi/api/v1/order HTTP/1.1" 200 117
[ERROR]: 2023-06-17 16:44:28.224799 {'Success': None, 'Status': 500, 'Error': 'Available Futures and Options Limit is insufficient to cover the trade value:'}
[INFO]: ..
[INFO]: 2023-06-17 16:45:32.447121 modifying order_id 202306192700000639 with limitPrice @5.1
[DEBUG]: Starting new HTTPS connection (1): api.icicidirect.com:443
[DEBUG]: https://api.icicidirect.com:443 "PUT /breezeapi/api/v1/order HTTP/1.1" 200 115
[INFO]: 2023-06-17 16:45:32.747907 {'Success': {'message': 'Successfully Modified the order', 'order_id': '202306192700000639'}, 'Status': 200, 'Error': None}
[INFO]: 2023-06-17 16:45:32.748113 order_id 202306192700000639 modified sucessfully
[INFO]: ..
[INFO]: 2023-06-17 16:45:32.751064 modifying order_id 202306192700000640 with limitPrice @5.1
[DEBUG]: Starting new HTTPS connection (1): api.icicidirect.com:443
[DEBUG]: https://api.icicidirect.com:443 "PUT /breezeapi/api/v1/order HTTP/1.1" 200 115
[INFO]: 2023-06-17 16:45:33.045329 {'Success': {'message': 'Successfully Modified the order', 'order_id': '202306192700000640'}, 'Status': 200, 'Error': None}
[INFO]: 2023-06-17 16:45:33.045532 order_id 202306192700000640 modified sucessfully
[INFO]: ..
[INFO]: 2023-06-17 16:45:33.048456 modifying order_id 202306192700000641 with limitPrice @5.1
[DEBUG]: Starting new HTTPS connection (1): api.icicidirect.com:443
[DEBUG]: https://api.icicidirect.com:443 "PUT /breezeapi/api/v1/order HTTP/1.1" 200 115
[INFO]: 2023-06-17 16:45:33.333492 {'Success': {'message': 'Successfully Modified the order', 'order_id': '202306192700000641'}, 'Status': 200, 'Error': None}
[INFO]: 2023-06-17 16:45:33.333694 order_id 202306192700000641 modified sucessfully
[INFO]: ..
[INFO]: 2023-06-17 16:45:33.354231 modifying order_id 202306192700000642 with limitPrice @5.1
[DEBUG]: Starting new HTTPS connection (1): api.icicidirect.com:443
[DEBUG]: https://api.icicidirect.com:443 "PUT /breezeapi/api/v1/order HTTP/1.1" 200 115
[INFO]: 2023-06-17 16:45:33.641568 {'Success': {'message': 'Successfully Modified the order', 'order_id': '202306192700000642'}, 'Status': 200, 'Error': None}
[INFO]: 2023-06-17 16:45:33.641670 order_id 202306192700000642 modified sucessfully
[INFO]: ..
[INFO]: 2023-06-17 16:45:33.722620 modifying order_id 202306192700000643 with limitPrice @5.1
[DEBUG]: Starting new HTTPS connection (1): api.icicidirect.com:443
[DEBUG]: https://api.icicidirect.com:443 "PUT /breezeapi/api/v1/order HTTP/1.1" 200 115
[INFO]: 2023-06-17 16:45:34.002037 {'Success': {'message': 'Successfully Modified the order', 'order_id': '202306192700000643'}, 'Status': 200, 'Error': None}
[INFO]: 2023-06-17 16:45:34.002248 order_id 202306192700000643 modified sucessfully
[INFO]: ..
[INFO]: 2023-06-17 16:45:38.751241 modifying order_id 202306192700000639 with limitPrice @5.1
[DEBUG]: Starting new HTTPS connection (1): api.icicidirect.com:443
[DEBUG]: https://api.icicidirect.com:443 "PUT /breezeapi/api/v1/order HTTP/1.1" 200 115
[INFO]: 2023-06-17 16:45:39.030045 {'Success': {'message': 'Successfully Modified the order', 'order_id': '202306192700000639'}, 'Status': 200, 'Error': None}
[INFO]: 2023-06-17 16:45:39.030239 order_id 202306192700000639 modified sucessfully
[INFO]: ..
[INFO]: 2023-06-17 16:45:39.048112 modifying order_id 202306192700000640 with limitPrice @5.1
[DEBUG]: Starting new HTTPS connection (1): api.icicidirect.com:443
[DEBUG]: https://api.icicidirect.com:443 "PUT /breezeapi/api/v1/order HTTP/1.1" 200 115
[INFO]: 2023-06-17 16:45:39.342873 {'Success': {'message': 'Successfully Modified the order', 'order_id': '202306192700000640'}, 'Status': 200, 'Error': None}
[INFO]: 2023-06-17 16:45:39.343082 order_id 202306192700000640 modified sucessfully
[INFO]: ..
[INFO]: 2023-06-17 16:45:39.346092 modifying order_id 202306192700000641 with limitPrice @5.1
[DEBUG]: Starting new HTTPS connection (1): api.icicidirect.com:443
[DEBUG]: https://api.icicidirect.com:443 "PUT /breezeapi/api/v1/order HTTP/1.1" 200 115
[INFO]: 2023-06-17 16:45:39.612078 {'Success': {'message': 'Successfully Modified the order', 'order_id': '202306192700000641'}, 'Status': 200, 'Error': None}
[INFO]: 2023-06-17 16:45:39.612268 order_id 202306192700000641 modified sucessfully
[INFO]: ..
[INFO]: 2023-06-17 16:45:39.644265 modifying order_id 202306192700000642 with limitPrice @5.1
[DEBUG]: Starting new HTTPS connection (1): api.icicidirect.com:443
[DEBUG]: https://api.icicidirect.com:443 "PUT /breezeapi/api/v1/order HTTP/1.1" 200 115
[INFO]: 2023-06-17 16:45:39.899829 {'Success': {'message': 'Successfully Modified the order', 'order_id': '202306192700000642'}, 'Status': 200, 'Error': None}
[INFO]: 2023-06-17 16:45:39.900028 order_id 202306192700000642 modified sucessfully
[INFO]: ..
[INFO]: 2023-06-17 16:45:40.004657 modifying order_id 202306192700000643 with limitPrice @5.1
[DEBUG]: Starting new HTTPS connection (1): api.icicidirect.com:443
[DEBUG]: https://api.icicidirect.com:443 "PUT /breezeapi/api/v1/order HTTP/1.1" 200 115
[INFO]: 2023-06-17 16:45:40.270274 {'Success': {'message': 'Successfully Modified the order', 'order_id': '202306192700000643'}, 'Status': 200, 'Error': None}
[INFO]: 2023-06-17 16:45:40.270724 order_id 202306192700000643 modified sucessfully
[INFO]: ..
[INFO]: 2023-06-17 16:45:45.033305 modifying order_id 202306192700000639 with limitPrice @5.1
[DEBUG]: Starting new HTTPS connection (1): api.icicidirect.com:443
[DEBUG]: https://api.icicidirect.com:443 "PUT /breezeapi/api/v1/order HTTP/1.1" 200 115
[INFO]: 2023-06-17 16:45:45.301848 {'Success': {'message': 'Successfully Modified the order', 'order_id': '202306192700000639'}, 'Status': 200, 'Error': None}
[INFO]: 2023-06-17 16:45:45.302046 order_id 202306192700000639 modified sucessfully
[INFO]: ..
[INFO]: 2023-06-17 16:45:45.345580 modifying order_id 202306192700000640 with limitPrice @5.1
[DEBUG]: Starting new HTTPS connection (1): api.icicidirect.com:443
[DEBUG]: https://api.icicidirect.com:443 "PUT /breezeapi/api/v1/order HTTP/1.1" 200 115
[INFO]: 2023-06-17 16:45:45.624291 {'Success': {'message': 'Successfully Modified the order', 'order_id': '202306192700000640'}, 'Status': 200, 'Error': None}
[INFO]: 2023-06-17 16:45:45.624520 order_id 202306192700000640 modified sucessfully
[INFO]: ..
[INFO]: 2023-06-17 16:45:45.627325 modifying order_id 202306192700000641 with limitPrice @5.1
[DEBUG]: Starting new HTTPS connection (1): api.icicidirect.com:443
[DEBUG]: https://api.icicidirect.com:443 "PUT /breezeapi/api/v1/order HTTP/1.1" 200 115
[INFO]: 2023-06-17 16:45:45.882104 {'Success': {'message': 'Successfully Modified the order', 'order_id': '202306192700000641'}, 'Status': 200, 'Error': None}
[INFO]: 2023-06-17 16:45:45.882298 order_id 202306192700000641 modified sucessfully
[INFO]: ..
[INFO]: 2023-06-17 16:45:45.902410 modifying order_id 202306192700000642 with limitPrice @5.1
[DEBUG]: Starting new HTTPS connection (1): api.icicidirect.com:443
[DEBUG]: https://api.icicidirect.com:443 "PUT /breezeapi/api/v1/order HTTP/1.1" 200 115
[INFO]: 2023-06-17 16:45:46.177099 {'Success': {'message': 'Successfully Modified the order', 'order_id': '202306192700000642'}, 'Status': 200, 'Error': None}
[INFO]: 2023-06-17 16:45:46.177294 order_id 202306192700000642 modified sucessfully
[INFO]: ..
[INFO]: 2023-06-17 16:45:46.273000 modifying order_id 202306192700000643 with limitPrice @5.1
[DEBUG]: Starting new HTTPS connection (1): api.icicidirect.com:443
[DEBUG]: https://api.icicidirect.com:443 "PUT /breezeapi/api/v1/order HTTP/1.1" 200 115
[INFO]: 2023-06-17 16:45:46.542013 {'Success': {'message': 'Successfully Modified the order', 'order_id': '202306192700000643'}, 'Status': 200, 'Error': None}
[INFO]: 2023-06-17 16:45:46.542113 order_id 202306192700000643 modified sucessfully
[INFO]: ..
[INFO]: 2023-06-17 16:45:51.304971 modifying order_id 202306192700000639 with limitPrice @5.1
[DEBUG]: Starting new HTTPS connection (1): api.icicidirect.com:443
[DEBUG]: https://api.icicidirect.com:443 "PUT /breezeapi/api/v1/order HTTP/1.1" 200 115
[INFO]: 2023-06-17 16:45:51.595249 {'Success': {'message': 'Successfully Modified the order', 'order_id': '202306192700000639'}, 'Status': 200, 'Error': None}
[INFO]: 2023-06-17 16:45:51.595488 order_id 202306192700000639 modified sucessfully
[INFO]: ..
[INFO]: 2023-06-17 16:45:51.598174 modified max times 4, removing order_id 202306192700000639 from modifyOrder queue
[INFO]: ..
[INFO]: 2023-06-17 16:45:51.626628 modifying order_id 202306192700000640 with limitPrice @5.1
[DEBUG]: Starting new HTTPS connection (1): api.icicidirect.com:443
[DEBUG]: https://api.icicidirect.com:443 "PUT /breezeapi/api/v1/order HTTP/1.1" 200 115
[INFO]: 2023-06-17 16:45:51.889275 {'Success': {'message': 'Successfully Modified the order', 'order_id': '202306192700000640'}, 'Status': 200, 'Error': None}
[INFO]: 2023-06-17 16:45:51.889471 order_id 202306192700000640 modified sucessfully
[INFO]: ..
[INFO]: 2023-06-17 16:45:51.892065 modifying order_id 202306192700000641 with limitPrice @5.1
[DEBUG]: Starting new HTTPS connection (1): api.icicidirect.com:443
[DEBUG]: https://api.icicidirect.com:443 "PUT /breezeapi/api/v1/order HTTP/1.1" 200 115
[INFO]: 2023-06-17 16:45:52.148794 {'Success': {'message': 'Successfully Modified the order', 'order_id': '202306192700000641'}, 'Status': 200, 'Error': None}
[INFO]: 2023-06-17 16:45:52.148994 order_id 202306192700000641 modified sucessfully
[INFO]: ..
[INFO]: 2023-06-17 16:45:52.150872 modified max times 4, removing order_id 202306192700000640 from modifyOrder queue
[INFO]: ..
[INFO]: 2023-06-17 16:45:52.151605 modified max times 4, removing order_id 202306192700000641 from modifyOrder queue
[INFO]: ..
[INFO]: 2023-06-17 16:45:52.179274 modifying order_id 202306192700000642 with limitPrice @5.1
[DEBUG]: Starting new HTTPS connection (1): api.icicidirect.com:443
[DEBUG]: https://api.icicidirect.com:443 "PUT /breezeapi/api/v1/order HTTP/1.1" 200 115
[INFO]: 2023-06-17 16:45:52.459640 {'Success': {'message': 'Successfully Modified the order', 'order_id': '202306192700000642'}, 'Status': 200, 'Error': None}
[INFO]: 2023-06-17 16:45:52.459831 order_id 202306192700000642 modified sucessfully
[INFO]: ..
[INFO]: 2023-06-17 16:45:52.461801 modified max times 4, removing order_id 202306192700000642 from modifyOrder queue
[INFO]: ..
[INFO]: 2023-06-17 16:45:52.544544 modifying order_id 202306192700000643 with limitPrice @5.1
[DEBUG]: Starting new HTTPS connection (1): api.icicidirect.com:443
[DEBUG]: https://api.icicidirect.com:443 "PUT /breezeapi/api/v1/order HTTP/1.1" 200 115
[INFO]: 2023-06-17 16:45:52.807107 {'Success': {'message': 'Successfully Modified the order', 'order_id': '202306192700000643'}, 'Status': 200, 'Error': None}
[INFO]: 2023-06-17 16:45:52.807308 order_id 202306192700000643 modified sucessfully
[INFO]: ..
[INFO]: 2023-06-17 16:45:52.809037 modified max times 4, removing order_id 202306192700000643 from modifyOrder queue
[INFO]: ..
[INFO]: 2023-06-17 16:46:50.402565 modifying order_id 202306192700000644 with limitPrice @5.1
[DEBUG]: Starting new HTTPS connection (1): api.icicidirect.com:443
[DEBUG]: https://api.icicidirect.com:443 "PUT /breezeapi/api/v1/order HTTP/1.1" 200 117
[ERROR]: 2023-06-17 16:46:50.708591 {'Success': None, 'Status': 500, 'Error': 'Available Futures and Options Limit is insufficient to cover the trade value:'}
[INFO]: ..
[INFO]: 2023-06-17 16:46:50.710223 modifying order_id 202306192700000645 with limitPrice @5.1
[DEBUG]: Starting new HTTPS connection (1): api.icicidirect.com:443
[DEBUG]: https://api.icicidirect.com:443 "PUT /breezeapi/api/v1/order HTTP/1.1" 200 117
[ERROR]: 2023-06-17 16:46:50.979927 {'Success': None, 'Status': 500, 'Error': 'Available Futures and Options Limit is insufficient to cover the trade value:'}
[INFO]: ..
[INFO]: 2023-06-17 16:46:50.981525 modifying order_id 202306192700000646 with limitPrice @5.1
[DEBUG]: Starting new HTTPS connection (1): api.icicidirect.com:443
[DEBUG]: https://api.icicidirect.com:443 "PUT /breezeapi/api/v1/order HTTP/1.1" 200 117
[ERROR]: 2023-06-17 16:46:51.247910 {'Success': None, 'Status': 500, 'Error': 'Available Futures and Options Limit is insufficient to cover the trade value:'}
[INFO]: ..
[INFO]: 2023-06-17 16:47:26.794110 modifying order_id 202306192700000647 with limitPrice @5.1
[DEBUG]: Starting new HTTPS connection (1): api.icicidirect.com:443
[DEBUG]: https://api.icicidirect.com:443 "PUT /breezeapi/api/v1/order HTTP/1.1" 200 115
[INFO]: 2023-06-17 16:47:27.056282 {'Success': {'message': 'Successfully Modified the order', 'order_id': '202306192700000647'}, 'Status': 200, 'Error': None}
[INFO]: 2023-06-17 16:47:27.056489 order_id 202306192700000647 modified sucessfully
[INFO]: ..
[INFO]: 2023-06-17 16:47:27.059144 modifying order_id 202306192700000648 with limitPrice @5.1
[DEBUG]: Starting new HTTPS connection (1): api.icicidirect.com:443
[DEBUG]: https://api.icicidirect.com:443 "PUT /breezeapi/api/v1/order HTTP/1.1" 200 115
[INFO]: 2023-06-17 16:47:27.348267 {'Success': {'message': 'Successfully Modified the order', 'order_id': '202306192700000648'}, 'Status': 200, 'Error': None}
[INFO]: 2023-06-17 16:47:27.348464 order_id 202306192700000648 modified sucessfully
[INFO]: ..
[INFO]: 2023-06-17 16:47:27.351098 modifying order_id 202306192700000649 with limitPrice @5.1
[DEBUG]: Starting new HTTPS connection (1): api.icicidirect.com:443
[DEBUG]: https://api.icicidirect.com:443 "PUT /breezeapi/api/v1/order HTTP/1.1" 200 115
[INFO]: 2023-06-17 16:47:27.623437 {'Success': {'message': 'Successfully Modified the order', 'order_id': '202306192700000649'}, 'Status': 200, 'Error': None}
[INFO]: 2023-06-17 16:47:27.623639 order_id 202306192700000649 modified sucessfully
[INFO]: ..
[INFO]: 2023-06-17 16:47:33.058944 modifying order_id 202306192700000647 with limitPrice @5.1
[DEBUG]: Starting new HTTPS connection (1): api.icicidirect.com:443
[DEBUG]: https://api.icicidirect.com:443 "PUT /breezeapi/api/v1/order HTTP/1.1" 200 115
[INFO]: 2023-06-17 16:47:33.340223 {'Success': {'message': 'Successfully Modified the order', 'order_id': '202306192700000647'}, 'Status': 200, 'Error': None}
[INFO]: 2023-06-17 16:47:33.340422 order_id 202306192700000647 modified sucessfully
[INFO]: ..
[INFO]: 2023-06-17 16:47:33.350367 modifying order_id 202306192700000648 with limitPrice @5.1
[DEBUG]: Starting new HTTPS connection (1): api.icicidirect.com:443
[DEBUG]: https://api.icicidirect.com:443 "PUT /breezeapi/api/v1/order HTTP/1.1" 200 115
[INFO]: 2023-06-17 16:47:33.678445 {'Success': {'message': 'Successfully Modified the order', 'order_id': '202306192700000648'}, 'Status': 200, 'Error': None}
[INFO]: 2023-06-17 16:47:33.678642 order_id 202306192700000648 modified sucessfully
[INFO]: ..
[INFO]: 2023-06-17 16:47:33.681336 modifying order_id 202306192700000649 with limitPrice @5.1
[DEBUG]: Starting new HTTPS connection (1): api.icicidirect.com:443
[DEBUG]: https://api.icicidirect.com:443 "PUT /breezeapi/api/v1/order HTTP/1.1" 200 115
[INFO]: 2023-06-17 16:47:33.994895 {'Success': {'message': 'Successfully Modified the order', 'order_id': '202306192700000649'}, 'Status': 200, 'Error': None}
[INFO]: 2023-06-17 16:47:33.995093 order_id 202306192700000649 modified sucessfully
[INFO]: ..
[INFO]: 2023-06-17 16:47:39.343431 modifying order_id 202306192700000647 with limitPrice @5.1
[DEBUG]: Starting new HTTPS connection (1): api.icicidirect.com:443
[DEBUG]: https://api.icicidirect.com:443 "PUT /breezeapi/api/v1/order HTTP/1.1" 200 115
[INFO]: 2023-06-17 16:47:39.604816 {'Success': {'message': 'Successfully Modified the order', 'order_id': '202306192700000647'}, 'Status': 200, 'Error': None}
[INFO]: 2023-06-17 16:47:39.605032 order_id 202306192700000647 modified sucessfully
[INFO]: ..
[INFO]: 2023-06-17 16:47:39.681329 modifying order_id 202306192700000648 with limitPrice @5.1
[DEBUG]: Starting new HTTPS connection (1): api.icicidirect.com:443
[DEBUG]: https://api.icicidirect.com:443 "PUT /breezeapi/api/v1/order HTTP/1.1" 200 115
[INFO]: 2023-06-17 16:47:39.978352 {'Success': {'message': 'Successfully Modified the order', 'order_id': '202306192700000648'}, 'Status': 200, 'Error': None}
[INFO]: 2023-06-17 16:47:39.978472 order_id 202306192700000648 modified sucessfully
[INFO]: ..
[INFO]: 2023-06-17 16:47:40.002556 modifying order_id 202306192700000649 with limitPrice @5.1
[DEBUG]: Starting new HTTPS connection (1): api.icicidirect.com:443
[DEBUG]: https://api.icicidirect.com:443 "PUT /breezeapi/api/v1/order HTTP/1.1" 200 115
[INFO]: 2023-06-17 16:47:40.276943 {'Success': {'message': 'Successfully Modified the order', 'order_id': '202306192700000649'}, 'Status': 200, 'Error': None}
[INFO]: 2023-06-17 16:47:40.277173 order_id 202306192700000649 modified sucessfully
[INFO]: ..
[INFO]: 2023-06-17 16:47:45.607284 modifying order_id 202306192700000647 with limitPrice @5.1
[DEBUG]: Starting new HTTPS connection (1): api.icicidirect.com:443
[DEBUG]: https://api.icicidirect.com:443 "PUT /breezeapi/api/v1/order HTTP/1.1" 200 115
[INFO]: 2023-06-17 16:47:45.876653 {'Success': {'message': 'Successfully Modified the order', 'order_id': '202306192700000647'}, 'Status': 200, 'Error': None}
[INFO]: 2023-06-17 16:47:45.876846 order_id 202306192700000647 modified sucessfully
[INFO]: ..
[INFO]: 2023-06-17 16:47:45.879059 modified max times 4, removing order_id 202306192700000647 from modifyOrder queue
[INFO]: ..
[INFO]: 2023-06-17 16:47:45.981006 modifying order_id 202306192700000648 with limitPrice @5.1
[DEBUG]: Starting new HTTPS connection (1): api.icicidirect.com:443
[DEBUG]: https://api.icicidirect.com:443 "PUT /breezeapi/api/v1/order HTTP/1.1" 200 115
[INFO]: 2023-06-17 16:47:46.248167 {'Success': {'message': 'Successfully Modified the order', 'order_id': '202306192700000648'}, 'Status': 200, 'Error': None}
[INFO]: 2023-06-17 16:47:46.248365 order_id 202306192700000648 modified sucessfully
[INFO]: ..
[INFO]: 2023-06-17 16:47:46.250294 modified max times 4, removing order_id 202306192700000648 from modifyOrder queue
[INFO]: ..
[INFO]: 2023-06-17 16:47:46.279433 modifying order_id 202306192700000649 with limitPrice @5.1
[DEBUG]: Starting new HTTPS connection (1): api.icicidirect.com:443
[DEBUG]: https://api.icicidirect.com:443 "PUT /breezeapi/api/v1/order HTTP/1.1" 200 115
[INFO]: 2023-06-17 16:47:46.619353 {'Success': {'message': 'Successfully Modified the order', 'order_id': '202306192700000649'}, 'Status': 200, 'Error': None}
[INFO]: 2023-06-17 16:47:46.619577 order_id 202306192700000649 modified sucessfully
[INFO]: ..
[INFO]: 2023-06-17 16:47:46.621323 modified max times 4, removing order_id 202306192700000649 from modifyOrder queue
[INFO]: ..
[DEBUG]: Starting new HTTPS connection (1): api.icicidirect.com:443
[DEBUG]: https://api.icicidirect.com:443 "GET /breezeapi/api/v1/customerdetails HTTP/1.1" 200 577
[DEBUG]: Starting new HTTPS connection (1): traderweb.icicidirect.com:443
[DEBUG]: https://traderweb.icicidirect.com:443 "GET /Content/File/txtFile/ScripFile/StockScriptNew.csv HTTP/1.1" 200 2543449
[INFO]: 2023-06-17 16:53:36.615305 modifying order_id 202306192700000650 with limitPrice @5.1
[DEBUG]: Starting new HTTPS connection (1): api.icicidirect.com:443
[DEBUG]: https://api.icicidirect.com:443 "PUT /breezeapi/api/v1/order HTTP/1.1" 200 115
[INFO]: 2023-06-17 16:53:36.919640 {'Success': {'message': 'Successfully Modified the order', 'order_id': '202306192700000650'}, 'Status': 200, 'Error': None}
[INFO]: 2023-06-17 16:53:36.919854 order_id 202306192700000650 modified sucessfully
[INFO]: ..
[INFO]: 2023-06-17 16:53:42.922300 modifying order_id 202306192700000650 with limitPrice @5.1
[DEBUG]: Starting new HTTPS connection (1): api.icicidirect.com:443
[DEBUG]: https://api.icicidirect.com:443 "PUT /breezeapi/api/v1/order HTTP/1.1" 200 115
[INFO]: 2023-06-17 16:53:43.206653 {'Success': {'message': 'Successfully Modified the order', 'order_id': '202306192700000650'}, 'Status': 200, 'Error': None}
[INFO]: 2023-06-17 16:53:43.206847 order_id 202306192700000650 modified sucessfully
[INFO]: ..
[INFO]: 2023-06-17 16:53:49.209254 modifying order_id 202306192700000650 with limitPrice @5.1
[DEBUG]: Starting new HTTPS connection (1): api.icicidirect.com:443
[DEBUG]: https://api.icicidirect.com:443 "PUT /breezeapi/api/v1/order HTTP/1.1" 200 115
[INFO]: 2023-06-17 16:53:49.489424 {'Success': {'message': 'Successfully Modified the order', 'order_id': '202306192700000650'}, 'Status': 200, 'Error': None}
[INFO]: 2023-06-17 16:53:49.489619 order_id 202306192700000650 modified sucessfully
[INFO]: ..
[INFO]: 2023-06-17 16:53:55.491973 modifying order_id 202306192700000650 with limitPrice @5.1
[DEBUG]: Starting new HTTPS connection (1): api.icicidirect.com:443
[DEBUG]: https://api.icicidirect.com:443 "PUT /breezeapi/api/v1/order HTTP/1.1" 200 115
[INFO]: 2023-06-17 16:53:55.748693 {'Success': {'message': 'Successfully Modified the order', 'order_id': '202306192700000650'}, 'Status': 200, 'Error': None}
[INFO]: 2023-06-17 16:53:55.748882 order_id 202306192700000650 modified sucessfully
[INFO]: 2023-06-17 16:53:55.749991 modified max times 4, removing order_id 202306192700000650 from modifyOrder queue
[INFO]: ..
[INFO]: 2023-06-17 16:55:51.453114 modifying order_id 202306192700000651 with limitPrice @5.1
[DEBUG]: Starting new HTTPS connection (1): api.icicidirect.com:443
[DEBUG]: https://api.icicidirect.com:443 "PUT /breezeapi/api/v1/order HTTP/1.1" 200 115
[INFO]: 2023-06-17 16:55:51.734545 {'Success': {'message': 'Successfully Modified the order', 'order_id': '202306192700000651'}, 'Status': 200, 'Error': None}
[INFO]: 2023-06-17 16:55:51.734741 order_id 202306192700000651 modified sucessfully
[INFO]: ..
[INFO]: 2023-06-17 16:55:51.737145 modifying order_id 202306192700000652 with limitPrice @5.1
[DEBUG]: Starting new HTTPS connection (1): api.icicidirect.com:443
[DEBUG]: https://api.icicidirect.com:443 "PUT /breezeapi/api/v1/order HTTP/1.1" 200 115
[INFO]: 2023-06-17 16:55:52.026888 {'Success': {'message': 'Successfully Modified the order', 'order_id': '202306192700000652'}, 'Status': 200, 'Error': None}
[INFO]: 2023-06-17 16:55:52.026985 order_id 202306192700000652 modified sucessfully
[INFO]: ..
[INFO]: 2023-06-17 16:55:52.029900 modifying order_id 202306192700000653 with limitPrice @5.1
[DEBUG]: Starting new HTTPS connection (1): api.icicidirect.com:443
[DEBUG]: https://api.icicidirect.com:443 "PUT /breezeapi/api/v1/order HTTP/1.1" 200 115
[INFO]: 2023-06-17 16:55:52.275934 {'Success': {'message': 'Successfully Modified the order', 'order_id': '202306192700000653'}, 'Status': 200, 'Error': None}
[INFO]: 2023-06-17 16:55:52.276133 order_id 202306192700000653 modified sucessfully
[INFO]: ..
[INFO]: 2023-06-17 16:55:57.737294 modifying order_id 202306192700000651 with limitPrice @5.1
[DEBUG]: Starting new HTTPS connection (1): api.icicidirect.com:443
[DEBUG]: https://api.icicidirect.com:443 "PUT /breezeapi/api/v1/order HTTP/1.1" 200 115
[INFO]: 2023-06-17 16:55:58.016872 {'Success': {'message': 'Successfully Modified the order', 'order_id': '202306192700000651'}, 'Status': 200, 'Error': None}
[INFO]: 2023-06-17 16:55:58.017076 order_id 202306192700000651 modified sucessfully
[INFO]: ..
[INFO]: 2023-06-17 16:55:58.029783 modifying order_id 202306192700000652 with limitPrice @5.1
[DEBUG]: Starting new HTTPS connection (1): api.icicidirect.com:443
[DEBUG]: https://api.icicidirect.com:443 "PUT /breezeapi/api/v1/order HTTP/1.1" 200 115
[INFO]: 2023-06-17 16:55:58.342523 {'Success': {'message': 'Successfully Modified the order', 'order_id': '202306192700000652'}, 'Status': 200, 'Error': None}
[INFO]: 2023-06-17 16:55:58.342719 order_id 202306192700000652 modified sucessfully
[INFO]: ..
[INFO]: 2023-06-17 16:55:58.345094 modifying order_id 202306192700000653 with limitPrice @5.1
[DEBUG]: Starting new HTTPS connection (1): api.icicidirect.com:443
[DEBUG]: https://api.icicidirect.com:443 "PUT /breezeapi/api/v1/order HTTP/1.1" 200 115
[INFO]: 2023-06-17 16:55:58.623142 {'Success': {'message': 'Successfully Modified the order', 'order_id': '202306192700000653'}, 'Status': 200, 'Error': None}
[INFO]: 2023-06-17 16:55:58.623337 order_id 202306192700000653 modified sucessfully
[INFO]: ..
[INFO]: 2023-06-17 16:56:04.019716 modifying order_id 202306192700000651 with limitPrice @5.1
[DEBUG]: Starting new HTTPS connection (1): api.icicidirect.com:443
[DEBUG]: https://api.icicidirect.com:443 "PUT /breezeapi/api/v1/order HTTP/1.1" 200 115
[INFO]: 2023-06-17 16:56:04.310059 {'Success': {'message': 'Successfully Modified the order', 'order_id': '202306192700000651'}, 'Status': 200, 'Error': None}
[INFO]: 2023-06-17 16:56:04.310254 order_id 202306192700000651 modified sucessfully
[INFO]: ..
[INFO]: 2023-06-17 16:56:04.345343 modifying order_id 202306192700000652 with limitPrice @5.1
[DEBUG]: Starting new HTTPS connection (1): api.icicidirect.com:443
[DEBUG]: https://api.icicidirect.com:443 "PUT /breezeapi/api/v1/order HTTP/1.1" 200 115
[INFO]: 2023-06-17 16:56:04.615231 {'Success': {'message': 'Successfully Modified the order', 'order_id': '202306192700000652'}, 'Status': 200, 'Error': None}
[INFO]: 2023-06-17 16:56:04.615330 order_id 202306192700000652 modified sucessfully
[INFO]: ..
[INFO]: 2023-06-17 16:56:04.625749 modifying order_id 202306192700000653 with limitPrice @5.1
[DEBUG]: Starting new HTTPS connection (1): api.icicidirect.com:443
[DEBUG]: https://api.icicidirect.com:443 "PUT /breezeapi/api/v1/order HTTP/1.1" 200 115
[INFO]: 2023-06-17 16:56:04.897761 {'Success': {'message': 'Successfully Modified the order', 'order_id': '202306192700000653'}, 'Status': 200, 'Error': None}
[INFO]: 2023-06-17 16:56:04.897955 order_id 202306192700000653 modified sucessfully
[INFO]: ..
[INFO]: 2023-06-17 16:56:10.312534 modifying order_id 202306192700000651 with limitPrice @5.1
[DEBUG]: Starting new HTTPS connection (1): api.icicidirect.com:443
[DEBUG]: https://api.icicidirect.com:443 "PUT /breezeapi/api/v1/order HTTP/1.1" 200 115
[INFO]: 2023-06-17 16:56:10.596632 {'Success': {'message': 'Successfully Modified the order', 'order_id': '202306192700000651'}, 'Status': 200, 'Error': None}
[INFO]: 2023-06-17 16:56:10.596821 order_id 202306192700000651 modified sucessfully
[INFO]: 2023-06-17 16:56:10.598415 modified max times 4, removing order_id 202306192700000651 from modifyOrder queue
[INFO]: ..
[INFO]: 2023-06-17 16:56:10.617698 modifying order_id 202306192700000652 with limitPrice @5.1
[DEBUG]: Starting new HTTPS connection (1): api.icicidirect.com:443
[DEBUG]: https://api.icicidirect.com:443 "PUT /breezeapi/api/v1/order HTTP/1.1" 200 115
[INFO]: 2023-06-17 16:56:10.895959 {'Success': {'message': 'Successfully Modified the order', 'order_id': '202306192700000652'}, 'Status': 200, 'Error': None}
[INFO]: 2023-06-17 16:56:10.896156 order_id 202306192700000652 modified sucessfully
[INFO]: 2023-06-17 16:56:10.897239 modified max times 4, removing order_id 202306192700000652 from modifyOrder queue
[INFO]: ..
[INFO]: 2023-06-17 16:56:10.900199 modifying order_id 202306192700000653 with limitPrice @5.1
[DEBUG]: Starting new HTTPS connection (1): api.icicidirect.com:443
[DEBUG]: https://api.icicidirect.com:443 "PUT /breezeapi/api/v1/order HTTP/1.1" 200 115
[INFO]: 2023-06-17 16:56:11.179824 {'Success': {'message': 'Successfully Modified the order', 'order_id': '202306192700000653'}, 'Status': 200, 'Error': None}
[INFO]: 2023-06-17 16:56:11.180029 order_id 202306192700000653 modified sucessfully
[INFO]: 2023-06-17 16:56:11.181127 modified max times 4, removing order_id 202306192700000653 from modifyOrder queue
[INFO]: ..
[INFO]: 2023-06-17 17:24:24.283451 modifying order_id 202306192700000655 with limitPrice @5.1
[DEBUG]: Starting new HTTPS connection (1): api.icicidirect.com:443
[DEBUG]: https://api.icicidirect.com:443 "PUT /breezeapi/api/v1/order HTTP/1.1" 200 115
[INFO]: 2023-06-17 17:24:24.565039 {'Success': {'message': 'Successfully Modified the order', 'order_id': '202306192700000655'}, 'Status': 200, 'Error': None}
[INFO]: 2023-06-17 17:24:24.565230 order_id 202306192700000655 modified sucessfully
[INFO]: ..
[INFO]: 2023-06-17 17:24:24.606832 modifying order_id 202306192700000656 with limitPrice @5.1
[DEBUG]: Starting new HTTPS connection (1): api.icicidirect.com:443
[DEBUG]: https://api.icicidirect.com:443 "PUT /breezeapi/api/v1/order HTTP/1.1" 200 115
[INFO]: 2023-06-17 17:24:24.867328 {'Success': {'message': 'Successfully Modified the order', 'order_id': '202306192700000656'}, 'Status': 200, 'Error': None}
[INFO]: 2023-06-17 17:24:24.867557 order_id 202306192700000656 modified sucessfully
[INFO]: ..
[INFO]: 2023-06-17 17:24:24.870017 modifying order_id 202306192700000657 with limitPrice @5.1
[DEBUG]: Starting new HTTPS connection (1): api.icicidirect.com:443
[DEBUG]: https://api.icicidirect.com:443 "PUT /breezeapi/api/v1/order HTTP/1.1" 200 115
[INFO]: 2023-06-17 17:24:25.153542 {'Success': {'message': 'Successfully Modified the order', 'order_id': '202306192700000657'}, 'Status': 200, 'Error': None}
[INFO]: 2023-06-17 17:24:25.153734 order_id 202306192700000657 modified sucessfully
[INFO]: ..
[INFO]: 2023-06-17 17:24:30.567530 modifying order_id 202306192700000655 with limitPrice @5.1
[DEBUG]: Starting new HTTPS connection (1): api.icicidirect.com:443
[DEBUG]: https://api.icicidirect.com:443 "PUT /breezeapi/api/v1/order HTTP/1.1" 200 115
[INFO]: 2023-06-17 17:24:30.869741 {'Success': {'message': 'Successfully Modified the order', 'order_id': '202306192700000655'}, 'Status': 200, 'Error': None}
[INFO]: 2023-06-17 17:24:30.869951 order_id 202306192700000655 modified sucessfully
[INFO]: ..
[INFO]: 2023-06-17 17:24:30.872397 modifying order_id 202306192700000656 with limitPrice @5.1
[DEBUG]: Starting new HTTPS connection (1): api.icicidirect.com:443
[DEBUG]: https://api.icicidirect.com:443 "PUT /breezeapi/api/v1/order HTTP/1.1" 200 115
[INFO]: 2023-06-17 17:24:31.145843 {'Success': {'message': 'Successfully Modified the order', 'order_id': '202306192700000656'}, 'Status': 200, 'Error': None}
[INFO]: 2023-06-17 17:24:31.146047 order_id 202306192700000656 modified sucessfully
[INFO]: ..
[INFO]: 2023-06-17 17:24:31.156174 modifying order_id 202306192700000657 with limitPrice @5.1
[DEBUG]: Starting new HTTPS connection (1): api.icicidirect.com:443
[DEBUG]: https://api.icicidirect.com:443 "PUT /breezeapi/api/v1/order HTTP/1.1" 200 115
[INFO]: 2023-06-17 17:24:31.431574 {'Success': {'message': 'Successfully Modified the order', 'order_id': '202306192700000657'}, 'Status': 200, 'Error': None}
[INFO]: 2023-06-17 17:24:31.431770 order_id 202306192700000657 modified sucessfully
[INFO]: ..
[INFO]: 2023-06-17 17:24:36.872397 modifying order_id 202306192700000655 with limitPrice @5.1
[DEBUG]: Starting new HTTPS connection (1): api.icicidirect.com:443
[DEBUG]: https://api.icicidirect.com:443 "PUT /breezeapi/api/v1/order HTTP/1.1" 200 115
[INFO]: 2023-06-17 17:24:37.119998 {'Success': {'message': 'Successfully Modified the order', 'order_id': '202306192700000655'}, 'Status': 200, 'Error': None}
[INFO]: 2023-06-17 17:24:37.120192 order_id 202306192700000655 modified sucessfully
[INFO]: ..
[INFO]: 2023-06-17 17:24:37.148171 modifying order_id 202306192700000656 with limitPrice @5.1
[DEBUG]: Starting new HTTPS connection (1): api.icicidirect.com:443
[DEBUG]: https://api.icicidirect.com:443 "PUT /breezeapi/api/v1/order HTTP/1.1" 200 115
[INFO]: 2023-06-17 17:24:37.416696 {'Success': {'message': 'Successfully Modified the order', 'order_id': '202306192700000656'}, 'Status': 200, 'Error': None}
[INFO]: 2023-06-17 17:24:37.416889 order_id 202306192700000656 modified sucessfully
[INFO]: ..
[INFO]: 2023-06-17 17:24:37.433842 modifying order_id 202306192700000657 with limitPrice @5.1
[DEBUG]: Starting new HTTPS connection (1): api.icicidirect.com:443
[DEBUG]: https://api.icicidirect.com:443 "PUT /breezeapi/api/v1/order HTTP/1.1" 200 115
[INFO]: 2023-06-17 17:24:37.714010 {'Success': {'message': 'Successfully Modified the order', 'order_id': '202306192700000657'}, 'Status': 200, 'Error': None}
[INFO]: 2023-06-17 17:24:37.714121 order_id 202306192700000657 modified sucessfully
[INFO]: ..
[INFO]: 2023-06-17 17:24:43.122858 modifying order_id 202306192700000655 with limitPrice @5.1
[DEBUG]: Starting new HTTPS connection (1): api.icicidirect.com:443
[DEBUG]: https://api.icicidirect.com:443 "PUT /breezeapi/api/v1/order HTTP/1.1" 200 115
[INFO]: 2023-06-17 17:24:43.415581 {'Success': {'message': 'Successfully Modified the order', 'order_id': '202306192700000655'}, 'Status': 200, 'Error': None}
[INFO]: 2023-06-17 17:24:43.415793 order_id 202306192700000655 modified sucessfully
[INFO]: 2023-06-17 17:24:43.416876 modified max times 4, removing order_id 202306192700000655 from modifyOrder queue
[INFO]: ..
[INFO]: 2023-06-17 17:24:43.418831 modifying order_id 202306192700000656 with limitPrice @5.1
[DEBUG]: Starting new HTTPS connection (1): api.icicidirect.com:443
[DEBUG]: https://api.icicidirect.com:443 "PUT /breezeapi/api/v1/order HTTP/1.1" 200 115
[INFO]: 2023-06-17 17:24:43.709573 {'Success': {'message': 'Successfully Modified the order', 'order_id': '202306192700000656'}, 'Status': 200, 'Error': None}
[INFO]: 2023-06-17 17:24:43.709767 order_id 202306192700000656 modified sucessfully
[INFO]: 2023-06-17 17:24:43.710882 modified max times 4, removing order_id 202306192700000656 from modifyOrder queue
[INFO]: ..
[INFO]: 2023-06-17 17:24:43.716519 modifying order_id 202306192700000657 with limitPrice @5.1
[DEBUG]: Starting new HTTPS connection (1): api.icicidirect.com:443
[DEBUG]: https://api.icicidirect.com:443 "PUT /breezeapi/api/v1/order HTTP/1.1" 200 115
[INFO]: 2023-06-17 17:24:43.979810 {'Success': {'message': 'Successfully Modified the order', 'order_id': '202306192700000657'}, 'Status': 200, 'Error': None}
[INFO]: 2023-06-17 17:24:43.980036 order_id 202306192700000657 modified sucessfully
[INFO]: 2023-06-17 17:24:43.981151 modified max times 4, removing order_id 202306192700000657 from modifyOrder queue
[INFO]: ..
[DEBUG]: Starting new HTTPS connection (1): api.icicidirect.com:443
[DEBUG]: https://api.icicidirect.com:443 "GET /breezeapi/api/v1/customerdetails HTTP/1.1" 200 577
[DEBUG]: Starting new HTTPS connection (1): traderweb.icicidirect.com:443
[DEBUG]: https://traderweb.icicidirect.com:443 "GET /Content/File/txtFile/ScripFile/StockScriptNew.csv HTTP/1.1" 200 2543449
[INFO]: 2023-06-17 17:37:21.656240 modifying order_id 202306192700000661 with limitPrice @5.1
[DEBUG]: Starting new HTTPS connection (1): api.icicidirect.com:443
[DEBUG]: https://api.icicidirect.com:443 "PUT /breezeapi/api/v1/order HTTP/1.1" 200 121
[ERROR]: 2023-06-17 17:37:21.909354 {'Success': None, 'Status': 500, 'Error': 'Modification/Cancellation of Order is not possible:Please verify the order status'}
[INFO]: ..
[INFO]: 2023-06-17 17:37:21.911005 modifying order_id 202306192700000662 with limitPrice @5.1
[DEBUG]: Starting new HTTPS connection (1): api.icicidirect.com:443
[DEBUG]: https://api.icicidirect.com:443 "PUT /breezeapi/api/v1/order HTTP/1.1" 200 121
[ERROR]: 2023-06-17 17:37:22.165350 {'Success': None, 'Status': 500, 'Error': 'Modification/Cancellation of Order is not possible:Please verify the order status'}
[INFO]: ..
[INFO]: 2023-06-17 17:37:22.166985 modifying order_id 202306192700000663 with limitPrice @5.1
[DEBUG]: Starting new HTTPS connection (1): api.icicidirect.com:443
[DEBUG]: https://api.icicidirect.com:443 "PUT /breezeapi/api/v1/order HTTP/1.1" 200 121
[ERROR]: 2023-06-17 17:37:22.403007 {'Success': None, 'Status': 500, 'Error': 'Modification/Cancellation of Order is not possible:Please verify the order status'}
[INFO]: ..
[INFO]: 2023-06-17 17:37:22.404701 modifying order_id 202306192700000664 with limitPrice @5.1
[DEBUG]: Starting new HTTPS connection (1): api.icicidirect.com:443
[DEBUG]: https://api.icicidirect.com:443 "PUT /breezeapi/api/v1/order HTTP/1.1" 200 121
[ERROR]: 2023-06-17 17:37:22.627707 {'Success': None, 'Status': 500, 'Error': 'Modification/Cancellation of Order is not possible:Please verify the order status'}
[INFO]: ..
[INFO]: 2023-06-17 17:37:22.629352 modifying order_id 202306192700000665 with limitPrice @5.1
[DEBUG]: Starting new HTTPS connection (1): api.icicidirect.com:443
[DEBUG]: https://api.icicidirect.com:443 "PUT /breezeapi/api/v1/order HTTP/1.1" 200 121
[ERROR]: 2023-06-17 17:37:22.842061 {'Success': None, 'Status': 500, 'Error': 'Modification/Cancellation of Order is not possible:Please verify the order status'}
[INFO]: ..
[INFO]: 2023-06-17 17:37:22.843758 modifying order_id 202306192700000666 with limitPrice @5.1
[DEBUG]: Starting new HTTPS connection (1): api.icicidirect.com:443
[DEBUG]: https://api.icicidirect.com:443 "PUT /breezeapi/api/v1/order HTTP/1.1" 200 121
[ERROR]: 2023-06-17 17:37:23.056997 {'Success': None, 'Status': 500, 'Error': 'Modification/Cancellation of Order is not possible:Please verify the order status'}
[INFO]: ..
[INFO]: 2023-06-17 17:37:23.058656 modifying order_id 202306192700000667 with limitPrice @5.1
[DEBUG]: Starting new HTTPS connection (1): api.icicidirect.com:443
[DEBUG]: https://api.icicidirect.com:443 "PUT /breezeapi/api/v1/order HTTP/1.1" 200 121
[ERROR]: 2023-06-17 17:37:23.292760 {'Success': None, 'Status': 500, 'Error': 'Modification/Cancellation of Order is not possible:Please verify the order status'}
[INFO]: ..
[INFO]: 2023-06-17 17:37:23.294401 modifying order_id 202306192700000668 with limitPrice @5.1
[DEBUG]: Starting new HTTPS connection (1): api.icicidirect.com:443
[DEBUG]: https://api.icicidirect.com:443 "PUT /breezeapi/api/v1/order HTTP/1.1" 200 121
[ERROR]: 2023-06-17 17:37:23.526378 {'Success': None, 'Status': 500, 'Error': 'Modification/Cancellation of Order is not possible:Please verify the order status'}
[INFO]: ..
[INFO]: 2023-06-17 17:37:23.528048 modifying order_id 202306192700000669 with limitPrice @5.1
[DEBUG]: Starting new HTTPS connection (1): api.icicidirect.com:443
[DEBUG]: https://api.icicidirect.com:443 "PUT /breezeapi/api/v1/order HTTP/1.1" 200 121
[ERROR]: 2023-06-17 17:37:23.759780 {'Success': None, 'Status': 500, 'Error': 'Modification/Cancellation of Order is not possible:Please verify the order status'}
[INFO]: ..
[INFO]: 2023-06-17 17:37:23.761456 modifying order_id 202306192700000670 with limitPrice @5.1
[DEBUG]: Starting new HTTPS connection (1): api.icicidirect.com:443
[DEBUG]: https://api.icicidirect.com:443 "PUT /breezeapi/api/v1/order HTTP/1.1" 200 121
[ERROR]: 2023-06-17 17:37:23.974393 {'Success': None, 'Status': 500, 'Error': 'Modification/Cancellation of Order is not possible:Please verify the order status'}
[INFO]: ..
[INFO]: 2023-06-17 17:37:23.976088 modifying order_id 202306192700000671 with limitPrice @5.1
[DEBUG]: Starting new HTTPS connection (1): api.icicidirect.com:443
[DEBUG]: https://api.icicidirect.com:443 "PUT /breezeapi/api/v1/order HTTP/1.1" 200 121
[ERROR]: 2023-06-17 17:37:24.190687 {'Success': None, 'Status': 500, 'Error': 'Modification/Cancellation of Order is not possible:Please verify the order status'}
[INFO]: ..
[INFO]: 2023-06-17 17:37:24.192599 modifying order_id 202306192700000672 with limitPrice @5.1
[DEBUG]: Starting new HTTPS connection (1): api.icicidirect.com:443
[DEBUG]: https://api.icicidirect.com:443 "PUT /breezeapi/api/v1/order HTTP/1.1" 200 121
[ERROR]: 2023-06-17 17:37:24.415410 {'Success': None, 'Status': 500, 'Error': 'Modification/Cancellation of Order is not possible:Please verify the order status'}
[INFO]: ..
