[DEBUG]: Starting new HTTPS connection (1): api.icicidirect.com:443
[DEBUG]: https://api.icicidirect.com:443 "GET /breezeapi/api/v1/customerdetails HTTP/1.1" 200 577
[DEBUG]: Starting new HTTPS connection (1): traderweb.icicidirect.com:443
[DEBUG]: https://traderweb.icicidirect.com:443 "GET /Content/File/txtFile/ScripFile/StockScriptNew.csv HTTP/1.1" 200 2275117
[INFO]: {'ti': 1686285360, 'low': 18658.75, 'high': 18665.05, 'open': 18663.95, 'close': 18665.0, '_id': ObjectId('6482ac6cc38375551bcfc247')}
[INFO]: {'ti': 1686285360, 'low': 44195.65, 'high': 44215.25, 'open': 44214.2, 'close': 44214.6, '_id': ObjectId('6482ac6cc38375551bcfc248')}
[INFO]: {'ti': 1686285420, 'low': 18659.7, 'high': 18665.3, 'open': 18664.5, 'close': 18662.15, '_id': ObjectId('6482aca8c38375551bcfc249')}
[INFO]: {'ti': 1686285420, 'low': 44194.85, 'high': 44218.05, 'open': 44213.9, 'close': 44198.5, '_id': ObjectId('6482aca8c38375551bcfc24a')}
[INFO]: {'ti': 1686285480, 'low': 18661.4, 'high': 18664.05, 'open': 18662.1, 'close': 18663.5, '_id': ObjectId('6482ace4c38375551bcfc24b')}
[INFO]: {'ti': 1686285480, 'low': 44194.15, 'high': 44205.6, 'open': 44198.9, 'close': 44205.6, '_id': ObjectId('6482ace4c38375551bcfc24c')}
[INFO]: {'ti': 1686285540, 'low': 18658.45, 'high': 18663.45, 'open': 18662.65, 'close': 18660.25, '_id': ObjectId('6482ad20c38375551bcfc24d')}
[INFO]: {'ti': 1686285540, 'low': 44198.25, 'high': 44209.85, 'open': 44204.75, 'close': 44207.45, '_id': ObjectId('6482ad20c38375551bcfc24e')}
[INFO]: {'ti': 1686285600, 'low': 44205.6, 'high': 44214.6, 'open': 44210.25, 'close': 44210.25, '_id': ObjectId('6482ad5cc38375551bcfc24f')}
[INFO]: {'ti': 1686285600, 'low': 18655.85, 'high': 18661.25, 'open': 18660.7, 'close': 18656.15, '_id': ObjectId('6482ad5cc38375551bcfc250')}
[INFO]: {'ti': 1686285660, 'low': 18649.3, 'high': 18656.85, 'open': 18656.35, 'close': 18649.65, '_id': ObjectId('6482ad98c38375551bcfc251')}
[INFO]: {'ti': 1686285660, 'low': 44186.4, 'high': 44215.05, 'open': 44211.85, 'close': 44186.4, '_id': ObjectId('6482ad98c38375551bcfc252')}
[INFO]: {'ti': 1686285720, 'low': 18636.6, 'high': 18650.65, 'open': 18650.2, 'close': 18637.85, '_id': ObjectId('6482add4c38375551bcfc253')}
[INFO]: {'ti': 1686285720, 'low': 44149.5, 'high': 44193.75, 'open': 44188.45, 'close': 44157.7, '_id': ObjectId('6482add4c38375551bcfc254')}
[INFO]: {'ti': 1686285780, 'low': 18633.65, 'high': 18638.1, 'open': 18637.05, 'close': 18637.8, '_id': ObjectId('6482ae10c38375551bcfc255')}
[INFO]: {'ti': 1686285780, 'low': 44133.0, 'high': 44157.45, 'open': 44155.15, 'close': 44151.95, '_id': ObjectId('6482ae10c38375551bcfc256')}
[INFO]: {'ti': 1686285840, 'low': 18636.0, 'high': 18643.8, 'open': 18637.05, 'close': 18641.2, '_id': ObjectId('6482ae4cc38375551bcfc257')}
[INFO]: {'ti': 1686285840, 'low': 44149.5, 'high': 44176.6, 'open': 44151.45, 'close': 44165.2, '_id': ObjectId('6482ae4cc38375551bcfc258')}
[INFO]: {'ti': 1686285900, 'low': 18638.8, 'high': 18641.8, 'open': 18640.4, 'close': 18639.7, '_id': ObjectId('6482ae88c38375551bcfc259')}
[INFO]: {'ti': 1686285900, 'low': 44159.95, 'high': 44175.95, 'open': 44161.5, 'close': 44166.0, '_id': ObjectId('6482ae88c38375551bcfc25a')}
[INFO]: {'ti': 1686285960, 'low': 18636.6, 'high': 18639.85, 'open': 18639.25, 'close': 18637.65, '_id': ObjectId('6482aec4c38375551bcfc25b')}
[INFO]: {'ti': 1686285960, 'low': 44148.75, 'high': 44165.9, 'open': 44162.45, 'close': 44149.3, '_id': ObjectId('6482aec4c38375551bcfc25c')}
[INFO]: {'ti': 1686286020, 'low': 18636.15, 'high': 18639.05, 'open': 18637.55, 'close': 18636.4, '_id': ObjectId('6482af00c38375551bcfc25d')}
[INFO]: {'ti': 1686286020, 'low': 44148.1, 'high': 44158.55, 'open': 44149.5, 'close': 44148.1, '_id': ObjectId('6482af00c38375551bcfc25e')}
[INFO]: {'ti': 1686286080, 'low': 18635.1, 'high': 18637.9, 'open': 18636.75, 'close': 18635.45, '_id': ObjectId('6482af3cc38375551bcfc25f')}
[INFO]: {'ti': 1686286080, 'low': 44148.05, 'high': 44156.6, 'open': 44151.65, 'close': 44156.3, '_id': ObjectId('6482af3cc38375551bcfc260')}
[INFO]: {'ti': 1686286140, 'low': 18628.55, 'high': 18635.95, 'open': 18635.4, 'close': 18628.8, '_id': ObjectId('6482af78c38375551bcfc261')}
[INFO]: {'ti': 1686286140, 'low': 44136.6, 'high': 44158.8, 'open': 44156.75, 'close': 44136.6, '_id': ObjectId('6482af78c38375551bcfc262')}
[INFO]: {'ti': 1686286200, 'low': 18625.2, 'high': 18630.8, 'open': 18628.65, 'close': 18625.85, '_id': ObjectId('6482afb4c38375551bcfc263')}
[INFO]: {'ti': 1686286200, 'low': 44135.05, 'high': 44151.95, 'open': 44137.1, 'close': 44137.7, '_id': ObjectId('6482afb4c38375551bcfc264')}
[INFO]: {'ti': 1686286260, 'low': 18625.7, 'high': 18632.9, 'open': 18626.7, 'close': 18630.1, '_id': ObjectId('6482aff0c38375551bcfc265')}
[INFO]: {'ti': 1686286260, 'low': 44135.25, 'high': 44161.9, 'open': 44137.2, 'close': 44149.0, '_id': ObjectId('6482aff0c38375551bcfc266')}
[INFO]: {'ti': 1686286320, 'low': 18628.85, 'high': 18631.8, 'open': 18630.2, 'close': 18631.55, '_id': ObjectId('6482b02cc38375551bcfc267')}
[INFO]: {'ti': 1686286320, 'low': 44147.05, 'high': 44159.65, 'open': 44148.9, 'close': 44154.7, '_id': ObjectId('6482b02cc38375551bcfc268')}
[INFO]: {'ti': 1686286380, 'low': 44148.8, 'high': 44160.0, 'open': 44156.6, 'close': 44157.5, '_id': ObjectId('6482b068c38375551bcfc269')}
[INFO]: {'ti': 1686286380, 'low': 18629.8, 'high': 18632.2, 'open': 18631.4, 'close': 18630.3, '_id': ObjectId('6482b068c38375551bcfc26a')}
[INFO]: {'ti': 1686286440, 'low': 18628.05, 'high': 18630.6, 'open': 18630.6, 'close': 18628.85, '_id': ObjectId('6482b0a4c38375551bcfc26b')}
[INFO]: {'ti': 1686286440, 'low': 44144.35, 'high': 44156.85, 'open': 44156.4, 'close': 44148.85, '_id': ObjectId('6482b0a4c38375551bcfc26c')}
[INFO]: {'ti': 1686286500, 'low': 18628.35, 'high': 18631.85, 'open': 18629.6, 'close': 18631.35, '_id': ObjectId('6482b0e0c38375551bcfc26d')}
[INFO]: {'ti': 1686286500, 'low': 44146.45, 'high': 44165.95, 'open': 44150.7, 'close': 44165.95, '_id': ObjectId('6482b0e0c38375551bcfc26e')}
[INFO]: {'ti': 1686286560, 'low': 18632.05, 'high': 18638.15, 'open': 18632.45, 'close': 18637.1, '_id': ObjectId('6482b11cc38375551bcfc26f')}
[INFO]: {'ti': 1686286560, 'low': 44164.75, 'high': 44177.65, 'open': 44165.7, 'close': 44172.1, '_id': ObjectId('6482b11cc38375551bcfc270')}
[INFO]: {'ti': 1686286620, 'low': 18628.65, 'high': 18637.7, 'open': 18637.7, 'close': 18629.05, '_id': ObjectId('6482b158c38375551bcfc271')}
[INFO]: {'ti': 1686286620, 'low': 44139.05, 'high': 44171.75, 'open': 44171.75, 'close': 44141.55, '_id': ObjectId('6482b158c38375551bcfc272')}
[INFO]: {'ti': 1686286680, 'low': 18625.2, 'high': 18629.3, 'open': 18628.65, 'close': 18625.2, '_id': ObjectId('6482b194c38375551bcfc273')}
[INFO]: {'ti': 1686286680, 'low': 44135.1, 'high': 44148.2, 'open': 44142.35, 'close': 44136.55, '_id': ObjectId('6482b194c38375551bcfc274')}
[INFO]: {'ti': 1686286740, 'low': 44115.9, 'high': 44137.65, 'open': 44135.9, 'close': 44115.9, '_id': ObjectId('6482b1d0c38375551bcfc275')}
[INFO]: {'ti': 1686286740, 'low': 18619.65, 'high': 18624.9, 'open': 18624.2, 'close': 18619.65, '_id': ObjectId('6482b1d0c38375551bcfc276')}
[INFO]: {'ti': 1686286800, 'low': 18618.15, 'high': 18622.25, 'open': 18619.7, 'close': 18618.8, '_id': ObjectId('6482b20cc38375551bcfc277')}
[INFO]: {'ti': 1686286800, 'low': 44107.1, 'high': 44122.35, 'open': 44114.45, 'close': 44114.55, '_id': ObjectId('6482b20cc38375551bcfc278')}
[INFO]: {'ti': 1686286860, 'low': 18617.95, 'high': 18627.2, 'open': 18618.85, 'close': 18625.85, '_id': ObjectId('6482b248c38375551bcfc279')}
[INFO]: {'ti': 1686286860, 'low': 44116.15, 'high': 44133.45, 'open': 44116.95, 'close': 44128.05, '_id': ObjectId('6482b248c38375551bcfc27a')}
[INFO]: {'ti': 1686286920, 'low': 18624.5, 'high': 18628.75, 'open': 18626.3, 'close': 18624.5, '_id': ObjectId('6482b284c38375551bcfc27b')}
[INFO]: {'ti': 1686286920, 'low': 44122.05, 'high': 44130.35, 'open': 44128.1, 'close': 44123.1, '_id': ObjectId('6482b284c38375551bcfc27c')}
[INFO]: {'ti': 1686286980, 'low': 18624.05, 'high': 18627.35, 'open': 18624.9, 'close': 18626.75, '_id': ObjectId('6482b2c0c38375551bcfc27d')}
[INFO]: {'ti': 1686286980, 'low': 44118.65, 'high': 44132.35, 'open': 44122.05, 'close': 44131.5, '_id': ObjectId('6482b2c0c38375551bcfc27e')}
[INFO]: {'ti': 1686287040, 'low': 18625.7, 'high': 18629.25, 'open': 18627.4, 'close': 18628.2, '_id': ObjectId('6482b2fcc38375551bcfc27f')}
[INFO]: {'ti': 1686287040, 'low': 44126.25, 'high': 44144.45, 'open': 44135.45, 'close': 44138.75, '_id': ObjectId('6482b2fcc38375551bcfc280')}
[INFO]: {'ti': 1686287100, 'low': 18628.15, 'high': 18632.6, 'open': 18628.45, 'close': 18632.6, '_id': ObjectId('6482b338c38375551bcfc281')}
[INFO]: {'ti': 1686287100, 'low': 44136.6, 'high': 44154.95, 'open': 44138.0, 'close': 44153.2, '_id': ObjectId('6482b338c38375551bcfc282')}
[INFO]: {'ti': 1686287220, 'low': 18631.3, 'high': 18635.85, 'open': 18632.2, 'close': 18635.6, '_id': ObjectId('6482b3b0c38375551bcfc283')}
[INFO]: {'ti': 1686287220, 'low': 44147.75, 'high': 44164.85, 'open': 44149.8, 'close': 44164.85, '_id': ObjectId('6482b3b0c38375551bcfc284')}
[INFO]: {'ti': 1686287280, 'low': 44159.05, 'high': 44170.05, 'open': 44164.95, 'close': 44160.3, '_id': ObjectId('6482b3ecc38375551bcfc285')}
[INFO]: {'ti': 1686287280, 'low': 18635.2, 'high': 18639.25, 'open': 18636.25, 'close': 18636.7, '_id': ObjectId('6482b3ecc38375551bcfc286')}
[INFO]: {'ti': 1686287340, 'low': 18634.35, 'high': 18637.4, 'open': 18636.6, 'close': 18635.2, '_id': ObjectId('6482b428c38375551bcfc287')}
[INFO]: {'ti': 1686287340, 'low': 44155.1, 'high': 44168.95, 'open': 44160.4, 'close': 44165.85, '_id': ObjectId('6482b428c38375551bcfc288')}
[INFO]: {'ti': 1686287400, 'low': 18631.55, 'high': 18636.65, 'open': 18635.3, 'close': 18633.65, '_id': ObjectId('6482b464c38375551bcfc289')}
[INFO]: {'ti': 1686287400, 'low': 44154.1, 'high': 44171.75, 'open': 44164.75, 'close': 44163.55, '_id': ObjectId('6482b464c38375551bcfc28a')}
[INFO]: {'ti': 1686287460, 'low': 18632.0, 'high': 18635.25, 'open': 18633.7, 'close': 18635.25, '_id': ObjectId('6482b4a0c38375551bcfc28b')}
[INFO]: {'ti': 1686287460, 'low': 44154.8, 'high': 44164.25, 'open': 44162.3, 'close': 44159.15, '_id': ObjectId('6482b4a0c38375551bcfc28c')}
[INFO]: {'ti': 1686287520, 'low': 18633.3, 'high': 18636.15, 'open': 18635.25, 'close': 18633.55, '_id': ObjectId('6482b4dcc38375551bcfc28d')}
[INFO]: {'ti': 1686287520, 'low': 44154.85, 'high': 44165.35, 'open': 44158.25, 'close': 44163.15, '_id': ObjectId('6482b4dcc38375551bcfc28e')}
[INFO]: {'ti': 1686287580, 'low': 18626.5, 'high': 18634.15, 'open': 18633.2, 'close': 18627.0, '_id': ObjectId('6482b518c38375551bcfc28f')}
[INFO]: {'ti': 1686287580, 'low': 44141.65, 'high': 44163.0, 'open': 44160.55, 'close': 44144.45, '_id': ObjectId('6482b518c38375551bcfc290')}
[INFO]: {'ti': 1686287640, 'low': 18624.0, 'high': 18628.05, 'open': 18627.45, 'close': 18627.0, '_id': ObjectId('6482b554c38375551bcfc291')}
[INFO]: {'ti': 1686287640, 'low': 44132.6, 'high': 44147.35, 'open': 44145.75, 'close': 44143.8, '_id': ObjectId('6482b554c38375551bcfc292')}
[INFO]: {'ti': 1686287700, 'low': 18622.55, 'high': 18627.05, 'open': 18626.65, 'close': 18624.05, '_id': ObjectId('6482b590c38375551bcfc293')}
[INFO]: {'ti': 1686287700, 'low': 44138.75, 'high': 44146.8, 'open': 44144.5, 'close': 44145.7, '_id': ObjectId('6482b590c38375551bcfc294')}
[INFO]: {'ti': 1686287760, 'low': 18621.9, 'high': 18624.3, 'open': 18624.3, 'close': 18622.95, '_id': ObjectId('6482b5ccc38375551bcfc295')}
[INFO]: {'ti': 1686287760, 'low': 44139.8, 'high': 44147.4, 'open': 44145.05, 'close': 44145.8, '_id': ObjectId('6482b5ccc38375551bcfc296')}
[INFO]: {'ti': 1686287820, 'low': 18618.45, 'high': 18622.75, 'open': 18622.65, 'close': 18618.65, '_id': ObjectId('6482b608c38375551bcfc297')}
[INFO]: {'ti': 1686287820, 'low': 44132.8, 'high': 44148.2, 'open': 44147.25, 'close': 44134.8, '_id': ObjectId('6482b608c38375551bcfc298')}
[INFO]: {'ti': 1686287880, 'low': 44133.1, 'high': 44145.3, 'open': 44136.0, 'close': 44145.3, '_id': ObjectId('6482b644c38375551bcfc299')}
[INFO]: {'ti': 1686287880, 'low': 18617.3, 'high': 18621.9, 'open': 18618.8, 'close': 18621.4, '_id': ObjectId('6482b644c38375551bcfc29a')}
[INFO]: {'ti': 1686287940, 'low': 18622.6, 'high': 18626.3, 'open': 18622.6, 'close': 18626.25, '_id': ObjectId('6482b680c38375551bcfc29b')}
[INFO]: {'ti': 1686287940, 'low': 44146.9, 'high': 44156.4, 'open': 44149.75, 'close': 44152.6, '_id': ObjectId('6482b680c38375551bcfc29c')}
[INFO]: {'ti': 1686288000, 'low': 18623.8, 'high': 18627.3, 'open': 18626.2, 'close': 18623.8, '_id': ObjectId('6482b6bcc38375551bcfc29d')}
[INFO]: {'ti': 1686288000, 'low': 44148.25, 'high': 44155.5, 'open': 44152.15, 'close': 44148.25, '_id': ObjectId('6482b6bcc38375551bcfc29e')}
[INFO]: {'ti': 1686288060, 'low': 18622.6, 'high': 18625.05, 'open': 18623.9, 'close': 18625.05, '_id': ObjectId('6482b6f8c38375551bcfc29f')}
[INFO]: {'ti': 1686288060, 'low': 44139.75, 'high': 44149.55, 'open': 44146.2, 'close': 44149.55, '_id': ObjectId('6482b6f8c38375551bcfc2a0')}
[INFO]: {'ti': 1686288120, 'low': 44140.25, 'high': 44154.25, 'open': 44149.75, 'close': 44140.25, '_id': ObjectId('6482b734c38375551bcfc2a1')}
[INFO]: {'ti': 1686288120, 'low': 18622.05, 'high': 18625.55, 'open': 18624.8, 'close': 18622.45, '_id': ObjectId('6482b734c38375551bcfc2a2')}
[INFO]: {'ti': 1686288180, 'low': 18614.5, 'high': 18622.2, 'open': 18622.2, 'close': 18616.3, '_id': ObjectId('6482b770c38375551bcfc2a3')}
[INFO]: {'ti': 1686288180, 'low': 44126.85, 'high': 44141.6, 'open': 44140.95, 'close': 44133.35, '_id': ObjectId('6482b770c38375551bcfc2a4')}
[INFO]: {'ti': 1686288240, 'low': 18615.95, 'high': 18620.9, 'open': 18616.6, 'close': 18619.8, '_id': ObjectId('6482b7acc38375551bcfc2a5')}
[INFO]: {'ti': 1686288240, 'low': 44130.25, 'high': 44151.45, 'open': 44133.05, 'close': 44144.55, '_id': ObjectId('6482b7acc38375551bcfc2a6')}
[INFO]: {'ti': 1686288300, 'low': 18619.9, 'high': 18623.7, 'open': 18620.05, 'close': 18622.45, '_id': ObjectId('6482b7e8c38375551bcfc2a7')}
[INFO]: {'ti': 1686288300, 'low': 44144.4, 'high': 44158.55, 'open': 44144.4, 'close': 44152.45, '_id': ObjectId('6482b7e8c38375551bcfc2a8')}
[INFO]: {'ti': 1686288360, 'low': 18617.1, 'high': 18622.85, 'open': 18622.65, 'close': 18617.5, '_id': ObjectId('6482b824c38375551bcfc2a9')}
[INFO]: {'ti': 1686288360, 'low': 44140.75, 'high': 44154.4, 'open': 44153.5, 'close': 44140.75, '_id': ObjectId('6482b824c38375551bcfc2aa')}
[INFO]: {'ti': 1686288420, 'low': 18613.5, 'high': 18617.9, 'open': 18617.9, 'close': 18614.35, '_id': ObjectId('6482b860c38375551bcfc2ab')}
[INFO]: {'ti': 1686288420, 'low': 44123.05, 'high': 44144.15, 'open': 44142.1, 'close': 44123.15, '_id': ObjectId('6482b860c38375551bcfc2ac')}
[INFO]: {'ti': 1686288480, 'low': 18613.7, 'high': 18616.55, 'open': 18614.15, 'close': 18616.1, '_id': ObjectId('6482b89cc38375551bcfc2ad')}
[INFO]: {'ti': 1686288480, 'low': 44120.35, 'high': 44137.75, 'open': 44120.35, 'close': 44131.45, '_id': ObjectId('6482b89cc38375551bcfc2ae')}
[INFO]: {'ti': 1686288540, 'low': 44111.65, 'high': 44129.75, 'open': 44127.65, 'close': 44129.05, '_id': ObjectId('6482b8d8c38375551bcfc2af')}
[INFO]: {'ti': 1686288540, 'low': 18607.85, 'high': 18615.15, 'open': 18614.9, 'close': 18613.05, '_id': ObjectId('6482b8d8c38375551bcfc2b0')}
[INFO]: {'ti': 1686288600, 'low': 18611.25, 'high': 18614.65, 'open': 18612.95, 'close': 18611.25, '_id': ObjectId('6482b914c38375551bcfc2b1')}
[INFO]: {'ti': 1686288600, 'low': 44125.65, 'high': 44133.95, 'open': 44127.4, 'close': 44133.15, '_id': ObjectId('6482b914c38375551bcfc2b2')}
[INFO]: {'ti': 1686288660, 'low': 18607.35, 'high': 18610.7, 'open': 18610.6, 'close': 18608.85, '_id': ObjectId('6482b950c38375551bcfc2b3')}
[INFO]: {'ti': 1686288660, 'low': 44121.3, 'high': 44134.0, 'open': 44132.1, 'close': 44129.65, '_id': ObjectId('6482b950c38375551bcfc2b4')}
[INFO]: {'ti': 1686288720, 'low': 18608.15, 'high': 18610.65, 'open': 18609.85, 'close': 18608.45, '_id': ObjectId('6482b98cc38375551bcfc2b5')}
[INFO]: {'ti': 1686288720, 'low': 44122.95, 'high': 44132.0, 'open': 44131.95, 'close': 44126.45, '_id': ObjectId('6482b98cc38375551bcfc2b6')}
[INFO]: {'ti': 1686288780, 'low': 44114.3, 'high': 44126.85, 'open': 44124.25, 'close': 44123.9, '_id': ObjectId('6482b9c8c38375551bcfc2b7')}
[INFO]: {'ti': 1686288780, 'low': 18606.8, 'high': 18609.6, 'open': 18608.7, 'close': 18608.35, '_id': ObjectId('6482b9c8c38375551bcfc2b8')}
[INFO]: {'ti': 1686288840, 'low': 18607.45, 'high': 18609.3, 'open': 18608.15, 'close': 18608.7, '_id': ObjectId('6482ba04c38375551bcfc2b9')}
[INFO]: {'ti': 1686288840, 'low': 44112.05, 'high': 44125.05, 'open': 44123.2, 'close': 44116.15, '_id': ObjectId('6482ba04c38375551bcfc2ba')}
[INFO]: {'ti': 1686288900, 'low': 44095.95, 'high': 44122.75, 'open': 44114.65, 'close': 44101.6, '_id': ObjectId('6482ba40c38375551bcfc2bb')}
[INFO]: {'ti': 1686288900, 'low': 18601.9, 'high': 18610.1, 'open': 18609.5, 'close': 18605.0, '_id': ObjectId('6482ba40c38375551bcfc2bc')}
[INFO]: {'ti': 1686288960, 'low': 18601.65, 'high': 18605.8, 'open': 18604.95, 'close': 18602.1, '_id': ObjectId('6482ba7cc38375551bcfc2bd')}
[INFO]: {'ti': 1686288960, 'low': 44084.8, 'high': 44100.75, 'open': 44100.75, 'close': 44089.05, '_id': ObjectId('6482ba7cc38375551bcfc2be')}
[INFO]: {'ti': 1686289020, 'low': 44075.25, 'high': 44096.6, 'open': 44084.7, 'close': 44092.05, '_id': ObjectId('6482bab8c38375551bcfc2bf')}
[INFO]: {'ti': 1686289020, 'low': 18600.5, 'high': 18603.15, 'open': 18601.85, 'close': 18602.25, '_id': ObjectId('6482bab8c38375551bcfc2c0')}
[INFO]: {'ti': 1686289080, 'low': 18601.35, 'high': 18604.7, 'open': 18601.7, 'close': 18604.7, '_id': ObjectId('6482baf4c38375551bcfc2c1')}
[INFO]: {'ti': 1686289080, 'low': 44085.15, 'high': 44106.3, 'open': 44089.2, 'close': 44105.95, '_id': ObjectId('6482baf4c38375551bcfc2c2')}
[INFO]: {'ti': 1686289140, 'low': 18603.05, 'high': 18610.75, 'open': 18605.05, 'close': 18610.6, '_id': ObjectId('6482bb30c38375551bcfc2c3')}
[INFO]: {'ti': 1686289140, 'low': 44098.8, 'high': 44135.1, 'open': 44106.05, 'close': 44134.7, '_id': ObjectId('6482bb30c38375551bcfc2c4')}
[INFO]: {'ti': 1686289200, 'low': 18609.65, 'high': 18619.55, 'open': 18610.55, 'close': 18616.2, '_id': ObjectId('6482bb6cc38375551bcfc2c5')}
[INFO]: {'ti': 1686289200, 'low': 44133.85, 'high': 44166.8, 'open': 44136.7, 'close': 44158.0, '_id': ObjectId('6482bb6cc38375551bcfc2c6')}
[INFO]: {'ti': 1686289260, 'low': 44146.7, 'high': 44155.95, 'open': 44155.75, 'close': 44155.95, '_id': ObjectId('6482bba8c38375551bcfc2c7')}
[INFO]: {'ti': 1686289260, 'low': 18614.25, 'high': 18617.05, 'open': 18616.85, 'close': 18615.4, '_id': ObjectId('6482bba8c38375551bcfc2c8')}
[INFO]: {'ti': 1686289320, 'low': 18612.35, 'high': 18615.5, 'open': 18614.95, 'close': 18612.7, '_id': ObjectId('6482bbe4c38375551bcfc2c9')}
[INFO]: {'ti': 1686289320, 'low': 44140.1, 'high': 44152.7, 'open': 44149.95, 'close': 44147.15, '_id': ObjectId('6482bbe4c38375551bcfc2ca')}
[INFO]: {'ti': 1686289380, 'low': 44140.3, 'high': 44150.95, 'open': 44150.95, 'close': 44142.7, '_id': ObjectId('6482bc20c38375551bcfc2cb')}
[INFO]: {'ti': 1686289380, 'low': 18611.4, 'high': 18613.55, 'open': 18613.4, 'close': 18611.75, '_id': ObjectId('6482bc20c38375551bcfc2cc')}
[INFO]: {'ti': 1686289440, 'low': 18611.05, 'high': 18614.05, 'open': 18612.55, 'close': 18612.05, '_id': ObjectId('6482bc5cc38375551bcfc2cd')}
[INFO]: {'ti': 1686289440, 'low': 44134.4, 'high': 44145.6, 'open': 44141.0, 'close': 44140.3, '_id': ObjectId('6482bc5cc38375551bcfc2ce')}
[INFO]: {'ti': 1686289500, 'low': 18612.1, 'high': 18619.2, 'open': 18612.1, 'close': 18619.2, '_id': ObjectId('6482bc98c38375551bcfc2cf')}
[INFO]: {'ti': 1686289500, 'low': 44139.2, 'high': 44148.45, 'open': 44140.5, 'close': 44145.6, '_id': ObjectId('6482bc98c38375551bcfc2d0')}
[INFO]: {'ti': 1686289560, 'low': 18619.25, 'high': 18622.75, 'open': 18619.25, 'close': 18622.2, '_id': ObjectId('6482bcd4c38375551bcfc2d1')}
[INFO]: {'ti': 1686289560, 'low': 44136.9, 'high': 44146.15, 'open': 44144.85, 'close': 44137.7, '_id': ObjectId('6482bcd4c38375551bcfc2d2')}
[INFO]: {'ti': 1686289620, 'low': 18621.2, 'high': 18623.75, 'open': 18622.55, 'close': 18621.85, '_id': ObjectId('6482bd10c38375551bcfc2d3')}
[INFO]: {'ti': 1686289620, 'low': 44136.2, 'high': 44144.45, 'open': 44138.45, 'close': 44141.8, '_id': ObjectId('6482bd10c38375551bcfc2d4')}
[INFO]: {'ti': 1686289680, 'low': 18620.95, 'high': 18624.05, 'open': 18621.3, 'close': 18623.35, '_id': ObjectId('6482bd4cc38375551bcfc2d5')}
[INFO]: {'ti': 1686289680, 'low': 44136.4, 'high': 44145.1, 'open': 44139.85, 'close': 44141.7, '_id': ObjectId('6482bd4cc38375551bcfc2d6')}
[INFO]: {'ti': 1686289740, 'low': 18622.1, 'high': 18624.3, 'open': 18623.65, 'close': 18622.95, '_id': ObjectId('6482bd88c38375551bcfc2d7')}
[INFO]: {'ti': 1686289740, 'low': 44132.95, 'high': 44146.15, 'open': 44140.7, 'close': 44137.35, '_id': ObjectId('6482bd88c38375551bcfc2d8')}
[INFO]: {'ti': 1686289800, 'low': 18621.65, 'high': 18626.1, 'open': 18623.1, 'close': 18624.25, '_id': ObjectId('6482bdc4c38375551bcfc2d9')}
[INFO]: {'ti': 1686289800, 'low': 44132.25, 'high': 44153.65, 'open': 44139.95, 'close': 44146.35, '_id': ObjectId('6482bdc4c38375551bcfc2da')}
[INFO]: {'ti': 1686289860, 'low': 18623.75, 'high': 18627.25, 'open': 18624.3, 'close': 18627.15, '_id': ObjectId('6482be00c38375551bcfc2db')}
[INFO]: {'ti': 1686289860, 'low': 44142.4, 'high': 44156.6, 'open': 44142.5, 'close': 44154.1, '_id': ObjectId('6482be00c38375551bcfc2dc')}
[INFO]: {'ti': 1686289920, 'low': 44148.75, 'high': 44162.45, 'open': 44154.6, 'close': 44162.45, '_id': ObjectId('6482be3cc38375551bcfc2dd')}
[INFO]: {'ti': 1686289920, 'low': 18625.6, 'high': 18628.1, 'open': 18627.7, 'close': 18627.55, '_id': ObjectId('6482be3cc38375551bcfc2de')}
[INFO]: {'ti': 1686289980, 'low': 18625.8, 'high': 18629.05, 'open': 18627.4, 'close': 18625.8, '_id': ObjectId('6482be78c38375551bcfc2df')}
[INFO]: {'ti': 1686289980, 'low': 44153.4, 'high': 44163.75, 'open': 44160.85, 'close': 44153.4, '_id': ObjectId('6482be78c38375551bcfc2e0')}
[INFO]: {'ti': 1686290040, 'low': 44150.9, 'high': 44160.6, 'open': 44152.5, 'close': 44157.85, '_id': ObjectId('6482beb4c38375551bcfc2e1')}
[INFO]: {'ti': 1686290040, 'low': 18625.05, 'high': 18629.05, 'open': 18625.5, 'close': 18627.7, '_id': ObjectId('6482beb4c38375551bcfc2e2')}
[INFO]: {'ti': 1686290100, 'low': 18627.65, 'high': 18629.8, 'open': 18628.15, 'close': 18628.2, '_id': ObjectId('6482bef0c38375551bcfc2e3')}
[INFO]: {'ti': 1686290100, 'low': 44155.2, 'high': 44163.9, 'open': 44157.3, 'close': 44155.55, '_id': ObjectId('6482bef0c38375551bcfc2e4')}
[INFO]: {'ti': 1686290160, 'low': 18624.95, 'high': 18629.4, 'open': 18628.45, 'close': 18627.3, '_id': ObjectId('6482bf2cc38375551bcfc2e5')}
[INFO]: {'ti': 1686290160, 'low': 44146.55, 'high': 44165.6, 'open': 44156.6, 'close': 44154.55, '_id': ObjectId('6482bf2cc38375551bcfc2e6')}
[INFO]: {'ti': 1686290220, 'low': 18624.55, 'high': 18628.35, 'open': 18627.8, 'close': 18625.15, '_id': ObjectId('6482bf68c38375551bcfc2e7')}
[INFO]: {'ti': 1686290220, 'low': 44147.4, 'high': 44159.5, 'open': 44155.9, 'close': 44149.75, '_id': ObjectId('6482bf68c38375551bcfc2e8')}
[INFO]: {'ti': 1686290280, 'low': 44134.15, 'high': 44145.25, 'open': 44143.5, 'close': 44141.2, '_id': ObjectId('6482bfa4c38375551bcfc2e9')}
[INFO]: {'ti': 1686290280, 'low': 18624.05, 'high': 18626.1, 'open': 18624.25, 'close': 18624.7, '_id': ObjectId('6482bfa4c38375551bcfc2ea')}
[INFO]: {'ti': 1686290340, 'low': 18624.45, 'high': 18626.65, 'open': 18624.45, 'close': 18625.45, '_id': ObjectId('6482bfe0c38375551bcfc2eb')}
[INFO]: {'ti': 1686290340, 'low': 44138.65, 'high': 44145.55, 'open': 44138.65, 'close': 44140.35, '_id': ObjectId('6482bfe0c38375551bcfc2ec')}
[INFO]: {'ti': 1686290400, 'low': 18624.85, 'high': 18626.55, 'open': 18624.9, 'close': 18625.4, '_id': ObjectId('6482c01cc38375551bcfc2ed')}
[INFO]: {'ti': 1686290400, 'low': 44135.95, 'high': 44143.05, 'open': 44139.3, 'close': 44139.55, '_id': ObjectId('6482c01cc38375551bcfc2ee')}
[INFO]: {'ti': 1686290460, 'low': 18625.05, 'high': 18629.0, 'open': 18625.2, 'close': 18628.95, '_id': ObjectId('6482c058c38375551bcfc2ef')}
[INFO]: {'ti': 1686290460, 'low': 44136.45, 'high': 44156.4, 'open': 44141.0, 'close': 44151.35, '_id': ObjectId('6482c058c38375551bcfc2f0')}
[INFO]: {'ti': 1686290520, 'low': 18627.7, 'high': 18629.95, 'open': 18628.4, 'close': 18628.65, '_id': ObjectId('6482c094c38375551bcfc2f1')}
[INFO]: {'ti': 1686290520, 'low': 44138.85, 'high': 44152.1, 'open': 44148.55, 'close': 44144.65, '_id': ObjectId('6482c094c38375551bcfc2f2')}
[INFO]: {'ti': 1686290640, 'low': 44148.5, 'high': 44157.65, 'open': 44148.5, 'close': 44152.75, '_id': ObjectId('6482c10cc38375551bcfc2f3')}
[INFO]: {'ti': 1686290640, 'low': 18626.95, 'high': 18628.8, 'open': 18628.25, 'close': 18627.75, '_id': ObjectId('6482c10dc38375551bcfc2f4')}
[INFO]: {'ti': 1686290700, 'low': 18623.2, 'high': 18627.75, 'open': 18627.25, 'close': 18623.45, '_id': ObjectId('6482c148c38375551bcfc2f5')}
[INFO]: {'ti': 1686290700, 'low': 44139.35, 'high': 44155.2, 'open': 44149.55, 'close': 44142.7, '_id': ObjectId('6482c148c38375551bcfc2f6')}
[INFO]: {'ti': 1686290760, 'low': 44131.5, 'high': 44142.75, 'open': 44140.7, 'close': 44135.05, '_id': ObjectId('6482c184c38375551bcfc2f7')}
[INFO]: {'ti': 1686290760, 'low': 18618.55, 'high': 18623.55, 'open': 18623.25, 'close': 18619.65, '_id': ObjectId('6482c184c38375551bcfc2f8')}
[INFO]: {'ti': 1686290820, 'low': 18618.6, 'high': 18620.7, 'open': 18619.4, 'close': 18619.5, '_id': ObjectId('6482c1c0c38375551bcfc2f9')}
[INFO]: {'ti': 1686290820, 'low': 44128.8, 'high': 44136.85, 'open': 44134.25, 'close': 44131.5, '_id': ObjectId('6482c1c0c38375551bcfc2fa')}
[INFO]: {'ti': 1686290880, 'low': 18618.9, 'high': 18621.9, 'open': 18619.65, 'close': 18621.05, '_id': ObjectId('6482c1fcc38375551bcfc2fb')}
[INFO]: {'ti': 1686290880, 'low': 44127.9, 'high': 44137.15, 'open': 44130.65, 'close': 44131.8, '_id': ObjectId('6482c1fcc38375551bcfc2fc')}
[INFO]: {'ti': 1686290940, 'low': 18619.2, 'high': 18621.65, 'open': 18620.95, 'close': 18619.5, '_id': ObjectId('6482c238c38375551bcfc2fd')}
[INFO]: {'ti': 1686290940, 'low': 44124.3, 'high': 44132.9, 'open': 44130.7, 'close': 44124.3, '_id': ObjectId('6482c238c38375551bcfc2fe')}
[INFO]: {'ti': 1686291000, 'low': 44123.6, 'high': 44139.35, 'open': 44123.9, 'close': 44132.9, '_id': ObjectId('6482c274c38375551bcfc2ff')}
[INFO]: {'ti': 1686291000, 'low': 18619.1, 'high': 18624.35, 'open': 18619.1, 'close': 18623.95, '_id': ObjectId('6482c274c38375551bcfc300')}
[INFO]: {'ti': 1686291060, 'low': 18622.85, 'high': 18625.25, 'open': 18624.2, 'close': 18624.7, '_id': ObjectId('6482c2b0c38375551bcfc301')}
[INFO]: {'ti': 1686291060, 'low': 44131.0, 'high': 44141.1, 'open': 44134.25, 'close': 44135.85, '_id': ObjectId('6482c2b0c38375551bcfc302')}
[INFO]: {'ti': 1686291120, 'low': 44113.2, 'high': 44138.45, 'open': 44135.1, 'close': 44118.0, '_id': ObjectId('6482c2ecc38375551bcfc303')}
[INFO]: {'ti': 1686291120, 'low': 18619.3, 'high': 18624.65, 'open': 18624.05, 'close': 18621.2, '_id': ObjectId('6482c2ecc38375551bcfc304')}
[INFO]: {'ti': 1686291180, 'low': 18618.3, 'high': 18622.4, 'open': 18620.9, 'close': 18620.05, '_id': ObjectId('6482c328c38375551bcfc305')}
[INFO]: {'ti': 1686291180, 'low': 44105.75, 'high': 44120.0, 'open': 44117.2, 'close': 44110.6, '_id': ObjectId('6482c328c38375551bcfc306')}
[INFO]: {'ti': 1686291240, 'low': 18618.8, 'high': 18625.0, 'open': 18620.35, 'close': 18624.2, '_id': ObjectId('6482c364c38375551bcfc307')}
[INFO]: {'ti': 1686291240, 'low': 44103.55, 'high': 44128.35, 'open': 44109.05, 'close': 44125.1, '_id': ObjectId('6482c364c38375551bcfc308')}
[INFO]: {'ti': 1686291300, 'low': 18623.75, 'high': 18628.3, 'open': 18624.2, 'close': 18627.0, '_id': ObjectId('6482c3a0c38375551bcfc309')}
[INFO]: {'ti': 1686291300, 'low': 44123.35, 'high': 44140.65, 'open': 44123.35, 'close': 44128.75, '_id': ObjectId('6482c3a0c38375551bcfc30a')}
[INFO]: {'ti': 1686291360, 'low': 18626.1, 'high': 18630.15, 'open': 18626.65, 'close': 18629.4, '_id': ObjectId('6482c3dcc38375551bcfc30b')}
[INFO]: {'ti': 1686291360, 'low': 44125.2, 'high': 44136.6, 'open': 44127.65, 'close': 44134.85, '_id': ObjectId('6482c3dcc38375551bcfc30c')}
[INFO]: {'ti': 1686291420, 'low': 18629.05, 'high': 18633.3, 'open': 18629.8, 'close': 18632.25, '_id': ObjectId('6482c418c38375551bcfc30d')}
[INFO]: {'ti': 1686291420, 'low': 44133.9, 'high': 44145.65, 'open': 44135.35, 'close': 44143.25, '_id': ObjectId('6482c418c38375551bcfc30e')}
[INFO]: {'ti': 1686291480, 'low': 18632.35, 'high': 18634.4, 'open': 18632.45, 'close': 18633.45, '_id': ObjectId('6482c454c38375551bcfc30f')}
[INFO]: {'ti': 1686291480, 'low': 44141.4, 'high': 44151.15, 'open': 44142.1, 'close': 44149.6, '_id': ObjectId('6482c454c38375551bcfc310')}
[INFO]: {'ti': 1686291540, 'low': 18629.9, 'high': 18634.65, 'open': 18633.25, 'close': 18629.9, '_id': ObjectId('6482c490c38375551bcfc311')}
[INFO]: {'ti': 1686291540, 'low': 44142.75, 'high': 44154.75, 'open': 44148.7, 'close': 44145.5, '_id': ObjectId('6482c490c38375551bcfc312')}
[INFO]: {'ti': 1686291600, 'low': 18629.7, 'high': 18632.05, 'open': 18629.95, 'close': 18630.85, '_id': ObjectId('6482c4ccc38375551bcfc313')}
[INFO]: {'ti': 1686291600, 'low': 44146.3, 'high': 44154.55, 'open': 44146.75, 'close': 44153.45, '_id': ObjectId('6482c4ccc38375551bcfc314')}
[INFO]: {'ti': 1686291660, 'low': 18628.5, 'high': 18632.45, 'open': 18630.25, 'close': 18632.0, '_id': ObjectId('6482c508c38375551bcfc315')}
[INFO]: {'ti': 1686291660, 'low': 44147.7, 'high': 44167.95, 'open': 44154.0, 'close': 44167.95, '_id': ObjectId('6482c508c38375551bcfc316')}
[INFO]: {'ti': 1686291720, 'low': 18629.3, 'high': 18632.7, 'open': 18632.7, 'close': 18629.55, '_id': ObjectId('6482c544c38375551bcfc317')}
[INFO]: {'ti': 1686291720, 'low': 44154.0, 'high': 44169.5, 'open': 44166.4, 'close': 44154.5, '_id': ObjectId('6482c544c38375551bcfc318')}
[INFO]: {'ti': 1686291780, 'low': 44149.35, 'high': 44158.2, 'open': 44151.55, 'close': 44150.05, '_id': ObjectId('6482c580c38375551bcfc319')}
[INFO]: {'ti': 1686291780, 'low': 18627.8, 'high': 18629.9, 'open': 18628.65, 'close': 18628.7, '_id': ObjectId('6482c580c38375551bcfc31a')}
[INFO]: {'ti': 1686291840, 'low': 18624.1, 'high': 18629.1, 'open': 18628.6, 'close': 18624.7, '_id': ObjectId('6482c5bcc38375551bcfc31b')}
[INFO]: {'ti': 1686291840, 'low': 44131.8, 'high': 44153.5, 'open': 44150.05, 'close': 44145.75, '_id': ObjectId('6482c5bcc38375551bcfc31c')}
[INFO]: {'ti': 1686291900, 'low': 44130.2, 'high': 44148.05, 'open': 44144.85, 'close': 44133.75, '_id': ObjectId('6482c5f8c38375551bcfc31d')}
[INFO]: {'ti': 1686291900, 'low': 18619.9, 'high': 18624.6, 'open': 18624.5, 'close': 18619.9, '_id': ObjectId('6482c5f8c38375551bcfc31e')}
[INFO]: {'ti': 1686291960, 'low': 18619.3, 'high': 18623.4, 'open': 18619.95, 'close': 18622.2, '_id': ObjectId('6482c634c38375551bcfc31f')}
[INFO]: {'ti': 1686291960, 'low': 44130.2, 'high': 44144.1, 'open': 44133.6, 'close': 44136.85, '_id': ObjectId('6482c634c38375551bcfc320')}
[INFO]: {'ti': 1686292020, 'low': 18620.75, 'high': 18623.65, 'open': 18621.9, 'close': 18622.7, '_id': ObjectId('6482c670c38375551bcfc321')}
[INFO]: {'ti': 1686292020, 'low': 44132.4, 'high': 44141.25, 'open': 44136.6, 'close': 44138.7, '_id': ObjectId('6482c670c38375551bcfc322')}
[INFO]: {'ti': 1686292080, 'low': 18622.6, 'high': 18626.95, 'open': 18622.85, 'close': 18626.15, '_id': ObjectId('6482c6acc38375551bcfc323')}
[INFO]: {'ti': 1686292080, 'low': 44136.95, 'high': 44148.25, 'open': 44137.75, 'close': 44146.95, '_id': ObjectId('6482c6acc38375551bcfc324')}
[INFO]: {'ti': 1686292140, 'low': 44143.9, 'high': 44157.45, 'open': 44146.8, 'close': 44156.2, '_id': ObjectId('6482c6e8c38375551bcfc325')}
[INFO]: {'ti': 1686292140, 'low': 18626.15, 'high': 18628.6, 'open': 18626.25, 'close': 18627.7, '_id': ObjectId('6482c6e8c38375551bcfc326')}
[INFO]: {'ti': 1686292260, 'low': 18629.7, 'high': 18634.0, 'open': 18633.7, 'close': 18629.95, '_id': ObjectId('6482c760c38375551bcfc327')}
[INFO]: {'ti': 1686292260, 'low': 44157.8, 'high': 44176.75, 'open': 44174.75, 'close': 44157.8, '_id': ObjectId('6482c760c38375551bcfc328')}
[INFO]: {'ti': 1686292320, 'low': 18629.05, 'high': 18631.35, 'open': 18630.25, 'close': 18630.05, '_id': ObjectId('6482c79cc38375551bcfc329')}
[INFO]: {'ti': 1686292320, 'low': 44155.0, 'high': 44164.6, 'open': 44157.85, 'close': 44157.95, '_id': ObjectId('6482c79cc38375551bcfc32a')}
[INFO]: {'ti': 1686292380, 'low': 18629.6, 'high': 18633.1, 'open': 18629.9, 'close': 18631.9, '_id': ObjectId('6482c7d8c38375551bcfc32b')}
[INFO]: {'ti': 1686292380, 'low': 44154.05, 'high': 44170.05, 'open': 44156.9, 'close': 44162.2, '_id': ObjectId('6482c7d8c38375551bcfc32c')}
[INFO]: {'ti': 1686292440, 'low': 18629.6, 'high': 18632.6, 'open': 18631.65, 'close': 18629.85, '_id': ObjectId('6482c814c38375551bcfc32d')}
[INFO]: {'ti': 1686292440, 'low': 44154.7, 'high': 44166.15, 'open': 44159.5, 'close': 44155.35, '_id': ObjectId('6482c814c38375551bcfc32e')}
[INFO]: {'ti': 1686292500, 'low': 18629.5, 'high': 18632.3, 'open': 18630.0, 'close': 18631.45, '_id': ObjectId('6482c850c38375551bcfc32f')}
[INFO]: {'ti': 1686292500, 'low': 44155.4, 'high': 44161.6, 'open': 44157.0, 'close': 44159.15, '_id': ObjectId('6482c850c38375551bcfc330')}
[INFO]: {'ti': 1686292560, 'low': 18627.15, 'high': 18631.2, 'open': 18631.05, 'close': 18627.15, '_id': ObjectId('6482c88cc38375551bcfc331')}
[INFO]: {'ti': 1686292560, 'low': 44145.25, 'high': 44159.6, 'open': 44159.05, 'close': 44145.8, '_id': ObjectId('6482c88cc38375551bcfc332')}
[INFO]: {'ti': 1686292620, 'low': 44136.15, 'high': 44154.9, 'open': 44144.5, 'close': 44149.35, '_id': ObjectId('6482c8c8c38375551bcfc333')}
[INFO]: {'ti': 1686292620, 'low': 18625.8, 'high': 18629.55, 'open': 18626.7, 'close': 18629.0, '_id': ObjectId('6482c8c8c38375551bcfc334')}
[INFO]: {'ti': 1686292680, 'low': 18629.35, 'high': 18632.45, 'open': 18629.7, 'close': 18631.45, '_id': ObjectId('6482c904c38375551bcfc335')}
[INFO]: {'ti': 1686292680, 'low': 44148.3, 'high': 44156.95, 'open': 44150.6, 'close': 44155.5, '_id': ObjectId('6482c904c38375551bcfc336')}
[INFO]: {'ti': 1686292740, 'low': 18630.15, 'high': 18632.75, 'open': 18631.1, 'close': 18632.3, '_id': ObjectId('6482c940c38375551bcfc337')}
[INFO]: {'ti': 1686292740, 'low': 44139.05, 'high': 44155.7, 'open': 44153.1, 'close': 44140.95, '_id': ObjectId('6482c940c38375551bcfc338')}
[INFO]: {'ti': 1686292800, 'low': 18631.1, 'high': 18637.4, 'open': 18631.95, 'close': 18635.95, '_id': ObjectId('6482c97cc38375551bcfc339')}
[INFO]: {'ti': 1686292800, 'low': 44138.8, 'high': 44171.45, 'open': 44141.3, 'close': 44167.15, '_id': ObjectId('6482c97cc38375551bcfc33a')}
[INFO]: {'ti': 1686292860, 'low': 18636.05, 'high': 18638.45, 'open': 18636.85, 'close': 18636.5, '_id': ObjectId('6482c9b8c38375551bcfc33b')}
[INFO]: {'ti': 1686292860, 'low': 44158.7, 'high': 44173.65, 'open': 44170.0, 'close': 44160.45, '_id': ObjectId('6482c9b8c38375551bcfc33c')}
[INFO]: {'ti': 1686292920, 'low': 18634.8, 'high': 18636.95, 'open': 18636.35, 'close': 18636.45, '_id': ObjectId('6482c9f4c38375551bcfc33d')}
[INFO]: {'ti': 1686292920, 'low': 44160.65, 'high': 44171.6, 'open': 44161.5, 'close': 44169.15, '_id': ObjectId('6482c9f4c38375551bcfc33e')}
[INFO]: {'ti': 1686292980, 'low': 18634.1, 'high': 18637.0, 'open': 18636.05, 'close': 18636.25, '_id': ObjectId('6482ca30c38375551bcfc33f')}
[INFO]: {'ti': 1686292980, 'low': 44157.35, 'high': 44171.95, 'open': 44168.6, 'close': 44165.3, '_id': ObjectId('6482ca30c38375551bcfc340')}
[INFO]: {'ti': 1686293040, 'low': 18634.0, 'high': 18636.4, 'open': 18635.7, 'close': 18634.75, '_id': ObjectId('6482ca6cc38375551bcfc341')}
[INFO]: {'ti': 1686293040, 'low': 44158.65, 'high': 44165.6, 'open': 44163.8, 'close': 44162.05, '_id': ObjectId('6482ca6cc38375551bcfc342')}
[INFO]: {'ti': 1686293160, 'low': 18633.6, 'high': 18635.75, 'open': 18634.9, 'close': 18633.6, '_id': ObjectId('6482cae4c38375551bcfc343')}
[INFO]: {'ti': 1686293160, 'low': 44156.55, 'high': 44167.85, 'open': 44163.6, 'close': 44158.55, '_id': ObjectId('6482cae4c38375551bcfc344')}
[INFO]: {'ti': 1686293220, 'low': 18630.3, 'high': 18634.45, 'open': 18633.75, 'close': 18630.3, '_id': ObjectId('6482cb20c38375551bcfc345')}
[INFO]: {'ti': 1686293220, 'low': 44149.6, 'high': 44160.85, 'open': 44158.0, 'close': 44151.15, '_id': ObjectId('6482cb20c38375551bcfc346')}
[INFO]: {'ti': 1686293280, 'low': 44150.45, 'high': 44158.3, 'open': 44151.0, 'close': 44158.3, '_id': ObjectId('6482cb5cc38375551bcfc347')}
[INFO]: {'ti': 1686293280, 'low': 18630.1, 'high': 18631.95, 'open': 18630.35, 'close': 18631.15, '_id': ObjectId('6482cb5cc38375551bcfc348')}
[INFO]: {'ti': 1686293340, 'low': 18628.05, 'high': 18632.25, 'open': 18631.2, 'close': 18629.1, '_id': ObjectId('6482cb98c38375551bcfc349')}
[INFO]: {'ti': 1686293340, 'low': 44143.05, 'high': 44161.3, 'open': 44155.55, 'close': 44147.5, '_id': ObjectId('6482cb98c38375551bcfc34a')}
[INFO]: {'ti': 1686293460, 'low': 18623.25, 'high': 18627.4, 'open': 18626.25, 'close': 18627.0, '_id': ObjectId('6482cc10c38375551bcfc34b')}
[INFO]: {'ti': 1686293460, 'low': 44127.45, 'high': 44145.4, 'open': 44137.4, 'close': 44143.2, '_id': ObjectId('6482cc10c38375551bcfc34c')}
[INFO]: {'ti': 1686293520, 'low': 18626.9, 'high': 18632.95, 'open': 18627.15, 'close': 18632.65, '_id': ObjectId('6482cc4cc38375551bcfc34d')}
[INFO]: {'ti': 1686293520, 'low': 44141.65, 'high': 44162.25, 'open': 44142.9, 'close': 44158.35, '_id': ObjectId('6482cc4cc38375551bcfc34e')}
[INFO]: {'ti': 1686293580, 'low': 18631.1, 'high': 18633.7, 'open': 18632.4, 'close': 18633.2, '_id': ObjectId('6482cc88c38375551bcfc34f')}
[INFO]: {'ti': 1686293580, 'low': 44155.8, 'high': 44163.45, 'open': 44157.0, 'close': 44160.15, '_id': ObjectId('6482cc88c38375551bcfc350')}
[INFO]: {'ti': 1686293640, 'low': 44154.85, 'high': 44161.75, 'open': 44157.0, 'close': 44160.55, '_id': ObjectId('6482ccc4c38375551bcfc351')}
[INFO]: {'ti': 1686293640, 'low': 18630.85, 'high': 18633.2, 'open': 18632.55, 'close': 18631.55, '_id': ObjectId('6482ccc4c38375551bcfc352')}
[INFO]: {'ti': 1686293700, 'low': 18630.65, 'high': 18632.95, 'open': 18632.05, 'close': 18630.65, '_id': ObjectId('6482cd00c38375551bcfc353')}
[INFO]: {'ti': 1686293700, 'low': 44157.7, 'high': 44162.25, 'open': 44159.5, 'close': 44158.35, '_id': ObjectId('6482cd00c38375551bcfc354')}
[INFO]: {'ti': 1686293760, 'low': 18628.8, 'high': 18631.25, 'open': 18631.25, 'close': 18629.85, '_id': ObjectId('6482cd3cc38375551bcfc355')}
[INFO]: {'ti': 1686293760, 'low': 44152.95, 'high': 44161.9, 'open': 44160.4, 'close': 44157.55, '_id': ObjectId('6482cd3cc38375551bcfc356')}
[INFO]: {'ti': 1686293820, 'low': 18628.6, 'high': 18630.45, 'open': 18629.75, 'close': 18628.6, '_id': ObjectId('6482cd78c38375551bcfc357')}
[INFO]: {'ti': 1686293820, 'low': 44149.85, 'high': 44158.35, 'open': 44155.85, 'close': 44149.9, '_id': ObjectId('6482cd78c38375551bcfc358')}
[INFO]: {'ti': 1686293880, 'low': 44146.6, 'high': 44154.65, 'open': 44151.3, 'close': 44149.25, '_id': ObjectId('6482cdb4c38375551bcfc359')}
[INFO]: {'ti': 1686293880, 'low': 18626.45, 'high': 18628.85, 'open': 18628.6, 'close': 18627.45, '_id': ObjectId('6482cdb4c38375551bcfc35a')}
[INFO]: {'ti': 1686293940, 'low': 18627.4, 'high': 18630.7, 'open': 18627.4, 'close': 18630.7, '_id': ObjectId('6482cdf0c38375551bcfc35b')}
[INFO]: {'ti': 1686293940, 'low': 44148.25, 'high': 44155.25, 'open': 44148.65, 'close': 44151.9, '_id': ObjectId('6482cdf0c38375551bcfc35c')}
[INFO]: {'ti': 1686294000, 'low': 44149.55, 'high': 44157.05, 'open': 44152.3, 'close': 44156.9, '_id': ObjectId('6482ce2cc38375551bcfc35d')}
[INFO]: {'ti': 1686294000, 'low': 18629.3, 'high': 18632.1, 'open': 18630.6, 'close': 18631.0, '_id': ObjectId('6482ce2cc38375551bcfc35e')}
[INFO]: {'ti': 1686294060, 'low': 18628.3, 'high': 18632.15, 'open': 18631.5, 'close': 18628.3, '_id': ObjectId('6482ce68c38375551bcfc35f')}
[INFO]: {'ti': 1686294060, 'low': 44139.9, 'high': 44158.45, 'open': 44158.2, 'close': 44140.8, '_id': ObjectId('6482ce68c38375551bcfc360')}
[INFO]: {'ti': 1686294120, 'low': 18628.2, 'high': 18642.7, 'open': 18628.45, 'close': 18642.7, '_id': ObjectId('6482cea4c38375551bcfc361')}
[INFO]: {'ti': 1686294120, 'low': 44136.05, 'high': 44188.1, 'open': 44139.4, 'close': 44188.1, '_id': ObjectId('6482cea4c38375551bcfc362')}
[INFO]: {'ti': 1686294180, 'low': 18638.1, 'high': 18646.1, 'open': 18645.3, 'close': 18638.1, '_id': ObjectId('6482cee0c38375551bcfc363')}
[INFO]: {'ti': 1686294180, 'low': 44173.5, 'high': 44199.25, 'open': 44196.95, 'close': 44173.5, '_id': ObjectId('6482cee0c38375551bcfc364')}
[INFO]: {'ti': 1686294240, 'low': 44106.05, 'high': 44173.4, 'open': 44173.4, 'close': 44112.4, '_id': ObjectId('6482cf1cc38375551bcfc365')}
[INFO]: {'ti': 1686294240, 'low': 18618.7, 'high': 18637.8, 'open': 18637.8, 'close': 18620.6, '_id': ObjectId('6482cf1cc38375551bcfc366')}
[INFO]: {'ti': 1686294360, 'low': 18626.65, 'high': 18630.9, 'open': 18626.65, 'close': 18628.25, '_id': ObjectId('6482cf94c38375551bcfc367')}
[INFO]: {'ti': 1686294360, 'low': 44126.25, 'high': 44144.15, 'open': 44129.2, 'close': 44132.1, '_id': ObjectId('6482cf94c38375551bcfc368')}
[INFO]: {'ti': 1686294420, 'low': 18626.2, 'high': 18628.8, 'open': 18628.55, 'close': 18626.65, '_id': ObjectId('6482cfd0c38375551bcfc369')}
[INFO]: {'ti': 1686294420, 'low': 44122.6, 'high': 44132.1, 'open': 44130.6, 'close': 44125.2, '_id': ObjectId('6482cfd0c38375551bcfc36a')}
[INFO]: {'ti': 1686294480, 'low': 18625.8, 'high': 18629.2, 'open': 18627.0, 'close': 18629.2, '_id': ObjectId('6482d00cc38375551bcfc36b')}
[INFO]: {'ti': 1686294480, 'low': 44115.15, 'high': 44127.5, 'open': 44125.75, 'close': 44126.8, '_id': ObjectId('6482d00cc38375551bcfc36c')}
[INFO]: {'ti': 1686294540, 'low': 18624.35, 'high': 18629.4, 'open': 18629.3, 'close': 18625.0, '_id': ObjectId('6482d048c38375551bcfc36d')}
[INFO]: {'ti': 1686294540, 'low': 44104.9, 'high': 44126.9, 'open': 44126.9, 'close': 44109.15, '_id': ObjectId('6482d048c38375551bcfc36e')}
[INFO]: {'ti': 1686294600, 'low': 18623.85, 'high': 18628.35, 'open': 18625.1, 'close': 18625.65, '_id': ObjectId('6482d084c38375551bcfc36f')}
[INFO]: {'ti': 1686294600, 'low': 44109.6, 'high': 44123.05, 'open': 44111.65, 'close': 44109.7, '_id': ObjectId('6482d084c38375551bcfc370')}
[INFO]: {'ti': 1686294660, 'low': 44106.9, 'high': 44116.25, 'open': 44108.8, 'close': 44113.6, '_id': ObjectId('6482d0c0c38375551bcfc371')}
[INFO]: {'ti': 1686294660, 'low': 18623.25, 'high': 18626.4, 'open': 18625.35, 'close': 18623.7, '_id': ObjectId('6482d0c0c38375551bcfc372')}
[INFO]: {'ti': 1686294720, 'low': 18623.2, 'high': 18625.35, 'open': 18623.75, 'close': 18623.7, '_id': ObjectId('6482d0fcc38375551bcfc373')}
[INFO]: {'ti': 1686294720, 'low': 44107.45, 'high': 44115.7, 'open': 44113.35, 'close': 44108.25, '_id': ObjectId('6482d0fcc38375551bcfc374')}
[INFO]: {'ti': 1686294780, 'low': 44092.4, 'high': 44109.6, 'open': 44109.5, 'close': 44092.6, '_id': ObjectId('6482d138c38375551bcfc375')}
[INFO]: {'ti': 1686294780, 'low': 18617.85, 'high': 18624.3, 'open': 18624.0, 'close': 18617.85, '_id': ObjectId('6482d138c38375551bcfc376')}
[INFO]: {'ti': 1686294840, 'low': 18615.95, 'high': 18617.8, 'open': 18617.7, 'close': 18616.8, '_id': ObjectId('6482d174c38375551bcfc377')}
[INFO]: {'ti': 1686294840, 'low': 44089.95, 'high': 44096.25, 'open': 44092.15, 'close': 44094.2, '_id': ObjectId('6482d174c38375551bcfc378')}
[INFO]: {'ti': 1686294900, 'low': 18613.4, 'high': 18616.9, 'open': 18616.9, 'close': 18614.2, '_id': ObjectId('6482d1b0c38375551bcfc379')}
[INFO]: {'ti': 1686294900, 'low': 44075.8, 'high': 44094.2, 'open': 44094.2, 'close': 44078.7, '_id': ObjectId('6482d1b0c38375551bcfc37a')}
[INFO]: {'ti': 1686294960, 'low': 18613.5, 'high': 18616.8, 'open': 18614.0, 'close': 18615.3, '_id': ObjectId('6482d1ecc38375551bcfc37b')}
[INFO]: {'ti': 1686294960, 'low': 44078.85, 'high': 44087.3, 'open': 44080.0, 'close': 44079.75, '_id': ObjectId('6482d1ecc38375551bcfc37c')}
[INFO]: {'ti': 1686295020, 'low': 18612.45, 'high': 18616.95, 'open': 18615.75, 'close': 18612.45, '_id': ObjectId('6482d228c38375551bcfc37d')}
[INFO]: {'ti': 1686295020, 'low': 44079.65, 'high': 44086.6, 'open': 44080.65, 'close': 44082.35, '_id': ObjectId('6482d228c38375551bcfc37e')}
[INFO]: {'ti': 1686295080, 'low': 18609.1, 'high': 18613.2, 'open': 18612.9, 'close': 18609.25, '_id': ObjectId('6482d2f3c38375551bcfc37f')}
[INFO]: {'ti': 1686295080, 'low': 44055.15, 'high': 44080.8, 'open': 44080.55, 'close': 44056.75, '_id': ObjectId('6482d2f3c38375551bcfc380')}
[INFO]: {'ti': 1686295260, 'low': 18607.1, 'high': 18609.3, 'open': 18607.95, 'close': 18607.1, '_id': ObjectId('6482d318c38375551bcfc381')}
[INFO]: {'ti': 1686295260, 'low': 44035.05, 'high': 44045.6, 'open': 44038.85, 'close': 44035.05, '_id': ObjectId('6482d318c38375551bcfc382')}
[INFO]: {'ti': 1686295320, 'low': 18607.0, 'high': 18612.8, 'open': 18607.0, 'close': 18609.65, '_id': ObjectId('6482d354c38375551bcfc383')}
[INFO]: {'ti': 1686295320, 'low': 44034.75, 'high': 44062.8, 'open': 44035.05, 'close': 44049.7, '_id': ObjectId('6482d354c38375551bcfc384')}
[INFO]: {'ti': 1686295380, 'low': 44031.9, 'high': 44053.15, 'open': 44050.5, 'close': 44036.6, '_id': ObjectId('6482d390c38375551bcfc385')}
[INFO]: {'ti': 1686295380, 'low': 18607.75, 'high': 18611.45, 'open': 18610.1, 'close': 18607.75, '_id': ObjectId('6482d390c38375551bcfc386')}
[INFO]: {'ti': 1686295440, 'low': 18604.4, 'high': 18608.4, 'open': 18607.15, 'close': 18607.15, '_id': ObjectId('6482d3ccc38375551bcfc387')}
[INFO]: {'ti': 1686295440, 'low': 44032.75, 'high': 44052.7, 'open': 44034.3, 'close': 44046.2, '_id': ObjectId('6482d3ccc38375551bcfc388')}
[INFO]: {'ti': 1686295500, 'low': 18605.85, 'high': 18609.8, 'open': 18606.6, 'close': 18608.7, '_id': ObjectId('6482d408c38375551bcfc389')}
[INFO]: {'ti': 1686295500, 'low': 44043.9, 'high': 44061.7, 'open': 44044.9, 'close': 44057.85, '_id': ObjectId('6482d408c38375551bcfc38a')}
[INFO]: {'ti': 1686295560, 'low': 18607.55, 'high': 18611.55, 'open': 18609.2, 'close': 18610.85, '_id': ObjectId('6482d444c38375551bcfc38b')}
[INFO]: {'ti': 1686295560, 'low': 44050.9, 'high': 44059.55, 'open': 44059.4, 'close': 44058.15, '_id': ObjectId('6482d444c38375551bcfc38c')}
[INFO]: {'ti': 1686295620, 'low': 18606.1, 'high': 18611.4, 'open': 18610.85, 'close': 18607.35, '_id': ObjectId('6482d480c38375551bcfc38d')}
[INFO]: {'ti': 1686295620, 'low': 44040.1, 'high': 44057.55, 'open': 44057.55, 'close': 44047.9, '_id': ObjectId('6482d480c38375551bcfc38e')}
[INFO]: {'ti': 1686295680, 'low': 18604.0, 'high': 18608.5, 'open': 18608.0, 'close': 18604.45, '_id': ObjectId('6482d4bcc38375551bcfc38f')}
[INFO]: {'ti': 1686295680, 'low': 44035.6, 'high': 44050.8, 'open': 44049.0, 'close': 44039.8, '_id': ObjectId('6482d4bcc38375551bcfc390')}
[INFO]: {'ti': 1686295740, 'low': 18604.5, 'high': 18608.25, 'open': 18604.55, 'close': 18605.95, '_id': ObjectId('6482d4f8c38375551bcfc391')}
[INFO]: {'ti': 1686295740, 'low': 44039.45, 'high': 44057.0, 'open': 44040.85, 'close': 44045.2, '_id': ObjectId('6482d4f8c38375551bcfc392')}
[INFO]: {'ti': 1686295800, 'low': 18603.5, 'high': 18607.6, 'open': 18606.0, 'close': 18606.3, '_id': ObjectId('6482d534c38375551bcfc393')}
[INFO]: {'ti': 1686295860, 'low': 18603.9, 'high': 18606.6, 'open': 18605.7, 'close': 18605.0, '_id': ObjectId('6482d570c38375551bcfc394')}
[INFO]: {'ti': 1686295860, 'low': 44039.1, 'high': 44053.4, 'open': 44044.8, 'close': 44045.15, '_id': ObjectId('6482d570c38375551bcfc395')}
[INFO]: {'ti': 1686295920, 'low': 18604.5, 'high': 18609.15, 'open': 18604.95, 'close': 18608.7, '_id': ObjectId('6482d5acc38375551bcfc396')}
[INFO]: {'ti': 1686295920, 'low': 44046.5, 'high': 44070.75, 'open': 44048.55, 'close': 44070.75, '_id': ObjectId('6482d5acc38375551bcfc397')}
[INFO]: {'ti': 1686295980, 'low': 18606.3, 'high': 18608.65, 'open': 18607.85, 'close': 18607.7, '_id': ObjectId('6482d5e8c38375551bcfc398')}
[INFO]: {'ti': 1686295980, 'low': 44062.7, 'high': 44075.85, 'open': 44068.25, 'close': 44075.4, '_id': ObjectId('6482d5e8c38375551bcfc399')}
[INFO]: {'ti': 1686296040, 'low': 18605.75, 'high': 18608.55, 'open': 18607.5, 'close': 18605.85, '_id': ObjectId('6482d624c38375551bcfc39a')}
[INFO]: {'ti': 1686296040, 'low': 44067.5, 'high': 44078.1, 'open': 44074.2, 'close': 44068.4, '_id': ObjectId('6482d624c38375551bcfc39b')}
[INFO]: {'ti': 1686296100, 'low': 18605.35, 'high': 18607.15, 'open': 18606.2, 'close': 18605.35, '_id': ObjectId('6482d660c38375551bcfc39c')}
[INFO]: {'ti': 1686296100, 'low': 44063.15, 'high': 44071.95, 'open': 44068.05, 'close': 44063.15, '_id': ObjectId('6482d660c38375551bcfc39d')}
[INFO]: {'ti': 1686296220, 'low': 18598.95, 'high': 18602.65, 'open': 18600.95, 'close': 18600.15, '_id': ObjectId('6482d6d8c38375551bcfc39e')}
[INFO]: {'ti': 1686296220, 'low': 44045.65, 'high': 44058.95, 'open': 44050.25, 'close': 44055.75, '_id': ObjectId('6482d6d8c38375551bcfc39f')}
[INFO]: {'ti': 1686296280, 'low': 44051.55, 'high': 44064.25, 'open': 44056.4, 'close': 44061.2, '_id': ObjectId('6482d714c38375551bcfc3a0')}
[INFO]: {'ti': 1686296280, 'low': 18600.2, 'high': 18603.0, 'open': 18600.2, 'close': 18601.25, '_id': ObjectId('6482d714c38375551bcfc3a1')}
[INFO]: {'ti': 1686296340, 'low': 18600.0, 'high': 18609.45, 'open': 18601.85, 'close': 18609.2, '_id': ObjectId('6482d750c38375551bcfc3a2')}
[INFO]: {'ti': 1686296340, 'low': 44054.65, 'high': 44081.25, 'open': 44062.4, 'close': 44081.25, '_id': ObjectId('6482d750c38375551bcfc3a3')}
[INFO]: {'ti': 1686296400, 'low': 44078.4, 'high': 44095.0, 'open': 44078.4, 'close': 44090.55, '_id': ObjectId('6482d78cc38375551bcfc3a4')}
[INFO]: {'ti': 1686296400, 'low': 18608.8, 'high': 18614.6, 'open': 18608.8, 'close': 18612.05, '_id': ObjectId('6482d78cc38375551bcfc3a5')}
[INFO]: {'ti': 1686296460, 'low': 18609.25, 'high': 18611.8, 'open': 18611.65, 'close': 18610.55, '_id': ObjectId('6482d7c8c38375551bcfc3a6')}
[INFO]: {'ti': 1686296460, 'low': 44076.85, 'high': 44091.85, 'open': 44090.6, 'close': 44077.85, '_id': ObjectId('6482d7c8c38375551bcfc3a7')}
[INFO]: {'ti': 1686296520, 'low': 44076.05, 'high': 44090.65, 'open': 44076.75, 'close': 44086.7, '_id': ObjectId('6482d804c38375551bcfc3a8')}
[INFO]: {'ti': 1686296520, 'low': 18607.85, 'high': 18611.0, 'open': 18609.9, 'close': 18609.35, '_id': ObjectId('6482d804c38375551bcfc3a9')}
[INFO]: {'ti': 1686296580, 'low': 44084.9, 'high': 44091.2, 'open': 44085.85, 'close': 44090.05, '_id': ObjectId('6482d840c38375551bcfc3aa')}
[INFO]: {'ti': 1686296640, 'low': 44088.25, 'high': 44095.4, 'open': 44089.25, 'close': 44093.25, '_id': ObjectId('6482d87cc38375551bcfc3ab')}
[INFO]: {'ti': 1686296640, 'low': 18609.25, 'high': 18611.2, 'open': 18610.1, 'close': 18610.5, '_id': ObjectId('6482d87cc38375551bcfc3ac')}
[INFO]: {'ti': 1686296700, 'low': 18607.45, 'high': 18609.85, 'open': 18609.65, 'close': 18608.45, '_id': ObjectId('6482d8b8c38375551bcfc3ad')}
[INFO]: {'ti': 1686296700, 'low': 44076.9, 'high': 44092.3, 'open': 44092.3, 'close': 44083.15, '_id': ObjectId('6482d8b8c38375551bcfc3ae')}
[INFO]: {'ti': 1686296760, 'low': 18608.15, 'high': 18613.9, 'open': 18608.15, 'close': 18613.8, '_id': ObjectId('6482d8f4c38375551bcfc3af')}
[INFO]: {'ti': 1686296760, 'low': 44081.65, 'high': 44105.2, 'open': 44081.65, 'close': 44100.55, '_id': ObjectId('6482d8f4c38375551bcfc3b0')}
[INFO]: {'ti': 1686296820, 'low': 18612.8, 'high': 18615.5, 'open': 18613.65, 'close': 18614.1, '_id': ObjectId('6482d930c38375551bcfc3b1')}
[INFO]: {'ti': 1686296820, 'low': 44097.25, 'high': 44108.35, 'open': 44101.8, 'close': 44100.8, '_id': ObjectId('6482d930c38375551bcfc3b2')}
[INFO]: {'ti': 1686296880, 'low': 44084.2, 'high': 44106.5, 'open': 44103.05, 'close': 44093.25, '_id': ObjectId('6482d96cc38375551bcfc3b3')}
[INFO]: {'ti': 1686296880, 'low': 18610.85, 'high': 18615.4, 'open': 18614.15, 'close': 18611.6, '_id': ObjectId('6482d96cc38375551bcfc3b4')}
[INFO]: {'ti': 1686296940, 'low': 18603.6, 'high': 18613.05, 'open': 18612.15, 'close': 18603.6, '_id': ObjectId('6482d9a8c38375551bcfc3b5')}
[INFO]: {'ti': 1686296940, 'low': 44057.55, 'high': 44098.45, 'open': 44094.2, 'close': 44057.55, '_id': ObjectId('6482d9a8c38375551bcfc3b6')}
[INFO]: {'ti': 1686297000, 'low': 44044.65, 'high': 44059.05, 'open': 44057.85, 'close': 44052.2, '_id': ObjectId('6482d9e4c38375551bcfc3b7')}
[INFO]: {'ti': 1686297000, 'low': 18598.8, 'high': 18603.75, 'open': 18602.95, 'close': 18600.35, '_id': ObjectId('6482d9e4c38375551bcfc3b8')}
[INFO]: {'ti': 1686297060, 'low': 18599.75, 'high': 18602.85, 'open': 18601.2, 'close': 18599.75, '_id': ObjectId('6482da20c38375551bcfc3b9')}
[INFO]: {'ti': 1686297060, 'low': 44051.6, 'high': 44063.0, 'open': 44054.6, 'close': 44052.3, '_id': ObjectId('6482da20c38375551bcfc3ba')}
[INFO]: {'ti': 1686297120, 'low': 18597.4, 'high': 18601.35, 'open': 18599.65, 'close': 18599.25, '_id': ObjectId('6482da5cc38375551bcfc3bb')}
[INFO]: {'ti': 1686297120, 'low': 44043.45, 'high': 44057.05, 'open': 44052.45, 'close': 44047.05, '_id': ObjectId('6482da5cc38375551bcfc3bc')}
[INFO]: {'ti': 1686297180, 'low': 18598.8, 'high': 18601.5, 'open': 18599.75, 'close': 18600.1, '_id': ObjectId('6482da98c38375551bcfc3bd')}
[INFO]: {'ti': 1686297180, 'low': 44041.5, 'high': 44056.2, 'open': 44049.1, 'close': 44047.65, '_id': ObjectId('6482da98c38375551bcfc3be')}
[INFO]: {'ti': 1686297240, 'low': 44032.3, 'high': 44048.7, 'open': 44046.95, 'close': 44034.2, '_id': ObjectId('6482dad4c38375551bcfc3bf')}
[INFO]: {'ti': 1686297240, 'low': 18595.8, 'high': 18600.4, 'open': 18600.15, 'close': 18596.1, '_id': ObjectId('6482dad4c38375551bcfc3c0')}
[INFO]: {'ti': 1686297300, 'low': 18594.85, 'high': 18598.5, 'open': 18596.45, 'close': 18596.4, '_id': ObjectId('6482db10c38375551bcfc3c1')}
[INFO]: {'ti': 1686297360, 'low': 18591.25, 'high': 18596.5, 'open': 18596.15, 'close': 18593.6, '_id': ObjectId('6482db4cc38375551bcfc3c2')}
[INFO]: {'ti': 1686297360, 'low': 44028.05, 'high': 44041.8, 'open': 44037.75, 'close': 44028.55, '_id': ObjectId('6482db4cc38375551bcfc3c3')}
[INFO]: {'ti': 1686297420, 'low': 18591.4, 'high': 18595.05, 'open': 18593.85, 'close': 18593.25, '_id': ObjectId('6482db88c38375551bcfc3c4')}
[INFO]: {'ti': 1686297420, 'low': 44021.85, 'high': 44030.25, 'open': 44029.6, 'close': 44030.25, '_id': ObjectId('6482db88c38375551bcfc3c5')}
[INFO]: {'ti': 1686297480, 'low': 44031.25, 'high': 44048.5, 'open': 44032.65, 'close': 44044.8, '_id': ObjectId('6482dbc4c38375551bcfc3c6')}
[INFO]: {'ti': 1686297480, 'low': 18592.25, 'high': 18595.6, 'open': 18593.45, 'close': 18593.45, '_id': ObjectId('6482dbc5c38375551bcfc3c7')}
[INFO]: {'ti': 1686297540, 'low': 18587.4, 'high': 18593.8, 'open': 18593.7, 'close': 18588.85, '_id': ObjectId('6482dc00c38375551bcfc3c8')}
[INFO]: {'ti': 1686297540, 'low': 44023.9, 'high': 44046.5, 'open': 44046.5, 'close': 44025.1, '_id': ObjectId('6482dc00c38375551bcfc3c9')}
[INFO]: {'ti': 1686297600, 'low': 18587.5, 'high': 18590.25, 'open': 18588.7, 'close': 18588.5, '_id': ObjectId('6482dc3cc38375551bcfc3ca')}
[INFO]: {'ti': 1686297600, 'low': 44022.5, 'high': 44033.9, 'open': 44025.8, 'close': 44022.8, '_id': ObjectId('6482dc3cc38375551bcfc3cb')}
[INFO]: {'ti': 1686297660, 'low': 18587.8, 'high': 18592.85, 'open': 18588.3, 'close': 18590.4, '_id': ObjectId('6482dc78c38375551bcfc3cc')}
[INFO]: {'ti': 1686297660, 'low': 44020.7, 'high': 44037.55, 'open': 44021.0, 'close': 44032.3, '_id': ObjectId('6482dc78c38375551bcfc3cd')}
[INFO]: {'ti': 1686297720, 'low': 18588.65, 'high': 18591.7, 'open': 18590.7, 'close': 18588.65, '_id': ObjectId('6482dcb4c38375551bcfc3ce')}
[INFO]: {'ti': 1686297720, 'low': 44023.4, 'high': 44032.15, 'open': 44028.15, 'close': 44025.55, '_id': ObjectId('6482dcb4c38375551bcfc3cf')}
[INFO]: {'ti': 1686297780, 'low': 18588.4, 'high': 18590.65, 'open': 18589.35, 'close': 18589.0, '_id': ObjectId('6482dcf0c38375551bcfc3d0')}
[INFO]: {'ti': 1686297780, 'low': 44023.5, 'high': 44032.6, 'open': 44025.4, 'close': 44028.9, '_id': ObjectId('6482dcf0c38375551bcfc3d1')}
[INFO]: {'ti': 1686297840, 'low': 18588.4, 'high': 18592.1, 'open': 18588.9, 'close': 18588.4, '_id': ObjectId('6482dd2cc38375551bcfc3d2')}
[INFO]: {'ti': 1686297840, 'low': 44022.95, 'high': 44034.25, 'open': 44029.9, 'close': 44022.95, '_id': ObjectId('6482dd2cc38375551bcfc3d3')}
[INFO]: {'ti': 1686297900, 'low': 18587.2, 'high': 18591.15, 'open': 18588.6, 'close': 18590.3, '_id': ObjectId('6482dd68c38375551bcfc3d4')}
[INFO]: {'ti': 1686297900, 'low': 44022.15, 'high': 44035.2, 'open': 44022.8, 'close': 44033.5, '_id': ObjectId('6482dd68c38375551bcfc3d5')}
[INFO]: {'ti': 1686297960, 'low': 18588.45, 'high': 18591.65, 'open': 18590.45, 'close': 18588.45, '_id': ObjectId('6482dda4c38375551bcfc3d6')}
[INFO]: {'ti': 1686297960, 'low': 44029.1, 'high': 44041.65, 'open': 44033.25, 'close': 44035.25, '_id': ObjectId('6482dda4c38375551bcfc3d7')}
[INFO]: {'ti': 1686298020, 'low': 44030.0, 'high': 44040.95, 'open': 44035.3, 'close': 44030.0, '_id': ObjectId('6482dde0c38375551bcfc3d8')}
[INFO]: {'ti': 1686298020, 'low': 18584.8, 'high': 18588.9, 'open': 18588.45, 'close': 18586.8, '_id': ObjectId('6482dde0c38375551bcfc3d9')}
[INFO]: {'ti': 1686298080, 'low': 18585.8, 'high': 18588.75, 'open': 18586.35, 'close': 18587.9, '_id': ObjectId('6482de1cc38375551bcfc3da')}
[INFO]: {'ti': 1686298080, 'low': 44024.75, 'high': 44035.0, 'open': 44031.2, 'close': 44031.75, '_id': ObjectId('6482de1cc38375551bcfc3db')}
[INFO]: {'ti': 1686298140, 'low': 18586.6, 'high': 18590.55, 'open': 18588.05, 'close': 18589.75, '_id': ObjectId('6482de58c38375551bcfc3dc')}
[INFO]: {'ti': 1686298140, 'low': 44025.6, 'high': 44033.55, 'open': 44033.4, 'close': 44028.55, '_id': ObjectId('6482de58c38375551bcfc3dd')}
[INFO]: {'ti': 1686298200, 'low': 18589.5, 'high': 18596.95, 'open': 18590.35, 'close': 18594.65, '_id': ObjectId('6482de94c38375551bcfc3de')}
[INFO]: {'ti': 1686298200, 'low': 44027.7, 'high': 44055.95, 'open': 44030.5, 'close': 44045.9, '_id': ObjectId('6482de94c38375551bcfc3df')}
[INFO]: {'ti': 1686298260, 'low': 44043.3, 'high': 44076.95, 'open': 44045.5, 'close': 44055.4, '_id': ObjectId('6482ded0c38375551bcfc3e0')}
[INFO]: {'ti': 1686298260, 'low': 18594.0, 'high': 18600.75, 'open': 18594.35, 'close': 18597.55, '_id': ObjectId('6482ded0c38375551bcfc3e1')}
[INFO]: {'ti': 1686298320, 'low': 18596.85, 'high': 18600.25, 'open': 18598.4, 'close': 18599.45, '_id': ObjectId('6482df0cc38375551bcfc3e2')}
[INFO]: {'ti': 1686298320, 'low': 44053.55, 'high': 44064.0, 'open': 44058.8, 'close': 44054.9, '_id': ObjectId('6482df0cc38375551bcfc3e3')}
[INFO]: {'ti': 1686298380, 'low': 44053.8, 'high': 44066.1, 'open': 44053.8, 'close': 44060.85, '_id': ObjectId('6482df48c38375551bcfc3e4')}
[INFO]: {'ti': 1686298380, 'low': 18598.65, 'high': 18603.95, 'open': 18599.2, 'close': 18601.5, '_id': ObjectId('6482df48c38375551bcfc3e5')}
[INFO]: {'ti': 1686298440, 'low': 18598.4, 'high': 18602.9, 'open': 18602.0, 'close': 18599.3, '_id': ObjectId('6482df84c38375551bcfc3e6')}
[INFO]: {'ti': 1686298440, 'low': 44048.05, 'high': 44065.0, 'open': 44060.5, 'close': 44054.25, '_id': ObjectId('6482df84c38375551bcfc3e7')}
[INFO]: {'ti': 1686298500, 'low': 18598.7, 'high': 18601.25, 'open': 18599.7, 'close': 18600.55, '_id': ObjectId('6482dfc0c38375551bcfc3e8')}
[INFO]: {'ti': 1686298500, 'low': 44050.1, 'high': 44056.95, 'open': 44055.15, 'close': 44053.05, '_id': ObjectId('6482dfc0c38375551bcfc3e9')}
[INFO]: {'ti': 1686298560, 'low': 18599.45, 'high': 18601.9, 'open': 18601.05, 'close': 18600.25, '_id': ObjectId('6482dffcc38375551bcfc3ea')}
[INFO]: {'ti': 1686298560, 'low': 44052.4, 'high': 44061.7, 'open': 44055.9, 'close': 44057.45, '_id': ObjectId('6482dffcc38375551bcfc3eb')}
[INFO]: {'ti': 1686298620, 'low': 44051.05, 'high': 44061.85, 'open': 44058.0, 'close': 44058.45, '_id': ObjectId('6482e038c38375551bcfc3ec')}
[INFO]: {'ti': 1686298620, 'low': 18597.95, 'high': 18600.85, 'open': 18600.45, 'close': 18599.45, '_id': ObjectId('6482e038c38375551bcfc3ed')}
[INFO]: {'ti': 1686298680, 'low': 18599.2, 'high': 18603.9, 'open': 18599.2, 'close': 18602.75, '_id': ObjectId('6482e074c38375551bcfc3ee')}
[INFO]: {'ti': 1686298680, 'low': 44058.65, 'high': 44080.5, 'open': 44059.6, 'close': 44068.1, '_id': ObjectId('6482e074c38375551bcfc3ef')}
[INFO]: {'ti': 1686298740, 'low': 44066.55, 'high': 44075.45, 'open': 44068.5, 'close': 44073.6, '_id': ObjectId('6482e0b0c38375551bcfc3f0')}
[INFO]: {'ti': 1686298740, 'low': 18601.15, 'high': 18603.35, 'open': 18602.3, 'close': 18602.9, '_id': ObjectId('6482e0b0c38375551bcfc3f1')}
[INFO]: {'ti': 1686298800, 'low': 18587.9, 'high': 18602.9, 'open': 18602.9, 'close': 18587.9, '_id': ObjectId('6482e0ecc38375551bcfc3f2')}
[INFO]: {'ti': 1686298800, 'low': 44019.85, 'high': 44075.75, 'open': 44073.8, 'close': 44020.4, '_id': ObjectId('6482e0ecc38375551bcfc3f3')}
[INFO]: {'ti': 1686298860, 'low': 18580.85, 'high': 18587.5, 'open': 18587.5, 'close': 18582.0, '_id': ObjectId('6482e128c38375551bcfc3f4')}
[INFO]: {'ti': 1686298860, 'low': 43996.75, 'high': 44020.4, 'open': 44020.4, 'close': 43998.4, '_id': ObjectId('6482e128c38375551bcfc3f5')}
[INFO]: {'ti': 1686298920, 'low': 18577.9, 'high': 18581.95, 'open': 18581.9, 'close': 18578.95, '_id': ObjectId('6482e164c38375551bcfc3f6')}
[INFO]: {'ti': 1686298920, 'low': 43987.45, 'high': 43998.4, 'open': 43997.95, 'close': 43989.6, '_id': ObjectId('6482e164c38375551bcfc3f7')}
[INFO]: {'ti': 1686298980, 'low': 43987.65, 'high': 44003.25, 'open': 43990.5, 'close': 43998.65, '_id': ObjectId('6482e1a0c38375551bcfc3f8')}
[INFO]: {'ti': 1686298980, 'low': 18578.65, 'high': 18583.25, 'open': 18579.5, 'close': 18581.65, '_id': ObjectId('6482e1a0c38375551bcfc3f9')}
[INFO]: {'ti': 1686299100, 'low': 18574.55, 'high': 18580.6, 'open': 18577.35, 'close': 18575.1, '_id': ObjectId('6482e218c38375551bcfc3fa')}
[INFO]: {'ti': 1686299100, 'low': 43980.2, 'high': 44004.5, 'open': 43982.55, 'close': 43980.2, '_id': ObjectId('6482e218c38375551bcfc3fb')}
[INFO]: {'ti': 1686299160, 'low': 18575.55, 'high': 18579.4, 'open': 18576.3, 'close': 18577.85, '_id': ObjectId('6482e256c38375551bcfc3fc')}
[INFO]: {'ti': 1686299160, 'low': 43978.95, 'high': 43994.3, 'open': 43984.8, 'close': 43985.45, '_id': ObjectId('6482e256c38375551bcfc3fd')}
[INFO]: {'ti': 1686299220, 'low': 18576.2, 'high': 18580.0, 'open': 18577.55, 'close': 18578.05, '_id': ObjectId('6482e290c38375551bcfc3fe')}
[INFO]: {'ti': 1686299220, 'low': 43985.2, 'high': 43994.6, 'open': 43986.65, 'close': 43991.0, '_id': ObjectId('6482e290c38375551bcfc3ff')}
[INFO]: {'ti': 1686299280, 'low': 18577.05, 'high': 18580.0, 'open': 18578.6, 'close': 18578.3, '_id': ObjectId('6482e2ccc38375551bcfc400')}
[INFO]: {'ti': 1686299280, 'low': 43984.3, 'high': 43993.45, 'open': 43993.25, 'close': 43984.85, '_id': ObjectId('6482e2ccc38375551bcfc401')}
[INFO]: {'ti': 1686299340, 'low': 18578.15, 'high': 18585.35, 'open': 18578.45, 'close': 18583.45, '_id': ObjectId('6482e308c38375551bcfc402')}
[INFO]: {'ti': 1686299340, 'low': 43983.05, 'high': 44010.95, 'open': 43984.0, 'close': 44003.35, '_id': ObjectId('6482e308c38375551bcfc403')}
[INFO]: {'ti': 1686299400, 'low': 18582.2, 'high': 18586.6, 'open': 18582.9, 'close': 18582.55, '_id': ObjectId('6482e344c38375551bcfc404')}
[INFO]: {'ti': 1686299400, 'low': 44002.7, 'high': 44016.65, 'open': 44002.7, 'close': 44011.8, '_id': ObjectId('6482e344c38375551bcfc405')}
[INFO]: {'ti': 1686299460, 'low': 18578.35, 'high': 18583.95, 'open': 18583.6, 'close': 18578.35, '_id': ObjectId('6482e380c38375551bcfc406')}
[INFO]: {'ti': 1686299460, 'low': 43988.15, 'high': 44020.4, 'open': 44017.7, 'close': 43988.15, '_id': ObjectId('6482e380c38375551bcfc407')}
[INFO]: {'ti': 1686299520, 'low': 18576.35, 'high': 18581.35, 'open': 18578.4, 'close': 18580.55, '_id': ObjectId('6482e3bcc38375551bcfc408')}
[INFO]: {'ti': 1686299520, 'low': 43973.7, 'high': 43996.9, 'open': 43987.05, 'close': 43996.35, '_id': ObjectId('6482e3bcc38375551bcfc409')}
[INFO]: {'ti': 1686299580, 'low': 18579.65, 'high': 18583.55, 'open': 18580.15, 'close': 18582.3, '_id': ObjectId('6482e3f8c38375551bcfc40a')}
[INFO]: {'ti': 1686299580, 'low': 43992.4, 'high': 44014.6, 'open': 43992.4, 'close': 44011.4, '_id': ObjectId('6482e3f8c38375551bcfc40b')}
[INFO]: {'ti': 1686299700, 'low': 18576.45, 'high': 18581.45, 'open': 18577.65, 'close': 18576.45, '_id': ObjectId('6482e470c38375551bcfc40c')}
[INFO]: {'ti': 1686299700, 'low': 43994.95, 'high': 44015.15, 'open': 44002.1, 'close': 43994.95, '_id': ObjectId('6482e470c38375551bcfc40d')}
[INFO]: {'ti': 1686299760, 'low': 18570.9, 'high': 18576.6, 'open': 18576.6, 'close': 18572.45, '_id': ObjectId('6482e4acc38375551bcfc40e')}
[INFO]: {'ti': 1686299760, 'low': 43980.9, 'high': 43996.15, 'open': 43996.15, 'close': 43986.15, '_id': ObjectId('6482e4acc38375551bcfc40f')}
[INFO]: {'ti': 1686299820, 'low': 18570.6, 'high': 18574.85, 'open': 18572.15, 'close': 18573.9, '_id': ObjectId('6482e4e8c38375551bcfc410')}
[INFO]: {'ti': 1686299820, 'low': 43979.5, 'high': 43991.2, 'open': 43986.05, 'close': 43987.3, '_id': ObjectId('6482e4e8c38375551bcfc411')}
[INFO]: {'ti': 1686299880, 'low': 18572.6, 'high': 18575.45, 'open': 18574.4, 'close': 18572.6, '_id': ObjectId('6482e524c38375551bcfc412')}
[INFO]: {'ti': 1686299880, 'low': 43981.7, 'high': 43995.9, 'open': 43987.75, 'close': 43983.75, '_id': ObjectId('6482e524c38375551bcfc413')}
[INFO]: {'ti': 1686299940, 'low': 43983.25, 'high': 43995.8, 'open': 43987.55, 'close': 43993.65, '_id': ObjectId('6482e560c38375551bcfc414')}
[INFO]: {'ti': 1686300000, 'low': 43990.15, 'high': 44009.25, 'open': 43993.1, 'close': 44009.15, '_id': ObjectId('6482e59cc38375551bcfc415')}
[INFO]: {'ti': 1686300000, 'low': 18573.45, 'high': 18578.4, 'open': 18574.9, 'close': 18578.4, '_id': ObjectId('6482e59cc38375551bcfc416')}
[INFO]: {'ti': 1686300060, 'low': 18576.4, 'high': 18581.25, 'open': 18578.35, 'close': 18580.65, '_id': ObjectId('6482e5d8c38375551bcfc417')}
[INFO]: {'ti': 1686300060, 'low': 44000.25, 'high': 44018.65, 'open': 44007.85, 'close': 44015.8, '_id': ObjectId('6482e5d8c38375551bcfc418')}
[INFO]: {'ti': 1686300120, 'low': 43991.9, 'high': 44017.45, 'open': 44017.45, 'close': 43995.6, '_id': ObjectId('6482e614c38375551bcfc419')}
[INFO]: {'ti': 1686300120, 'low': 18575.1, 'high': 18581.2, 'open': 18580.65, 'close': 18577.05, '_id': ObjectId('6482e614c38375551bcfc41a')}
[INFO]: {'ti': 1686300180, 'low': 18573.5, 'high': 18577.2, 'open': 18576.8, 'close': 18576.15, '_id': ObjectId('6482e650c38375551bcfc41b')}
[INFO]: {'ti': 1686300180, 'low': 43984.65, 'high': 43997.65, 'open': 43995.6, 'close': 43995.7, '_id': ObjectId('6482e650c38375551bcfc41c')}
[INFO]: {'ti': 1686300240, 'low': 43986.0, 'high': 43993.8, 'open': 43993.55, 'close': 43987.45, '_id': ObjectId('6482e68cc38375551bcfc41d')}
[INFO]: {'ti': 1686300240, 'low': 18574.65, 'high': 18577.35, 'open': 18575.95, 'close': 18575.35, '_id': ObjectId('6482e68cc38375551bcfc41e')}
[INFO]: {'ti': 1686300300, 'low': 18572.55, 'high': 18575.55, 'open': 18573.85, 'close': 18573.45, '_id': ObjectId('6482e6c8c38375551bcfc41f')}
[INFO]: {'ti': 1686300300, 'low': 43983.65, 'high': 43990.2, 'open': 43986.05, 'close': 43987.55, '_id': ObjectId('6482e6c8c38375551bcfc420')}
[INFO]: {'ti': 1686300420, 'low': 18562.25, 'high': 18567.0, 'open': 18567.0, 'close': 18564.9, '_id': ObjectId('6482e740c38375551bcfc421')}
[INFO]: {'ti': 1686300420, 'low': 43960.9, 'high': 43974.0, 'open': 43967.2, 'close': 43970.25, '_id': ObjectId('6482e740c38375551bcfc422')}
[INFO]: {'ti': 1686300480, 'low': 43964.3, 'high': 43978.35, 'open': 43971.1, 'close': 43973.85, '_id': ObjectId('6482e77cc38375551bcfc423')}
[INFO]: {'ti': 1686300480, 'low': 18563.6, 'high': 18568.05, 'open': 18564.9, 'close': 18566.55, '_id': ObjectId('6482e77cc38375551bcfc424')}
[INFO]: {'ti': 1686300540, 'low': 18564.05, 'high': 18568.25, 'open': 18566.75, 'close': 18567.85, '_id': ObjectId('6482e7b8c38375551bcfc425')}
[INFO]: {'ti': 1686300540, 'low': 43971.1, 'high': 43985.1, 'open': 43973.75, 'close': 43985.1, '_id': ObjectId('6482e7b8c38375551bcfc426')}
[INFO]: {'ti': 1686300600, 'low': 43968.0, 'high': 43983.8, 'open': 43982.5, 'close': 43969.9, '_id': ObjectId('6482e7f4c38375551bcfc427')}
[INFO]: {'ti': 1686300600, 'low': 18564.6, 'high': 18567.75, 'open': 18567.75, 'close': 18566.65, '_id': ObjectId('6482e7f4c38375551bcfc428')}
[INFO]: {'ti': 1686300660, 'low': 18563.2, 'high': 18567.55, 'open': 18566.05, 'close': 18563.7, '_id': ObjectId('6482e830c38375551bcfc429')}
[INFO]: {'ti': 1686300660, 'low': 43964.3, 'high': 43975.1, 'open': 43970.6, 'close': 43966.05, '_id': ObjectId('6482e830c38375551bcfc42a')}
[INFO]: {'ti': 1686300720, 'low': 43965.45, 'high': 43994.8, 'open': 43967.45, 'close': 43991.05, '_id': ObjectId('6482e86cc38375551bcfc42b')}
[INFO]: {'ti': 1686300720, 'low': 18562.9, 'high': 18569.0, 'open': 18563.95, 'close': 18568.2, '_id': ObjectId('6482e86cc38375551bcfc42c')}
[INFO]: {'ti': 1686300780, 'low': 18559.25, 'high': 18568.55, 'open': 18568.55, 'close': 18560.55, '_id': ObjectId('6482e8a8c38375551bcfc42d')}
[INFO]: {'ti': 1686300780, 'low': 43964.65, 'high': 43993.6, 'open': 43993.6, 'close': 43964.65, '_id': ObjectId('6482e8a9c38375551bcfc42e')}
[INFO]: {'ti': 1686300840, 'low': 43964.8, 'high': 43973.65, 'open': 43966.65, 'close': 43967.35, '_id': ObjectId('6482e8e6c38375551bcfc42f')}
[INFO]: {'ti': 1686300840, 'low': 18559.5, 'high': 18562.2, 'open': 18561.4, 'close': 18559.95, '_id': ObjectId('6482e8e6c38375551bcfc430')}
[INFO]: {'ti': 1686300900, 'low': 18559.25, 'high': 18563.5, 'open': 18560.15, 'close': 18562.0, '_id': ObjectId('6482e920c38375551bcfc431')}
[INFO]: {'ti': 1686300900, 'low': 43967.05, 'high': 43994.5, 'open': 43969.15, 'close': 43978.45, '_id': ObjectId('6482e920c38375551bcfc432')}
[INFO]: {'ti': 1686300960, 'low': 18560.45, 'high': 18563.7, 'open': 18562.15, 'close': 18561.5, '_id': ObjectId('6482e95cc38375551bcfc433')}
[INFO]: {'ti': 1686300960, 'low': 43970.25, 'high': 43982.35, 'open': 43977.35, 'close': 43970.45, '_id': ObjectId('6482e95cc38375551bcfc434')}
[INFO]: {'ti': 1686301020, 'low': 18556.85, 'high': 18562.75, 'open': 18562.35, 'close': 18556.85, '_id': ObjectId('6482e998c38375551bcfc435')}
[INFO]: {'ti': 1686301020, 'low': 43962.05, 'high': 43976.5, 'open': 43973.2, 'close': 43963.9, '_id': ObjectId('6482e998c38375551bcfc436')}
[INFO]: {'ti': 1686301080, 'low': 18555.7, 'high': 18558.7, 'open': 18556.25, 'close': 18555.75, '_id': ObjectId('6482e9d4c38375551bcfc437')}
[INFO]: {'ti': 1686301080, 'low': 43954.35, 'high': 43967.35, 'open': 43962.95, 'close': 43956.6, '_id': ObjectId('6482e9d4c38375551bcfc438')}
[INFO]: {'ti': 1686301140, 'low': 18556.35, 'high': 18566.2, 'open': 18556.35, 'close': 18565.15, '_id': ObjectId('6482ea10c38375551bcfc439')}
[INFO]: {'ti': 1686301140, 'low': 43958.2, 'high': 43990.75, 'open': 43958.45, 'close': 43987.1, '_id': ObjectId('6482ea10c38375551bcfc43a')}
[INFO]: {'ti': 1686301200, 'low': 18565.3, 'high': 18574.4, 'open': 18565.65, 'close': 18566.45, '_id': ObjectId('6482ea4cc38375551bcfc43b')}
[INFO]: {'ti': 1686301200, 'low': 43977.45, 'high': 44008.05, 'open': 43989.5, 'close': 43977.45, '_id': ObjectId('6482ea4cc38375551bcfc43c')}
[INFO]: {'ti': 1686301260, 'low': 18566.25, 'high': 18571.35, 'open': 18566.95, 'close': 18569.65, '_id': ObjectId('6482ea88c38375551bcfc43d')}
[INFO]: {'ti': 1686301260, 'low': 43974.05, 'high': 43991.2, 'open': 43976.75, 'close': 43980.95, '_id': ObjectId('6482ea88c38375551bcfc43e')}
[INFO]: {'ti': 1686301320, 'low': 18569.2, 'high': 18578.6, 'open': 18570.05, 'close': 18577.8, '_id': ObjectId('6482eac4c38375551bcfc43f')}
[INFO]: {'ti': 1686301320, 'low': 43980.3, 'high': 44011.8, 'open': 43982.9, 'close': 44007.2, '_id': ObjectId('6482eac4c38375551bcfc440')}
[INFO]: {'ti': 1686301380, 'low': 18576.95, 'high': 18584.15, 'open': 18577.45, 'close': 18582.95, '_id': ObjectId('6482eb00c38375551bcfc441')}
[INFO]: {'ti': 1686301380, 'low': 44004.5, 'high': 44028.2, 'open': 44004.5, 'close': 44025.85, '_id': ObjectId('6482eb00c38375551bcfc442')}
[INFO]: {'ti': 1686301440, 'low': 18581.15, 'high': 18587.6, 'open': 18582.9, 'close': 18587.3, '_id': ObjectId('6482eb3cc38375551bcfc443')}
[INFO]: {'ti': 1686301440, 'low': 44017.55, 'high': 44036.05, 'open': 44028.1, 'close': 44033.0, '_id': ObjectId('6482eb3cc38375551bcfc444')}
[INFO]: {'ti': 1686301500, 'low': 44034.95, 'high': 44058.1, 'open': 44034.95, 'close': 44047.7, '_id': ObjectId('6482eb78c38375551bcfc445')}
[INFO]: {'ti': 1686301500, 'low': 18586.7, 'high': 18592.65, 'open': 18586.9, 'close': 18591.35, '_id': ObjectId('6482eb78c38375551bcfc446')}
[INFO]: {'ti': 1686301560, 'low': 18586.45, 'high': 18591.65, 'open': 18591.05, 'close': 18588.35, '_id': ObjectId('6482ebb4c38375551bcfc447')}
[INFO]: {'ti': 1686301560, 'low': 44044.35, 'high': 44066.65, 'open': 44048.65, 'close': 44048.8, '_id': ObjectId('6482ebb4c38375551bcfc448')}
[INFO]: {'ti': 1686301620, 'low': 44034.2, 'high': 44050.2, 'open': 44050.2, 'close': 44036.45, '_id': ObjectId('6482ebf0c38375551bcfc449')}
[INFO]: {'ti': 1686301620, 'low': 18586.25, 'high': 18590.4, 'open': 18588.75, 'close': 18586.45, '_id': ObjectId('6482ebf0c38375551bcfc44a')}
[INFO]: {'ti': 1686301680, 'low': 18583.9, 'high': 18587.1, 'open': 18587.1, 'close': 18586.25, '_id': ObjectId('6482ec2cc38375551bcfc44b')}
[INFO]: {'ti': 1686301740, 'low': 18579.65, 'high': 18589.0, 'open': 18587.1, 'close': 18579.65, '_id': ObjectId('6482ec68c38375551bcfc44c')}
[INFO]: {'ti': 1686301740, 'low': 44013.2, 'high': 44046.6, 'open': 44035.45, 'close': 44013.2, '_id': ObjectId('6482ec68c38375551bcfc44d')}
[INFO]: {'ti': 1686301800, 'low': 18577.75, 'high': 18581.55, 'open': 18580.9, 'close': 18579.1, '_id': ObjectId('6482eca4c38375551bcfc44e')}
[INFO]: {'ti': 1686301800, 'low': 44000.2, 'high': 44014.1, 'open': 44013.8, 'close': 44009.85, '_id': ObjectId('6482eca4c38375551bcfc44f')}
[INFO]: {'ti': 1686301860, 'low': 43992.45, 'high': 44013.3, 'open': 44011.45, 'close': 43992.45, '_id': ObjectId('6482ece0c38375551bcfc450')}
[INFO]: {'ti': 1686301860, 'low': 18573.5, 'high': 18579.8, 'open': 18578.75, 'close': 18573.5, '_id': ObjectId('6482ece0c38375551bcfc451')}
[INFO]: {'ti': 1686301920, 'low': 18568.95, 'high': 18573.3, 'open': 18573.05, 'close': 18569.9, '_id': ObjectId('6482ed1cc38375551bcfc452')}
[INFO]: {'ti': 1686301920, 'low': 43978.5, 'high': 43993.85, 'open': 43991.55, 'close': 43982.3, '_id': ObjectId('6482ed1cc38375551bcfc453')}
[INFO]: {'ti': 1686301980, 'low': 43978.05, 'high': 43989.0, 'open': 43984.2, 'close': 43983.1, '_id': ObjectId('6482ed58c38375551bcfc454')}
[INFO]: {'ti': 1686301980, 'low': 18568.65, 'high': 18573.35, 'open': 18570.1, 'close': 18571.95, '_id': ObjectId('6482ed58c38375551bcfc455')}
[INFO]: {'ti': 1686302040, 'low': 18570.75, 'high': 18573.45, 'open': 18571.65, 'close': 18572.65, '_id': ObjectId('6482ed94c38375551bcfc456')}
[INFO]: {'ti': 1686302040, 'low': 43979.5, 'high': 43990.6, 'open': 43983.3, 'close': 43984.85, '_id': ObjectId('6482ed94c38375551bcfc457')}
[INFO]: {'ti': 1686302100, 'low': 18572.2, 'high': 18575.0, 'open': 18572.7, 'close': 18573.35, '_id': ObjectId('6482edd0c38375551bcfc458')}
[INFO]: {'ti': 1686302100, 'low': 43985.85, 'high': 43994.65, 'open': 43986.7, 'close': 43989.8, '_id': ObjectId('6482edd0c38375551bcfc459')}
[INFO]: {'ti': 1686302160, 'low': 18568.2, 'high': 18573.35, 'open': 18572.95, 'close': 18569.4, '_id': ObjectId('6482ee0cc38375551bcfc45a')}
[INFO]: {'ti': 1686302160, 'low': 43966.85, 'high': 43988.45, 'open': 43988.45, 'close': 43977.65, '_id': ObjectId('6482ee0cc38375551bcfc45b')}
[INFO]: {'ti': 1686302220, 'low': 43974.25, 'high': 43982.3, 'open': 43979.7, 'close': 43978.05, '_id': ObjectId('6482ee48c38375551bcfc45c')}
[INFO]: {'ti': 1686302220, 'low': 18566.55, 'high': 18569.55, 'open': 18569.1, 'close': 18567.7, '_id': ObjectId('6482ee48c38375551bcfc45d')}
[INFO]: {'ti': 1686302280, 'low': 18565.8, 'high': 18569.4, 'open': 18567.85, 'close': 18568.2, '_id': ObjectId('6482ee84c38375551bcfc45e')}
[INFO]: {'ti': 1686302280, 'low': 43969.95, 'high': 43980.0, 'open': 43977.3, 'close': 43975.7, '_id': ObjectId('6482ee84c38375551bcfc45f')}
[INFO]: {'ti': 1686302340, 'low': 43975.55, 'high': 43993.85, 'open': 43975.55, 'close': 43992.7, '_id': ObjectId('6482eec0c38375551bcfc460')}
[INFO]: {'ti': 1686302340, 'low': 18568.05, 'high': 18572.55, 'open': 18568.05, 'close': 18571.4, '_id': ObjectId('6482eec0c38375551bcfc461')}
[INFO]: {'ti': 1686302400, 'low': 18570.85, 'high': 18577.15, 'open': 18571.95, 'close': 18575.55, '_id': ObjectId('6482eefcc38375551bcfc462')}
[INFO]: {'ti': 1686302400, 'low': 43991.95, 'high': 44007.4, 'open': 43993.3, 'close': 44001.7, '_id': ObjectId('6482eefcc38375551bcfc463')}
[INFO]: {'ti': 1686302460, 'low': 18572.4, 'high': 18578.8, 'open': 18575.45, 'close': 18572.8, '_id': ObjectId('6482ef38c38375551bcfc464')}
[INFO]: {'ti': 1686302460, 'low': 43982.5, 'high': 44011.6, 'open': 44000.9, 'close': 43983.2, '_id': ObjectId('6482ef38c38375551bcfc465')}
[INFO]: {'ti': 1686302520, 'low': 18567.2, 'high': 18573.6, 'open': 18573.6, 'close': 18568.2, '_id': ObjectId('6482ef74c38375551bcfc466')}
[INFO]: {'ti': 1686302520, 'low': 43964.7, 'high': 43987.2, 'open': 43987.2, 'close': 43968.05, '_id': ObjectId('6482ef74c38375551bcfc467')}
[INFO]: {'ti': 1686302580, 'low': 43962.25, 'high': 44002.65, 'open': 43968.6, 'close': 44002.65, '_id': ObjectId('6482efb0c38375551bcfc468')}
[INFO]: {'ti': 1686302580, 'low': 18565.4, 'high': 18575.05, 'open': 18568.25, 'close': 18575.05, '_id': ObjectId('6482efb0c38375551bcfc469')}
[INFO]: {'ti': 1686302640, 'low': 18573.55, 'high': 18577.15, 'open': 18575.05, 'close': 18575.45, '_id': ObjectId('6482efecc38375551bcfc46a')}
[INFO]: {'ti': 1686302640, 'low': 43991.65, 'high': 44011.2, 'open': 44003.4, 'close': 44005.2, '_id': ObjectId('6482efecc38375551bcfc46b')}
[INFO]: {'ti': 1686302700, 'low': 43990.55, 'high': 44012.2, 'open': 44004.45, 'close': 44006.75, '_id': ObjectId('6482f028c38375551bcfc46c')}
[INFO]: {'ti': 1686302700, 'low': 18571.85, 'high': 18577.65, 'open': 18576.5, 'close': 18575.35, '_id': ObjectId('6482f028c38375551bcfc46d')}
[INFO]: {'ti': 1686302760, 'low': 18574.55, 'high': 18577.6, 'open': 18575.35, 'close': 18576.15, '_id': ObjectId('6482f064c38375551bcfc46e')}
[INFO]: {'ti': 1686302760, 'low': 44004.25, 'high': 44021.55, 'open': 44008.0, 'close': 44019.85, '_id': ObjectId('6482f064c38375551bcfc46f')}
[INFO]: {'ti': 1686302820, 'low': 18574.55, 'high': 18577.15, 'open': 18575.8, 'close': 18574.95, '_id': ObjectId('6482f0a0c38375551bcfc470')}
[INFO]: {'ti': 1686302820, 'low': 44008.9, 'high': 44020.3, 'open': 44020.3, 'close': 44009.5, '_id': ObjectId('6482f0a0c38375551bcfc471')}
[INFO]: {'ti': 1686302880, 'low': 18573.3, 'high': 18575.3, 'open': 18574.95, 'close': 18573.75, '_id': ObjectId('6482f0dcc38375551bcfc472')}
[INFO]: {'ti': 1686302880, 'low': 44005.35, 'high': 44011.65, 'open': 44008.7, 'close': 44006.45, '_id': ObjectId('6482f0dcc38375551bcfc473')}
[INFO]: {'ti': 1686302940, 'low': 18567.45, 'high': 18573.75, 'open': 18573.75, 'close': 18572.95, '_id': ObjectId('6482f118c38375551bcfc474')}
[INFO]: {'ti': 1686302940, 'low': 43990.05, 'high': 44006.45, 'open': 44006.45, 'close': 44001.5, '_id': ObjectId('6482f118c38375551bcfc475')}
[INFO]: {'ti': 1686303000, 'low': 18560.4, 'high': 18577.6, 'open': 18573.8, 'close': 18564.1, '_id': ObjectId('6482f154c38375551bcfc476')}
[INFO]: {'ti': 1686303000, 'low': 43970.8, 'high': 44017.5, 'open': 44006.25, 'close': 43987.05, '_id': ObjectId('6482f154c38375551bcfc477')}
[INFO]: {'ti': 1686303060, 'low': 18563.7, 'high': 18568.85, 'open': 18564.05, 'close': 18568.5, '_id': ObjectId('6482f190c38375551bcfc478')}
[INFO]: {'ti': 1686303060, 'low': 43983.5, 'high': 43998.85, 'open': 43985.95, 'close': 43998.05, '_id': ObjectId('6482f190c38375551bcfc479')}
[INFO]: {'ti': 1686303120, 'low': 18566.9, 'high': 18570.85, 'open': 18569.25, 'close': 18566.9, '_id': ObjectId('6482f1ccc38375551bcfc47a')}
[INFO]: {'ti': 1686303120, 'low': 43997.0, 'high': 44005.25, 'open': 44000.05, 'close': 43997.0, '_id': ObjectId('6482f1ccc38375551bcfc47b')}
[INFO]: {'ti': 1686303180, 'low': 18564.9, 'high': 18568.8, 'open': 18567.55, 'close': 18568.35, '_id': ObjectId('6482f208c38375551bcfc47c')}
[INFO]: {'ti': 1686303180, 'low': 43995.2, 'high': 44010.2, 'open': 43997.45, 'close': 44003.55, '_id': ObjectId('6482f208c38375551bcfc47d')}
[INFO]: {'ti': 1686303240, 'low': 43986.3, 'high': 44009.35, 'open': 44009.35, 'close': 43991.3, '_id': ObjectId('6482f244c38375551bcfc47e')}
[INFO]: {'ti': 1686303240, 'low': 18563.55, 'high': 18569.3, 'open': 18569.2, 'close': 18564.75, '_id': ObjectId('6482f244c38375551bcfc47f')}
[INFO]: {'ti': 1686303300, 'low': 18564.5, 'high': 18569.75, 'open': 18565.4, 'close': 18568.8, '_id': ObjectId('6482f280c38375551bcfc480')}
[INFO]: {'ti': 1686303300, 'low': 43989.3, 'high': 43998.4, 'open': 43991.35, 'close': 43996.3, '_id': ObjectId('6482f280c38375551bcfc481')}
[INFO]: {'ti': 1686303360, 'low': 43995.2, 'high': 44009.8, 'open': 43998.6, 'close': 44004.75, '_id': ObjectId('6482f2bcc38375551bcfc482')}
[INFO]: {'ti': 1686303360, 'low': 18568.15, 'high': 18573.65, 'open': 18569.05, 'close': 18570.8, '_id': ObjectId('6482f2bcc38375551bcfc483')}
[INFO]: {'ti': 1686303420, 'low': 18569.1, 'high': 18572.4, 'open': 18570.9, 'close': 18571.2, '_id': ObjectId('6482f2f8c38375551bcfc484')}
[INFO]: {'ti': 1686303420, 'low': 43995.85, 'high': 44006.7, 'open': 44005.5, 'close': 44000.25, '_id': ObjectId('6482f2f8c38375551bcfc485')}
[INFO]: {'ti': 1686303480, 'low': 43996.65, 'high': 44003.25, 'open': 43999.95, 'close': 43996.65, '_id': ObjectId('6482f334c38375551bcfc486')}
[INFO]: {'ti': 1686303480, 'low': 18570.7, 'high': 18572.35, 'open': 18571.3, 'close': 18570.95, '_id': ObjectId('6482f334c38375551bcfc487')}
[INFO]: {'ti': 1686303540, 'low': 18570.65, 'high': 18574.95, 'open': 18571.2, 'close': 18574.95, '_id': ObjectId('6482f370c38375551bcfc488')}
[INFO]: {'ti': 1686303540, 'low': 43996.0, 'high': 44012.2, 'open': 43999.05, 'close': 44012.2, '_id': ObjectId('6482f370c38375551bcfc489')}
[INFO]: {'ti': 1686303600, 'low': 43999.3, 'high': 44019.1, 'open': 44012.35, 'close': 44001.25, '_id': ObjectId('6482f3acc38375551bcfc48a')}
[INFO]: {'ti': 1686303600, 'low': 18568.2, 'high': 18576.9, 'open': 18574.8, 'close': 18568.5, '_id': ObjectId('6482f3acc38375551bcfc48b')}
[INFO]: {'ti': 1686303660, 'low': 18565.25, 'high': 18568.4, 'open': 18568.0, 'close': 18567.45, '_id': ObjectId('6482f3e8c38375551bcfc48c')}
[INFO]: {'ti': 1686303660, 'low': 43993.15, 'high': 44002.9, 'open': 43999.45, 'close': 44002.85, '_id': ObjectId('6482f3e8c38375551bcfc48d')}
[INFO]: {'ti': 1686303720, 'low': 18565.0, 'high': 18568.7, 'open': 18567.35, 'close': 18566.4, '_id': ObjectId('6482f424c38375551bcfc48e')}
[INFO]: {'ti': 1686303720, 'low': 43987.05, 'high': 44003.7, 'open': 44002.45, 'close': 43988.85, '_id': ObjectId('6482f424c38375551bcfc48f')}
[INFO]: {'ti': 1686303780, 'low': 18562.35, 'high': 18567.8, 'open': 18566.0, 'close': 18562.55, '_id': ObjectId('6482f460c38375551bcfc490')}
[INFO]: {'ti': 1686303780, 'low': 43979.75, 'high': 43993.4, 'open': 43987.1, 'close': 43980.8, '_id': ObjectId('6482f460c38375551bcfc491')}
[INFO]: {'ti': 1686303840, 'low': 43974.1, 'high': 43994.1, 'open': 43979.65, 'close': 43993.25, '_id': ObjectId('6482f49cc38375551bcfc492')}
[INFO]: {'ti': 1686303840, 'low': 18561.3, 'high': 18564.65, 'open': 18562.25, 'close': 18564.35, '_id': ObjectId('6482f49cc38375551bcfc493')}
[INFO]: {'ti': 1686303900, 'low': 18564.05, 'high': 18570.3, 'open': 18564.25, 'close': 18569.75, '_id': ObjectId('6482f4d8c38375551bcfc494')}
[INFO]: {'ti': 1686303900, 'low': 43985.5, 'high': 44004.7, 'open': 43993.05, 'close': 44003.3, '_id': ObjectId('6482f4d8c38375551bcfc495')}
[INFO]: {'ti': 1686303960, 'low': 43989.45, 'high': 44010.0, 'open': 44001.8, 'close': 43992.75, '_id': ObjectId('6482f514c38375551bcfc496')}
[INFO]: {'ti': 1686303960, 'low': 18563.1, 'high': 18571.35, 'open': 18569.7, 'close': 18564.65, '_id': ObjectId('6482f514c38375551bcfc497')}
[INFO]: {'ti': 1686304080, 'low': 18561.3, 'high': 18564.5, 'open': 18562.55, 'close': 18562.1, '_id': ObjectId('6482f58cc38375551bcfc498')}
[INFO]: {'ti': 1686304080, 'low': 43979.6, 'high': 43992.3, 'open': 43987.25, 'close': 43989.25, '_id': ObjectId('6482f58cc38375551bcfc499')}
[INFO]: {'ti': 1686304140, 'low': 18561.8, 'high': 18563.8, 'open': 18562.75, 'close': 18563.35, '_id': ObjectId('6482f5c8c38375551bcfc49a')}
[INFO]: {'ti': 1686304140, 'low': 43985.95, 'high': 43995.55, 'open': 43988.8, 'close': 43994.15, '_id': ObjectId('6482f5c8c38375551bcfc49b')}
[INFO]: {'ti': 1686304200, 'low': 43978.95, 'high': 44001.8, 'open': 43993.45, 'close': 43988.2, '_id': ObjectId('6482f604c38375551bcfc49c')}
[INFO]: {'ti': 1686304200, 'low': 18557.5, 'high': 18565.65, 'open': 18563.5, 'close': 18559.7, '_id': ObjectId('6482f604c38375551bcfc49d')}
[INFO]: {'ti': 1686304260, 'low': 18559.9, 'high': 18563.15, 'open': 18561.45, 'close': 18562.5, '_id': ObjectId('6482f640c38375551bcfc49e')}
[INFO]: {'ti': 1686304260, 'low': 43986.55, 'high': 43995.1, 'open': 43991.4, 'close': 43991.9, '_id': ObjectId('6482f640c38375551bcfc49f')}
[INFO]: {'ti': 1686304320, 'low': 43985.95, 'high': 43997.6, 'open': 43993.35, 'close': 43985.95, '_id': ObjectId('6482f67cc38375551bcfc4a0')}
[INFO]: {'ti': 1686304320, 'low': 18560.7, 'high': 18563.1, 'open': 18562.8, 'close': 18560.75, '_id': ObjectId('6482f67cc38375551bcfc4a1')}
[INFO]: {'ti': 1686304380, 'low': 18557.25, 'high': 18560.9, 'open': 18560.9, 'close': 18557.95, '_id': ObjectId('6482f6b8c38375551bcfc4a2')}
[INFO]: {'ti': 1686304380, 'low': 43970.9, 'high': 43987.55, 'open': 43986.45, 'close': 43974.75, '_id': ObjectId('6482f6b8c38375551bcfc4a3')}
[INFO]: {'ti': 1686304440, 'low': 18557.55, 'high': 18559.15, 'open': 18558.4, 'close': 18558.85, '_id': ObjectId('6482f6f4c38375551bcfc4a4')}
[INFO]: {'ti': 1686304440, 'low': 43974.35, 'high': 43982.85, 'open': 43977.1, 'close': 43978.0, '_id': ObjectId('6482f6f4c38375551bcfc4a5')}
[INFO]: {'ti': 1686304500, 'low': 18557.25, 'high': 18559.3, 'open': 18559.3, 'close': 18558.6, '_id': ObjectId('6482f730c38375551bcfc4a6')}
[INFO]: {'ti': 1686304500, 'low': 43972.75, 'high': 43980.5, 'open': 43978.3, 'close': 43974.6, '_id': ObjectId('6482f730c38375551bcfc4a7')}
[INFO]: {'ti': 1686304560, 'low': 18557.75, 'high': 18562.3, 'open': 18559.05, 'close': 18562.25, '_id': ObjectId('6482f76cc38375551bcfc4a8')}
[INFO]: {'ti': 1686304560, 'low': 43975.2, 'high': 43990.25, 'open': 43975.85, 'close': 43988.0, '_id': ObjectId('6482f76cc38375551bcfc4a9')}
[INFO]: {'ti': 1686304620, 'low': 18560.55, 'high': 18565.85, 'open': 18562.9, 'close': 18563.95, '_id': ObjectId('6482f7a8c38375551bcfc4aa')}
[INFO]: {'ti': 1686304620, 'low': 43982.1, 'high': 43992.85, 'open': 43990.3, 'close': 43983.05, '_id': ObjectId('6482f7a8c38375551bcfc4ab')}
[INFO]: {'ti': 1686304680, 'low': 18561.7, 'high': 18567.55, 'open': 18565.05, 'close': 18562.0, '_id': ObjectId('6482f7e4c38375551bcfc4ac')}
[INFO]: {'ti': 1686304680, 'low': 43983.65, 'high': 43994.95, 'open': 43990.7, 'close': 43985.35, '_id': ObjectId('6482f7e4c38375551bcfc4ad')}
[INFO]: {'ti': 1686304740, 'low': 18559.9, 'high': 18567.3, 'open': 18562.4, 'close': 18567.3, '_id': ObjectId('6482f820c38375551bcfc4ae')}
[INFO]: {'ti': 1686304740, 'low': 43974.6, 'high': 43993.2, 'open': 43987.95, 'close': 43990.6, '_id': ObjectId('6482f820c38375551bcfc4af')}
