[DEBUG]: Starting new HTTPS connection (1): api.icicidirect.com:443
[DEBUG]: https://api.icicidirect.com:443 "GET /breezeapi/api/v1/customerdetails HTTP/1.1" 200 63
[DEBUG]: Starting new HTTPS connection (1): api.icicidirect.com:443
[DEBUG]: https://api.icicidirect.com:443 "GET /breezeapi/api/v1/customerdetails HTTP/1.1" 200 63
[DEBUG]: Starting new HTTPS connection (1): api.icicidirect.com:443
[DEBUG]: https://api.icicidirect.com:443 "GET /breezeapi/api/v1/customerdetails HTTP/1.1" 200 63
[DEBUG]: Starting new HTTPS connection (1): api.icicidirect.com:443
[DEBUG]: https://api.icicidirect.com:443 "GET /breezeapi/api/v1/customerdetails HTTP/1.1" 200 63
[DEBUG]: Starting new HTTPS connection (1): api.icicidirect.com:443
[DEBUG]: https://api.icicidirect.com:443 "GET /breezeapi/api/v1/customerdetails HTTP/1.1" 200 63
[DEBUG]: Starting new HTTPS connection (1): api.icicidirect.com:443
[DEBUG]: https://api.icicidirect.com:443 "GET /breezeapi/api/v1/customerdetails HTTP/1.1" 200 63
[DEBUG]: Starting new HTTPS connection (1): api.icicidirect.com:443
[DEBUG]: https://api.icicidirect.com:443 "GET /breezeapi/api/v1/customerdetails HTTP/1.1" 200 577
[DEBUG]: Starting new HTTPS connection (1): traderweb.icicidirect.com:443
[DEBUG]: https://traderweb.icicidirect.com:443 "GET /Content/File/txtFile/ScripFile/StockScriptNew.csv HTTP/1.1" 200 2275117
[INFO]: {'ti': 1686548340, 'low': 43986.7, 'high': 43997.85, 'open': 43993.05, 'close': 43997.7, '_id': ObjectId('6486afb07330935039a17b48')}
[INFO]: {'ti': 1686548340, 'low': 18604.85, 'high': 18609.9, 'open': 18606.95, 'close': 18609.6, '_id': ObjectId('6486afb07330935039a17b49')}
[INFO]: {'ti': 1686548400, 'low': 18608.1, 'high': 18610.4, 'open': 18609.5, 'close': 18608.75, '_id': ObjectId('6486afec7330935039a17b4a')}
[INFO]: {'ti': 1686548400, 'low': 43989.25, 'high': 43999.0, 'open': 43997.95, 'close': 43996.35, '_id': ObjectId('6486afec7330935039a17b4b')}
[INFO]: {'ti': 1686548460, 'low': 18607.75, 'high': 18610.2, 'open': 18608.9, 'close': 18609.95, '_id': ObjectId('6486b028973f8cce5fa84133')}
[INFO]: {'ti': 1686548460, 'low': 43994.85, 'high': 44005.25, 'open': 43996.7, 'close': 44002.8, '_id': ObjectId('6486b028973f8cce5fa84134')}
[INFO]: {'ti': 1686548520, 'low': 18607.25, 'high': 18610.25, 'open': 18610.2, 'close': 18607.65, '_id': ObjectId('6486b064973f8cce5fa84135')}
[INFO]: {'ti': 1686548520, 'low': 43995.6, 'high': 44005.6, 'open': 44000.9, 'close': 43997.2, '_id': ObjectId('6486b064973f8cce5fa84136')}
[INFO]: {'ti': 1686548580, 'low': 18607.1, 'high': 18610.25, 'open': 18607.3, 'close': 18609.55, '_id': ObjectId('6486b0a0973f8cce5fa84137')}
[INFO]: {'ti': 1686548580, 'low': 43995.35, 'high': 44006.5, 'open': 43997.2, 'close': 44003.85, '_id': ObjectId('6486b0a0973f8cce5fa84138')}
[INFO]: {'ti': 1686548640, 'low': 18609.1, 'high': 18611.1, 'open': 18609.95, 'close': 18610.3, '_id': ObjectId('6486b0dc973f8cce5fa84139')}
[INFO]: {'ti': 1686548640, 'low': 43999.7, 'high': 44010.8, 'open': 44004.15, 'close': 44010.55, '_id': ObjectId('6486b0dc973f8cce5fa8413a')}
[INFO]: {'ti': 1686548700, 'low': 18607.05, 'high': 18610.9, 'open': 18610.55, 'close': 18608.05, '_id': ObjectId('6486b118973f8cce5fa8413b')}
[INFO]: {'ti': 1686548700, 'low': 43991.75, 'high': 44013.0, 'open': 44010.55, 'close': 44000.15, '_id': ObjectId('6486b118973f8cce5fa8413c')}
[INFO]: {'ti': 1686548760, 'low': 43993.0, 'high': 44005.3, 'open': 43998.3, 'close': 43997.9, '_id': ObjectId('6486b154973f8cce5fa8413d')}
[INFO]: {'ti': 1686548760, 'low': 18607.1, 'high': 18609.2, 'open': 18607.85, 'close': 18608.7, '_id': ObjectId('6486b154973f8cce5fa8413e')}
[INFO]: {'ti': 1686548820, 'low': 18607.3, 'high': 18609.2, 'open': 18609.2, 'close': 18607.75, '_id': ObjectId('6486b190973f8cce5fa8413f')}
[INFO]: {'ti': 1686548820, 'low': 43990.1, 'high': 44002.35, 'open': 44002.35, 'close': 43996.5, '_id': ObjectId('6486b190973f8cce5fa84140')}
[INFO]: {'ti': 1686548880, 'low': 18604.35, 'high': 18607.7, 'open': 18607.4, 'close': 18605.2, '_id': ObjectId('6486b1cc973f8cce5fa84141')}
[INFO]: {'ti': 1686548880, 'low': 43985.75, 'high': 44000.0, 'open': 43999.9, 'close': 43987.35, '_id': ObjectId('6486b1cc973f8cce5fa84142')}
[INFO]: {'ti': 1686548940, 'low': 18604.45, 'high': 18608.35, 'open': 18605.4, 'close': 18607.6, '_id': ObjectId('6486b208973f8cce5fa84143')}
[INFO]: {'ti': 1686548940, 'low': 43983.5, 'high': 43995.7, 'open': 43988.15, 'close': 43990.95, '_id': ObjectId('6486b208973f8cce5fa84144')}
[INFO]: {'ti': 1686549000, 'low': 18606.4, 'high': 18612.6, 'open': 18608.05, 'close': 18612.3, '_id': ObjectId('6486b244973f8cce5fa84145')}
[INFO]: {'ti': 1686549000, 'low': 43988.8, 'high': 44006.55, 'open': 43990.75, 'close': 44006.55, '_id': ObjectId('6486b244973f8cce5fa84146')}
[INFO]: {'ti': 1686549060, 'low': 18609.65, 'high': 18613.8, 'open': 18611.5, 'close': 18610.05, '_id': ObjectId('6486b280973f8cce5fa84147')}
[INFO]: {'ti': 1686549060, 'low': 43993.55, 'high': 44006.8, 'open': 44004.2, 'close': 43994.3, '_id': ObjectId('6486b280973f8cce5fa84148')}
[INFO]: {'ti': 1686549120, 'low': 43975.75, 'high': 43994.6, 'open': 43991.8, 'close': 43979.7, '_id': ObjectId('6486b2bc973f8cce5fa84149')}
[INFO]: {'ti': 1686549120, 'low': 18604.8, 'high': 18609.6, 'open': 18609.5, 'close': 18605.6, '_id': ObjectId('6486b2bc973f8cce5fa8414a')}
[INFO]: {'ti': 1686549180, 'low': 18603.35, 'high': 18606.05, 'open': 18605.25, 'close': 18604.85, '_id': ObjectId('6486b2f8973f8cce5fa8414b')}
[INFO]: {'ti': 1686549180, 'low': 43968.35, 'high': 43983.5, 'open': 43976.95, 'close': 43969.55, '_id': ObjectId('6486b2f8973f8cce5fa8414c')}
[INFO]: {'ti': 1686549240, 'low': 18602.45, 'high': 18606.3, 'open': 18604.5, 'close': 18605.15, '_id': ObjectId('6486b334973f8cce5fa8414d')}
[INFO]: {'ti': 1686549240, 'low': 43962.35, 'high': 43971.2, 'open': 43967.95, 'close': 43962.35, '_id': ObjectId('6486b334973f8cce5fa8414e')}
[INFO]: {'ti': 1686549300, 'low': 18605.05, 'high': 18608.7, 'open': 18605.7, 'close': 18606.95, '_id': ObjectId('6486b370973f8cce5fa8414f')}
[INFO]: {'ti': 1686549300, 'low': 43961.0, 'high': 43974.3, 'open': 43964.3, 'close': 43968.1, '_id': ObjectId('6486b370973f8cce5fa84150')}
[INFO]: {'ti': 1686549360, 'low': 18605.9, 'high': 18609.8, 'open': 18606.0, 'close': 18607.25, '_id': ObjectId('6486b3ac973f8cce5fa84151')}
[INFO]: {'ti': 1686549360, 'low': 43960.6, 'high': 43981.6, 'open': 43963.3, 'close': 43973.55, '_id': ObjectId('6486b3ac973f8cce5fa84152')}
[INFO]: {'ti': 1686549420, 'low': 18606.65, 'high': 18609.45, 'open': 18607.2, 'close': 18606.95, '_id': ObjectId('6486b3e8973f8cce5fa84153')}
[INFO]: {'ti': 1686549420, 'low': 43970.95, 'high': 43985.6, 'open': 43970.95, 'close': 43973.5, '_id': ObjectId('6486b3e8973f8cce5fa84154')}
[INFO]: {'ti': 1686549480, 'low': 18604.25, 'high': 18607.45, 'open': 18606.9, 'close': 18604.55, '_id': ObjectId('6486b424973f8cce5fa84155')}
[INFO]: {'ti': 1686549480, 'low': 43969.5, 'high': 43982.8, 'open': 43974.55, 'close': 43971.95, '_id': ObjectId('6486b424973f8cce5fa84156')}
[INFO]: {'ti': 1686549540, 'low': 18600.6, 'high': 18605.4, 'open': 18605.25, 'close': 18601.9, '_id': ObjectId('6486b460973f8cce5fa84157')}
[INFO]: {'ti': 1686549540, 'low': 43960.1, 'high': 43974.25, 'open': 43973.5, 'close': 43966.15, '_id': ObjectId('6486b460973f8cce5fa84158')}
[INFO]: {'ti': 1686549600, 'low': 18601.5, 'high': 18605.85, 'open': 18601.8, 'close': 18605.65, '_id': ObjectId('6486b49c973f8cce5fa84159')}
[INFO]: {'ti': 1686549600, 'low': 43961.1, 'high': 43969.5, 'open': 43963.25, 'close': 43969.5, '_id': ObjectId('6486b49c973f8cce5fa8415a')}
[INFO]: {'ti': 1686549720, 'low': 18606.9, 'high': 18610.1, 'open': 18608.45, 'close': 18608.85, '_id': ObjectId('6486b514973f8cce5fa8415b')}
[INFO]: {'ti': 1686549720, 'low': 43963.9, 'high': 43978.65, 'open': 43971.65, 'close': 43973.1, '_id': ObjectId('6486b514973f8cce5fa8415c')}
[INFO]: {'ti': 1686549780, 'low': 18607.35, 'high': 18610.35, 'open': 18608.8, 'close': 18608.65, '_id': ObjectId('6486b550973f8cce5fa8415d')}
[INFO]: {'ti': 1686549780, 'low': 43968.75, 'high': 43980.85, 'open': 43973.2, 'close': 43972.05, '_id': ObjectId('6486b550973f8cce5fa8415e')}
[INFO]: {'ti': 1686549840, 'low': 18605.75, 'high': 18609.95, 'open': 18609.95, 'close': 18608.05, '_id': ObjectId('6486b58c973f8cce5fa8415f')}
[INFO]: {'ti': 1686549840, 'low': 43967.75, 'high': 43983.1, 'open': 43976.8, 'close': 43979.5, '_id': ObjectId('6486b58c973f8cce5fa84160')}
[INFO]: {'ti': 1686549900, 'low': 43967.65, 'high': 43977.4, 'open': 43977.4, 'close': 43973.75, '_id': ObjectId('6486b5c8973f8cce5fa84161')}
[INFO]: {'ti': 1686549900, 'low': 18605.35, 'high': 18609.4, 'open': 18607.0, 'close': 18607.25, '_id': ObjectId('6486b5c8973f8cce5fa84162')}
[INFO]: {'ti': 1686549960, 'low': 18604.65, 'high': 18607.85, 'open': 18607.3, 'close': 18605.3, '_id': ObjectId('6486b604973f8cce5fa84163')}
[INFO]: {'ti': 1686549960, 'low': 43958.5, 'high': 43976.9, 'open': 43974.2, 'close': 43963.35, '_id': ObjectId('6486b604973f8cce5fa84164')}
[INFO]: {'ti': 1686550020, 'low': 18599.1, 'high': 18605.35, 'open': 18604.75, 'close': 18599.1, '_id': ObjectId('6486b640973f8cce5fa84165')}
[INFO]: {'ti': 1686550020, 'low': 43949.75, 'high': 43963.55, 'open': 43961.4, 'close': 43952.25, '_id': ObjectId('6486b640973f8cce5fa84166')}
[INFO]: {'ti': 1686550080, 'low': 18599.0, 'high': 18605.15, 'open': 18599.0, 'close': 18603.1, '_id': ObjectId('6486b67c973f8cce5fa84167')}
[INFO]: {'ti': 1686550080, 'low': 43950.3, 'high': 43980.65, 'open': 43950.45, 'close': 43973.5, '_id': ObjectId('6486b67c973f8cce5fa84168')}
[INFO]: {'ti': 1686550140, 'low': 18603.15, 'high': 18607.4, 'open': 18603.15, 'close': 18606.8, '_id': ObjectId('6486b6b8973f8cce5fa84169')}
[INFO]: {'ti': 1686550140, 'low': 43973.65, 'high': 43986.2, 'open': 43974.85, 'close': 43986.05, '_id': ObjectId('6486b6b9973f8cce5fa8416a')}
[INFO]: {'ti': 1686550200, 'low': 18605.9, 'high': 18608.75, 'open': 18607.35, 'close': 18608.25, '_id': ObjectId('6486b6f4973f8cce5fa8416b')}
[INFO]: {'ti': 1686550200, 'low': 43981.7, 'high': 43994.55, 'open': 43986.1, 'close': 43994.55, '_id': ObjectId('6486b6f4973f8cce5fa8416c')}
[INFO]: {'ti': 1686550260, 'low': 43983.4, 'high': 44000.8, 'open': 43992.75, 'close': 43983.4, '_id': ObjectId('6486b730973f8cce5fa8416d')}
[INFO]: {'ti': 1686550260, 'low': 18606.5, 'high': 18611.9, 'open': 18607.85, 'close': 18606.5, '_id': ObjectId('6486b730973f8cce5fa8416e')}
[INFO]: {'ti': 1686550320, 'low': 43968.2, 'high': 43990.15, 'open': 43983.55, 'close': 43983.7, '_id': ObjectId('6486b76c973f8cce5fa8416f')}
[INFO]: {'ti': 1686550320, 'low': 18602.1, 'high': 18608.6, 'open': 18606.45, 'close': 18608.25, '_id': ObjectId('6486b76c973f8cce5fa84170')}
[INFO]: {'ti': 1686550380, 'low': 18606.9, 'high': 18609.6, 'open': 18607.9, 'close': 18608.5, '_id': ObjectId('6486b7a8973f8cce5fa84171')}
[INFO]: {'ti': 1686550380, 'low': 43981.45, 'high': 43989.75, 'open': 43985.65, 'close': 43985.25, '_id': ObjectId('6486b7a8973f8cce5fa84172')}
[INFO]: {'ti': 1686550440, 'low': 18608.5, 'high': 18610.4, 'open': 18608.95, 'close': 18609.6, '_id': ObjectId('6486b7e4973f8cce5fa84173')}
[INFO]: {'ti': 1686550440, 'low': 43984.6, 'high': 43993.65, 'open': 43987.35, 'close': 43989.3, '_id': ObjectId('6486b7e4973f8cce5fa84174')}
[INFO]: {'ti': 1686550500, 'low': 18608.65, 'high': 18611.25, 'open': 18609.3, 'close': 18609.7, '_id': ObjectId('6486b820973f8cce5fa84175')}
[INFO]: {'ti': 1686550500, 'low': 43988.4, 'high': 44000.5, 'open': 43989.65, 'close': 43996.9, '_id': ObjectId('6486b820973f8cce5fa84176')}
[INFO]: {'ti': 1686550560, 'low': 43993.75, 'high': 44003.4, 'open': 43996.75, 'close': 44002.4, '_id': ObjectId('6486b85c973f8cce5fa84177')}
[INFO]: {'ti': 1686550560, 'low': 18608.6, 'high': 18611.55, 'open': 18609.2, 'close': 18611.2, '_id': ObjectId('6486b85c973f8cce5fa84178')}
[INFO]: {'ti': 1686550620, 'low': 43998.0, 'high': 44008.25, 'open': 43998.95, 'close': 43998.7, '_id': ObjectId('6486b898973f8cce5fa84179')}
[INFO]: {'ti': 1686550620, 'low': 18609.8, 'high': 18612.0, 'open': 18610.3, 'close': 18610.6, '_id': ObjectId('6486b898973f8cce5fa8417a')}
[INFO]: {'ti': 1686550680, 'low': 43990.95, 'high': 44003.75, 'open': 44000.65, 'close': 43990.95, '_id': ObjectId('6486b8d4973f8cce5fa8417b')}
[INFO]: {'ti': 1686550680, 'low': 18607.8, 'high': 18611.15, 'open': 18610.75, 'close': 18608.05, '_id': ObjectId('6486b8d4973f8cce5fa8417c')}
[INFO]: {'ti': 1686550740, 'low': 18607.15, 'high': 18610.95, 'open': 18607.3, 'close': 18610.0, '_id': ObjectId('6486b910973f8cce5fa8417d')}
[INFO]: {'ti': 1686550740, 'low': 43990.95, 'high': 44006.3, 'open': 43991.0, 'close': 44002.75, '_id': ObjectId('6486b910973f8cce5fa8417e')}
[INFO]: {'ti': 1686550800, 'low': 18607.6, 'high': 18610.85, 'open': 18610.05, 'close': 18608.55, '_id': ObjectId('6486b94c973f8cce5fa8417f')}
[INFO]: {'ti': 1686550800, 'low': 43995.3, 'high': 44003.95, 'open': 44003.0, 'close': 43998.15, '_id': ObjectId('6486b94c973f8cce5fa84180')}
[INFO]: {'ti': 1686550860, 'low': 18606.9, 'high': 18609.3, 'open': 18608.1, 'close': 18608.05, '_id': ObjectId('6486b988973f8cce5fa84181')}
[INFO]: {'ti': 1686550860, 'low': 43993.05, 'high': 44000.5, 'open': 43995.6, 'close': 43995.85, '_id': ObjectId('6486b988973f8cce5fa84182')}
[INFO]: {'ti': 1686550920, 'low': 43988.1, 'high': 43997.95, 'open': 43995.2, 'close': 43990.8, '_id': ObjectId('6486b9c4973f8cce5fa84183')}
[INFO]: {'ti': 1686550920, 'low': 18606.85, 'high': 18608.75, 'open': 18608.2, 'close': 18607.2, '_id': ObjectId('6486b9c4973f8cce5fa84184')}
[INFO]: {'ti': 1686550980, 'low': 18606.5, 'high': 18609.65, 'open': 18607.2, 'close': 18607.15, '_id': ObjectId('6486ba00973f8cce5fa84185')}
[INFO]: {'ti': 1686550980, 'low': 43984.15, 'high': 43995.35, 'open': 43989.9, 'close': 43985.05, '_id': ObjectId('6486ba00973f8cce5fa84186')}
[INFO]: {'ti': 1686551040, 'low': 43984.7, 'high': 43995.05, 'open': 43984.7, 'close': 43987.45, '_id': ObjectId('6486ba3c973f8cce5fa84187')}
[INFO]: {'ti': 1686551040, 'low': 18605.35, 'high': 18609.85, 'open': 18607.3, 'close': 18605.75, '_id': ObjectId('6486ba3c973f8cce5fa84188')}
[INFO]: {'ti': 1686551100, 'low': 18605.4, 'high': 18608.85, 'open': 18605.6, 'close': 18607.7, '_id': ObjectId('6486ba78973f8cce5fa84189')}
[INFO]: {'ti': 1686551100, 'low': 43984.55, 'high': 43998.3, 'open': 43987.25, 'close': 43995.55, '_id': ObjectId('6486ba78973f8cce5fa8418a')}
[INFO]: {'ti': 1686551160, 'low': 18606.45, 'high': 18610.3, 'open': 18607.7, 'close': 18608.9, '_id': ObjectId('6486bab4973f8cce5fa8418b')}
[INFO]: {'ti': 1686551160, 'low': 43989.3, 'high': 43999.0, 'open': 43995.15, 'close': 43995.1, '_id': ObjectId('6486bab4973f8cce5fa8418c')}
[INFO]: {'ti': 1686551220, 'low': 18608.55, 'high': 18611.25, 'open': 18609.05, 'close': 18609.15, '_id': ObjectId('6486baf0973f8cce5fa8418d')}
[INFO]: {'ti': 1686551220, 'low': 43990.95, 'high': 44004.7, 'open': 43992.0, 'close': 43997.0, '_id': ObjectId('6486baf0973f8cce5fa8418e')}
[INFO]: {'ti': 1686551280, 'low': 18608.35, 'high': 18611.0, 'open': 18609.3, 'close': 18609.65, '_id': ObjectId('6486bb2c973f8cce5fa8418f')}
[INFO]: {'ti': 1686551280, 'low': 43994.05, 'high': 44007.7, 'open': 43998.95, 'close': 44007.7, '_id': ObjectId('6486bb2c973f8cce5fa84190')}
[INFO]: {'ti': 1686551340, 'low': 18609.55, 'high': 18617.05, 'open': 18609.7, 'close': 18615.95, '_id': ObjectId('6486bb68973f8cce5fa84191')}
[INFO]: {'ti': 1686551340, 'low': 44004.95, 'high': 44029.0, 'open': 44007.25, 'close': 44028.15, '_id': ObjectId('6486bb68973f8cce5fa84192')}
[INFO]: {'ti': 1686551400, 'low': 18614.55, 'high': 18620.75, 'open': 18616.4, 'close': 18619.9, '_id': ObjectId('6486bba4973f8cce5fa84193')}
[INFO]: {'ti': 1686551400, 'low': 44025.6, 'high': 44042.25, 'open': 44032.9, 'close': 44039.9, '_id': ObjectId('6486bba4973f8cce5fa84194')}
[INFO]: {'ti': 1686551460, 'low': 18615.2, 'high': 18620.55, 'open': 18619.2, 'close': 18615.2, '_id': ObjectId('6486bbe0973f8cce5fa84195')}
[INFO]: {'ti': 1686551460, 'low': 44030.3, 'high': 44045.0, 'open': 44035.5, 'close': 44033.9, '_id': ObjectId('6486bbe0973f8cce5fa84196')}
[INFO]: {'ti': 1686551520, 'low': 18611.45, 'high': 18615.95, 'open': 18615.4, 'close': 18611.45, '_id': ObjectId('6486bc1c973f8cce5fa84197')}
[INFO]: {'ti': 1686551520, 'low': 44011.85, 'high': 44033.9, 'open': 44033.25, 'close': 44013.9, '_id': ObjectId('6486bc1c973f8cce5fa84198')}
[INFO]: {'ti': 1686551580, 'low': 18608.95, 'high': 18612.45, 'open': 18611.3, 'close': 18608.95, '_id': ObjectId('6486bc58973f8cce5fa84199')}
[INFO]: {'ti': 1686551580, 'low': 43999.7, 'high': 44017.15, 'open': 44010.35, 'close': 44009.85, '_id': ObjectId('6486bc58973f8cce5fa8419a')}
[INFO]: {'ti': 1686551640, 'low': 18607.55, 'high': 18609.7, 'open': 18608.45, 'close': 18607.7, '_id': ObjectId('6486bc94973f8cce5fa8419b')}
[INFO]: {'ti': 1686551640, 'low': 44003.6, 'high': 44010.1, 'open': 44006.15, 'close': 44007.1, '_id': ObjectId('6486bc94973f8cce5fa8419c')}
[INFO]: {'ti': 1686551700, 'low': 18606.65, 'high': 18610.15, 'open': 18607.5, 'close': 18608.9, '_id': ObjectId('6486bcd0973f8cce5fa8419d')}
[INFO]: {'ti': 1686551700, 'low': 44001.45, 'high': 44014.8, 'open': 44005.7, 'close': 44009.15, '_id': ObjectId('6486bcd0973f8cce5fa8419e')}
[INFO]: {'ti': 1686551760, 'low': 18608.5, 'high': 18611.8, 'open': 18608.55, 'close': 18609.9, '_id': ObjectId('6486bd0c973f8cce5fa8419f')}
[INFO]: {'ti': 1686551760, 'low': 44006.0, 'high': 44016.05, 'open': 44006.0, 'close': 44013.5, '_id': ObjectId('6486bd0c973f8cce5fa841a0')}
[INFO]: {'ti': 1686551820, 'low': 18607.0, 'high': 18611.4, 'open': 18610.6, 'close': 18608.6, '_id': ObjectId('6486bd48973f8cce5fa841a1')}
[INFO]: {'ti': 1686551820, 'low': 44006.05, 'high': 44016.5, 'open': 44015.25, 'close': 44008.65, '_id': ObjectId('6486bd48973f8cce5fa841a2')}
[INFO]: {'ti': 1686551880, 'low': 18607.1, 'high': 18610.25, 'open': 18608.7, 'close': 18607.7, '_id': ObjectId('6486bd84973f8cce5fa841a3')}
[INFO]: {'ti': 1686551880, 'low': 44006.25, 'high': 44014.4, 'open': 44011.05, 'close': 44009.15, '_id': ObjectId('6486bd84973f8cce5fa841a4')}
[INFO]: {'ti': 1686551940, 'low': 18606.2, 'high': 18608.7, 'open': 18607.1, 'close': 18606.2, '_id': ObjectId('6486bdc0973f8cce5fa841a5')}
[INFO]: {'ti': 1686551940, 'low': 44005.4, 'high': 44014.2, 'open': 44007.65, 'close': 44006.7, '_id': ObjectId('6486bdc0973f8cce5fa841a6')}
[INFO]: {'ti': 1686552000, 'low': 18605.0, 'high': 18608.5, 'open': 18606.45, 'close': 18605.3, '_id': ObjectId('6486bdfc973f8cce5fa841a7')}
[INFO]: {'ti': 1686552000, 'low': 44006.85, 'high': 44015.8, 'open': 44009.3, 'close': 44012.2, '_id': ObjectId('6486bdfc973f8cce5fa841a8')}
[INFO]: {'ti': 1686552060, 'low': 18604.1, 'high': 18607.0, 'open': 18607.0, 'close': 18604.7, '_id': ObjectId('6486be38973f8cce5fa841a9')}
[INFO]: {'ti': 1686552060, 'low': 44003.85, 'high': 44014.35, 'open': 44012.5, 'close': 44008.9, '_id': ObjectId('6486be38973f8cce5fa841aa')}
[INFO]: {'ti': 1686552120, 'low': 18603.95, 'high': 18606.25, 'open': 18605.45, 'close': 18605.8, '_id': ObjectId('6486be74973f8cce5fa841ab')}
[INFO]: {'ti': 1686552120, 'low': 44004.65, 'high': 44012.2, 'open': 44010.9, 'close': 44010.4, '_id': ObjectId('6486be74973f8cce5fa841ac')}
[INFO]: {'ti': 1686552180, 'low': 18604.85, 'high': 18608.25, 'open': 18605.55, 'close': 18605.0, '_id': ObjectId('6486beb0973f8cce5fa841ad')}
[INFO]: {'ti': 1686552180, 'low': 44006.7, 'high': 44018.85, 'open': 44008.25, 'close': 44009.45, '_id': ObjectId('6486beb0973f8cce5fa841ae')}
[INFO]: {'ti': 1686552240, 'low': 18604.7, 'high': 18607.75, 'open': 18605.95, 'close': 18605.9, '_id': ObjectId('6486beec973f8cce5fa841af')}
[INFO]: {'ti': 1686552240, 'low': 44004.55, 'high': 44015.25, 'open': 44013.4, 'close': 44011.7, '_id': ObjectId('6486beec973f8cce5fa841b0')}
[INFO]: {'ti': 1686552300, 'low': 18603.35, 'high': 18606.7, 'open': 18605.9, 'close': 18603.85, '_id': ObjectId('6486bf28973f8cce5fa841b1')}
[INFO]: {'ti': 1686552300, 'low': 43999.5, 'high': 44014.7, 'open': 44010.65, 'close': 44005.5, '_id': ObjectId('6486bf28973f8cce5fa841b2')}
[INFO]: {'ti': 1686552420, 'low': 18604.8, 'high': 18607.2, 'open': 18605.7, 'close': 18605.45, '_id': ObjectId('6486bfa0973f8cce5fa841b3')}
[INFO]: {'ti': 1686552420, 'low': 43997.9, 'high': 44010.55, 'open': 44003.5, 'close': 44004.65, '_id': ObjectId('6486bfa0973f8cce5fa841b4')}
[INFO]: {'ti': 1686552480, 'low': 18605.0, 'high': 18607.5, 'open': 18606.25, 'close': 18606.1, '_id': ObjectId('6486bfdc973f8cce5fa841b5')}
[INFO]: {'ti': 1686552540, 'low': 18601.95, 'high': 18606.6, 'open': 18605.85, 'close': 18602.45, '_id': ObjectId('6486c018973f8cce5fa841b6')}
[INFO]: {'ti': 1686552540, 'low': 44010.6, 'high': 44020.3, 'open': 44014.3, 'close': 44010.6, '_id': ObjectId('6486c018973f8cce5fa841b7')}
[INFO]: {'ti': 1686552600, 'low': 18594.55, 'high': 18601.95, 'open': 18601.95, 'close': 18595.2, '_id': ObjectId('6486c054973f8cce5fa841b8')}
[INFO]: {'ti': 1686552600, 'low': 43989.2, 'high': 44007.4, 'open': 44007.4, 'close': 43992.5, '_id': ObjectId('6486c054973f8cce5fa841b9')}
[INFO]: {'ti': 1686552660, 'low': 18589.05, 'high': 18596.25, 'open': 18596.25, 'close': 18589.05, '_id': ObjectId('6486c090973f8cce5fa841ba')}
[INFO]: {'ti': 1686552660, 'low': 43976.15, 'high': 43995.85, 'open': 43993.45, 'close': 43976.15, '_id': ObjectId('6486c090973f8cce5fa841bb')}
[INFO]: {'ti': 1686552720, 'low': 18588.05, 'high': 18592.4, 'open': 18589.15, 'close': 18590.5, '_id': ObjectId('6486c0cc973f8cce5fa841bc')}
[INFO]: {'ti': 1686552720, 'low': 43977.4, 'high': 43997.05, 'open': 43979.8, 'close': 43995.7, '_id': ObjectId('6486c0cc973f8cce5fa841bd')}
[INFO]: {'ti': 1686552780, 'low': 18588.05, 'high': 18592.9, 'open': 18589.95, 'close': 18591.75, '_id': ObjectId('6486c108973f8cce5fa841be')}
[INFO]: {'ti': 1686552780, 'low': 43989.7, 'high': 43996.6, 'open': 43994.95, 'close': 43996.4, '_id': ObjectId('6486c108973f8cce5fa841bf')}
[INFO]: {'ti': 1686552840, 'low': 43991.95, 'high': 44002.65, 'open': 43998.45, 'close': 43993.7, '_id': ObjectId('6486c159973f8cce5fa841c0')}
[INFO]: {'ti': 1686552840, 'low': 18588.1, 'high': 18591.75, 'open': 18591.5, 'close': 18588.4, '_id': ObjectId('6486c162973f8cce5fa841c1')}
[INFO]: {'ti': 1686552900, 'low': 18586.45, 'high': 18589.25, 'open': 18588.75, 'close': 18589.25, '_id': ObjectId('6486c190973f8cce5fa841c2')}
[INFO]: {'ti': 1686552900, 'low': 43989.0, 'high': 44004.45, 'open': 43996.9, 'close': 44004.45, '_id': ObjectId('6486c191973f8cce5fa841c3')}
[INFO]: {'ti': 1686552960, 'low': 18583.4, 'high': 18589.8, 'open': 18588.8, 'close': 18583.45, '_id': ObjectId('6486c1be973f8cce5fa841c4')}
[INFO]: {'ti': 1686552960, 'low': 43986.8, 'high': 44004.45, 'open': 44001.35, 'close': 43990.15, '_id': ObjectId('6486c1be973f8cce5fa841c5')}
[INFO]: {'ti': 1686553020, 'low': 18578.95, 'high': 18583.9, 'open': 18583.75, 'close': 18579.6, '_id': ObjectId('6486c1f8973f8cce5fa841c6')}
[INFO]: {'ti': 1686553020, 'low': 43979.65, 'high': 43990.85, 'open': 43990.85, 'close': 43981.2, '_id': ObjectId('6486c1f8973f8cce5fa841c7')}
[INFO]: {'ti': 1686553080, 'low': 43970.0, 'high': 43985.25, 'open': 43980.0, 'close': 43970.25, '_id': ObjectId('6486c234973f8cce5fa841c8')}
[INFO]: {'ti': 1686553080, 'low': 18579.4, 'high': 18583.05, 'open': 18579.75, 'close': 18579.4, '_id': ObjectId('6486c234973f8cce5fa841c9')}
[INFO]: {'ti': 1686553140, 'low': 18578.85, 'high': 18584.05, 'open': 18579.25, 'close': 18583.25, '_id': ObjectId('6486c270973f8cce5fa841ca')}
[INFO]: {'ti': 1686553140, 'low': 43967.5, 'high': 43977.75, 'open': 43970.9, 'close': 43975.85, '_id': ObjectId('6486c270973f8cce5fa841cb')}
[INFO]: {'ti': 1686553200, 'low': 18582.55, 'high': 18590.25, 'open': 18583.55, 'close': 18589.8, '_id': ObjectId('6486c2ac973f8cce5fa841cc')}
[INFO]: {'ti': 1686553200, 'low': 43970.55, 'high': 43982.05, 'open': 43977.15, 'close': 43979.75, '_id': ObjectId('6486c2ac973f8cce5fa841cd')}
[INFO]: {'ti': 1686553260, 'low': 18588.65, 'high': 18593.95, 'open': 18589.45, 'close': 18591.5, '_id': ObjectId('6486c2e8973f8cce5fa841ce')}
[INFO]: {'ti': 1686553260, 'low': 43978.55, 'high': 44005.95, 'open': 43978.55, 'close': 43995.15, '_id': ObjectId('6486c2e8973f8cce5fa841cf')}
[INFO]: {'ti': 1686553320, 'low': 18591.0, 'high': 18595.6, 'open': 18592.45, 'close': 18594.2, '_id': ObjectId('6486c324973f8cce5fa841d0')}
[INFO]: {'ti': 1686553320, 'low': 43998.35, 'high': 44010.0, 'open': 44000.7, 'close': 44007.35, '_id': ObjectId('6486c324973f8cce5fa841d1')}
[INFO]: {'ti': 1686553380, 'low': 18590.5, 'high': 18595.15, 'open': 18593.9, 'close': 18590.5, '_id': ObjectId('6486c360973f8cce5fa841d2')}
[INFO]: {'ti': 1686553380, 'low': 43999.05, 'high': 44013.45, 'open': 44004.7, 'close': 44002.45, '_id': ObjectId('6486c360973f8cce5fa841d3')}
[INFO]: {'ti': 1686553440, 'low': 18590.4, 'high': 18594.7, 'open': 18590.6, 'close': 18593.25, '_id': ObjectId('6486c39c973f8cce5fa841d4')}
[INFO]: {'ti': 1686553440, 'low': 43997.15, 'high': 44005.65, 'open': 44002.45, 'close': 43999.45, '_id': ObjectId('6486c39c973f8cce5fa841d5')}
[INFO]: {'ti': 1686553500, 'low': 18591.95, 'high': 18594.85, 'open': 18593.0, 'close': 18593.3, '_id': ObjectId('6486c3d8973f8cce5fa841d6')}
[INFO]: {'ti': 1686553500, 'low': 43991.3, 'high': 44003.2, 'open': 43999.7, 'close': 43992.35, '_id': ObjectId('6486c3d8973f8cce5fa841d7')}
[INFO]: {'ti': 1686553560, 'low': 18587.45, 'high': 18594.2, 'open': 18593.45, 'close': 18588.65, '_id': ObjectId('6486c414973f8cce5fa841d8')}
[INFO]: {'ti': 1686553560, 'low': 43967.9, 'high': 43992.85, 'open': 43992.85, 'close': 43970.15, '_id': ObjectId('6486c414973f8cce5fa841d9')}
[INFO]: {'ti': 1686553620, 'low': 18586.75, 'high': 18592.95, 'open': 18587.75, 'close': 18592.55, '_id': ObjectId('6486c450973f8cce5fa841da')}
[INFO]: {'ti': 1686553620, 'low': 43965.95, 'high': 43994.4, 'open': 43967.1, 'close': 43992.65, '_id': ObjectId('6486c450973f8cce5fa841db')}
[INFO]: {'ti': 1686553740, 'low': 43977.5, 'high': 43989.95, 'open': 43984.6, 'close': 43977.5, '_id': ObjectId('6486c4c8973f8cce5fa841dc')}
[INFO]: {'ti': 1686553740, 'low': 18591.95, 'high': 18594.65, 'open': 18593.4, 'close': 18592.6, '_id': ObjectId('6486c4c8973f8cce5fa841dd')}
[INFO]: {'ti': 1686553800, 'low': 18591.25, 'high': 18594.35, 'open': 18592.7, 'close': 18591.5, '_id': ObjectId('6486c504973f8cce5fa841de')}
[INFO]: {'ti': 1686553800, 'low': 43974.7, 'high': 43987.8, 'open': 43978.4, 'close': 43980.6, '_id': ObjectId('6486c504973f8cce5fa841df')}
[INFO]: {'ti': 1686553860, 'low': 18590.35, 'high': 18593.7, 'open': 18591.2, 'close': 18592.4, '_id': ObjectId('6486c540973f8cce5fa841e0')}
[INFO]: {'ti': 1686553860, 'low': 43975.2, 'high': 43985.45, 'open': 43980.05, 'close': 43982.2, '_id': ObjectId('6486c540973f8cce5fa841e1')}
[INFO]: {'ti': 1686553920, 'low': 18590.8, 'high': 18592.9, 'open': 18592.8, 'close': 18591.1, '_id': ObjectId('6486c57c973f8cce5fa841e2')}
[INFO]: {'ti': 1686553920, 'low': 43974.05, 'high': 43982.9, 'open': 43982.9, 'close': 43976.4, '_id': ObjectId('6486c57c973f8cce5fa841e3')}
[INFO]: {'ti': 1686553980, 'low': 18589.8, 'high': 18591.5, 'open': 18591.15, 'close': 18591.15, '_id': ObjectId('6486c5b8973f8cce5fa841e4')}
[INFO]: {'ti': 1686553980, 'low': 43972.05, 'high': 43980.7, 'open': 43976.85, 'close': 43979.9, '_id': ObjectId('6486c5b8973f8cce5fa841e5')}
[INFO]: {'ti': 1686554040, 'low': 18589.15, 'high': 18592.2, 'open': 18591.1, 'close': 18591.75, '_id': ObjectId('6486c5f4973f8cce5fa841e6')}
[INFO]: {'ti': 1686554040, 'low': 43971.3, 'high': 43983.35, 'open': 43979.6, 'close': 43973.95, '_id': ObjectId('6486c5f4973f8cce5fa841e7')}
[INFO]: {'ti': 1686554100, 'low': 43972.05, 'high': 43979.55, 'open': 43973.75, 'close': 43976.35, '_id': ObjectId('6486c630973f8cce5fa841e8')}
[INFO]: {'ti': 1686554100, 'low': 18591.2, 'high': 18595.8, 'open': 18592.05, 'close': 18594.8, '_id': ObjectId('6486c630973f8cce5fa841e9')}
[INFO]: {'ti': 1686554160, 'low': 18594.05, 'high': 18597.95, 'open': 18594.35, 'close': 18594.1, '_id': ObjectId('6486c66c973f8cce5fa841ea')}
[INFO]: {'ti': 1686554220, 'low': 43940.7, 'high': 43972.75, 'open': 43972.75, 'close': 43953.1, '_id': ObjectId('6486c6a8973f8cce5fa841eb')}
[INFO]: {'ti': 1686554220, 'low': 18586.75, 'high': 18593.9, 'open': 18593.9, 'close': 18589.4, '_id': ObjectId('6486c6a8973f8cce5fa841ec')}
[INFO]: {'ti': 1686554280, 'low': 18588.9, 'high': 18594.4, 'open': 18588.9, 'close': 18592.55, '_id': ObjectId('6486c6e4973f8cce5fa841ed')}
[INFO]: {'ti': 1686554280, 'low': 43950.45, 'high': 43966.65, 'open': 43953.0, 'close': 43960.75, '_id': ObjectId('6486c6e4973f8cce5fa841ee')}
[INFO]: {'ti': 1686554340, 'low': 18590.9, 'high': 18594.3, 'open': 18592.7, 'close': 18593.05, '_id': ObjectId('6486c79b973f8cce5fa841ef')}
[INFO]: {'ti': 1686554340, 'low': 43956.3, 'high': 43963.55, 'open': 43963.55, 'close': 43960.05, '_id': ObjectId('6486c79b973f8cce5fa841f0')}
[INFO]: {'ti': 1686554520, 'low': 18593.35, 'high': 18597.15, 'open': 18595.0, 'close': 18594.85, '_id': ObjectId('6486c7d4973f8cce5fa841f1')}
[INFO]: {'ti': 1686554520, 'low': 43964.75, 'high': 43980.15, 'open': 43966.9, 'close': 43966.8, '_id': ObjectId('6486c7d5973f8cce5fa841f2')}
[INFO]: {'ti': 1686554580, 'low': 18592.5, 'high': 18595.9, 'open': 18595.05, 'close': 18592.85, '_id': ObjectId('6486c810973f8cce5fa841f3')}
[INFO]: {'ti': 1686554580, 'low': 43960.65, 'high': 43972.55, 'open': 43966.6, 'close': 43960.9, '_id': ObjectId('6486c810973f8cce5fa841f4')}
[INFO]: {'ti': 1686554640, 'low': 18590.4, 'high': 18593.45, 'open': 18592.95, 'close': 18590.75, '_id': ObjectId('6486c84c973f8cce5fa841f5')}
[INFO]: {'ti': 1686554640, 'low': 43955.2, 'high': 43966.15, 'open': 43962.3, 'close': 43959.7, '_id': ObjectId('6486c84c973f8cce5fa841f6')}
[INFO]: {'ti': 1686554700, 'low': 18587.05, 'high': 18592.2, 'open': 18590.55, 'close': 18587.3, '_id': ObjectId('6486c888973f8cce5fa841f7')}
[INFO]: {'ti': 1686554700, 'low': 43950.9, 'high': 43963.15, 'open': 43955.4, 'close': 43952.1, '_id': ObjectId('6486c888973f8cce5fa841f8')}
[INFO]: {'ti': 1686554760, 'low': 18586.95, 'high': 18590.2, 'open': 18589.35, 'close': 18589.95, '_id': ObjectId('6486c8c4973f8cce5fa841f9')}
[INFO]: {'ti': 1686554760, 'low': 43948.1, 'high': 43960.65, 'open': 43956.4, 'close': 43957.35, '_id': ObjectId('6486c8c4973f8cce5fa841fa')}
[INFO]: {'ti': 1686554820, 'low': 18587.9, 'high': 18591.0, 'open': 18589.6, 'close': 18588.75, '_id': ObjectId('6486c900973f8cce5fa841fb')}
[INFO]: {'ti': 1686554820, 'low': 43946.8, 'high': 43959.85, 'open': 43957.35, 'close': 43950.75, '_id': ObjectId('6486c900973f8cce5fa841fc')}
[INFO]: {'ti': 1686554880, 'low': 18587.95, 'high': 18590.1, 'open': 18588.7, 'close': 18588.95, '_id': ObjectId('6486c93c973f8cce5fa841fd')}
[INFO]: {'ti': 1686554880, 'low': 43948.7, 'high': 43958.2, 'open': 43952.75, 'close': 43952.45, '_id': ObjectId('6486c93c973f8cce5fa841fe')}
[INFO]: {'ti': 1686554940, 'low': 18588.4, 'high': 18591.5, 'open': 18589.2, 'close': 18590.4, '_id': ObjectId('6486c978973f8cce5fa841ff')}
[INFO]: {'ti': 1686554940, 'low': 43948.5, 'high': 43958.3, 'open': 43953.9, 'close': 43948.55, '_id': ObjectId('6486c978973f8cce5fa84200')}
[INFO]: {'ti': 1686555000, 'low': 18589.4, 'high': 18596.15, 'open': 18590.35, 'close': 18594.75, '_id': ObjectId('6486c9b4973f8cce5fa84201')}
[INFO]: {'ti': 1686555000, 'low': 43947.0, 'high': 43958.9, 'open': 43949.1, 'close': 43954.9, '_id': ObjectId('6486c9b4973f8cce5fa84202')}
[INFO]: {'ti': 1686555060, 'low': 18593.4, 'high': 18596.75, 'open': 18594.55, 'close': 18596.15, '_id': ObjectId('6486c9f0973f8cce5fa84203')}
[INFO]: {'ti': 1686555060, 'low': 43947.2, 'high': 43958.9, 'open': 43954.55, 'close': 43951.7, '_id': ObjectId('6486c9f0973f8cce5fa84204')}
[INFO]: {'ti': 1686555120, 'low': 18594.2, 'high': 18598.35, 'open': 18596.1, 'close': 18597.15, '_id': ObjectId('6486ca2c973f8cce5fa84205')}
[INFO]: {'ti': 1686555120, 'low': 43944.1, 'high': 43957.3, 'open': 43947.2, 'close': 43953.15, '_id': ObjectId('6486ca2c973f8cce5fa84206')}
[INFO]: {'ti': 1686555180, 'low': 18596.15, 'high': 18599.0, 'open': 18597.9, 'close': 18598.95, '_id': ObjectId('6486ca68973f8cce5fa84207')}
[INFO]: {'ti': 1686555180, 'low': 43948.85, 'high': 43957.65, 'open': 43953.5, 'close': 43954.85, '_id': ObjectId('6486ca68973f8cce5fa84208')}
[INFO]: {'ti': 1686555240, 'low': 43950.75, 'high': 43965.5, 'open': 43950.75, 'close': 43957.95, '_id': ObjectId('6486caa4973f8cce5fa84209')}
[INFO]: {'ti': 1686555240, 'low': 18598.0, 'high': 18600.7, 'open': 18598.15, 'close': 18598.95, '_id': ObjectId('6486caa4973f8cce5fa8420a')}
[INFO]: {'ti': 1686555300, 'low': 18597.3, 'high': 18601.3, 'open': 18598.95, 'close': 18599.95, '_id': ObjectId('6486cae0973f8cce5fa8420b')}
[INFO]: {'ti': 1686555300, 'low': 43954.8, 'high': 43968.0, 'open': 43960.1, 'close': 43964.65, '_id': ObjectId('6486cae0973f8cce5fa8420c')}
[INFO]: {'ti': 1686555360, 'low': 18596.25, 'high': 18599.85, 'open': 18599.3, 'close': 18596.65, '_id': ObjectId('6486cb1c973f8cce5fa8420d')}
[INFO]: {'ti': 1686555360, 'low': 43950.0, 'high': 43964.45, 'open': 43964.45, 'close': 43955.95, '_id': ObjectId('6486cb1c973f8cce5fa8420e')}
[INFO]: {'ti': 1686555420, 'low': 18595.95, 'high': 18598.5, 'open': 18595.95, 'close': 18597.0, '_id': ObjectId('6486cb58973f8cce5fa8420f')}
[INFO]: {'ti': 1686555420, 'low': 43948.4, 'high': 43963.7, 'open': 43949.7, 'close': 43957.1, '_id': ObjectId('6486cb58973f8cce5fa84210')}
[INFO]: {'ti': 1686555480, 'low': 18595.6, 'high': 18599.75, 'open': 18596.95, 'close': 18598.3, '_id': ObjectId('6486cb94973f8cce5fa84211')}
[INFO]: {'ti': 1686555480, 'low': 43952.5, 'high': 43966.9, 'open': 43957.45, 'close': 43963.6, '_id': ObjectId('6486cb94973f8cce5fa84212')}
[INFO]: {'ti': 1686555540, 'low': 18595.85, 'high': 18598.65, 'open': 18597.7, 'close': 18596.15, '_id': ObjectId('6486cbd0973f8cce5fa84213')}
[INFO]: {'ti': 1686555540, 'low': 43952.6, 'high': 43965.85, 'open': 43958.6, 'close': 43956.9, '_id': ObjectId('6486cbd0973f8cce5fa84214')}
[INFO]: {'ti': 1686555600, 'low': 43956.4, 'high': 43967.75, 'open': 43958.8, 'close': 43964.9, '_id': ObjectId('6486cc0c973f8cce5fa84215')}
[INFO]: {'ti': 1686555600, 'low': 18595.5, 'high': 18600.7, 'open': 18596.45, 'close': 18599.25, '_id': ObjectId('6486cc0c973f8cce5fa84216')}
[INFO]: {'ti': 1686555660, 'low': 18596.7, 'high': 18601.8, 'open': 18597.95, 'close': 18600.2, '_id': ObjectId('6486cc48973f8cce5fa84217')}
[INFO]: {'ti': 1686555660, 'low': 43955.75, 'high': 43964.2, 'open': 43962.9, 'close': 43957.3, '_id': ObjectId('6486cc48973f8cce5fa84218')}
[INFO]: {'ti': 1686555720, 'low': 18598.85, 'high': 18601.35, 'open': 18600.25, 'close': 18599.15, '_id': ObjectId('6486cc84973f8cce5fa84219')}
[INFO]: {'ti': 1686555720, 'low': 43955.15, 'high': 43963.8, 'open': 43959.15, 'close': 43955.8, '_id': ObjectId('6486cc84973f8cce5fa8421a')}
[INFO]: {'ti': 1686555780, 'low': 18598.85, 'high': 18603.55, 'open': 18599.5, 'close': 18602.0, '_id': ObjectId('6486ccc0973f8cce5fa8421b')}
[INFO]: {'ti': 1686555780, 'low': 43955.4, 'high': 43973.1, 'open': 43955.4, 'close': 43969.95, '_id': ObjectId('6486ccc0973f8cce5fa8421c')}
[INFO]: {'ti': 1686555840, 'low': 43965.95, 'high': 43975.2, 'open': 43971.15, 'close': 43967.85, '_id': ObjectId('6486ccfc973f8cce5fa8421d')}
[INFO]: {'ti': 1686555840, 'low': 18600.65, 'high': 18602.7, 'open': 18602.1, 'close': 18600.75, '_id': ObjectId('6486ccfc973f8cce5fa8421e')}
[INFO]: {'ti': 1686555900, 'low': 18600.85, 'high': 18604.6, 'open': 18600.85, 'close': 18603.7, '_id': ObjectId('6486cd38973f8cce5fa8421f')}
[INFO]: {'ti': 1686555900, 'low': 43967.65, 'high': 43981.25, 'open': 43967.9, 'close': 43975.55, '_id': ObjectId('6486cd38973f8cce5fa84220')}
[INFO]: {'ti': 1686555960, 'low': 43975.65, 'high': 43986.55, 'open': 43977.45, 'close': 43979.2, '_id': ObjectId('6486cd74973f8cce5fa84221')}
[INFO]: {'ti': 1686555960, 'low': 18603.55, 'high': 18607.4, 'open': 18603.55, 'close': 18604.7, '_id': ObjectId('6486cd74973f8cce5fa84222')}
[INFO]: {'ti': 1686556020, 'low': 18604.3, 'high': 18606.95, 'open': 18604.65, 'close': 18605.8, '_id': ObjectId('6486cdb0973f8cce5fa84223')}
[INFO]: {'ti': 1686556020, 'low': 43977.35, 'high': 43986.55, 'open': 43977.85, 'close': 43985.5, '_id': ObjectId('6486cdb0973f8cce5fa84224')}
[INFO]: {'ti': 1686556080, 'low': 18604.9, 'high': 18607.45, 'open': 18605.05, 'close': 18605.7, '_id': ObjectId('6486cdec973f8cce5fa84225')}
[INFO]: {'ti': 1686556080, 'low': 43979.85, 'high': 43987.7, 'open': 43980.7, 'close': 43982.9, '_id': ObjectId('6486cdec973f8cce5fa84226')}
[INFO]: {'ti': 1686556140, 'low': 18605.1, 'high': 18612.95, 'open': 18605.1, 'close': 18610.3, '_id': ObjectId('6486ce28973f8cce5fa84227')}
[INFO]: {'ti': 1686556140, 'low': 43982.85, 'high': 43997.1, 'open': 43982.85, 'close': 43987.1, '_id': ObjectId('6486ce28973f8cce5fa84228')}
[INFO]: {'ti': 1686556200, 'low': 43982.15, 'high': 43992.5, 'open': 43987.55, 'close': 43988.55, '_id': ObjectId('6486ce64973f8cce5fa84229')}
[INFO]: {'ti': 1686556200, 'low': 18608.8, 'high': 18611.45, 'open': 18609.25, 'close': 18610.75, '_id': ObjectId('6486ce64973f8cce5fa8422a')}
[INFO]: {'ti': 1686556260, 'low': 18608.35, 'high': 18611.3, 'open': 18610.1, 'close': 18608.4, '_id': ObjectId('6486cea0973f8cce5fa8422b')}
[INFO]: {'ti': 1686556260, 'low': 43972.2, 'high': 43987.1, 'open': 43986.0, 'close': 43974.55, '_id': ObjectId('6486cea0973f8cce5fa8422c')}
[INFO]: {'ti': 1686556320, 'low': 43972.8, 'high': 43984.85, 'open': 43977.5, 'close': 43975.7, '_id': ObjectId('6486cedc973f8cce5fa8422d')}
[INFO]: {'ti': 1686556320, 'low': 18608.05, 'high': 18611.0, 'open': 18608.9, 'close': 18609.25, '_id': ObjectId('6486cedc973f8cce5fa8422e')}
[INFO]: {'ti': 1686556380, 'low': 18607.75, 'high': 18610.2, 'open': 18608.7, 'close': 18608.65, '_id': ObjectId('6486cf18973f8cce5fa8422f')}
[INFO]: {'ti': 1686556380, 'low': 43971.4, 'high': 43980.15, 'open': 43974.2, 'close': 43972.3, '_id': ObjectId('6486cf18973f8cce5fa84230')}
[INFO]: {'ti': 1686556440, 'low': 18608.3, 'high': 18610.5, 'open': 18608.3, 'close': 18608.8, '_id': ObjectId('6486cf54973f8cce5fa84231')}
[INFO]: {'ti': 1686556440, 'low': 43970.2, 'high': 43980.0, 'open': 43970.3, 'close': 43974.7, '_id': ObjectId('6486cf54973f8cce5fa84232')}
[INFO]: {'ti': 1686556500, 'low': 18606.65, 'high': 18609.75, 'open': 18608.25, 'close': 18607.1, '_id': ObjectId('6486cf90973f8cce5fa84233')}
[INFO]: {'ti': 1686556500, 'low': 43964.75, 'high': 43976.6, 'open': 43972.9, 'close': 43965.65, '_id': ObjectId('6486cf90973f8cce5fa84234')}
[INFO]: {'ti': 1686556560, 'low': 18606.9, 'high': 18610.15, 'open': 18607.45, 'close': 18608.6, '_id': ObjectId('6486cfcc973f8cce5fa84235')}
[INFO]: {'ti': 1686556560, 'low': 43966.85, 'high': 43978.75, 'open': 43970.0, 'close': 43972.95, '_id': ObjectId('6486cfcc973f8cce5fa84236')}
[INFO]: {'ti': 1686556620, 'low': 43964.6, 'high': 43975.6, 'open': 43972.75, 'close': 43969.65, '_id': ObjectId('6486d008973f8cce5fa84237')}
[INFO]: {'ti': 1686556620, 'low': 18605.95, 'high': 18609.65, 'open': 18608.45, 'close': 18607.15, '_id': ObjectId('6486d008973f8cce5fa84238')}
[INFO]: {'ti': 1686556680, 'low': 18605.1, 'high': 18607.6, 'open': 18606.25, 'close': 18605.6, '_id': ObjectId('6486d044973f8cce5fa84239')}
[INFO]: {'ti': 1686556680, 'low': 43954.15, 'high': 43968.8, 'open': 43966.8, 'close': 43956.55, '_id': ObjectId('6486d044973f8cce5fa8423a')}
[INFO]: {'ti': 1686556740, 'low': 18604.35, 'high': 18607.2, 'open': 18605.05, 'close': 18605.05, '_id': ObjectId('6486d080973f8cce5fa8423b')}
[INFO]: {'ti': 1686556740, 'low': 43949.05, 'high': 43959.75, 'open': 43954.65, 'close': 43950.55, '_id': ObjectId('6486d080973f8cce5fa8423c')}
[INFO]: {'ti': 1686556800, 'low': 18604.45, 'high': 18609.65, 'open': 18604.9, 'close': 18609.05, '_id': ObjectId('6486d0bc973f8cce5fa8423d')}
[INFO]: {'ti': 1686556800, 'low': 43949.75, 'high': 43960.25, 'open': 43950.25, 'close': 43960.25, '_id': ObjectId('6486d0bc973f8cce5fa8423e')}
[INFO]: {'ti': 1686556860, 'low': 18608.5, 'high': 18610.5, 'open': 18609.1, 'close': 18608.95, '_id': ObjectId('6486d0f8973f8cce5fa8423f')}
[INFO]: {'ti': 1686556860, 'low': 43953.35, 'high': 43964.25, 'open': 43960.85, 'close': 43956.15, '_id': ObjectId('6486d0f8973f8cce5fa84240')}
[INFO]: {'ti': 1686556920, 'low': 43952.95, 'high': 43966.7, 'open': 43952.95, 'close': 43962.1, '_id': ObjectId('6486d134973f8cce5fa84241')}
[INFO]: {'ti': 1686556920, 'low': 18607.55, 'high': 18612.3, 'open': 18607.9, 'close': 18611.55, '_id': ObjectId('6486d134973f8cce5fa84242')}
[INFO]: {'ti': 1686556980, 'low': 43962.0, 'high': 43974.45, 'open': 43962.3, 'close': 43967.2, '_id': ObjectId('6486d170973f8cce5fa84243')}
[INFO]: {'ti': 1686556980, 'low': 18610.3, 'high': 18613.4, 'open': 18611.4, 'close': 18611.4, '_id': ObjectId('6486d170973f8cce5fa84244')}
[INFO]: {'ti': 1686557040, 'low': 18608.65, 'high': 18612.0, 'open': 18610.55, 'close': 18610.65, '_id': ObjectId('6486d1ac973f8cce5fa84245')}
[INFO]: {'ti': 1686557040, 'low': 43958.95, 'high': 43969.5, 'open': 43963.7, 'close': 43966.8, '_id': ObjectId('6486d1ac973f8cce5fa84246')}
[INFO]: {'ti': 1686557100, 'low': 18609.0, 'high': 18613.0, 'open': 18609.15, 'close': 18610.85, '_id': ObjectId('6486d1e8973f8cce5fa84247')}
[INFO]: {'ti': 1686557100, 'low': 43959.3, 'high': 43979.8, 'open': 43960.55, 'close': 43973.25, '_id': ObjectId('6486d1e8973f8cce5fa84248')}
[INFO]: {'ti': 1686557160, 'low': 18608.65, 'high': 18612.15, 'open': 18610.25, 'close': 18609.05, '_id': ObjectId('6486d224973f8cce5fa84249')}
[INFO]: {'ti': 1686557160, 'low': 43961.05, 'high': 43975.9, 'open': 43969.25, 'close': 43961.8, '_id': ObjectId('6486d224973f8cce5fa8424a')}
[INFO]: {'ti': 1686557220, 'low': 18606.1, 'high': 18609.8, 'open': 18607.85, 'close': 18606.1, '_id': ObjectId('6486d260973f8cce5fa8424b')}
[INFO]: {'ti': 1686557220, 'low': 43960.15, 'high': 43968.5, 'open': 43960.15, 'close': 43963.05, '_id': ObjectId('6486d260973f8cce5fa8424c')}
[INFO]: {'ti': 1686557280, 'low': 18604.75, 'high': 18607.8, 'open': 18605.4, 'close': 18606.75, '_id': ObjectId('6486d29c973f8cce5fa8424d')}
[INFO]: {'ti': 1686557280, 'low': 43955.7, 'high': 43965.95, 'open': 43959.75, 'close': 43963.65, '_id': ObjectId('6486d29c973f8cce5fa8424e')}
[INFO]: {'ti': 1686557340, 'low': 43955.9, 'high': 43966.0, 'open': 43956.15, 'close': 43958.4, '_id': ObjectId('6486d2d8973f8cce5fa8424f')}
[INFO]: {'ti': 1686557340, 'low': 18604.85, 'high': 18609.3, 'open': 18605.3, 'close': 18607.45, '_id': ObjectId('6486d2d8973f8cce5fa84250')}
[INFO]: {'ti': 1686557400, 'low': 43954.55, 'high': 43965.7, 'open': 43957.65, 'close': 43964.6, '_id': ObjectId('6486d314973f8cce5fa84251')}
[INFO]: {'ti': 1686557400, 'low': 18606.75, 'high': 18609.8, 'open': 18607.0, 'close': 18607.35, '_id': ObjectId('6486d314973f8cce5fa84252')}
[INFO]: {'ti': 1686557520, 'low': 18606.5, 'high': 18608.6, 'open': 18607.15, 'close': 18606.75, '_id': ObjectId('6486d38c973f8cce5fa84253')}
[INFO]: {'ti': 1686557520, 'low': 43961.0, 'high': 43968.5, 'open': 43963.7, 'close': 43964.75, '_id': ObjectId('6486d38c973f8cce5fa84254')}
[INFO]: {'ti': 1686557580, 'low': 43956.15, 'high': 43966.95, 'open': 43962.35, 'close': 43963.1, '_id': ObjectId('6486d3c8973f8cce5fa84255')}
[INFO]: {'ti': 1686557580, 'low': 18605.2, 'high': 18608.45, 'open': 18606.6, 'close': 18606.25, '_id': ObjectId('6486d3c8973f8cce5fa84256')}
[INFO]: {'ti': 1686557640, 'low': 18605.1, 'high': 18607.0, 'open': 18606.0, 'close': 18605.55, '_id': ObjectId('6486d404973f8cce5fa84257')}
[INFO]: {'ti': 1686557640, 'low': 43955.7, 'high': 43966.15, 'open': 43962.05, 'close': 43959.15, '_id': ObjectId('6486d404973f8cce5fa84258')}
[INFO]: {'ti': 1686557700, 'low': 43956.85, 'high': 43963.65, 'open': 43960.75, 'close': 43958.9, '_id': ObjectId('6486d440973f8cce5fa84259')}
[INFO]: {'ti': 1686557700, 'low': 18604.9, 'high': 18606.85, 'open': 18605.15, 'close': 18605.0, '_id': ObjectId('6486d440973f8cce5fa8425a')}
[INFO]: {'ti': 1686557760, 'low': 18600.8, 'high': 18605.1, 'open': 18604.95, 'close': 18602.85, '_id': ObjectId('6486d47c973f8cce5fa8425b')}
[INFO]: {'ti': 1686557760, 'low': 43945.55, 'high': 43961.6, 'open': 43958.55, 'close': 43954.05, '_id': ObjectId('6486d47c973f8cce5fa8425c')}
[INFO]: {'ti': 1686557820, 'low': 18602.1, 'high': 18613.65, 'open': 18602.1, 'close': 18612.75, '_id': ObjectId('6486d4b8973f8cce5fa8425d')}
[INFO]: {'ti': 1686557820, 'low': 43949.1, 'high': 43995.2, 'open': 43949.1, 'close': 43990.6, '_id': ObjectId('6486d4b8973f8cce5fa8425e')}
[INFO]: {'ti': 1686557880, 'low': 18610.35, 'high': 18615.45, 'open': 18612.45, 'close': 18615.3, '_id': ObjectId('6486d4f4973f8cce5fa8425f')}
[INFO]: {'ti': 1686557880, 'low': 43981.45, 'high': 43996.35, 'open': 43992.5, 'close': 43991.15, '_id': ObjectId('6486d4f4973f8cce5fa84260')}
[INFO]: {'ti': 1686557940, 'low': 43980.25, 'high': 43996.0, 'open': 43990.25, 'close': 43985.5, '_id': ObjectId('6486d530973f8cce5fa84261')}
[INFO]: {'ti': 1686557940, 'low': 18613.55, 'high': 18617.65, 'open': 18615.85, 'close': 18614.15, '_id': ObjectId('6486d530973f8cce5fa84262')}
[INFO]: {'ti': 1686558000, 'low': 18612.55, 'high': 18617.65, 'open': 18613.6, 'close': 18617.65, '_id': ObjectId('6486d56c973f8cce5fa84263')}
[INFO]: {'ti': 1686558000, 'low': 43983.15, 'high': 43993.1, 'open': 43983.65, 'close': 43991.25, '_id': ObjectId('6486d56c973f8cce5fa84264')}
[INFO]: {'ti': 1686558060, 'low': 18615.8, 'high': 18619.2, 'open': 18617.1, 'close': 18617.9, '_id': ObjectId('6486d5a8973f8cce5fa84265')}
[INFO]: {'ti': 1686558060, 'low': 43989.0, 'high': 44001.25, 'open': 43990.35, 'close': 43998.75, '_id': ObjectId('6486d5a8973f8cce5fa84266')}
[INFO]: {'ti': 1686558120, 'low': 18615.2, 'high': 18619.1, 'open': 18617.95, 'close': 18615.6, '_id': ObjectId('6486d5e4973f8cce5fa84267')}
[INFO]: {'ti': 1686558120, 'low': 43989.3, 'high': 44002.85, 'open': 43996.4, 'close': 43989.9, '_id': ObjectId('6486d5e4973f8cce5fa84268')}
[INFO]: {'ti': 1686558180, 'low': 18612.9, 'high': 18616.7, 'open': 18615.2, 'close': 18615.35, '_id': ObjectId('6486d620973f8cce5fa84269')}
[INFO]: {'ti': 1686558180, 'low': 43974.55, 'high': 43993.5, 'open': 43988.75, 'close': 43981.3, '_id': ObjectId('6486d620973f8cce5fa8426a')}
[INFO]: {'ti': 1686558300, 'low': 18614.85, 'high': 18617.2, 'open': 18615.35, 'close': 18615.15, '_id': ObjectId('6486d698973f8cce5fa8426b')}
[INFO]: {'ti': 1686558300, 'low': 43977.95, 'high': 43988.35, 'open': 43984.25, 'close': 43983.85, '_id': ObjectId('6486d698973f8cce5fa8426c')}
[INFO]: {'ti': 1686558360, 'low': 43978.05, 'high': 43987.9, 'open': 43981.5, 'close': 43984.45, '_id': ObjectId('6486d6d4973f8cce5fa8426d')}
[INFO]: {'ti': 1686558360, 'low': 18614.6, 'high': 18617.75, 'open': 18614.6, 'close': 18616.35, '_id': ObjectId('6486d6d4973f8cce5fa8426e')}
[INFO]: {'ti': 1686558480, 'low': 18614.75, 'high': 18617.65, 'open': 18615.05, 'close': 18615.25, '_id': ObjectId('6486d74c973f8cce5fa8426f')}
[INFO]: {'ti': 1686558480, 'low': 43967.3, 'high': 43984.6, 'open': 43975.6, 'close': 43972.0, '_id': ObjectId('6486d74c973f8cce5fa84270')}
[INFO]: {'ti': 1686558540, 'low': 18612.85, 'high': 18616.85, 'open': 18615.7, 'close': 18613.5, '_id': ObjectId('6486d788973f8cce5fa84271')}
[INFO]: {'ti': 1686558540, 'low': 43958.3, 'high': 43973.45, 'open': 43972.35, 'close': 43961.5, '_id': ObjectId('6486d788973f8cce5fa84272')}
[INFO]: {'ti': 1686558600, 'low': 18612.85, 'high': 18617.7, 'open': 18612.85, 'close': 18617.35, '_id': ObjectId('6486d7c4973f8cce5fa84273')}
[INFO]: {'ti': 1686558600, 'low': 43959.1, 'high': 43970.85, 'open': 43961.9, 'close': 43969.0, '_id': ObjectId('6486d7c4973f8cce5fa84274')}
[INFO]: {'ti': 1686558660, 'low': 18616.0, 'high': 18618.6, 'open': 18616.45, 'close': 18616.9, '_id': ObjectId('6486d800973f8cce5fa84275')}
[INFO]: {'ti': 1686558660, 'low': 43964.9, 'high': 43978.1, 'open': 43966.85, 'close': 43967.55, '_id': ObjectId('6486d800973f8cce5fa84276')}
[INFO]: {'ti': 1686558720, 'low': 43962.0, 'high': 43978.4, 'open': 43964.5, 'close': 43971.25, '_id': ObjectId('6486d83c973f8cce5fa84277')}
[INFO]: {'ti': 1686558720, 'low': 18614.95, 'high': 18618.65, 'open': 18616.25, 'close': 18616.7, '_id': ObjectId('6486d83c973f8cce5fa84278')}
[INFO]: {'ti': 1686558780, 'low': 18614.85, 'high': 18617.8, 'open': 18616.65, 'close': 18615.6, '_id': ObjectId('6486d878973f8cce5fa84279')}
[INFO]: {'ti': 1686558780, 'low': 43969.1, 'high': 43979.75, 'open': 43969.9, 'close': 43973.85, '_id': ObjectId('6486d878973f8cce5fa8427a')}
[INFO]: {'ti': 1686558840, 'low': 18614.7, 'high': 18617.15, 'open': 18614.95, 'close': 18616.2, '_id': ObjectId('6486d8b4973f8cce5fa8427b')}
[INFO]: {'ti': 1686558840, 'low': 43968.75, 'high': 43976.3, 'open': 43972.75, 'close': 43972.25, '_id': ObjectId('6486d8b4973f8cce5fa8427c')}
[INFO]: {'ti': 1686558900, 'low': 18614.35, 'high': 18616.6, 'open': 18615.45, 'close': 18614.8, '_id': ObjectId('6486d8f0973f8cce5fa8427d')}
[INFO]: {'ti': 1686558900, 'low': 43967.95, 'high': 43976.85, 'open': 43970.9, 'close': 43970.45, '_id': ObjectId('6486d8f0973f8cce5fa8427e')}
[INFO]: {'ti': 1686559020, 'low': 18612.65, 'high': 18616.1, 'open': 18612.65, 'close': 18615.2, '_id': ObjectId('6486d968973f8cce5fa8427f')}
[INFO]: {'ti': 1686559020, 'low': 43969.75, 'high': 43977.6, 'open': 43970.95, 'close': 43975.9, '_id': ObjectId('6486d968973f8cce5fa84280')}
[INFO]: {'ti': 1686559080, 'low': 43961.95, 'high': 43974.55, 'open': 43972.85, 'close': 43964.85, '_id': ObjectId('6486d9a4973f8cce5fa84281')}
[INFO]: {'ti': 1686559080, 'low': 18613.8, 'high': 18616.35, 'open': 18614.75, 'close': 18614.35, '_id': ObjectId('6486d9a4973f8cce5fa84282')}
[INFO]: {'ti': 1686559140, 'low': 18612.8, 'high': 18615.75, 'open': 18613.65, 'close': 18614.75, '_id': ObjectId('6486d9e0973f8cce5fa84283')}
[INFO]: {'ti': 1686559140, 'low': 43961.3, 'high': 43974.45, 'open': 43961.3, 'close': 43969.25, '_id': ObjectId('6486d9e0973f8cce5fa84284')}
[INFO]: {'ti': 1686559200, 'low': 18611.75, 'high': 18615.7, 'open': 18613.85, 'close': 18614.25, '_id': ObjectId('6486da1c973f8cce5fa84285')}
[INFO]: {'ti': 1686559200, 'low': 43960.9, 'high': 43974.65, 'open': 43965.6, 'close': 43971.3, '_id': ObjectId('6486da1c973f8cce5fa84286')}
[INFO]: {'ti': 1686559260, 'low': 18612.45, 'high': 18614.6, 'open': 18613.8, 'close': 18612.85, '_id': ObjectId('6486da58973f8cce5fa84287')}
[INFO]: {'ti': 1686559260, 'low': 43958.95, 'high': 43968.8, 'open': 43967.25, 'close': 43960.4, '_id': ObjectId('6486da58973f8cce5fa84288')}
[INFO]: {'ti': 1686559320, 'low': 43957.65, 'high': 43971.35, 'open': 43960.65, 'close': 43960.85, '_id': ObjectId('6486da94973f8cce5fa84289')}
[INFO]: {'ti': 1686559320, 'low': 18612.45, 'high': 18616.8, 'open': 18612.45, 'close': 18614.55, '_id': ObjectId('6486da94973f8cce5fa8428a')}
[INFO]: {'ti': 1686559380, 'low': 18605.1, 'high': 18615.8, 'open': 18614.1, 'close': 18608.15, '_id': ObjectId('6486dad0973f8cce5fa8428b')}
[INFO]: {'ti': 1686559380, 'low': 43939.3, 'high': 43964.1, 'open': 43957.45, 'close': 43945.3, '_id': ObjectId('6486dad0973f8cce5fa8428c')}
[INFO]: {'ti': 1686559440, 'low': 43941.55, 'high': 43977.9, 'open': 43944.95, 'close': 43977.9, '_id': ObjectId('6486db0c973f8cce5fa8428d')}
[INFO]: {'ti': 1686559440, 'low': 18607.55, 'high': 18620.65, 'open': 18607.95, 'close': 18620.65, '_id': ObjectId('6486db0c973f8cce5fa8428e')}
[INFO]: {'ti': 1686559500, 'low': 18620.5, 'high': 18625.1, 'open': 18620.6, 'close': 18622.5, '_id': ObjectId('6486db48973f8cce5fa8428f')}
[INFO]: {'ti': 1686559500, 'low': 43975.95, 'high': 43990.45, 'open': 43975.95, 'close': 43980.9, '_id': ObjectId('6486db48973f8cce5fa84290')}
[INFO]: {'ti': 1686559560, 'low': 18617.95, 'high': 18622.95, 'open': 18622.35, 'close': 18617.95, '_id': ObjectId('6486db84973f8cce5fa84291')}
[INFO]: {'ti': 1686559560, 'low': 43955.35, 'high': 43982.4, 'open': 43982.4, 'close': 43959.7, '_id': ObjectId('6486db84973f8cce5fa84292')}
[INFO]: {'ti': 1686559620, 'low': 18610.3, 'high': 18618.85, 'open': 18617.8, 'close': 18610.6, '_id': ObjectId('6486dbc0973f8cce5fa84293')}
[INFO]: {'ti': 1686559620, 'low': 43930.2, 'high': 43962.65, 'open': 43958.85, 'close': 43932.65, '_id': ObjectId('6486dbc0973f8cce5fa84294')}
[INFO]: {'ti': 1686559680, 'low': 18607.45, 'high': 18612.45, 'open': 18610.15, 'close': 18610.05, '_id': ObjectId('6486dbfc973f8cce5fa84295')}
[INFO]: {'ti': 1686559680, 'low': 43924.2, 'high': 43949.15, 'open': 43931.85, 'close': 43940.85, '_id': ObjectId('6486dbfc973f8cce5fa84296')}
[INFO]: {'ti': 1686559740, 'low': 18609.25, 'high': 18611.9, 'open': 18609.3, 'close': 18610.4, '_id': ObjectId('6486dc38973f8cce5fa84297')}
[INFO]: {'ti': 1686559740, 'low': 43933.15, 'high': 43941.5, 'open': 43937.5, 'close': 43937.2, '_id': ObjectId('6486dc38973f8cce5fa84298')}
[INFO]: {'ti': 1686559800, 'low': 18596.2, 'high': 18610.2, 'open': 18609.3, 'close': 18598.15, '_id': ObjectId('6486dc74973f8cce5fa84299')}
[INFO]: {'ti': 1686559800, 'low': 43900.7, 'high': 43936.4, 'open': 43934.75, 'close': 43909.3, '_id': ObjectId('6486dc74973f8cce5fa8429a')}
[INFO]: {'ti': 1686559860, 'low': 18595.25, 'high': 18599.3, 'open': 18597.3, 'close': 18596.15, '_id': ObjectId('6486dcb0973f8cce5fa8429b')}
[INFO]: {'ti': 1686559860, 'low': 43883.65, 'high': 43912.75, 'open': 43902.6, 'close': 43891.3, '_id': ObjectId('6486dcb0973f8cce5fa8429c')}
[INFO]: {'ti': 1686559920, 'low': 18593.6, 'high': 18597.3, 'open': 18596.8, 'close': 18593.6, '_id': ObjectId('6486dcec973f8cce5fa8429d')}
[INFO]: {'ti': 1686559920, 'low': 43882.45, 'high': 43898.15, 'open': 43893.3, 'close': 43888.45, '_id': ObjectId('6486dcec973f8cce5fa8429e')}
[INFO]: {'ti': 1686559980, 'low': 18591.75, 'high': 18596.0, 'open': 18593.45, 'close': 18592.25, '_id': ObjectId('6486dd28973f8cce5fa8429f')}
[INFO]: {'ti': 1686559980, 'low': 43874.05, 'high': 43899.35, 'open': 43889.25, 'close': 43879.7, '_id': ObjectId('6486dd28973f8cce5fa842a0')}
[INFO]: {'ti': 1686560040, 'low': 18591.4, 'high': 18598.85, 'open': 18592.6, 'close': 18596.8, '_id': ObjectId('6486dd64973f8cce5fa842a1')}
[INFO]: {'ti': 1686560040, 'low': 43875.3, 'high': 43895.15, 'open': 43878.4, 'close': 43889.5, '_id': ObjectId('6486dd64973f8cce5fa842a2')}
[INFO]: {'ti': 1686560100, 'low': 43883.95, 'high': 43901.95, 'open': 43890.6, 'close': 43898.7, '_id': ObjectId('6486dda0973f8cce5fa842a3')}
[INFO]: {'ti': 1686560100, 'low': 18595.25, 'high': 18600.05, 'open': 18597.3, 'close': 18599.05, '_id': ObjectId('6486dda0973f8cce5fa842a4')}
[INFO]: {'ti': 1686560160, 'low': 18596.6, 'high': 18599.35, 'open': 18598.8, 'close': 18597.1, '_id': ObjectId('6486dddc973f8cce5fa842a5')}
[INFO]: {'ti': 1686560160, 'low': 43888.6, 'high': 43901.25, 'open': 43898.65, 'close': 43890.25, '_id': ObjectId('6486dddd973f8cce5fa842a6')}
[INFO]: {'ti': 1686560220, 'low': 18596.0, 'high': 18601.6, 'open': 18597.05, 'close': 18599.45, '_id': ObjectId('6486de18973f8cce5fa842a7')}
[INFO]: {'ti': 1686560220, 'low': 43886.7, 'high': 43913.35, 'open': 43889.1, 'close': 43906.2, '_id': ObjectId('6486de18973f8cce5fa842a8')}
[INFO]: {'ti': 1686560280, 'low': 18597.95, 'high': 18602.05, 'open': 18598.45, 'close': 18599.95, '_id': ObjectId('6486de54973f8cce5fa842a9')}
[INFO]: {'ti': 1686560280, 'low': 43897.0, 'high': 43915.75, 'open': 43902.45, 'close': 43904.65, '_id': ObjectId('6486de54973f8cce5fa842aa')}
[INFO]: {'ti': 1686560340, 'low': 43894.55, 'high': 43912.45, 'open': 43899.2, 'close': 43905.85, '_id': ObjectId('6486de90973f8cce5fa842ab')}
[INFO]: {'ti': 1686560340, 'low': 18596.25, 'high': 18601.0, 'open': 18598.95, 'close': 18599.35, '_id': ObjectId('6486de90973f8cce5fa842ac')}
[INFO]: {'ti': 1686560400, 'low': 18597.5, 'high': 18602.4, 'open': 18599.35, 'close': 18600.95, '_id': ObjectId('6486decc973f8cce5fa842ad')}
[INFO]: {'ti': 1686560400, 'low': 43897.4, 'high': 43916.6, 'open': 43905.6, 'close': 43906.85, '_id': ObjectId('6486decc973f8cce5fa842ae')}
[INFO]: {'ti': 1686560460, 'low': 43900.75, 'high': 43911.1, 'open': 43906.7, 'close': 43907.45, '_id': ObjectId('6486df08973f8cce5fa842af')}
[INFO]: {'ti': 1686560460, 'low': 18599.35, 'high': 18603.7, 'open': 18600.8, 'close': 18599.75, '_id': ObjectId('6486df08973f8cce5fa842b0')}
[INFO]: {'ti': 1686560520, 'low': 18596.95, 'high': 18599.9, 'open': 18598.85, 'close': 18597.75, '_id': ObjectId('6486df44973f8cce5fa842b1')}
[INFO]: {'ti': 1686560520, 'low': 43893.85, 'high': 43906.95, 'open': 43902.7, 'close': 43893.85, '_id': ObjectId('6486df44973f8cce5fa842b2')}
[INFO]: {'ti': 1686560580, 'low': 18595.5, 'high': 18599.45, 'open': 18597.25, 'close': 18596.7, '_id': ObjectId('6486df80973f8cce5fa842b3')}
[INFO]: {'ti': 1686560580, 'low': 43891.55, 'high': 43901.9, 'open': 43891.55, 'close': 43896.65, '_id': ObjectId('6486df80973f8cce5fa842b4')}
[INFO]: {'ti': 1686560640, 'low': 18595.5, 'high': 18601.55, 'open': 18596.4, 'close': 18600.6, '_id': ObjectId('6486dfbc973f8cce5fa842b5')}
[INFO]: {'ti': 1686560640, 'low': 43891.45, 'high': 43904.15, 'open': 43895.8, 'close': 43903.05, '_id': ObjectId('6486dfbc973f8cce5fa842b6')}
[INFO]: {'ti': 1686560700, 'low': 43900.05, 'high': 43922.65, 'open': 43906.55, 'close': 43919.0, '_id': ObjectId('6486dff8973f8cce5fa842b7')}
[INFO]: {'ti': 1686560700, 'low': 18599.7, 'high': 18605.15, 'open': 18601.25, 'close': 18603.45, '_id': ObjectId('6486dff8973f8cce5fa842b8')}
[INFO]: {'ti': 1686560760, 'low': 18602.8, 'high': 18605.95, 'open': 18602.85, 'close': 18604.75, '_id': ObjectId('6486e034973f8cce5fa842b9')}
[INFO]: {'ti': 1686560760, 'low': 43915.6, 'high': 43924.9, 'open': 43915.95, 'close': 43922.85, '_id': ObjectId('6486e034973f8cce5fa842ba')}
[INFO]: {'ti': 1686560820, 'low': 43914.8, 'high': 43928.5, 'open': 43924.65, 'close': 43924.65, '_id': ObjectId('6486e070973f8cce5fa842bb')}
[INFO]: {'ti': 1686560820, 'low': 18603.7, 'high': 18606.85, 'open': 18604.85, 'close': 18605.75, '_id': ObjectId('6486e070973f8cce5fa842bc')}
[INFO]: {'ti': 1686560880, 'low': 18604.25, 'high': 18607.85, 'open': 18605.75, 'close': 18606.4, '_id': ObjectId('6486e0ac973f8cce5fa842bd')}
[INFO]: {'ti': 1686560880, 'low': 43914.45, 'high': 43927.95, 'open': 43924.65, 'close': 43922.25, '_id': ObjectId('6486e0ac973f8cce5fa842be')}
[INFO]: {'ti': 1686560940, 'low': 18605.7, 'high': 18607.8, 'open': 18606.8, 'close': 18605.7, '_id': ObjectId('6486e0e8973f8cce5fa842bf')}
[INFO]: {'ti': 1686560940, 'low': 43914.15, 'high': 43922.6, 'open': 43920.6, 'close': 43914.15, '_id': ObjectId('6486e0e8973f8cce5fa842c0')}
[INFO]: {'ti': 1686561000, 'low': 18604.05, 'high': 18606.75, 'open': 18605.6, 'close': 18604.7, '_id': ObjectId('6486e124973f8cce5fa842c1')}
[INFO]: {'ti': 1686561000, 'low': 43913.3, 'high': 43920.75, 'open': 43915.1, 'close': 43914.55, '_id': ObjectId('6486e124973f8cce5fa842c2')}
[INFO]: {'ti': 1686561060, 'low': 43914.75, 'high': 43921.95, 'open': 43919.35, 'close': 43919.0, '_id': ObjectId('6486e160973f8cce5fa842c3')}
[INFO]: {'ti': 1686561060, 'low': 18604.45, 'high': 18607.95, 'open': 18605.4, 'close': 18607.1, '_id': ObjectId('6486e160973f8cce5fa842c4')}
[INFO]: {'ti': 1686561120, 'low': 18606.5, 'high': 18608.95, 'open': 18607.75, 'close': 18607.2, '_id': ObjectId('6486e19c973f8cce5fa842c5')}
[INFO]: {'ti': 1686561120, 'low': 43910.05, 'high': 43920.65, 'open': 43920.65, 'close': 43910.75, '_id': ObjectId('6486e19c973f8cce5fa842c6')}
[INFO]: {'ti': 1686561180, 'low': 43904.25, 'high': 43916.75, 'open': 43910.05, 'close': 43907.45, '_id': ObjectId('6486e1d8973f8cce5fa842c7')}
[INFO]: {'ti': 1686561180, 'low': 18605.05, 'high': 18609.2, 'open': 18607.55, 'close': 18606.3, '_id': ObjectId('6486e1d8973f8cce5fa842c8')}
[INFO]: {'ti': 1686561240, 'low': 18604.75, 'high': 18607.6, 'open': 18606.3, 'close': 18606.15, '_id': ObjectId('6486e214973f8cce5fa842c9')}
[INFO]: {'ti': 1686561240, 'low': 43906.05, 'high': 43917.4, 'open': 43909.95, 'close': 43907.9, '_id': ObjectId('6486e214973f8cce5fa842ca')}
[INFO]: {'ti': 1686561360, 'low': 18607.75, 'high': 18612.1, 'open': 18607.75, 'close': 18610.65, '_id': ObjectId('6486e28c973f8cce5fa842cb')}
[INFO]: {'ti': 1686561360, 'low': 43917.75, 'high': 43938.9, 'open': 43918.0, 'close': 43930.35, '_id': ObjectId('6486e28c973f8cce5fa842cc')}
[INFO]: {'ti': 1686561420, 'low': 18606.4, 'high': 18613.95, 'open': 18610.6, 'close': 18606.4, '_id': ObjectId('6486e2c8973f8cce5fa842cd')}
[INFO]: {'ti': 1686561420, 'low': 43919.0, 'high': 43941.9, 'open': 43930.2, 'close': 43922.05, '_id': ObjectId('6486e2c8973f8cce5fa842ce')}
[INFO]: {'ti': 1686561480, 'low': 18604.7, 'high': 18607.2, 'open': 18606.2, 'close': 18606.2, '_id': ObjectId('6486e304973f8cce5fa842cf')}
[INFO]: {'ti': 1686561480, 'low': 43916.4, 'high': 43929.55, 'open': 43922.25, 'close': 43926.1, '_id': ObjectId('6486e304973f8cce5fa842d0')}
[INFO]: {'ti': 1686561540, 'low': 18606.55, 'high': 18610.45, 'open': 18606.75, 'close': 18608.9, '_id': ObjectId('6486e340973f8cce5fa842d1')}
[INFO]: {'ti': 1686561540, 'low': 43926.25, 'high': 43937.65, 'open': 43926.95, 'close': 43931.25, '_id': ObjectId('6486e340973f8cce5fa842d2')}
[INFO]: {'ti': 1686561600, 'low': 18608.4, 'high': 18611.85, 'open': 18609.9, 'close': 18611.0, '_id': ObjectId('6486e37c973f8cce5fa842d3')}
[INFO]: {'ti': 1686561600, 'low': 43929.35, 'high': 43949.1, 'open': 43935.6, 'close': 43947.8, '_id': ObjectId('6486e37c973f8cce5fa842d4')}
[INFO]: {'ti': 1686561660, 'low': 18609.95, 'high': 18612.85, 'open': 18611.0, 'close': 18611.65, '_id': ObjectId('6486e3b8973f8cce5fa842d5')}
[INFO]: {'ti': 1686561660, 'low': 43938.85, 'high': 43949.55, 'open': 43949.3, 'close': 43943.65, '_id': ObjectId('6486e3b8973f8cce5fa842d6')}
[INFO]: {'ti': 1686561720, 'low': 43934.3, 'high': 43949.15, 'open': 43943.45, 'close': 43937.8, '_id': ObjectId('6486e3f4973f8cce5fa842d7')}
[INFO]: {'ti': 1686561720, 'low': 18610.7, 'high': 18613.1, 'open': 18611.5, 'close': 18611.1, '_id': ObjectId('6486e3f4973f8cce5fa842d8')}
[INFO]: {'ti': 1686561780, 'low': 18609.05, 'high': 18613.05, 'open': 18610.45, 'close': 18609.65, '_id': ObjectId('6486e430973f8cce5fa842d9')}
[INFO]: {'ti': 1686561780, 'low': 43924.95, 'high': 43943.5, 'open': 43934.65, 'close': 43932.95, '_id': ObjectId('6486e430973f8cce5fa842da')}
[INFO]: {'ti': 1686561840, 'low': 43928.4, 'high': 43937.8, 'open': 43931.2, 'close': 43934.75, '_id': ObjectId('6486e46c973f8cce5fa842db')}
[INFO]: {'ti': 1686561840, 'low': 18608.45, 'high': 18610.3, 'open': 18609.2, 'close': 18608.55, '_id': ObjectId('6486e46c973f8cce5fa842dc')}
[INFO]: {'ti': 1686561900, 'low': 18607.75, 'high': 18612.25, 'open': 18608.85, 'close': 18611.75, '_id': ObjectId('6486e4a8973f8cce5fa842dd')}
[INFO]: {'ti': 1686561900, 'low': 43931.45, 'high': 43947.45, 'open': 43934.7, 'close': 43943.4, '_id': ObjectId('6486e4a8973f8cce5fa842de')}
[INFO]: {'ti': 1686562020, 'low': 18612.6, 'high': 18616.3, 'open': 18615.25, 'close': 18613.25, '_id': ObjectId('6486e520973f8cce5fa842df')}
[INFO]: {'ti': 1686562020, 'low': 43947.7, 'high': 43963.2, 'open': 43956.7, 'close': 43947.7, '_id': ObjectId('6486e520973f8cce5fa842e0')}
[INFO]: {'ti': 1686562080, 'low': 43945.55, 'high': 43960.45, 'open': 43945.55, 'close': 43951.3, '_id': ObjectId('6486e55c973f8cce5fa842e1')}
[INFO]: {'ti': 1686562080, 'low': 18612.45, 'high': 18616.25, 'open': 18613.0, 'close': 18615.0, '_id': ObjectId('6486e55c973f8cce5fa842e2')}
[INFO]: {'ti': 1686562140, 'low': 43952.8, 'high': 43977.95, 'open': 43957.6, 'close': 43977.95, '_id': ObjectId('6486e598973f8cce5fa842e3')}
[INFO]: {'ti': 1686562140, 'low': 18615.0, 'high': 18621.15, 'open': 18616.15, 'close': 18621.15, '_id': ObjectId('6486e598973f8cce5fa842e4')}
[INFO]: {'ti': 1686562200, 'low': 43966.1, 'high': 43997.25, 'open': 43978.1, 'close': 43966.1, '_id': ObjectId('6486e5d4973f8cce5fa842e5')}
[INFO]: {'ti': 1686562200, 'low': 18612.3, 'high': 18623.75, 'open': 18620.7, 'close': 18612.5, '_id': ObjectId('6486e5d4973f8cce5fa842e6')}
[INFO]: {'ti': 1686562260, 'low': 18607.6, 'high': 18613.15, 'open': 18613.15, 'close': 18608.0, '_id': ObjectId('6486e610973f8cce5fa842e7')}
[INFO]: {'ti': 1686562260, 'low': 43960.45, 'high': 43977.65, 'open': 43968.0, 'close': 43971.7, '_id': ObjectId('6486e610973f8cce5fa842e8')}
[INFO]: {'ti': 1686562320, 'low': 18605.85, 'high': 18608.45, 'open': 18607.95, 'close': 18606.35, '_id': ObjectId('6486e64c973f8cce5fa842e9')}
[INFO]: {'ti': 1686562320, 'low': 43961.2, 'high': 43974.15, 'open': 43969.35, 'close': 43964.35, '_id': ObjectId('6486e64c973f8cce5fa842ea')}
[INFO]: {'ti': 1686562380, 'low': 18605.65, 'high': 18608.1, 'open': 18606.65, 'close': 18607.15, '_id': ObjectId('6486e688973f8cce5fa842eb')}
[INFO]: {'ti': 1686562380, 'low': 43961.1, 'high': 43975.55, 'open': 43963.4, 'close': 43963.9, '_id': ObjectId('6486e688973f8cce5fa842ec')}
[INFO]: {'ti': 1686562440, 'low': 43955.7, 'high': 43973.6, 'open': 43962.5, 'close': 43958.55, '_id': ObjectId('6486e6c4973f8cce5fa842ed')}
[INFO]: {'ti': 1686562440, 'low': 18604.8, 'high': 18608.75, 'open': 18606.65, 'close': 18605.3, '_id': ObjectId('6486e6c4973f8cce5fa842ee')}
[INFO]: {'ti': 1686562500, 'low': 18597.4, 'high': 18605.45, 'open': 18605.15, 'close': 18597.8, '_id': ObjectId('6486e700973f8cce5fa842ef')}
[INFO]: {'ti': 1686562500, 'low': 43933.5, 'high': 43958.3, 'open': 43956.7, 'close': 43937.0, '_id': ObjectId('6486e700973f8cce5fa842f0')}
[INFO]: {'ti': 1686562560, 'low': 43927.25, 'high': 43936.8, 'open': 43933.8, 'close': 43930.85, '_id': ObjectId('6486e73c973f8cce5fa842f1')}
[INFO]: {'ti': 1686562560, 'low': 18595.15, 'high': 18598.25, 'open': 18597.6, 'close': 18598.05, '_id': ObjectId('6486e73c973f8cce5fa842f2')}
[INFO]: {'ti': 1686562620, 'low': 18594.0, 'high': 18598.55, 'open': 18597.85, 'close': 18595.9, '_id': ObjectId('6486e778973f8cce5fa842f3')}
[INFO]: {'ti': 1686562620, 'low': 43924.7, 'high': 43932.9, 'open': 43931.2, 'close': 43932.0, '_id': ObjectId('6486e778973f8cce5fa842f4')}
[INFO]: {'ti': 1686562680, 'low': 18594.3, 'high': 18597.0, 'open': 18595.35, 'close': 18596.6, '_id': ObjectId('6486e7b4973f8cce5fa842f5')}
[INFO]: {'ti': 1686562680, 'low': 43928.8, 'high': 43937.2, 'open': 43930.8, 'close': 43936.4, '_id': ObjectId('6486e7b4973f8cce5fa842f6')}
[INFO]: {'ti': 1686562740, 'low': 18595.8, 'high': 18599.5, 'open': 18596.55, 'close': 18598.5, '_id': ObjectId('6486e7f0973f8cce5fa842f7')}
[INFO]: {'ti': 1686562740, 'low': 43932.15, 'high': 43945.3, 'open': 43936.05, 'close': 43941.75, '_id': ObjectId('6486e7f0973f8cce5fa842f8')}
[INFO]: {'ti': 1686562800, 'low': 43933.85, 'high': 43945.0, 'open': 43941.3, 'close': 43936.05, '_id': ObjectId('6486e82c973f8cce5fa842f9')}
[INFO]: {'ti': 1686562800, 'low': 18595.0, 'high': 18600.05, 'open': 18598.45, 'close': 18595.15, '_id': ObjectId('6486e82c973f8cce5fa842fa')}
[INFO]: {'ti': 1686562860, 'low': 18593.85, 'high': 18595.7, 'open': 18594.85, 'close': 18595.7, '_id': ObjectId('6486e868973f8cce5fa842fb')}
[INFO]: {'ti': 1686562860, 'low': 43932.85, 'high': 43939.35, 'open': 43936.55, 'close': 43934.55, '_id': ObjectId('6486e868973f8cce5fa842fc')}
[INFO]: {'ti': 1686562920, 'low': 18595.55, 'high': 18600.05, 'open': 18595.7, 'close': 18600.05, '_id': ObjectId('6486e8a4973f8cce5fa842fd')}
[INFO]: {'ti': 1686562920, 'low': 43937.05, 'high': 43962.9, 'open': 43939.85, 'close': 43962.9, '_id': ObjectId('6486e8a4973f8cce5fa842fe')}
[INFO]: {'ti': 1686562980, 'low': 18599.5, 'high': 18602.85, 'open': 18600.15, 'close': 18601.35, '_id': ObjectId('6486e8e0973f8cce5fa842ff')}
[INFO]: {'ti': 1686562980, 'low': 43951.1, 'high': 43969.05, 'open': 43963.85, 'close': 43956.3, '_id': ObjectId('6486e8e0973f8cce5fa84300')}
[INFO]: {'ti': 1686563040, 'low': 18596.0, 'high': 18601.9, 'open': 18601.9, 'close': 18596.7, '_id': ObjectId('6486e91c973f8cce5fa84301')}
[INFO]: {'ti': 1686563040, 'low': 43937.3, 'high': 43960.75, 'open': 43956.5, 'close': 43937.3, '_id': ObjectId('6486e91c973f8cce5fa84302')}
[INFO]: {'ti': 1686563100, 'low': 18595.3, 'high': 18599.35, 'open': 18597.25, 'close': 18597.5, '_id': ObjectId('6486e958973f8cce5fa84303')}
[INFO]: {'ti': 1686563100, 'low': 43934.9, 'high': 43946.0, 'open': 43944.4, 'close': 43939.9, '_id': ObjectId('6486e958973f8cce5fa84304')}
[INFO]: {'ti': 1686563220, 'low': 18595.15, 'high': 18596.9, 'open': 18596.45, 'close': 18596.9, '_id': ObjectId('6486e9d0973f8cce5fa84305')}
[INFO]: {'ti': 1686563220, 'low': 43932.55, 'high': 43945.85, 'open': 43940.65, 'close': 43945.85, '_id': ObjectId('6486e9d0973f8cce5fa84306')}
[INFO]: {'ti': 1686563280, 'low': 18596.2, 'high': 18598.2, 'open': 18596.75, 'close': 18597.95, '_id': ObjectId('6486ea0c973f8cce5fa84307')}
[INFO]: {'ti': 1686563280, 'low': 43936.55, 'high': 43950.0, 'open': 43946.3, 'close': 43941.75, '_id': ObjectId('6486ea0c973f8cce5fa84308')}
[INFO]: {'ti': 1686563340, 'low': 18597.75, 'high': 18599.7, 'open': 18597.75, 'close': 18599.65, '_id': ObjectId('6486ea48973f8cce5fa84309')}
[INFO]: {'ti': 1686563340, 'low': 43936.25, 'high': 43947.95, 'open': 43941.35, 'close': 43944.5, '_id': ObjectId('6486ea48973f8cce5fa8430a')}
[INFO]: {'ti': 1686563400, 'low': 18593.8, 'high': 18599.75, 'open': 18599.4, 'close': 18596.5, '_id': ObjectId('6486ea84973f8cce5fa8430b')}
[INFO]: {'ti': 1686563400, 'low': 43929.05, 'high': 43943.5, 'open': 43942.1, 'close': 43937.5, '_id': ObjectId('6486ea84973f8cce5fa8430c')}
[INFO]: {'ti': 1686563460, 'low': 43929.0, 'high': 43939.85, 'open': 43935.15, 'close': 43935.95, '_id': ObjectId('6486eac0973f8cce5fa8430d')}
[INFO]: {'ti': 1686563460, 'low': 18594.85, 'high': 18597.85, 'open': 18595.95, 'close': 18597.65, '_id': ObjectId('6486eac0973f8cce5fa8430e')}
[INFO]: {'ti': 1686563520, 'low': 18596.9, 'high': 18600.3, 'open': 18597.85, 'close': 18600.1, '_id': ObjectId('6486eafc973f8cce5fa8430f')}
[INFO]: {'ti': 1686563520, 'low': 43934.2, 'high': 43942.35, 'open': 43937.85, 'close': 43941.9, '_id': ObjectId('6486eafc973f8cce5fa84310')}
[INFO]: {'ti': 1686563580, 'low': 43938.65, 'high': 43947.55, 'open': 43938.8, 'close': 43941.65, '_id': ObjectId('6486eb38973f8cce5fa84311')}
[INFO]: {'ti': 1686563580, 'low': 18599.6, 'high': 18603.75, 'open': 18599.6, 'close': 18602.9, '_id': ObjectId('6486eb38973f8cce5fa84312')}
[INFO]: {'ti': 1686563640, 'low': 18602.95, 'high': 18607.4, 'open': 18602.95, 'close': 18605.85, '_id': ObjectId('6486eb74973f8cce5fa84313')}
[INFO]: {'ti': 1686563640, 'low': 43934.8, 'high': 43951.5, 'open': 43941.05, 'close': 43940.5, '_id': ObjectId('6486eb74973f8cce5fa84314')}
[INFO]: {'ti': 1686563700, 'low': 18604.65, 'high': 18607.5, 'open': 18606.55, 'close': 18606.45, '_id': ObjectId('6486ebb0973f8cce5fa84315')}
[INFO]: {'ti': 1686563700, 'low': 43938.7, 'high': 43950.75, 'open': 43940.45, 'close': 43948.1, '_id': ObjectId('6486ebb0973f8cce5fa84316')}
[INFO]: {'ti': 1686563760, 'low': 18605.1, 'high': 18608.2, 'open': 18606.3, 'close': 18607.8, '_id': ObjectId('6486ebec973f8cce5fa84317')}
[INFO]: {'ti': 1686563760, 'low': 43940.85, 'high': 43951.0, 'open': 43947.65, 'close': 43947.95, '_id': ObjectId('6486ebec973f8cce5fa84318')}
[INFO]: {'ti': 1686563820, 'low': 43940.95, 'high': 43950.0, 'open': 43946.95, 'close': 43943.1, '_id': ObjectId('6486ec28973f8cce5fa84319')}
[INFO]: {'ti': 1686563820, 'low': 18604.3, 'high': 18607.95, 'open': 18607.3, 'close': 18605.25, '_id': ObjectId('6486ec28973f8cce5fa8431a')}
[INFO]: {'ti': 1686563880, 'low': 18604.2, 'high': 18608.65, 'open': 18606.05, 'close': 18606.95, '_id': ObjectId('6486ec64973f8cce5fa8431b')}
[INFO]: {'ti': 1686563880, 'low': 43938.2, 'high': 43950.15, 'open': 43944.35, 'close': 43946.1, '_id': ObjectId('6486ec64973f8cce5fa8431c')}
[INFO]: {'ti': 1686563940, 'low': 18606.1, 'high': 18615.55, 'open': 18606.5, 'close': 18614.9, '_id': ObjectId('6486eca0973f8cce5fa8431d')}
[INFO]: {'ti': 1686563940, 'low': 43942.6, 'high': 43960.65, 'open': 43944.1, 'close': 43956.45, '_id': ObjectId('6486eca0973f8cce5fa8431e')}
