[DEBUG]: Starting new HTTPS connection (1): api.icicidirect.com:443
[DEBUG]: https://api.icicidirect.com:443 "GET /breezeapi/api/v1/customerdetails HTTP/1.1" 200 56
[DEBUG]: Starting new HTTPS connection (1): api.icicidirect.com:443
[DEBUG]: https://api.icicidirect.com:443 "GET /breezeapi/api/v1/customerdetails HTTP/1.1" 200 56
[DEBUG]: Starting new HTTPS connection (1): api.icicidirect.com:443
[DEBUG]: https://api.icicidirect.com:443 "GET /breezeapi/api/v1/customerdetails HTTP/1.1" 200 56
[DEBUG]: Starting new HTTPS connection (1): api.icicidirect.com:443
[DEBUG]: https://api.icicidirect.com:443 "GET /breezeapi/api/v1/customerdetails HTTP/1.1" 200 56
[DEBUG]: Starting new HTTPS connection (1): api.icicidirect.com:443
[DEBUG]: https://api.icicidirect.com:443 "GET /breezeapi/api/v1/customerdetails HTTP/1.1" 200 56
[DEBUG]: Starting new HTTPS connection (1): api.icicidirect.com:443
[DEBUG]: https://api.icicidirect.com:443 "GET /breezeapi/api/v1/customerdetails HTTP/1.1" 200 56
[DEBUG]: Starting new HTTPS connection (1): api.icicidirect.com:443
[DEBUG]: https://api.icicidirect.com:443 "GET /breezeapi/api/v1/customerdetails HTTP/1.1" 200 56
[DEBUG]: Starting new HTTPS connection (1): api.icicidirect.com:443
[DEBUG]: https://api.icicidirect.com:443 "GET /breezeapi/api/v1/customerdetails HTTP/1.1" 200 56
[DEBUG]: Starting new HTTPS connection (1): api.icicidirect.com:443
[DEBUG]: https://api.icicidirect.com:443 "GET /breezeapi/api/v1/customerdetails HTTP/1.1" 200 56
[DEBUG]: Starting new HTTPS connection (1): api.icicidirect.com:443
[DEBUG]: https://api.icicidirect.com:443 "GET /breezeapi/api/v1/customerdetails HTTP/1.1" 200 56
[DEBUG]: Starting new HTTPS connection (1): api.icicidirect.com:443
[DEBUG]: https://api.icicidirect.com:443 "GET /breezeapi/api/v1/customerdetails HTTP/1.1" 200 56
[DEBUG]: Starting new HTTPS connection (1): api.icicidirect.com:443
[DEBUG]: https://api.icicidirect.com:443 "GET /breezeapi/api/v1/customerdetails HTTP/1.1" 200 56
[DEBUG]: Starting new HTTPS connection (1): api.icicidirect.com:443
[DEBUG]: https://api.icicidirect.com:443 "GET /breezeapi/api/v1/customerdetails HTTP/1.1" 200 56
[DEBUG]: Starting new HTTPS connection (1): api.icicidirect.com:443
[DEBUG]: https://api.icicidirect.com:443 "GET /breezeapi/api/v1/customerdetails HTTP/1.1" 200 56
[DEBUG]: Starting new HTTPS connection (1): api.icicidirect.com:443
[DEBUG]: https://api.icicidirect.com:443 "GET /breezeapi/api/v1/customerdetails HTTP/1.1" 200 56
[DEBUG]: Starting new HTTPS connection (1): api.icicidirect.com:443
[DEBUG]: https://api.icicidirect.com:443 "GET /breezeapi/api/v1/customerdetails HTTP/1.1" 200 56
[DEBUG]: Starting new HTTPS connection (1): api.icicidirect.com:443
[DEBUG]: https://api.icicidirect.com:443 "GET /breezeapi/api/v1/customerdetails HTTP/1.1" 200 56
[DEBUG]: Starting new HTTPS connection (1): api.icicidirect.com:443
[DEBUG]: https://api.icicidirect.com:443 "GET /breezeapi/api/v1/customerdetails HTTP/1.1" 200 56
[DEBUG]: Starting new HTTPS connection (1): api.icicidirect.com:443
[DEBUG]: https://api.icicidirect.com:443 "GET /breezeapi/api/v1/customerdetails HTTP/1.1" 200 56
[DEBUG]: Starting new HTTPS connection (1): api.icicidirect.com:443
[DEBUG]: https://api.icicidirect.com:443 "GET /breezeapi/api/v1/customerdetails HTTP/1.1" 200 56
[DEBUG]: Starting new HTTPS connection (1): api.icicidirect.com:443
[DEBUG]: https://api.icicidirect.com:443 "GET /breezeapi/api/v1/customerdetails HTTP/1.1" 200 56
[DEBUG]: Starting new HTTPS connection (1): api.icicidirect.com:443
[DEBUG]: https://api.icicidirect.com:443 "GET /breezeapi/api/v1/customerdetails HTTP/1.1" 200 56
[DEBUG]: Starting new HTTPS connection (1): api.icicidirect.com:443
[DEBUG]: https://api.icicidirect.com:443 "GET /breezeapi/api/v1/customerdetails HTTP/1.1" 200 56
[DEBUG]: Starting new HTTPS connection (1): api.icicidirect.com:443
[DEBUG]: https://api.icicidirect.com:443 "GET /breezeapi/api/v1/customerdetails HTTP/1.1" 200 56
[DEBUG]: Starting new HTTPS connection (1): api.icicidirect.com:443
[DEBUG]: https://api.icicidirect.com:443 "GET /breezeapi/api/v1/customerdetails HTTP/1.1" 200 56
[DEBUG]: Starting new HTTPS connection (1): api.icicidirect.com:443
[DEBUG]: https://api.icicidirect.com:443 "GET /breezeapi/api/v1/customerdetails HTTP/1.1" 200 56
[DEBUG]: Starting new HTTPS connection (1): api.icicidirect.com:443
[DEBUG]: https://api.icicidirect.com:443 "GET /breezeapi/api/v1/customerdetails HTTP/1.1" 200 56
[DEBUG]: Starting new HTTPS connection (1): api.icicidirect.com:443
[DEBUG]: https://api.icicidirect.com:443 "GET /breezeapi/api/v1/customerdetails HTTP/1.1" 200 56
[DEBUG]: Starting new HTTPS connection (1): api.icicidirect.com:443
[DEBUG]: https://api.icicidirect.com:443 "GET /breezeapi/api/v1/customerdetails HTTP/1.1" 200 56
[DEBUG]: Starting new HTTPS connection (1): api.icicidirect.com:443
[DEBUG]: https://api.icicidirect.com:443 "GET /breezeapi/api/v1/customerdetails HTTP/1.1" 200 56
[DEBUG]: Starting new HTTPS connection (1): api.icicidirect.com:443
[DEBUG]: https://api.icicidirect.com:443 "GET /breezeapi/api/v1/customerdetails HTTP/1.1" 200 56
[DEBUG]: Starting new HTTPS connection (1): api.icicidirect.com:443
[DEBUG]: https://api.icicidirect.com:443 "GET /breezeapi/api/v1/customerdetails HTTP/1.1" 200 56
[DEBUG]: Starting new HTTPS connection (1): api.icicidirect.com:443
[DEBUG]: https://api.icicidirect.com:443 "GET /breezeapi/api/v1/customerdetails HTTP/1.1" 200 56
[DEBUG]: Starting new HTTPS connection (1): api.icicidirect.com:443
[DEBUG]: https://api.icicidirect.com:443 "GET /breezeapi/api/v1/customerdetails HTTP/1.1" 200 56
[DEBUG]: Starting new HTTPS connection (1): api.icicidirect.com:443
[DEBUG]: https://api.icicidirect.com:443 "GET /breezeapi/api/v1/customerdetails HTTP/1.1" 200 56
[DEBUG]: Starting new HTTPS connection (1): api.icicidirect.com:443
[DEBUG]: https://api.icicidirect.com:443 "GET /breezeapi/api/v1/customerdetails HTTP/1.1" 200 56
[DEBUG]: Starting new HTTPS connection (1): api.icicidirect.com:443
[DEBUG]: https://api.icicidirect.com:443 "GET /breezeapi/api/v1/customerdetails HTTP/1.1" 200 56
[DEBUG]: Starting new HTTPS connection (1): api.icicidirect.com:443
[DEBUG]: https://api.icicidirect.com:443 "GET /breezeapi/api/v1/customerdetails HTTP/1.1" 200 56
[DEBUG]: Starting new HTTPS connection (1): api.icicidirect.com:443
[DEBUG]: https://api.icicidirect.com:443 "GET /breezeapi/api/v1/customerdetails HTTP/1.1" 200 56
[DEBUG]: Starting new HTTPS connection (1): api.icicidirect.com:443
[DEBUG]: https://api.icicidirect.com:443 "GET /breezeapi/api/v1/customerdetails HTTP/1.1" 200 56
[DEBUG]: Starting new HTTPS connection (1): api.icicidirect.com:443
[DEBUG]: https://api.icicidirect.com:443 "GET /breezeapi/api/v1/customerdetails HTTP/1.1" 200 56
[DEBUG]: Starting new HTTPS connection (1): api.icicidirect.com:443
[DEBUG]: https://api.icicidirect.com:443 "GET /breezeapi/api/v1/customerdetails HTTP/1.1" 200 56
[DEBUG]: Starting new HTTPS connection (1): api.icicidirect.com:443
[DEBUG]: https://api.icicidirect.com:443 "GET /breezeapi/api/v1/customerdetails HTTP/1.1" 200 56
[DEBUG]: Starting new HTTPS connection (1): api.icicidirect.com:443
[DEBUG]: https://api.icicidirect.com:443 "GET /breezeapi/api/v1/customerdetails HTTP/1.1" 200 56
[DEBUG]: Starting new HTTPS connection (1): api.icicidirect.com:443
[DEBUG]: https://api.icicidirect.com:443 "GET /breezeapi/api/v1/customerdetails HTTP/1.1" 200 56
[DEBUG]: Starting new HTTPS connection (1): api.icicidirect.com:443
[DEBUG]: https://api.icicidirect.com:443 "GET /breezeapi/api/v1/customerdetails HTTP/1.1" 200 56
[DEBUG]: Starting new HTTPS connection (1): api.icicidirect.com:443
[DEBUG]: https://api.icicidirect.com:443 "GET /breezeapi/api/v1/customerdetails HTTP/1.1" 200 56
[DEBUG]: Starting new HTTPS connection (1): api.icicidirect.com:443
[DEBUG]: https://api.icicidirect.com:443 "GET /breezeapi/api/v1/customerdetails HTTP/1.1" 200 56
[DEBUG]: Starting new HTTPS connection (1): api.icicidirect.com:443
[DEBUG]: https://api.icicidirect.com:443 "GET /breezeapi/api/v1/customerdetails HTTP/1.1" 200 56
[DEBUG]: Starting new HTTPS connection (1): api.icicidirect.com:443
[DEBUG]: https://api.icicidirect.com:443 "GET /breezeapi/api/v1/customerdetails HTTP/1.1" 200 56
[DEBUG]: Starting new HTTPS connection (1): api.icicidirect.com:443
[DEBUG]: https://api.icicidirect.com:443 "GET /breezeapi/api/v1/customerdetails HTTP/1.1" 200 56
[DEBUG]: Starting new HTTPS connection (1): api.icicidirect.com:443
[DEBUG]: https://api.icicidirect.com:443 "GET /breezeapi/api/v1/customerdetails HTTP/1.1" 200 56
[DEBUG]: Starting new HTTPS connection (1): api.icicidirect.com:443
[DEBUG]: https://api.icicidirect.com:443 "GET /breezeapi/api/v1/customerdetails HTTP/1.1" 200 56
[DEBUG]: Starting new HTTPS connection (1): api.icicidirect.com:443
[DEBUG]: https://api.icicidirect.com:443 "GET /breezeapi/api/v1/customerdetails HTTP/1.1" 200 56
[DEBUG]: Starting new HTTPS connection (1): api.icicidirect.com:443
[DEBUG]: https://api.icicidirect.com:443 "GET /breezeapi/api/v1/customerdetails HTTP/1.1" 200 56
[DEBUG]: Starting new HTTPS connection (1): api.icicidirect.com:443
[DEBUG]: https://api.icicidirect.com:443 "GET /breezeapi/api/v1/customerdetails HTTP/1.1" 200 56
[DEBUG]: Starting new HTTPS connection (1): api.icicidirect.com:443
[DEBUG]: https://api.icicidirect.com:443 "GET /breezeapi/api/v1/customerdetails HTTP/1.1" 200 56
[DEBUG]: Starting new HTTPS connection (1): api.icicidirect.com:443
[DEBUG]: https://api.icicidirect.com:443 "GET /breezeapi/api/v1/customerdetails HTTP/1.1" 200 56
[DEBUG]: Starting new HTTPS connection (1): api.icicidirect.com:443
[DEBUG]: https://api.icicidirect.com:443 "GET /breezeapi/api/v1/customerdetails HTTP/1.1" 200 56
[DEBUG]: Starting new HTTPS connection (1): api.icicidirect.com:443
[DEBUG]: https://api.icicidirect.com:443 "GET /breezeapi/api/v1/customerdetails HTTP/1.1" 200 56
[DEBUG]: Starting new HTTPS connection (1): api.icicidirect.com:443
[DEBUG]: https://api.icicidirect.com:443 "GET /breezeapi/api/v1/customerdetails HTTP/1.1" 200 56
[DEBUG]: Starting new HTTPS connection (1): api.icicidirect.com:443
[DEBUG]: https://api.icicidirect.com:443 "GET /breezeapi/api/v1/customerdetails HTTP/1.1" 200 56
[DEBUG]: Starting new HTTPS connection (1): api.icicidirect.com:443
[DEBUG]: https://api.icicidirect.com:443 "GET /breezeapi/api/v1/customerdetails HTTP/1.1" 200 56
[DEBUG]: Starting new HTTPS connection (1): api.icicidirect.com:443
[DEBUG]: https://api.icicidirect.com:443 "GET /breezeapi/api/v1/customerdetails HTTP/1.1" 200 56
[DEBUG]: Starting new HTTPS connection (1): api.icicidirect.com:443
[DEBUG]: https://api.icicidirect.com:443 "GET /breezeapi/api/v1/customerdetails HTTP/1.1" 200 56
[DEBUG]: Starting new HTTPS connection (1): api.icicidirect.com:443
[DEBUG]: https://api.icicidirect.com:443 "GET /breezeapi/api/v1/customerdetails HTTP/1.1" 200 56
[DEBUG]: Starting new HTTPS connection (1): api.icicidirect.com:443
[DEBUG]: https://api.icicidirect.com:443 "GET /breezeapi/api/v1/customerdetails HTTP/1.1" 200 56
[DEBUG]: Starting new HTTPS connection (1): api.icicidirect.com:443
[DEBUG]: https://api.icicidirect.com:443 "GET /breezeapi/api/v1/customerdetails HTTP/1.1" 200 56
[DEBUG]: Starting new HTTPS connection (1): api.icicidirect.com:443
[DEBUG]: https://api.icicidirect.com:443 "GET /breezeapi/api/v1/customerdetails HTTP/1.1" 200 56
[DEBUG]: Starting new HTTPS connection (1): api.icicidirect.com:443
[DEBUG]: https://api.icicidirect.com:443 "GET /breezeapi/api/v1/customerdetails HTTP/1.1" 200 56
[DEBUG]: Starting new HTTPS connection (1): api.icicidirect.com:443
[DEBUG]: https://api.icicidirect.com:443 "GET /breezeapi/api/v1/customerdetails HTTP/1.1" 200 56
[DEBUG]: Starting new HTTPS connection (1): api.icicidirect.com:443
[DEBUG]: https://api.icicidirect.com:443 "GET /breezeapi/api/v1/customerdetails HTTP/1.1" 200 56
[DEBUG]: Starting new HTTPS connection (1): api.icicidirect.com:443
[DEBUG]: https://api.icicidirect.com:443 "GET /breezeapi/api/v1/customerdetails HTTP/1.1" 200 56
[DEBUG]: Starting new HTTPS connection (1): api.icicidirect.com:443
[DEBUG]: https://api.icicidirect.com:443 "GET /breezeapi/api/v1/customerdetails HTTP/1.1" 200 56
[DEBUG]: Starting new HTTPS connection (1): api.icicidirect.com:443
[DEBUG]: https://api.icicidirect.com:443 "GET /breezeapi/api/v1/customerdetails HTTP/1.1" 200 56
[DEBUG]: Starting new HTTPS connection (1): api.icicidirect.com:443
[DEBUG]: https://api.icicidirect.com:443 "GET /breezeapi/api/v1/customerdetails HTTP/1.1" 200 56
[DEBUG]: Starting new HTTPS connection (1): api.icicidirect.com:443
[DEBUG]: https://api.icicidirect.com:443 "GET /breezeapi/api/v1/customerdetails HTTP/1.1" 200 56
[DEBUG]: Starting new HTTPS connection (1): api.icicidirect.com:443
[DEBUG]: https://api.icicidirect.com:443 "GET /breezeapi/api/v1/customerdetails HTTP/1.1" 200 56
[DEBUG]: Starting new HTTPS connection (1): api.icicidirect.com:443
[DEBUG]: https://api.icicidirect.com:443 "GET /breezeapi/api/v1/customerdetails HTTP/1.1" 200 56
[DEBUG]: Starting new HTTPS connection (1): api.icicidirect.com:443
[DEBUG]: https://api.icicidirect.com:443 "GET /breezeapi/api/v1/customerdetails HTTP/1.1" 200 56
[DEBUG]: Starting new HTTPS connection (1): api.icicidirect.com:443
[DEBUG]: https://api.icicidirect.com:443 "GET /breezeapi/api/v1/customerdetails HTTP/1.1" 200 56
[DEBUG]: Starting new HTTPS connection (1): api.icicidirect.com:443
[DEBUG]: https://api.icicidirect.com:443 "GET /breezeapi/api/v1/customerdetails HTTP/1.1" 200 56
[DEBUG]: Starting new HTTPS connection (1): api.icicidirect.com:443
[DEBUG]: https://api.icicidirect.com:443 "GET /breezeapi/api/v1/customerdetails HTTP/1.1" 200 56
[DEBUG]: Starting new HTTPS connection (1): api.icicidirect.com:443
[DEBUG]: https://api.icicidirect.com:443 "GET /breezeapi/api/v1/customerdetails HTTP/1.1" 200 56
[DEBUG]: Starting new HTTPS connection (1): api.icicidirect.com:443
[DEBUG]: https://api.icicidirect.com:443 "GET /breezeapi/api/v1/customerdetails HTTP/1.1" 200 56
[DEBUG]: Starting new HTTPS connection (1): api.icicidirect.com:443
[DEBUG]: https://api.icicidirect.com:443 "GET /breezeapi/api/v1/customerdetails HTTP/1.1" 200 56
[DEBUG]: Starting new HTTPS connection (1): api.icicidirect.com:443
[DEBUG]: https://api.icicidirect.com:443 "GET /breezeapi/api/v1/customerdetails HTTP/1.1" 200 56
[DEBUG]: Starting new HTTPS connection (1): api.icicidirect.com:443
[DEBUG]: https://api.icicidirect.com:443 "GET /breezeapi/api/v1/customerdetails HTTP/1.1" 200 56
[DEBUG]: Starting new HTTPS connection (1): api.icicidirect.com:443
[DEBUG]: https://api.icicidirect.com:443 "GET /breezeapi/api/v1/customerdetails HTTP/1.1" 200 56
[DEBUG]: Starting new HTTPS connection (1): api.icicidirect.com:443
[DEBUG]: https://api.icicidirect.com:443 "GET /breezeapi/api/v1/customerdetails HTTP/1.1" 200 56
[DEBUG]: Starting new HTTPS connection (1): api.icicidirect.com:443
[DEBUG]: https://api.icicidirect.com:443 "GET /breezeapi/api/v1/customerdetails HTTP/1.1" 200 56
[DEBUG]: Starting new HTTPS connection (1): api.icicidirect.com:443
[DEBUG]: https://api.icicidirect.com:443 "GET /breezeapi/api/v1/customerdetails HTTP/1.1" 200 56
[DEBUG]: Starting new HTTPS connection (1): api.icicidirect.com:443
[DEBUG]: https://api.icicidirect.com:443 "GET /breezeapi/api/v1/customerdetails HTTP/1.1" 200 56
[DEBUG]: Starting new HTTPS connection (1): api.icicidirect.com:443
[DEBUG]: https://api.icicidirect.com:443 "GET /breezeapi/api/v1/customerdetails HTTP/1.1" 200 56
[DEBUG]: Starting new HTTPS connection (1): api.icicidirect.com:443
[DEBUG]: https://api.icicidirect.com:443 "GET /breezeapi/api/v1/customerdetails HTTP/1.1" 200 56
[DEBUG]: Starting new HTTPS connection (1): api.icicidirect.com:443
[DEBUG]: https://api.icicidirect.com:443 "GET /breezeapi/api/v1/customerdetails HTTP/1.1" 200 56
[DEBUG]: Starting new HTTPS connection (1): api.icicidirect.com:443
[DEBUG]: https://api.icicidirect.com:443 "GET /breezeapi/api/v1/customerdetails HTTP/1.1" 200 56
[DEBUG]: Starting new HTTPS connection (1): api.icicidirect.com:443
[DEBUG]: https://api.icicidirect.com:443 "GET /breezeapi/api/v1/customerdetails HTTP/1.1" 200 56
[DEBUG]: Starting new HTTPS connection (1): api.icicidirect.com:443
[DEBUG]: https://api.icicidirect.com:443 "GET /breezeapi/api/v1/customerdetails HTTP/1.1" 200 56
[DEBUG]: Starting new HTTPS connection (1): api.icicidirect.com:443
[DEBUG]: https://api.icicidirect.com:443 "GET /breezeapi/api/v1/customerdetails HTTP/1.1" 200 56
[DEBUG]: Starting new HTTPS connection (1): api.icicidirect.com:443
[DEBUG]: https://api.icicidirect.com:443 "GET /breezeapi/api/v1/customerdetails HTTP/1.1" 200 56
[DEBUG]: Starting new HTTPS connection (1): api.icicidirect.com:443
[DEBUG]: https://api.icicidirect.com:443 "GET /breezeapi/api/v1/customerdetails HTTP/1.1" 200 56
[DEBUG]: Starting new HTTPS connection (1): api.icicidirect.com:443
[DEBUG]: https://api.icicidirect.com:443 "GET /breezeapi/api/v1/customerdetails HTTP/1.1" 200 56
[DEBUG]: Starting new HTTPS connection (1): api.icicidirect.com:443
[DEBUG]: https://api.icicidirect.com:443 "GET /breezeapi/api/v1/customerdetails HTTP/1.1" 200 56
[DEBUG]: Starting new HTTPS connection (1): api.icicidirect.com:443
[DEBUG]: https://api.icicidirect.com:443 "GET /breezeapi/api/v1/customerdetails HTTP/1.1" 200 56
[DEBUG]: Starting new HTTPS connection (1): api.icicidirect.com:443
[DEBUG]: https://api.icicidirect.com:443 "GET /breezeapi/api/v1/customerdetails HTTP/1.1" 200 56
[DEBUG]: Starting new HTTPS connection (1): api.icicidirect.com:443
[DEBUG]: https://api.icicidirect.com:443 "GET /breezeapi/api/v1/customerdetails HTTP/1.1" 200 56
[DEBUG]: Starting new HTTPS connection (1): api.icicidirect.com:443
[DEBUG]: https://api.icicidirect.com:443 "GET /breezeapi/api/v1/customerdetails HTTP/1.1" 200 56
[DEBUG]: Starting new HTTPS connection (1): api.icicidirect.com:443
[DEBUG]: https://api.icicidirect.com:443 "GET /breezeapi/api/v1/customerdetails HTTP/1.1" 200 56
[DEBUG]: Starting new HTTPS connection (1): api.icicidirect.com:443
[DEBUG]: https://api.icicidirect.com:443 "GET /breezeapi/api/v1/customerdetails HTTP/1.1" 200 56
[DEBUG]: Starting new HTTPS connection (1): api.icicidirect.com:443
[DEBUG]: https://api.icicidirect.com:443 "GET /breezeapi/api/v1/customerdetails HTTP/1.1" 200 56
[DEBUG]: Starting new HTTPS connection (1): api.icicidirect.com:443
[DEBUG]: https://api.icicidirect.com:443 "GET /breezeapi/api/v1/customerdetails HTTP/1.1" 200 56
[DEBUG]: Starting new HTTPS connection (1): api.icicidirect.com:443
[DEBUG]: https://api.icicidirect.com:443 "GET /breezeapi/api/v1/customerdetails HTTP/1.1" 200 56
[DEBUG]: Starting new HTTPS connection (1): api.icicidirect.com:443
[DEBUG]: https://api.icicidirect.com:443 "GET /breezeapi/api/v1/customerdetails HTTP/1.1" 200 56
[DEBUG]: Starting new HTTPS connection (1): api.icicidirect.com:443
[DEBUG]: https://api.icicidirect.com:443 "GET /breezeapi/api/v1/customerdetails HTTP/1.1" 200 56
[DEBUG]: Starting new HTTPS connection (1): api.icicidirect.com:443
[DEBUG]: https://api.icicidirect.com:443 "GET /breezeapi/api/v1/customerdetails HTTP/1.1" 200 56
[DEBUG]: Starting new HTTPS connection (1): api.icicidirect.com:443
[DEBUG]: https://api.icicidirect.com:443 "GET /breezeapi/api/v1/customerdetails HTTP/1.1" 200 56
[DEBUG]: Starting new HTTPS connection (1): api.icicidirect.com:443
[DEBUG]: https://api.icicidirect.com:443 "GET /breezeapi/api/v1/customerdetails HTTP/1.1" 200 56
[DEBUG]: Starting new HTTPS connection (1): api.icicidirect.com:443
[DEBUG]: https://api.icicidirect.com:443 "GET /breezeapi/api/v1/customerdetails HTTP/1.1" 200 56
[DEBUG]: Starting new HTTPS connection (1): api.icicidirect.com:443
[DEBUG]: https://api.icicidirect.com:443 "GET /breezeapi/api/v1/customerdetails HTTP/1.1" 200 56
[DEBUG]: Starting new HTTPS connection (1): api.icicidirect.com:443
[DEBUG]: https://api.icicidirect.com:443 "GET /breezeapi/api/v1/customerdetails HTTP/1.1" 200 56
[DEBUG]: Starting new HTTPS connection (1): api.icicidirect.com:443
[DEBUG]: https://api.icicidirect.com:443 "GET /breezeapi/api/v1/customerdetails HTTP/1.1" 200 56
[DEBUG]: Starting new HTTPS connection (1): api.icicidirect.com:443
[DEBUG]: https://api.icicidirect.com:443 "GET /breezeapi/api/v1/customerdetails HTTP/1.1" 200 56
[DEBUG]: Starting new HTTPS connection (1): api.icicidirect.com:443
[DEBUG]: https://api.icicidirect.com:443 "GET /breezeapi/api/v1/customerdetails HTTP/1.1" 200 56
[DEBUG]: Starting new HTTPS connection (1): api.icicidirect.com:443
[DEBUG]: https://api.icicidirect.com:443 "GET /breezeapi/api/v1/customerdetails HTTP/1.1" 200 56
[DEBUG]: Starting new HTTPS connection (1): api.icicidirect.com:443
[DEBUG]: https://api.icicidirect.com:443 "GET /breezeapi/api/v1/customerdetails HTTP/1.1" 200 56
[DEBUG]: Starting new HTTPS connection (1): api.icicidirect.com:443
[DEBUG]: https://api.icicidirect.com:443 "GET /breezeapi/api/v1/customerdetails HTTP/1.1" 200 56
[DEBUG]: Starting new HTTPS connection (1): api.icicidirect.com:443
[DEBUG]: https://api.icicidirect.com:443 "GET /breezeapi/api/v1/customerdetails HTTP/1.1" 200 56
[DEBUG]: Starting new HTTPS connection (1): api.icicidirect.com:443
[DEBUG]: https://api.icicidirect.com:443 "GET /breezeapi/api/v1/customerdetails HTTP/1.1" 200 56
[DEBUG]: Starting new HTTPS connection (1): api.icicidirect.com:443
[DEBUG]: https://api.icicidirect.com:443 "GET /breezeapi/api/v1/customerdetails HTTP/1.1" 200 56
[DEBUG]: Starting new HTTPS connection (1): api.icicidirect.com:443
[DEBUG]: https://api.icicidirect.com:443 "GET /breezeapi/api/v1/customerdetails HTTP/1.1" 200 56
[DEBUG]: Starting new HTTPS connection (1): api.icicidirect.com:443
[DEBUG]: https://api.icicidirect.com:443 "GET /breezeapi/api/v1/customerdetails HTTP/1.1" 200 56
[DEBUG]: Starting new HTTPS connection (1): api.icicidirect.com:443
[DEBUG]: https://api.icicidirect.com:443 "GET /breezeapi/api/v1/customerdetails HTTP/1.1" 200 56
[DEBUG]: Starting new HTTPS connection (1): api.icicidirect.com:443
[DEBUG]: https://api.icicidirect.com:443 "GET /breezeapi/api/v1/customerdetails HTTP/1.1" 200 56
[DEBUG]: Starting new HTTPS connection (1): api.icicidirect.com:443
[DEBUG]: https://api.icicidirect.com:443 "GET /breezeapi/api/v1/customerdetails HTTP/1.1" 200 56
[DEBUG]: Starting new HTTPS connection (1): api.icicidirect.com:443
[DEBUG]: https://api.icicidirect.com:443 "GET /breezeapi/api/v1/customerdetails HTTP/1.1" 200 56
[DEBUG]: Starting new HTTPS connection (1): api.icicidirect.com:443
[DEBUG]: https://api.icicidirect.com:443 "GET /breezeapi/api/v1/customerdetails HTTP/1.1" 200 56
[DEBUG]: Starting new HTTPS connection (1): api.icicidirect.com:443
[DEBUG]: https://api.icicidirect.com:443 "GET /breezeapi/api/v1/customerdetails HTTP/1.1" 200 56
[DEBUG]: Starting new HTTPS connection (1): api.icicidirect.com:443
[DEBUG]: https://api.icicidirect.com:443 "GET /breezeapi/api/v1/customerdetails HTTP/1.1" 200 56
[DEBUG]: Starting new HTTPS connection (1): api.icicidirect.com:443
[DEBUG]: https://api.icicidirect.com:443 "GET /breezeapi/api/v1/customerdetails HTTP/1.1" 200 56
[DEBUG]: Starting new HTTPS connection (1): api.icicidirect.com:443
[DEBUG]: https://api.icicidirect.com:443 "GET /breezeapi/api/v1/customerdetails HTTP/1.1" 200 56
[DEBUG]: Starting new HTTPS connection (1): api.icicidirect.com:443
[DEBUG]: https://api.icicidirect.com:443 "GET /breezeapi/api/v1/customerdetails HTTP/1.1" 200 56
[DEBUG]: Starting new HTTPS connection (1): api.icicidirect.com:443
[DEBUG]: https://api.icicidirect.com:443 "GET /breezeapi/api/v1/customerdetails HTTP/1.1" 200 56
[DEBUG]: Starting new HTTPS connection (1): api.icicidirect.com:443
[DEBUG]: https://api.icicidirect.com:443 "GET /breezeapi/api/v1/customerdetails HTTP/1.1" 200 56
[DEBUG]: Starting new HTTPS connection (1): api.icicidirect.com:443
[DEBUG]: https://api.icicidirect.com:443 "GET /breezeapi/api/v1/customerdetails HTTP/1.1" 200 56
[DEBUG]: Starting new HTTPS connection (1): api.icicidirect.com:443
[DEBUG]: https://api.icicidirect.com:443 "GET /breezeapi/api/v1/customerdetails HTTP/1.1" 200 56
[DEBUG]: Starting new HTTPS connection (1): api.icicidirect.com:443
[DEBUG]: https://api.icicidirect.com:443 "GET /breezeapi/api/v1/customerdetails HTTP/1.1" 200 577
[DEBUG]: Starting new HTTPS connection (1): traderweb.icicidirect.com:443
[DEBUG]: https://traderweb.icicidirect.com:443 "GET /Content/File/txtFile/ScripFile/StockScriptNew.csv HTTP/1.1" 200 2275117
[INFO]: {'ti': 1685936700, 'low': 18612.65, 'high': 18628.05, 'open': 18614.4, 'close': 18626.65, '_id': ObjectId('647d5a792607a28a52a5018d')}
[INFO]: {'ti': 1685936700, 'low': 44108.0, 'high': 44178.95, 'open': 44146.15, 'close': 44167.0, '_id': ObjectId('647d5a792607a28a52a5018e')}
[INFO]: {'ti': 1685936760, 'low': 18625.55, 'high': 18635.05, 'open': 18629.0, 'close': 18628.9, '_id': ObjectId('647d5ab42607a28a52a5018f')}
[INFO]: {'ti': 1685936760, 'low': 44153.8, 'high': 44190.8, 'open': 44180.45, 'close': 44177.45, '_id': ObjectId('647d5ab42607a28a52a50190')}
[INFO]: {'ti': 1685936820, 'low': 18623.25, 'high': 18628.6, 'open': 18628.6, 'close': 18626.7, '_id': ObjectId('647d5af02607a28a52a50191')}
[INFO]: {'ti': 1685936820, 'low': 44162.45, 'high': 44184.25, 'open': 44168.2, 'close': 44184.25, '_id': ObjectId('647d5af02607a28a52a50192')}
[DEBUG]: Starting new HTTPS connection (1): api.icicidirect.com:443
[DEBUG]: https://api.icicidirect.com:443 "GET /breezeapi/api/v1/customerdetails HTTP/1.1" 200 577
[DEBUG]: Starting new HTTPS connection (1): traderweb.icicidirect.com:443
[DEBUG]: https://traderweb.icicidirect.com:443 "GET /Content/File/txtFile/ScripFile/StockScriptNew.csv HTTP/1.1" 200 2275117
[INFO]: {'ti': 1685936880, 'low': 18623.9, 'high': 18628.95, 'open': 18626.35, 'close': 18626.1, '_id': ObjectId('647d5b2cd7fb40d514b340ab')}
[INFO]: {'ti': 1685936880, 'low': 44172.0, 'high': 44193.4, 'open': 44182.4, 'close': 44183.6, '_id': ObjectId('647d5b2cd7fb40d514b340ac')}
[INFO]: {'ti': 1685936940, 'low': 18614.3, 'high': 18626.85, 'open': 18626.5, 'close': 18618.05, '_id': ObjectId('647d5b68d7fb40d514b340ad')}
[INFO]: {'ti': 1685936940, 'low': 44164.1, 'high': 44189.4, 'open': 44186.3, 'close': 44178.8, '_id': ObjectId('647d5b68d7fb40d514b340ae')}
[INFO]: {'ti': 1685937000, 'low': 44172.65, 'high': 44190.55, 'open': 44177.65, 'close': 44180.15, '_id': ObjectId('647d5ba4d7fb40d514b340af')}
[INFO]: {'ti': 1685937000, 'low': 18607.25, 'high': 18619.1, 'open': 18617.85, 'close': 18610.4, '_id': ObjectId('647d5ba4d7fb40d514b340b0')}
[INFO]: {'ti': 1685937060, 'low': 18604.7, 'high': 18613.1, 'open': 18609.9, 'close': 18611.5, '_id': ObjectId('647d5be0d7fb40d514b340b1')}
[INFO]: {'ti': 1685937060, 'low': 44167.45, 'high': 44182.9, 'open': 44178.8, 'close': 44176.95, '_id': ObjectId('647d5be0d7fb40d514b340b2')}
[INFO]: {'ti': 1685937120, 'low': 18600.5, 'high': 18612.2, 'open': 18612.2, 'close': 18602.95, '_id': ObjectId('647d5c1cd7fb40d514b340b3')}
[INFO]: {'ti': 1685937120, 'low': 44137.4, 'high': 44180.25, 'open': 44180.25, 'close': 44144.2, '_id': ObjectId('647d5c1cd7fb40d514b340b4')}
[INFO]: {'ti': 1685937180, 'low': 18602.35, 'high': 18609.2, 'open': 18602.4, 'close': 18609.2, '_id': ObjectId('647d5c58d7fb40d514b340b5')}
[INFO]: {'ti': 1685937180, 'low': 44133.65, 'high': 44162.15, 'open': 44138.6, 'close': 44161.6, '_id': ObjectId('647d5c58d7fb40d514b340b6')}
[INFO]: {'ti': 1685937240, 'low': 18609.65, 'high': 18616.6, 'open': 18609.7, 'close': 18616.6, '_id': ObjectId('647d5c94d7fb40d514b340b7')}
[INFO]: {'ti': 1685937240, 'low': 44165.75, 'high': 44198.85, 'open': 44165.9, 'close': 44198.85, '_id': ObjectId('647d5c94d7fb40d514b340b8')}
[INFO]: {'ti': 1685937300, 'low': 18614.1, 'high': 18617.7, 'open': 18616.55, 'close': 18615.3, '_id': ObjectId('647d5cd0d7fb40d514b340b9')}
[INFO]: {'ti': 1685937300, 'low': 44191.9, 'high': 44210.75, 'open': 44199.6, 'close': 44206.9, '_id': ObjectId('647d5cd0d7fb40d514b340ba')}
[INFO]: {'ti': 1685937360, 'low': 44191.0, 'high': 44217.5, 'open': 44206.35, 'close': 44198.1, '_id': ObjectId('647d5d0cd7fb40d514b340bb')}
[INFO]: {'ti': 1685937360, 'low': 18607.7, 'high': 18616.0, 'open': 18615.55, 'close': 18608.8, '_id': ObjectId('647d5d0cd7fb40d514b340bc')}
[INFO]: {'ti': 1685937420, 'low': 18602.8, 'high': 18610.1, 'open': 18608.45, 'close': 18604.45, '_id': ObjectId('647d5d48d7fb40d514b340bd')}
[INFO]: {'ti': 1685937420, 'low': 44170.7, 'high': 44205.3, 'open': 44198.9, 'close': 44172.65, '_id': ObjectId('647d5d48d7fb40d514b340be')}
[INFO]: {'ti': 1685937480, 'low': 18603.75, 'high': 18611.75, 'open': 18605.55, 'close': 18611.25, '_id': ObjectId('647d5d84d7fb40d514b340bf')}
[INFO]: {'ti': 1685937480, 'low': 44172.25, 'high': 44209.25, 'open': 44178.35, 'close': 44205.35, '_id': ObjectId('647d5d84d7fb40d514b340c0')}
[INFO]: {'ti': 1685937540, 'low': 18608.0, 'high': 18612.95, 'open': 18611.35, 'close': 18612.0, '_id': ObjectId('647d5dc0d7fb40d514b340c1')}
[INFO]: {'ti': 1685937540, 'low': 44197.95, 'high': 44206.95, 'open': 44204.3, 'close': 44206.9, '_id': ObjectId('647d5dc0d7fb40d514b340c2')}
[INFO]: {'ti': 1685937600, 'low': 18611.8, 'high': 18617.25, 'open': 18611.8, 'close': 18612.2, '_id': ObjectId('647d5dfcd7fb40d514b340c3')}
[INFO]: {'ti': 1685937600, 'low': 44203.25, 'high': 44215.4, 'open': 44206.55, 'close': 44211.6, '_id': ObjectId('647d5dfcd7fb40d514b340c4')}
[INFO]: {'ti': 1685937660, 'low': 18605.15, 'high': 18613.3, 'open': 18611.65, 'close': 18605.15, '_id': ObjectId('647d5e38d7fb40d514b340c5')}
[INFO]: {'ti': 1685937660, 'low': 44189.6, 'high': 44215.95, 'open': 44210.0, 'close': 44191.95, '_id': ObjectId('647d5e38d7fb40d514b340c6')}
[INFO]: {'ti': 1685937720, 'low': 44182.0, 'high': 44194.35, 'open': 44194.35, 'close': 44187.6, '_id': ObjectId('647d5e74d7fb40d514b340c7')}
[INFO]: {'ti': 1685937720, 'low': 18603.7, 'high': 18606.25, 'open': 18605.65, 'close': 18604.0, '_id': ObjectId('647d5e74d7fb40d514b340c8')}
[INFO]: {'ti': 1685937780, 'low': 18597.05, 'high': 18605.45, 'open': 18605.05, 'close': 18598.4, '_id': ObjectId('647d5eb0d7fb40d514b340c9')}
[INFO]: {'ti': 1685937780, 'low': 44156.0, 'high': 44194.4, 'open': 44188.8, 'close': 44157.25, '_id': ObjectId('647d5eb0d7fb40d514b340ca')}
[INFO]: {'ti': 1685937840, 'low': 44134.3, 'high': 44161.9, 'open': 44157.5, 'close': 44134.3, '_id': ObjectId('647d5eecd7fb40d514b340cb')}
[INFO]: {'ti': 1685937840, 'low': 18588.95, 'high': 18598.7, 'open': 18598.25, 'close': 18588.95, '_id': ObjectId('647d5eecd7fb40d514b340cc')}
[INFO]: {'ti': 1685937900, 'low': 18585.3, 'high': 18592.65, 'open': 18589.65, 'close': 18592.65, '_id': ObjectId('647d5f28d7fb40d514b340cd')}
[INFO]: {'ti': 1685937900, 'low': 44130.65, 'high': 44151.6, 'open': 44133.9, 'close': 44140.1, '_id': ObjectId('647d5f28d7fb40d514b340ce')}
[INFO]: {'ti': 1685937960, 'low': 44134.95, 'high': 44168.55, 'open': 44139.15, 'close': 44166.95, '_id': ObjectId('647d5f64d7fb40d514b340cf')}
[INFO]: {'ti': 1685937960, 'low': 18583.3, 'high': 18593.55, 'open': 18592.75, 'close': 18593.55, '_id': ObjectId('647d5f64d7fb40d514b340d0')}
[INFO]: {'ti': 1685938020, 'low': 18594.4, 'high': 18601.6, 'open': 18594.55, 'close': 18600.85, '_id': ObjectId('647d5fa0d7fb40d514b340d1')}
[INFO]: {'ti': 1685938020, 'low': 44164.05, 'high': 44180.0, 'open': 44166.75, 'close': 44176.4, '_id': ObjectId('647d5fa0d7fb40d514b340d2')}
[INFO]: {'ti': 1685938080, 'low': 18599.35, 'high': 18609.2, 'open': 18600.25, 'close': 18609.2, '_id': ObjectId('647d5fdcd7fb40d514b340d3')}
[INFO]: {'ti': 1685938080, 'low': 44173.1, 'high': 44198.35, 'open': 44173.35, 'close': 44198.35, '_id': ObjectId('647d5fdcd7fb40d514b340d4')}
[INFO]: {'ti': 1685938140, 'low': 18604.15, 'high': 18609.7, 'open': 18608.65, 'close': 18604.7, '_id': ObjectId('647d6018d7fb40d514b340d5')}
[INFO]: {'ti': 1685938140, 'low': 44174.75, 'high': 44198.3, 'open': 44198.1, 'close': 44180.45, '_id': ObjectId('647d6018d7fb40d514b340d6')}
[INFO]: {'ti': 1685938200, 'low': 44175.65, 'high': 44189.65, 'open': 44181.5, 'close': 44187.9, '_id': ObjectId('647d6054d7fb40d514b340d7')}
[INFO]: {'ti': 1685938200, 'low': 18603.7, 'high': 18606.2, 'open': 18605.25, 'close': 18606.0, '_id': ObjectId('647d6054d7fb40d514b340d8')}
[INFO]: {'ti': 1685938260, 'low': 18600.4, 'high': 18606.25, 'open': 18605.2, 'close': 18601.95, '_id': ObjectId('647d6090d7fb40d514b340d9')}
[INFO]: {'ti': 1685938260, 'low': 44166.45, 'high': 44193.5, 'open': 44189.4, 'close': 44170.2, '_id': ObjectId('647d6090d7fb40d514b340da')}
[INFO]: {'ti': 1685938320, 'low': 44157.5, 'high': 44178.95, 'open': 44172.3, 'close': 44177.4, '_id': ObjectId('647d60ccd7fb40d514b340db')}
[INFO]: {'ti': 1685938320, 'low': 18600.15, 'high': 18604.55, 'open': 18601.8, 'close': 18604.25, '_id': ObjectId('647d60ccd7fb40d514b340dc')}
[INFO]: {'ti': 1685938380, 'low': 18602.75, 'high': 18606.25, 'open': 18604.45, 'close': 18602.75, '_id': ObjectId('647d6108d7fb40d514b340dd')}
[INFO]: {'ti': 1685938380, 'low': 44179.5, 'high': 44193.4, 'open': 44180.9, 'close': 44188.4, '_id': ObjectId('647d6108d7fb40d514b340de')}
[INFO]: {'ti': 1685938440, 'low': 18598.6, 'high': 18606.0, 'open': 18603.0, 'close': 18605.3, '_id': ObjectId('647d6144d7fb40d514b340df')}
[INFO]: {'ti': 1685938440, 'low': 44176.55, 'high': 44200.95, 'open': 44184.75, 'close': 44198.5, '_id': ObjectId('647d6144d7fb40d514b340e0')}
[INFO]: {'ti': 1685938500, 'low': 18604.8, 'high': 18614.0, 'open': 18605.0, 'close': 18613.15, '_id': ObjectId('647d6180d7fb40d514b340e1')}
[INFO]: {'ti': 1685938500, 'low': 44197.45, 'high': 44230.75, 'open': 44198.9, 'close': 44224.6, '_id': ObjectId('647d6180d7fb40d514b340e2')}
[INFO]: {'ti': 1685938560, 'low': 18608.8, 'high': 18613.65, 'open': 18613.05, 'close': 18610.05, '_id': ObjectId('647d61bcd7fb40d514b340e3')}
[INFO]: {'ti': 1685938560, 'low': 44217.95, 'high': 44229.5, 'open': 44222.8, 'close': 44220.3, '_id': ObjectId('647d61bcd7fb40d514b340e4')}
[INFO]: {'ti': 1685938620, 'low': 18608.95, 'high': 18615.15, 'open': 18610.25, 'close': 18614.4, '_id': ObjectId('647d61f8d7fb40d514b340e5')}
[INFO]: {'ti': 1685938620, 'low': 44221.15, 'high': 44239.5, 'open': 44224.45, 'close': 44235.55, '_id': ObjectId('647d61f8d7fb40d514b340e6')}
[INFO]: {'ti': 1685938680, 'low': 18613.2, 'high': 18619.0, 'open': 18614.1, 'close': 18614.35, '_id': ObjectId('647d6234d7fb40d514b340e7')}
[INFO]: {'ti': 1685938680, 'low': 44225.25, 'high': 44242.3, 'open': 44230.85, 'close': 44230.25, '_id': ObjectId('647d6234d7fb40d514b340e8')}
[INFO]: {'ti': 1685938740, 'low': 44224.45, 'high': 44240.45, 'open': 44229.75, 'close': 44234.05, '_id': ObjectId('647d6270d7fb40d514b340e9')}
[INFO]: {'ti': 1685938740, 'low': 18613.1, 'high': 18617.6, 'open': 18614.6, 'close': 18616.9, '_id': ObjectId('647d6270d7fb40d514b340ea')}
[INFO]: {'ti': 1685938800, 'low': 18616.05, 'high': 18620.05, 'open': 18616.4, 'close': 18618.75, '_id': ObjectId('647d62acd7fb40d514b340eb')}
[INFO]: {'ti': 1685938800, 'low': 44224.25, 'high': 44237.6, 'open': 44231.65, 'close': 44235.7, '_id': ObjectId('647d62acd7fb40d514b340ec')}
[INFO]: {'ti': 1685938860, 'low': 18612.3, 'high': 18620.7, 'open': 18619.15, 'close': 18612.3, '_id': ObjectId('647d62e8d7fb40d514b340ed')}
[INFO]: {'ti': 1685938860, 'low': 44211.3, 'high': 44241.5, 'open': 44237.15, 'close': 44213.0, '_id': ObjectId('647d62e8d7fb40d514b340ee')}
[INFO]: {'ti': 1685938920, 'low': 18609.1, 'high': 18613.15, 'open': 18611.8, 'close': 18609.1, '_id': ObjectId('647d6324d7fb40d514b340ef')}
[INFO]: {'ti': 1685938920, 'low': 44199.75, 'high': 44217.6, 'open': 44209.8, 'close': 44200.35, '_id': ObjectId('647d6324d7fb40d514b340f0')}
[INFO]: {'ti': 1685938980, 'low': 44197.4, 'high': 44212.3, 'open': 44197.4, 'close': 44204.7, '_id': ObjectId('647d6360d7fb40d514b340f1')}
[INFO]: {'ti': 1685938980, 'low': 18606.4, 'high': 18610.35, 'open': 18608.55, 'close': 18609.35, '_id': ObjectId('647d6360d7fb40d514b340f2')}
[INFO]: {'ti': 1685939040, 'low': 18608.0, 'high': 18612.4, 'open': 18609.0, 'close': 18612.35, '_id': ObjectId('647d639cd7fb40d514b340f3')}
[INFO]: {'ti': 1685939040, 'low': 44197.5, 'high': 44215.05, 'open': 44202.95, 'close': 44209.9, '_id': ObjectId('647d639cd7fb40d514b340f4')}
[INFO]: {'ti': 1685939100, 'low': 44201.75, 'high': 44216.45, 'open': 44209.3, 'close': 44203.05, '_id': ObjectId('647d63d8d7fb40d514b340f5')}
[INFO]: {'ti': 1685939100, 'low': 18611.1, 'high': 18614.9, 'open': 18611.95, 'close': 18613.4, '_id': ObjectId('647d63d8d7fb40d514b340f6')}
[INFO]: {'ti': 1685939160, 'low': 18610.8, 'high': 18618.4, 'open': 18612.6, 'close': 18616.45, '_id': ObjectId('647d6414d7fb40d514b340f7')}
[INFO]: {'ti': 1685939160, 'low': 44196.9, 'high': 44212.55, 'open': 44201.55, 'close': 44209.8, '_id': ObjectId('647d6414d7fb40d514b340f8')}
[INFO]: {'ti': 1685939220, 'low': 44204.35, 'high': 44214.3, 'open': 44210.9, 'close': 44206.7, '_id': ObjectId('647d6450d7fb40d514b340f9')}
[INFO]: {'ti': 1685939220, 'low': 18614.9, 'high': 18618.35, 'open': 18616.3, 'close': 18615.7, '_id': ObjectId('647d6450d7fb40d514b340fa')}
[INFO]: {'ti': 1685939280, 'low': 18616.3, 'high': 18620.65, 'open': 18616.35, 'close': 18620.3, '_id': ObjectId('647d648cd7fb40d514b340fb')}
[INFO]: {'ti': 1685939280, 'low': 44207.0, 'high': 44219.45, 'open': 44207.0, 'close': 44218.15, '_id': ObjectId('647d648cd7fb40d514b340fc')}
[INFO]: {'ti': 1685939340, 'low': 44210.95, 'high': 44226.55, 'open': 44214.05, 'close': 44219.05, '_id': ObjectId('647d64c8d7fb40d514b340fd')}
[INFO]: {'ti': 1685939340, 'low': 18618.7, 'high': 18622.5, 'open': 18620.15, 'close': 18619.35, '_id': ObjectId('647d64c8d7fb40d514b340fe')}
[INFO]: {'ti': 1685939400, 'low': 18619.2, 'high': 18622.5, 'open': 18620.35, 'close': 18620.85, '_id': ObjectId('647d6504d7fb40d514b340ff')}
[INFO]: {'ti': 1685939400, 'low': 44221.3, 'high': 44229.95, 'open': 44223.05, 'close': 44229.45, '_id': ObjectId('647d6504d7fb40d514b34100')}
[INFO]: {'ti': 1685939460, 'low': 44221.3, 'high': 44238.3, 'open': 44228.45, 'close': 44228.7, '_id': ObjectId('647d6540d7fb40d514b34101')}
[INFO]: {'ti': 1685939460, 'low': 18620.55, 'high': 18623.15, 'open': 18620.65, 'close': 18622.3, '_id': ObjectId('647d6540d7fb40d514b34102')}
[INFO]: {'ti': 1685939520, 'low': 18619.25, 'high': 18623.9, 'open': 18622.2, 'close': 18619.65, '_id': ObjectId('647d657cd7fb40d514b34103')}
[INFO]: {'ti': 1685939520, 'low': 44225.65, 'high': 44234.05, 'open': 44229.2, 'close': 44228.65, '_id': ObjectId('647d657cd7fb40d514b34104')}
[INFO]: {'ti': 1685939580, 'low': 44212.45, 'high': 44228.85, 'open': 44228.3, 'close': 44223.25, '_id': ObjectId('647d65b8d7fb40d514b34105')}
[INFO]: {'ti': 1685939580, 'low': 18616.45, 'high': 18620.55, 'open': 18619.55, 'close': 18620.0, '_id': ObjectId('647d65b8d7fb40d514b34106')}
[INFO]: {'ti': 1685939640, 'low': 18615.9, 'high': 18620.75, 'open': 18619.8, 'close': 18618.05, '_id': ObjectId('647d65f4d7fb40d514b34107')}
[INFO]: {'ti': 1685939640, 'low': 44214.0, 'high': 44230.6, 'open': 44222.3, 'close': 44224.15, '_id': ObjectId('647d65f4d7fb40d514b34108')}
[INFO]: {'ti': 1685939700, 'low': 44215.65, 'high': 44230.65, 'open': 44228.35, 'close': 44223.4, '_id': ObjectId('647d6630d7fb40d514b34109')}
[INFO]: {'ti': 1685939700, 'low': 18616.65, 'high': 18619.8, 'open': 18619.65, 'close': 18619.1, '_id': ObjectId('647d6631d7fb40d514b3410a')}
[INFO]: {'ti': 1685939760, 'low': 18616.4, 'high': 18620.15, 'open': 18619.6, 'close': 18617.65, '_id': ObjectId('647d666cd7fb40d514b3410b')}
[INFO]: {'ti': 1685939760, 'low': 44213.7, 'high': 44226.6, 'open': 44223.7, 'close': 44215.9, '_id': ObjectId('647d666cd7fb40d514b3410c')}
[INFO]: {'ti': 1685939820, 'low': 44210.35, 'high': 44222.2, 'open': 44216.4, 'close': 44219.45, '_id': ObjectId('647d66a8d7fb40d514b3410d')}
[INFO]: {'ti': 1685939820, 'low': 18614.6, 'high': 18618.25, 'open': 18617.25, 'close': 18618.25, '_id': ObjectId('647d66a8d7fb40d514b3410e')}
[INFO]: {'ti': 1685939880, 'low': 18617.0, 'high': 18622.35, 'open': 18618.1, 'close': 18618.95, '_id': ObjectId('647d66e4d7fb40d514b3410f')}
[INFO]: {'ti': 1685939880, 'low': 44214.05, 'high': 44230.35, 'open': 44220.1, 'close': 44223.05, '_id': ObjectId('647d66e4d7fb40d514b34110')}
[INFO]: {'ti': 1685939940, 'low': 44210.4, 'high': 44224.15, 'open': 44219.35, 'close': 44213.1, '_id': ObjectId('647d6720d7fb40d514b34111')}
[INFO]: {'ti': 1685939940, 'low': 18615.05, 'high': 18619.95, 'open': 18619.0, 'close': 18615.45, '_id': ObjectId('647d6720d7fb40d514b34112')}
[INFO]: {'ti': 1685940000, 'low': 18612.7, 'high': 18618.95, 'open': 18616.25, 'close': 18618.95, '_id': ObjectId('647d675cd7fb40d514b34113')}
[INFO]: {'ti': 1685940000, 'low': 44199.8, 'high': 44218.8, 'open': 44213.3, 'close': 44218.55, '_id': ObjectId('647d675cd7fb40d514b34114')}
[INFO]: {'ti': 1685940060, 'low': 18617.8, 'high': 18622.55, 'open': 18618.2, 'close': 18619.85, '_id': ObjectId('647d6798d7fb40d514b34115')}
[INFO]: {'ti': 1685940060, 'low': 44194.55, 'high': 44215.55, 'open': 44211.95, 'close': 44201.2, '_id': ObjectId('647d6798d7fb40d514b34116')}
[INFO]: {'ti': 1685940120, 'low': 18618.0, 'high': 18620.85, 'open': 18620.4, 'close': 18620.4, '_id': ObjectId('647d67d4d7fb40d514b34117')}
[INFO]: {'ti': 1685940120, 'low': 44197.35, 'high': 44207.75, 'open': 44203.25, 'close': 44205.55, '_id': ObjectId('647d67d4d7fb40d514b34118')}
[INFO]: {'ti': 1685940180, 'low': 18615.3, 'high': 18620.45, 'open': 18620.45, 'close': 18615.8, '_id': ObjectId('647d6810d7fb40d514b34119')}
[INFO]: {'ti': 1685940180, 'low': 44192.9, 'high': 44207.65, 'open': 44204.95, 'close': 44193.7, '_id': ObjectId('647d6810d7fb40d514b3411a')}
[INFO]: {'ti': 1685940240, 'low': 18614.7, 'high': 18618.3, 'open': 18615.65, 'close': 18618.3, '_id': ObjectId('647d684cd7fb40d514b3411b')}
[INFO]: {'ti': 1685940240, 'low': 44189.5, 'high': 44198.75, 'open': 44192.4, 'close': 44198.75, '_id': ObjectId('647d684cd7fb40d514b3411c')}
[INFO]: {'ti': 1685940300, 'low': 18616.75, 'high': 18619.8, 'open': 18617.75, 'close': 18619.2, '_id': ObjectId('647d6888d7fb40d514b3411d')}
[INFO]: {'ti': 1685940300, 'low': 44186.4, 'high': 44205.1, 'open': 44198.6, 'close': 44204.25, '_id': ObjectId('647d6888d7fb40d514b3411e')}
[INFO]: {'ti': 1685940360, 'low': 18617.8, 'high': 18620.7, 'open': 18620.1, 'close': 18617.8, '_id': ObjectId('647d68c4d7fb40d514b3411f')}
[INFO]: {'ti': 1685940360, 'low': 44203.0, 'high': 44208.65, 'open': 44208.65, 'close': 44205.6, '_id': ObjectId('647d68c4d7fb40d514b34120')}
[INFO]: {'ti': 1685940420, 'low': 18617.65, 'high': 18620.85, 'open': 18618.4, 'close': 18620.35, '_id': ObjectId('647d6900d7fb40d514b34121')}
[INFO]: {'ti': 1685940420, 'low': 44201.5, 'high': 44209.3, 'open': 44203.55, 'close': 44209.3, '_id': ObjectId('647d6900d7fb40d514b34122')}
[INFO]: {'ti': 1685940480, 'low': 44201.3, 'high': 44214.0, 'open': 44205.8, 'close': 44208.2, '_id': ObjectId('647d693cd7fb40d514b34123')}
[INFO]: {'ti': 1685940480, 'low': 18619.3, 'high': 18622.8, 'open': 18620.05, 'close': 18621.55, '_id': ObjectId('647d693cd7fb40d514b34124')}
[INFO]: {'ti': 1685940540, 'low': 18621.4, 'high': 18625.9, 'open': 18622.4, 'close': 18624.75, '_id': ObjectId('647d6978d7fb40d514b34125')}
[INFO]: {'ti': 1685940540, 'low': 44204.5, 'high': 44220.7, 'open': 44209.8, 'close': 44219.35, '_id': ObjectId('647d6978d7fb40d514b34126')}
[INFO]: {'ti': 1685940600, 'low': 18623.6, 'high': 18625.05, 'open': 18624.55, 'close': 18624.45, '_id': ObjectId('647d69b4d7fb40d514b34127')}
[INFO]: {'ti': 1685940600, 'low': 44215.25, 'high': 44223.1, 'open': 44219.2, 'close': 44217.35, '_id': ObjectId('647d69b4d7fb40d514b34128')}
[INFO]: {'ti': 1685940660, 'low': 18624.4, 'high': 18628.8, 'open': 18624.4, 'close': 18628.65, '_id': ObjectId('647d69f0d7fb40d514b34129')}
[INFO]: {'ti': 1685940660, 'low': 44217.1, 'high': 44229.7, 'open': 44217.1, 'close': 44225.8, '_id': ObjectId('647d69f0d7fb40d514b3412a')}
[INFO]: {'ti': 1685940720, 'low': 44216.25, 'high': 44226.75, 'open': 44224.05, 'close': 44220.1, '_id': ObjectId('647d6a2cd7fb40d514b3412b')}
[INFO]: {'ti': 1685940720, 'low': 18626.9, 'high': 18629.8, 'open': 18628.45, 'close': 18628.35, '_id': ObjectId('647d6a2cd7fb40d514b3412c')}
[INFO]: {'ti': 1685940780, 'low': 18624.75, 'high': 18628.6, 'open': 18627.95, 'close': 18626.1, '_id': ObjectId('647d6a68d7fb40d514b3412d')}
[INFO]: {'ti': 1685940780, 'low': 44210.65, 'high': 44220.55, 'open': 44219.15, 'close': 44214.1, '_id': ObjectId('647d6a68d7fb40d514b3412e')}
[INFO]: {'ti': 1685940840, 'low': 18623.9, 'high': 18626.25, 'open': 18625.75, 'close': 18624.25, '_id': ObjectId('647d6aa4d7fb40d514b3412f')}
[INFO]: {'ti': 1685940840, 'low': 44211.9, 'high': 44219.3, 'open': 44213.75, 'close': 44214.7, '_id': ObjectId('647d6aa4d7fb40d514b34130')}
[INFO]: {'ti': 1685940900, 'low': 18623.15, 'high': 18626.75, 'open': 18624.6, 'close': 18626.3, '_id': ObjectId('647d6ae0d7fb40d514b34131')}
[INFO]: {'ti': 1685940900, 'low': 44213.1, 'high': 44225.55, 'open': 44215.35, 'close': 44225.55, '_id': ObjectId('647d6ae0d7fb40d514b34132')}
[INFO]: {'ti': 1685941020, 'low': 18625.55, 'high': 18629.8, 'open': 18629.8, 'close': 18626.55, '_id': ObjectId('647d6b58d7fb40d514b34133')}
[INFO]: {'ti': 1685941020, 'low': 44213.8, 'high': 44228.85, 'open': 44228.85, 'close': 44214.65, '_id': ObjectId('647d6b58d7fb40d514b34134')}
[INFO]: {'ti': 1685941080, 'low': 44190.85, 'high': 44215.1, 'open': 44215.1, 'close': 44190.85, '_id': ObjectId('647d6b94d7fb40d514b34135')}
[INFO]: {'ti': 1685941080, 'low': 18619.75, 'high': 18626.35, 'open': 18626.05, 'close': 18619.75, '_id': ObjectId('647d6b94d7fb40d514b34136')}
[INFO]: {'ti': 1685941140, 'low': 18617.8, 'high': 18620.2, 'open': 18620.15, 'close': 18618.5, '_id': ObjectId('647d6bd0d7fb40d514b34137')}
[INFO]: {'ti': 1685941140, 'low': 44185.8, 'high': 44194.1, 'open': 44192.0, 'close': 44186.65, '_id': ObjectId('647d6bd0d7fb40d514b34138')}
[INFO]: {'ti': 1685941200, 'low': 44164.1, 'high': 44188.8, 'open': 44187.25, 'close': 44166.9, '_id': ObjectId('647d6c0cd7fb40d514b34139')}
[INFO]: {'ti': 1685941200, 'low': 18613.0, 'high': 18618.75, 'open': 18618.65, 'close': 18614.45, '_id': ObjectId('647d6c0cd7fb40d514b3413a')}
[INFO]: {'ti': 1685941260, 'low': 18613.4, 'high': 18616.95, 'open': 18614.15, 'close': 18615.35, '_id': ObjectId('647d6c48d7fb40d514b3413b')}
[INFO]: {'ti': 1685941260, 'low': 44166.65, 'high': 44177.1, 'open': 44166.65, 'close': 44171.25, '_id': ObjectId('647d6c48d7fb40d514b3413c')}
[INFO]: {'ti': 1685941320, 'low': 18612.75, 'high': 18616.6, 'open': 18614.9, 'close': 18615.8, '_id': ObjectId('647d6c84d7fb40d514b3413d')}
[INFO]: {'ti': 1685941320, 'low': 44157.8, 'high': 44173.9, 'open': 44173.9, 'close': 44163.45, '_id': ObjectId('647d6c84d7fb40d514b3413e')}
[INFO]: {'ti': 1685941380, 'low': 18614.9, 'high': 18618.0, 'open': 18615.7, 'close': 18615.6, '_id': ObjectId('647d6cc0d7fb40d514b3413f')}
[INFO]: {'ti': 1685941380, 'low': 44160.5, 'high': 44166.8, 'open': 44163.45, 'close': 44163.85, '_id': ObjectId('647d6cc0d7fb40d514b34140')}
[INFO]: {'ti': 1685941440, 'low': 44158.7, 'high': 44165.7, 'open': 44160.0, 'close': 44161.5, '_id': ObjectId('647d6cfcd7fb40d514b34141')}
[INFO]: {'ti': 1685941440, 'low': 18614.8, 'high': 18618.55, 'open': 18615.9, 'close': 18615.1, '_id': ObjectId('647d6cfcd7fb40d514b34142')}
[INFO]: {'ti': 1685941500, 'low': 18614.95, 'high': 18618.3, 'open': 18614.95, 'close': 18616.8, '_id': ObjectId('647d6d38d7fb40d514b34143')}
[INFO]: {'ti': 1685941500, 'low': 44159.55, 'high': 44167.4, 'open': 44162.75, 'close': 44164.55, '_id': ObjectId('647d6d38d7fb40d514b34144')}
[INFO]: {'ti': 1685941560, 'low': 44155.5, 'high': 44169.5, 'open': 44162.55, 'close': 44169.5, '_id': ObjectId('647d6d74d7fb40d514b34145')}
[INFO]: {'ti': 1685941560, 'low': 18614.95, 'high': 18618.05, 'open': 18617.45, 'close': 18617.95, '_id': ObjectId('647d6d74d7fb40d514b34146')}
[INFO]: {'ti': 1685941620, 'low': 18614.55, 'high': 18618.15, 'open': 18618.15, 'close': 18614.9, '_id': ObjectId('647d6db0d7fb40d514b34147')}
[INFO]: {'ti': 1685941620, 'low': 44162.35, 'high': 44167.65, 'open': 44166.15, 'close': 44163.55, '_id': ObjectId('647d6db1d7fb40d514b34148')}
[INFO]: {'ti': 1685941680, 'low': 18613.2, 'high': 18616.0, 'open': 18616.0, 'close': 18615.05, '_id': ObjectId('647d6decd7fb40d514b34149')}
[INFO]: {'ti': 1685941680, 'low': 44161.15, 'high': 44168.0, 'open': 44165.4, 'close': 44166.05, '_id': ObjectId('647d6decd7fb40d514b3414a')}
[INFO]: {'ti': 1685941740, 'low': 18612.5, 'high': 18615.8, 'open': 18615.55, 'close': 18612.6, '_id': ObjectId('647d6e28d7fb40d514b3414b')}
[INFO]: {'ti': 1685941740, 'low': 44158.65, 'high': 44169.65, 'open': 44168.9, 'close': 44160.85, '_id': ObjectId('647d6e28d7fb40d514b3414c')}
[INFO]: {'ti': 1685941800, 'low': 18611.45, 'high': 18613.15, 'open': 18611.8, 'close': 18612.55, '_id': ObjectId('647d6e64d7fb40d514b3414d')}
[INFO]: {'ti': 1685941800, 'low': 44156.55, 'high': 44166.8, 'open': 44158.45, 'close': 44162.65, '_id': ObjectId('647d6e64d7fb40d514b3414e')}
[INFO]: {'ti': 1685941860, 'low': 18609.95, 'high': 18612.8, 'open': 18612.55, 'close': 18610.95, '_id': ObjectId('647d6ea0d7fb40d514b3414f')}
[INFO]: {'ti': 1685941860, 'low': 44159.05, 'high': 44164.25, 'open': 44163.9, 'close': 44160.25, '_id': ObjectId('647d6ea0d7fb40d514b34150')}
[INFO]: {'ti': 1685941920, 'low': 18609.65, 'high': 18612.0, 'open': 18611.05, 'close': 18609.65, '_id': ObjectId('647d6edcd7fb40d514b34151')}
[INFO]: {'ti': 1685941920, 'low': 44154.45, 'high': 44162.2, 'open': 44161.55, 'close': 44155.9, '_id': ObjectId('647d6edcd7fb40d514b34152')}
[INFO]: {'ti': 1685941980, 'low': 44151.95, 'high': 44158.3, 'open': 44155.9, 'close': 44158.1, '_id': ObjectId('647d6f18d7fb40d514b34153')}
[INFO]: {'ti': 1685941980, 'low': 18609.2, 'high': 18611.55, 'open': 18609.2, 'close': 18611.55, '_id': ObjectId('647d6f18d7fb40d514b34154')}
[INFO]: {'ti': 1685942040, 'low': 18610.15, 'high': 18615.45, 'open': 18611.35, 'close': 18615.05, '_id': ObjectId('647d6f54d7fb40d514b34155')}
[INFO]: {'ti': 1685942040, 'low': 44153.6, 'high': 44166.25, 'open': 44156.7, 'close': 44166.25, '_id': ObjectId('647d6f54d7fb40d514b34156')}
[INFO]: {'ti': 1685942100, 'low': 44165.95, 'high': 44181.65, 'open': 44165.95, 'close': 44180.4, '_id': ObjectId('647d6f90d7fb40d514b34157')}
[INFO]: {'ti': 1685942100, 'low': 18614.9, 'high': 18620.25, 'open': 18615.8, 'close': 18619.6, '_id': ObjectId('647d6f91d7fb40d514b34158')}
[INFO]: {'ti': 1685942160, 'low': 18617.8, 'high': 18621.35, 'open': 18619.6, 'close': 18621.15, '_id': ObjectId('647d6fccd7fb40d514b34159')}
[INFO]: {'ti': 1685942160, 'low': 44175.4, 'high': 44182.9, 'open': 44179.45, 'close': 44181.8, '_id': ObjectId('647d6fccd7fb40d514b3415a')}
[INFO]: {'ti': 1685942220, 'low': 18618.85, 'high': 18621.55, 'open': 18621.4, 'close': 18619.65, '_id': ObjectId('647d7008d7fb40d514b3415b')}
[INFO]: {'ti': 1685942220, 'low': 44177.15, 'high': 44183.5, 'open': 44183.2, 'close': 44178.75, '_id': ObjectId('647d7008d7fb40d514b3415c')}
[INFO]: {'ti': 1685942280, 'low': 18617.7, 'high': 18620.0, 'open': 18620.0, 'close': 18618.8, '_id': ObjectId('647d7044d7fb40d514b3415d')}
[INFO]: {'ti': 1685942280, 'low': 44172.75, 'high': 44184.2, 'open': 44180.0, 'close': 44183.1, '_id': ObjectId('647d7044d7fb40d514b3415e')}
[INFO]: {'ti': 1685942340, 'low': 44173.8, 'high': 44179.8, 'open': 44179.45, 'close': 44178.85, '_id': ObjectId('647d7080d7fb40d514b3415f')}
[INFO]: {'ti': 1685942340, 'low': 18616.55, 'high': 18618.85, 'open': 18618.35, 'close': 18617.75, '_id': ObjectId('647d7080d7fb40d514b34160')}
[INFO]: {'ti': 1685942400, 'low': 18615.9, 'high': 18618.0, 'open': 18617.35, 'close': 18616.35, '_id': ObjectId('647d70bcd7fb40d514b34161')}
[INFO]: {'ti': 1685942400, 'low': 44171.5, 'high': 44179.15, 'open': 44178.85, 'close': 44176.55, '_id': ObjectId('647d70bcd7fb40d514b34162')}
[INFO]: {'ti': 1685942460, 'low': 44174.35, 'high': 44182.1, 'open': 44175.2, 'close': 44175.85, '_id': ObjectId('647d70f8d7fb40d514b34163')}
[INFO]: {'ti': 1685942460, 'low': 18615.05, 'high': 18617.2, 'open': 18616.6, 'close': 18615.05, '_id': ObjectId('647d70f8d7fb40d514b34164')}
[INFO]: {'ti': 1685942520, 'low': 18614.7, 'high': 18616.6, 'open': 18615.65, 'close': 18615.9, '_id': ObjectId('647d7134d7fb40d514b34165')}
[INFO]: {'ti': 1685942520, 'low': 44174.5, 'high': 44181.6, 'open': 44178.0, 'close': 44176.35, '_id': ObjectId('647d7134d7fb40d514b34166')}
[INFO]: {'ti': 1685942580, 'low': 18615.2, 'high': 18616.85, 'open': 18615.65, 'close': 18615.2, '_id': ObjectId('647d7170d7fb40d514b34167')}
[INFO]: {'ti': 1685942580, 'low': 44175.5, 'high': 44181.6, 'open': 44178.2, 'close': 44176.35, '_id': ObjectId('647d7170d7fb40d514b34168')}
[INFO]: {'ti': 1685942640, 'low': 18614.2, 'high': 18616.25, 'open': 18615.4, 'close': 18615.0, '_id': ObjectId('647d71acd7fb40d514b34169')}
[INFO]: {'ti': 1685942640, 'low': 44172.55, 'high': 44178.85, 'open': 44175.25, 'close': 44174.3, '_id': ObjectId('647d71acd7fb40d514b3416a')}
[INFO]: {'ti': 1685942700, 'low': 44172.8, 'high': 44194.7, 'open': 44173.65, 'close': 44194.25, '_id': ObjectId('647d71e8d7fb40d514b3416b')}
[INFO]: {'ti': 1685942700, 'low': 18615.25, 'high': 18619.9, 'open': 18615.35, 'close': 18619.15, '_id': ObjectId('647d71e8d7fb40d514b3416c')}
[INFO]: {'ti': 1685942760, 'low': 18616.95, 'high': 18620.0, 'open': 18620.0, 'close': 18617.25, '_id': ObjectId('647d7224d7fb40d514b3416d')}
[INFO]: {'ti': 1685942760, 'low': 44193.5, 'high': 44202.85, 'open': 44196.5, 'close': 44199.8, '_id': ObjectId('647d7224d7fb40d514b3416e')}
[INFO]: {'ti': 1685942820, 'low': 44198.8, 'high': 44211.6, 'open': 44200.75, 'close': 44209.3, '_id': ObjectId('647d7260d7fb40d514b3416f')}
[INFO]: {'ti': 1685942820, 'low': 18616.4, 'high': 18620.25, 'open': 18617.85, 'close': 18618.0, '_id': ObjectId('647d7260d7fb40d514b34170')}
[INFO]: {'ti': 1685942880, 'low': 18615.5, 'high': 18618.95, 'open': 18617.85, 'close': 18618.3, '_id': ObjectId('647d729cd7fb40d514b34171')}
[INFO]: {'ti': 1685942880, 'low': 44204.7, 'high': 44210.85, 'open': 44210.85, 'close': 44207.4, '_id': ObjectId('647d729cd7fb40d514b34172')}
[INFO]: {'ti': 1685942940, 'low': 44199.85, 'high': 44212.55, 'open': 44209.6, 'close': 44203.3, '_id': ObjectId('647d72d8d7fb40d514b34173')}
[INFO]: {'ti': 1685942940, 'low': 18618.4, 'high': 18622.1, 'open': 18618.4, 'close': 18620.5, '_id': ObjectId('647d72d8d7fb40d514b34174')}
[INFO]: {'ti': 1685943000, 'low': 18621.35, 'high': 18624.9, 'open': 18621.75, 'close': 18624.7, '_id': ObjectId('647d7314d7fb40d514b34175')}
[INFO]: {'ti': 1685943000, 'low': 44198.7, 'high': 44209.8, 'open': 44204.75, 'close': 44207.5, '_id': ObjectId('647d7314d7fb40d514b34176')}
[INFO]: {'ti': 1685943060, 'low': 18622.1, 'high': 18624.25, 'open': 18624.15, 'close': 18623.0, '_id': ObjectId('647d7350d7fb40d514b34177')}
[INFO]: {'ti': 1685943060, 'low': 44201.8, 'high': 44207.9, 'open': 44205.45, 'close': 44203.3, '_id': ObjectId('647d7350d7fb40d514b34178')}
[INFO]: {'ti': 1685943120, 'low': 18621.8, 'high': 18623.55, 'open': 18622.95, 'close': 18622.8, '_id': ObjectId('647d738cd7fb40d514b34179')}
[INFO]: {'ti': 1685943120, 'low': 44200.05, 'high': 44205.65, 'open': 44203.25, 'close': 44204.85, '_id': ObjectId('647d738cd7fb40d514b3417a')}
[INFO]: {'ti': 1685943180, 'low': 18622.45, 'high': 18624.3, 'open': 18622.85, 'close': 18623.65, '_id': ObjectId('647d73c8d7fb40d514b3417b')}
[INFO]: {'ti': 1685943180, 'low': 44195.95, 'high': 44207.7, 'open': 44204.85, 'close': 44206.3, '_id': ObjectId('647d73c8d7fb40d514b3417c')}
[INFO]: {'ti': 1685943240, 'low': 18623.3, 'high': 18625.5, 'open': 18623.3, 'close': 18624.8, '_id': ObjectId('647d7404d7fb40d514b3417d')}
[INFO]: {'ti': 1685943240, 'low': 44204.95, 'high': 44217.05, 'open': 44207.1, 'close': 44213.95, '_id': ObjectId('647d7404d7fb40d514b3417e')}
[INFO]: {'ti': 1685943300, 'low': 18624.35, 'high': 18627.05, 'open': 18624.75, 'close': 18626.5, '_id': ObjectId('647d7440d7fb40d514b3417f')}
[INFO]: {'ti': 1685943300, 'low': 44214.05, 'high': 44220.9, 'open': 44214.05, 'close': 44220.9, '_id': ObjectId('647d7440d7fb40d514b34180')}
[INFO]: {'ti': 1685943360, 'low': 44217.75, 'high': 44227.4, 'open': 44217.75, 'close': 44223.45, '_id': ObjectId('647d747cd7fb40d514b34181')}
[INFO]: {'ti': 1685943360, 'low': 18625.55, 'high': 18628.0, 'open': 18625.55, 'close': 18627.25, '_id': ObjectId('647d747cd7fb40d514b34182')}
[INFO]: {'ti': 1685943420, 'low': 18627.35, 'high': 18629.1, 'open': 18627.5, 'close': 18628.25, '_id': ObjectId('647d74b8d7fb40d514b34183')}
[INFO]: {'ti': 1685943420, 'low': 44222.6, 'high': 44232.05, 'open': 44223.5, 'close': 44232.05, '_id': ObjectId('647d74b8d7fb40d514b34184')}
[INFO]: {'ti': 1685943480, 'low': 44229.85, 'high': 44244.4, 'open': 44232.05, 'close': 44244.2, '_id': ObjectId('647d74f4d7fb40d514b34185')}
[INFO]: {'ti': 1685943480, 'low': 18628.3, 'high': 18630.5, 'open': 18629.15, 'close': 18630.5, '_id': ObjectId('647d74f4d7fb40d514b34186')}
[INFO]: {'ti': 1685943540, 'low': 18629.0, 'high': 18630.7, 'open': 18629.15, 'close': 18630.2, '_id': ObjectId('647d7534d7fb40d514b34187')}
[INFO]: {'ti': 1685943600, 'low': 44243.75, 'high': 44250.45, 'open': 44248.3, 'close': 44247.6, '_id': ObjectId('647d756cd7fb40d514b34188')}
[INFO]: {'ti': 1685943600, 'low': 18627.95, 'high': 18633.7, 'open': 18630.4, 'close': 18633.05, '_id': ObjectId('647d756cd7fb40d514b34189')}
[INFO]: {'ti': 1685943660, 'low': 18632.2, 'high': 18636.35, 'open': 18633.1, 'close': 18635.65, '_id': ObjectId('647d75a8d7fb40d514b3418a')}
[INFO]: {'ti': 1685943660, 'low': 44245.4, 'high': 44254.7, 'open': 44248.5, 'close': 44254.7, '_id': ObjectId('647d75a8d7fb40d514b3418b')}
[INFO]: {'ti': 1685943720, 'low': 18631.95, 'high': 18635.2, 'open': 18635.05, 'close': 18632.35, '_id': ObjectId('647d75e4d7fb40d514b3418c')}
[INFO]: {'ti': 1685943720, 'low': 44241.0, 'high': 44252.15, 'open': 44252.0, 'close': 44244.85, '_id': ObjectId('647d75e4d7fb40d514b3418d')}
[INFO]: {'ti': 1685943780, 'low': 18631.5, 'high': 18634.0, 'open': 18632.55, 'close': 18632.45, '_id': ObjectId('647d7620d7fb40d514b3418e')}
[INFO]: {'ti': 1685943780, 'low': 44241.05, 'high': 44246.65, 'open': 44244.55, 'close': 44243.55, '_id': ObjectId('647d7620d7fb40d514b3418f')}
[INFO]: {'ti': 1685943840, 'low': 18631.2, 'high': 18634.0, 'open': 18632.4, 'close': 18631.5, '_id': ObjectId('647d765cd7fb40d514b34190')}
[INFO]: {'ti': 1685943840, 'low': 44241.1, 'high': 44245.4, 'open': 44242.5, 'close': 44243.7, '_id': ObjectId('647d765cd7fb40d514b34191')}
[INFO]: {'ti': 1685943900, 'low': 18631.05, 'high': 18633.0, 'open': 18631.3, 'close': 18631.4, '_id': ObjectId('647d7698d7fb40d514b34192')}
[INFO]: {'ti': 1685943900, 'low': 44241.8, 'high': 44250.15, 'open': 44243.9, 'close': 44241.8, '_id': ObjectId('647d7698d7fb40d514b34193')}
[INFO]: {'ti': 1685943960, 'low': 18631.3, 'high': 18634.85, 'open': 18631.55, 'close': 18634.35, '_id': ObjectId('647d76d4d7fb40d514b34194')}
[INFO]: {'ti': 1685943960, 'low': 44240.55, 'high': 44246.45, 'open': 44241.75, 'close': 44243.8, '_id': ObjectId('647d76d4d7fb40d514b34195')}
[INFO]: {'ti': 1685944020, 'low': 18633.3, 'high': 18635.6, 'open': 18634.6, 'close': 18635.2, '_id': ObjectId('647d7710d7fb40d514b34196')}
[INFO]: {'ti': 1685944020, 'low': 44235.95, 'high': 44245.75, 'open': 44243.8, 'close': 44239.35, '_id': ObjectId('647d7710d7fb40d514b34197')}
[INFO]: {'ti': 1685944080, 'low': 18635.4, 'high': 18638.5, 'open': 18635.55, 'close': 18637.7, '_id': ObjectId('647d774cd7fb40d514b34198')}
[INFO]: {'ti': 1685944080, 'low': 44236.5, 'high': 44244.7, 'open': 44238.15, 'close': 44241.45, '_id': ObjectId('647d774dd7fb40d514b34199')}
[INFO]: {'ti': 1685944140, 'low': 18634.6, 'high': 18638.0, 'open': 18637.3, 'close': 18635.25, '_id': ObjectId('647d7788d7fb40d514b3419a')}
[INFO]: {'ti': 1685944140, 'low': 44239.1, 'high': 44244.05, 'open': 44241.45, 'close': 44243.1, '_id': ObjectId('647d7788d7fb40d514b3419b')}
[INFO]: {'ti': 1685944200, 'low': 18634.3, 'high': 18636.35, 'open': 18634.75, 'close': 18635.6, '_id': ObjectId('647d77c4d7fb40d514b3419c')}
[INFO]: {'ti': 1685944200, 'low': 44238.95, 'high': 44254.6, 'open': 44239.55, 'close': 44249.05, '_id': ObjectId('647d77c4d7fb40d514b3419d')}
[INFO]: {'ti': 1685944260, 'low': 18635.1, 'high': 18637.75, 'open': 18635.45, 'close': 18636.25, '_id': ObjectId('647d7800d7fb40d514b3419e')}
[INFO]: {'ti': 1685944260, 'low': 44247.75, 'high': 44254.9, 'open': 44250.35, 'close': 44253.25, '_id': ObjectId('647d7800d7fb40d514b3419f')}
[INFO]: {'ti': 1685944320, 'low': 44248.65, 'high': 44257.55, 'open': 44254.85, 'close': 44253.75, '_id': ObjectId('647d783cd7fb40d514b341a0')}
[INFO]: {'ti': 1685944320, 'low': 18635.35, 'high': 18638.3, 'open': 18636.2, 'close': 18637.85, '_id': ObjectId('647d783cd7fb40d514b341a1')}
[INFO]: {'ti': 1685944380, 'low': 18637.3, 'high': 18639.4, 'open': 18638.45, 'close': 18638.25, '_id': ObjectId('647d7878d7fb40d514b341a2')}
[INFO]: {'ti': 1685944380, 'low': 44249.9, 'high': 44261.9, 'open': 44257.85, 'close': 44254.6, '_id': ObjectId('647d7878d7fb40d514b341a3')}
[INFO]: {'ti': 1685944440, 'low': 18637.15, 'high': 18639.2, 'open': 18638.7, 'close': 18638.2, '_id': ObjectId('647d78b4d7fb40d514b341a4')}
[INFO]: {'ti': 1685944440, 'low': 44248.9, 'high': 44258.85, 'open': 44251.55, 'close': 44254.25, '_id': ObjectId('647d78b5d7fb40d514b341a5')}
[INFO]: {'ti': 1685944500, 'low': 18636.9, 'high': 18639.2, 'open': 18637.85, 'close': 18638.7, '_id': ObjectId('647d78f0d7fb40d514b341a6')}
[INFO]: {'ti': 1685944500, 'low': 44245.85, 'high': 44255.05, 'open': 44252.75, 'close': 44252.9, '_id': ObjectId('647d78f0d7fb40d514b341a7')}
[INFO]: {'ti': 1685944560, 'low': 18635.1, 'high': 18638.15, 'open': 18637.35, 'close': 18635.45, '_id': ObjectId('647d792cd7fb40d514b341a8')}
[INFO]: {'ti': 1685944560, 'low': 44245.6, 'high': 44255.4, 'open': 44249.8, 'close': 44250.3, '_id': ObjectId('647d792cd7fb40d514b341a9')}
[INFO]: {'ti': 1685944620, 'low': 18635.55, 'high': 18637.6, 'open': 18636.5, 'close': 18635.6, '_id': ObjectId('647d7968d7fb40d514b341aa')}
[INFO]: {'ti': 1685944620, 'low': 44249.05, 'high': 44258.65, 'open': 44254.2, 'close': 44250.3, '_id': ObjectId('647d7968d7fb40d514b341ab')}
[INFO]: {'ti': 1685944680, 'low': 44250.0, 'high': 44258.7, 'open': 44254.65, 'close': 44255.15, '_id': ObjectId('647d79a4d7fb40d514b341ac')}
[INFO]: {'ti': 1685944680, 'low': 18634.7, 'high': 18637.45, 'open': 18636.85, 'close': 18635.55, '_id': ObjectId('647d79a4d7fb40d514b341ad')}
[INFO]: {'ti': 1685944740, 'low': 18634.9, 'high': 18637.3, 'open': 18635.45, 'close': 18636.6, '_id': ObjectId('647d79e0d7fb40d514b341ae')}
[INFO]: {'ti': 1685944740, 'low': 44252.3, 'high': 44261.95, 'open': 44253.75, 'close': 44260.45, '_id': ObjectId('647d79e0d7fb40d514b341af')}
[INFO]: {'ti': 1685944800, 'low': 18633.0, 'high': 18637.15, 'open': 18636.55, 'close': 18634.6, '_id': ObjectId('647d7a1cd7fb40d514b341b0')}
[INFO]: {'ti': 1685944800, 'low': 44248.3, 'high': 44260.05, 'open': 44259.15, 'close': 44250.0, '_id': ObjectId('647d7a1cd7fb40d514b341b1')}
[INFO]: {'ti': 1685944860, 'low': 18631.75, 'high': 18634.35, 'open': 18634.05, 'close': 18632.4, '_id': ObjectId('647d7a58d7fb40d514b341b2')}
[INFO]: {'ti': 1685944860, 'low': 44245.75, 'high': 44257.65, 'open': 44249.55, 'close': 44246.7, '_id': ObjectId('647d7a58d7fb40d514b341b3')}
[INFO]: {'ti': 1685944920, 'low': 18629.7, 'high': 18632.3, 'open': 18631.75, 'close': 18629.7, '_id': ObjectId('647d7a94d7fb40d514b341b4')}
[INFO]: {'ti': 1685944920, 'low': 44233.25, 'high': 44245.2, 'open': 44241.0, 'close': 44234.35, '_id': ObjectId('647d7a94d7fb40d514b341b5')}
[INFO]: {'ti': 1685944980, 'low': 18626.25, 'high': 18630.15, 'open': 18629.95, 'close': 18626.45, '_id': ObjectId('647d7ad0d7fb40d514b341b6')}
[INFO]: {'ti': 1685944980, 'low': 44225.4, 'high': 44235.7, 'open': 44234.5, 'close': 44226.4, '_id': ObjectId('647d7ad0d7fb40d514b341b7')}
[INFO]: {'ti': 1685945040, 'low': 18625.1, 'high': 18627.45, 'open': 18626.35, 'close': 18625.55, '_id': ObjectId('647d7b0cd7fb40d514b341b8')}
[INFO]: {'ti': 1685945040, 'low': 44223.0, 'high': 44231.2, 'open': 44225.3, 'close': 44228.7, '_id': ObjectId('647d7b0cd7fb40d514b341b9')}
[INFO]: {'ti': 1685945100, 'low': 44223.65, 'high': 44232.1, 'open': 44226.75, 'close': 44226.9, '_id': ObjectId('647d7b48d7fb40d514b341ba')}
[INFO]: {'ti': 1685945100, 'low': 18622.05, 'high': 18625.45, 'open': 18625.2, 'close': 18623.7, '_id': ObjectId('647d7b48d7fb40d514b341bb')}
[INFO]: {'ti': 1685945160, 'low': 18622.95, 'high': 18627.05, 'open': 18623.6, 'close': 18626.55, '_id': ObjectId('647d7b84d7fb40d514b341bc')}
[INFO]: {'ti': 1685945160, 'low': 44222.05, 'high': 44230.75, 'open': 44226.0, 'close': 44228.95, '_id': ObjectId('647d7b84d7fb40d514b341bd')}
[INFO]: {'ti': 1685945220, 'low': 44223.8, 'high': 44234.35, 'open': 44227.65, 'close': 44229.9, '_id': ObjectId('647d7bc0d7fb40d514b341be')}
[INFO]: {'ti': 1685945220, 'low': 18625.2, 'high': 18629.05, 'open': 18625.75, 'close': 18628.5, '_id': ObjectId('647d7bc0d7fb40d514b341bf')}
[INFO]: {'ti': 1685945280, 'low': 18626.5, 'high': 18628.95, 'open': 18627.6, 'close': 18626.9, '_id': ObjectId('647d7bfcd7fb40d514b341c0')}
[INFO]: {'ti': 1685945280, 'low': 44225.4, 'high': 44232.25, 'open': 44225.4, 'close': 44227.35, '_id': ObjectId('647d7bfcd7fb40d514b341c1')}
[INFO]: {'ti': 1685945340, 'low': 18626.0, 'high': 18629.2, 'open': 18626.95, 'close': 18628.8, '_id': ObjectId('647d7c38d7fb40d514b341c2')}
[INFO]: {'ti': 1685945340, 'low': 44222.6, 'high': 44230.7, 'open': 44229.4, 'close': 44226.35, '_id': ObjectId('647d7c38d7fb40d514b341c3')}
[INFO]: {'ti': 1685945400, 'low': 18627.3, 'high': 18629.75, 'open': 18628.2, 'close': 18628.05, '_id': ObjectId('647d7c74d7fb40d514b341c4')}
[INFO]: {'ti': 1685945400, 'low': 44221.45, 'high': 44229.95, 'open': 44226.65, 'close': 44228.15, '_id': ObjectId('647d7c74d7fb40d514b341c5')}
[INFO]: {'ti': 1685945460, 'low': 44220.1, 'high': 44227.35, 'open': 44226.55, 'close': 44222.6, '_id': ObjectId('647d7cb0d7fb40d514b341c6')}
[INFO]: {'ti': 1685945460, 'low': 18626.1, 'high': 18628.3, 'open': 18628.0, 'close': 18626.6, '_id': ObjectId('647d7cb0d7fb40d514b341c7')}
[INFO]: {'ti': 1685945520, 'low': 18625.1, 'high': 18628.9, 'open': 18626.05, 'close': 18628.1, '_id': ObjectId('647d7cecd7fb40d514b341c8')}
[INFO]: {'ti': 1685945520, 'low': 44217.75, 'high': 44226.9, 'open': 44220.2, 'close': 44219.0, '_id': ObjectId('647d7cecd7fb40d514b341c9')}
[INFO]: {'ti': 1685945580, 'low': 44210.25, 'high': 44218.6, 'open': 44216.95, 'close': 44212.75, '_id': ObjectId('647d7d28d7fb40d514b341ca')}
[INFO]: {'ti': 1685945580, 'low': 18624.15, 'high': 18628.0, 'open': 18627.05, 'close': 18624.5, '_id': ObjectId('647d7d28d7fb40d514b341cb')}
[INFO]: {'ti': 1685945640, 'low': 18623.4, 'high': 18626.1, 'open': 18624.6, 'close': 18625.65, '_id': ObjectId('647d7d64d7fb40d514b341cc')}
[INFO]: {'ti': 1685945640, 'low': 44207.0, 'high': 44219.45, 'open': 44211.95, 'close': 44219.1, '_id': ObjectId('647d7d64d7fb40d514b341cd')}
[INFO]: {'ti': 1685945700, 'low': 44210.85, 'high': 44217.75, 'open': 44217.45, 'close': 44213.8, '_id': ObjectId('647d7da0d7fb40d514b341ce')}
[INFO]: {'ti': 1685945700, 'low': 18624.15, 'high': 18627.35, 'open': 18625.3, 'close': 18626.5, '_id': ObjectId('647d7da0d7fb40d514b341cf')}
[INFO]: {'ti': 1685945760, 'low': 18624.35, 'high': 18626.8, 'open': 18626.35, 'close': 18626.45, '_id': ObjectId('647d7ddcd7fb40d514b341d0')}
[INFO]: {'ti': 1685945760, 'low': 44211.3, 'high': 44216.25, 'open': 44213.35, 'close': 44214.0, '_id': ObjectId('647d7ddcd7fb40d514b341d1')}
[INFO]: {'ti': 1685945820, 'low': 18626.0, 'high': 18629.0, 'open': 18626.45, 'close': 18628.05, '_id': ObjectId('647d7e18d7fb40d514b341d2')}
[INFO]: {'ti': 1685945820, 'low': 44207.65, 'high': 44214.65, 'open': 44213.55, 'close': 44210.55, '_id': ObjectId('647d7e18d7fb40d514b341d3')}
[INFO]: {'ti': 1685945880, 'low': 18627.95, 'high': 18630.5, 'open': 18628.55, 'close': 18629.8, '_id': ObjectId('647d7e54d7fb40d514b341d4')}
[INFO]: {'ti': 1685945880, 'low': 44210.7, 'high': 44220.95, 'open': 44210.7, 'close': 44218.0, '_id': ObjectId('647d7e54d7fb40d514b341d5')}
[INFO]: {'ti': 1685945940, 'low': 44215.35, 'high': 44227.2, 'open': 44220.15, 'close': 44224.45, '_id': ObjectId('647d7e90d7fb40d514b341d6')}
[INFO]: {'ti': 1685945940, 'low': 18629.25, 'high': 18631.1, 'open': 18630.05, 'close': 18630.0, '_id': ObjectId('647d7e90d7fb40d514b341d7')}
[INFO]: {'ti': 1685946000, 'low': 18628.65, 'high': 18631.75, 'open': 18629.7, 'close': 18630.45, '_id': ObjectId('647d7eccd7fb40d514b341d8')}
[INFO]: {'ti': 1685946000, 'low': 44219.1, 'high': 44227.5, 'open': 44221.75, 'close': 44223.0, '_id': ObjectId('647d7eccd7fb40d514b341d9')}
[INFO]: {'ti': 1685946060, 'low': 18627.65, 'high': 18631.5, 'open': 18630.7, 'close': 18629.95, '_id': ObjectId('647d7f08d7fb40d514b341da')}
[INFO]: {'ti': 1685946060, 'low': 44214.25, 'high': 44224.8, 'open': 44224.8, 'close': 44215.5, '_id': ObjectId('647d7f08d7fb40d514b341db')}
[INFO]: {'ti': 1685946120, 'low': 18627.05, 'high': 18630.25, 'open': 18630.0, 'close': 18627.95, '_id': ObjectId('647d7f44d7fb40d514b341dc')}
[INFO]: {'ti': 1685946120, 'low': 44208.95, 'high': 44222.1, 'open': 44215.9, 'close': 44211.7, '_id': ObjectId('647d7f44d7fb40d514b341dd')}
[INFO]: {'ti': 1685946180, 'low': 18626.5, 'high': 18630.4, 'open': 18627.7, 'close': 18627.0, '_id': ObjectId('647d7f80d7fb40d514b341de')}
[INFO]: {'ti': 1685946180, 'low': 44202.85, 'high': 44218.05, 'open': 44215.05, 'close': 44206.85, '_id': ObjectId('647d7f80d7fb40d514b341df')}
[INFO]: {'ti': 1685946240, 'low': 18623.85, 'high': 18627.1, 'open': 18626.9, 'close': 18624.2, '_id': ObjectId('647d7fbcd7fb40d514b341e0')}
[INFO]: {'ti': 1685946240, 'low': 44192.4, 'high': 44207.35, 'open': 44207.35, 'close': 44194.9, '_id': ObjectId('647d7fbcd7fb40d514b341e1')}
[INFO]: {'ti': 1685946360, 'low': 18618.9, 'high': 18620.9, 'open': 18620.3, 'close': 18620.1, '_id': ObjectId('647d8034d7fb40d514b341e2')}
[INFO]: {'ti': 1685946360, 'low': 44187.6, 'high': 44196.35, 'open': 44195.4, 'close': 44193.2, '_id': ObjectId('647d8034d7fb40d514b341e3')}
[INFO]: {'ti': 1685946420, 'low': 18618.1, 'high': 18621.35, 'open': 18619.65, 'close': 18620.8, '_id': ObjectId('647d8070d7fb40d514b341e4')}
[INFO]: {'ti': 1685946420, 'low': 44188.65, 'high': 44201.4, 'open': 44190.45, 'close': 44201.25, '_id': ObjectId('647d8070d7fb40d514b341e5')}
[INFO]: {'ti': 1685946480, 'low': 18618.45, 'high': 18621.0, 'open': 18620.45, 'close': 18619.25, '_id': ObjectId('647d80acd7fb40d514b341e6')}
[INFO]: {'ti': 1685946480, 'low': 44194.0, 'high': 44201.3, 'open': 44200.5, 'close': 44195.8, '_id': ObjectId('647d80acd7fb40d514b341e7')}
[INFO]: {'ti': 1685946540, 'low': 44188.1, 'high': 44194.7, 'open': 44192.95, 'close': 44189.9, '_id': ObjectId('647d80e8d7fb40d514b341e8')}
[INFO]: {'ti': 1685946540, 'low': 18617.85, 'high': 18619.95, 'open': 18619.15, 'close': 18619.0, '_id': ObjectId('647d80e8d7fb40d514b341e9')}
[INFO]: {'ti': 1685946600, 'low': 18616.2, 'high': 18624.85, 'open': 18618.4, 'close': 18623.95, '_id': ObjectId('647d8124d7fb40d514b341ea')}
[INFO]: {'ti': 1685946600, 'low': 44179.3, 'high': 44189.55, 'open': 44187.7, 'close': 44187.9, '_id': ObjectId('647d8124d7fb40d514b341eb')}
[INFO]: {'ti': 1685946660, 'low': 18622.35, 'high': 18624.35, 'open': 18623.15, 'close': 18623.5, '_id': ObjectId('647d8160d7fb40d514b341ec')}
[INFO]: {'ti': 1685946660, 'low': 44185.5, 'high': 44193.15, 'open': 44188.35, 'close': 44189.6, '_id': ObjectId('647d8160d7fb40d514b341ed')}
[INFO]: {'ti': 1685946720, 'low': 44178.4, 'high': 44191.65, 'open': 44190.5, 'close': 44182.2, '_id': ObjectId('647d819cd7fb40d514b341ee')}
[INFO]: {'ti': 1685946780, 'low': 18621.8, 'high': 18624.0, 'open': 18622.1, 'close': 18623.05, '_id': ObjectId('647d81d8d7fb40d514b341ef')}
[INFO]: {'ti': 1685946780, 'low': 44178.95, 'high': 44186.0, 'open': 44181.65, 'close': 44181.35, '_id': ObjectId('647d81d8d7fb40d514b341f0')}
[INFO]: {'ti': 1685946840, 'low': 18620.2, 'high': 18622.35, 'open': 18622.15, 'close': 18620.95, '_id': ObjectId('647d8214d7fb40d514b341f1')}
[INFO]: {'ti': 1685946840, 'low': 44169.45, 'high': 44182.75, 'open': 44182.75, 'close': 44169.45, '_id': ObjectId('647d8214d7fb40d514b341f2')}
[INFO]: {'ti': 1685946900, 'low': 18620.85, 'high': 18622.55, 'open': 18620.85, 'close': 18622.0, '_id': ObjectId('647d8250d7fb40d514b341f3')}
[INFO]: {'ti': 1685946900, 'low': 44165.5, 'high': 44174.05, 'open': 44169.3, 'close': 44172.45, '_id': ObjectId('647d8250d7fb40d514b341f4')}
[INFO]: {'ti': 1685946960, 'low': 18617.4, 'high': 18621.75, 'open': 18621.75, 'close': 18618.8, '_id': ObjectId('647d828cd7fb40d514b341f5')}
[INFO]: {'ti': 1685946960, 'low': 44158.85, 'high': 44172.5, 'open': 44172.5, 'close': 44164.75, '_id': ObjectId('647d828cd7fb40d514b341f6')}
[INFO]: {'ti': 1685947020, 'low': 18618.1, 'high': 18622.8, 'open': 18618.9, 'close': 18621.85, '_id': ObjectId('647d82c8d7fb40d514b341f7')}
[INFO]: {'ti': 1685947020, 'low': 44162.6, 'high': 44179.3, 'open': 44168.8, 'close': 44175.0, '_id': ObjectId('647d82c8d7fb40d514b341f8')}
[INFO]: {'ti': 1685947080, 'low': 44173.15, 'high': 44180.5, 'open': 44177.1, 'close': 44176.15, '_id': ObjectId('647d8304d7fb40d514b341f9')}
[INFO]: {'ti': 1685947080, 'low': 18620.6, 'high': 18622.7, 'open': 18622.3, 'close': 18620.95, '_id': ObjectId('647d8304d7fb40d514b341fa')}
[INFO]: {'ti': 1685947140, 'low': 18619.7, 'high': 18624.2, 'open': 18621.2, 'close': 18623.15, '_id': ObjectId('647d8340d7fb40d514b341fb')}
[INFO]: {'ti': 1685947140, 'low': 44176.35, 'high': 44194.55, 'open': 44176.8, 'close': 44192.5, '_id': ObjectId('647d8340d7fb40d514b341fc')}
[INFO]: {'ti': 1685947200, 'low': 44191.15, 'high': 44208.0, 'open': 44191.95, 'close': 44206.8, '_id': ObjectId('647d837cd7fb40d514b341fd')}
[INFO]: {'ti': 1685947200, 'low': 18622.55, 'high': 18626.3, 'open': 18622.9, 'close': 18625.65, '_id': ObjectId('647d837cd7fb40d514b341fe')}
[INFO]: {'ti': 1685947260, 'low': 18624.5, 'high': 18626.55, 'open': 18625.75, 'close': 18625.75, '_id': ObjectId('647d83b8d7fb40d514b341ff')}
[INFO]: {'ti': 1685947260, 'low': 44202.2, 'high': 44213.2, 'open': 44209.7, 'close': 44208.75, '_id': ObjectId('647d83b8d7fb40d514b34200')}
[INFO]: {'ti': 1685947320, 'low': 18623.75, 'high': 18625.75, 'open': 18625.6, 'close': 18624.3, '_id': ObjectId('647d83f4d7fb40d514b34201')}
[INFO]: {'ti': 1685947320, 'low': 44204.8, 'high': 44212.95, 'open': 44208.05, 'close': 44208.5, '_id': ObjectId('647d83f4d7fb40d514b34202')}
[INFO]: {'ti': 1685947380, 'low': 18623.55, 'high': 18628.9, 'open': 18624.15, 'close': 18628.2, '_id': ObjectId('647d8430d7fb40d514b34203')}
[INFO]: {'ti': 1685947380, 'low': 44206.35, 'high': 44215.95, 'open': 44209.55, 'close': 44211.7, '_id': ObjectId('647d8430d7fb40d514b34204')}
[INFO]: {'ti': 1685947440, 'low': 44204.05, 'high': 44212.85, 'open': 44212.15, 'close': 44206.25, '_id': ObjectId('647d846cd7fb40d514b34205')}
[INFO]: {'ti': 1685947440, 'low': 18624.55, 'high': 18628.65, 'open': 18628.15, 'close': 18625.9, '_id': ObjectId('647d846cd7fb40d514b34206')}
[INFO]: {'ti': 1685947500, 'low': 18625.8, 'high': 18629.3, 'open': 18626.4, 'close': 18628.55, '_id': ObjectId('647d84a8d7fb40d514b34207')}
[INFO]: {'ti': 1685947500, 'low': 44201.3, 'high': 44206.85, 'open': 44206.85, 'close': 44203.05, '_id': ObjectId('647d84a8d7fb40d514b34208')}
[INFO]: {'ti': 1685947560, 'low': 18626.45, 'high': 18628.85, 'open': 18627.95, 'close': 18628.55, '_id': ObjectId('647d84e4d7fb40d514b34209')}
[INFO]: {'ti': 1685947560, 'low': 44198.45, 'high': 44205.1, 'open': 44204.0, 'close': 44201.65, '_id': ObjectId('647d84e4d7fb40d514b3420a')}
[INFO]: {'ti': 1685947620, 'low': 18627.35, 'high': 18628.85, 'open': 18628.35, 'close': 18627.75, '_id': ObjectId('647d8520d7fb40d514b3420b')}
[INFO]: {'ti': 1685947620, 'low': 44196.25, 'high': 44206.05, 'open': 44200.2, 'close': 44202.95, '_id': ObjectId('647d8520d7fb40d514b3420c')}
[INFO]: {'ti': 1685947680, 'low': 44195.2, 'high': 44204.25, 'open': 44203.35, 'close': 44198.75, '_id': ObjectId('647d855cd7fb40d514b3420d')}
[INFO]: {'ti': 1685947680, 'low': 18624.9, 'high': 18627.85, 'open': 18627.45, 'close': 18624.9, '_id': ObjectId('647d855cd7fb40d514b3420e')}
[INFO]: {'ti': 1685947740, 'low': 18620.85, 'high': 18625.15, 'open': 18625.15, 'close': 18622.25, '_id': ObjectId('647d8598d7fb40d514b3420f')}
[INFO]: {'ti': 1685947740, 'low': 44187.8, 'high': 44199.85, 'open': 44198.95, 'close': 44191.1, '_id': ObjectId('647d8598d7fb40d514b34210')}
[INFO]: {'ti': 1685947800, 'low': 18619.75, 'high': 18622.55, 'open': 18622.35, 'close': 18620.45, '_id': ObjectId('647d85d4d7fb40d514b34211')}
[INFO]: {'ti': 1685947800, 'low': 44188.3, 'high': 44196.3, 'open': 44191.45, 'close': 44188.85, '_id': ObjectId('647d85d4d7fb40d514b34212')}
[INFO]: {'ti': 1685947860, 'low': 18617.3, 'high': 18620.45, 'open': 18620.4, 'close': 18617.3, '_id': ObjectId('647d8610d7fb40d514b34213')}
[INFO]: {'ti': 1685947860, 'low': 44181.6, 'high': 44190.2, 'open': 44189.05, 'close': 44181.95, '_id': ObjectId('647d8610d7fb40d514b34214')}
[INFO]: {'ti': 1685947920, 'low': 44180.75, 'high': 44192.35, 'open': 44183.1, 'close': 44192.35, '_id': ObjectId('647d864cd7fb40d514b34215')}
[INFO]: {'ti': 1685947920, 'low': 18614.85, 'high': 18618.75, 'open': 18617.4, 'close': 18617.45, '_id': ObjectId('647d864cd7fb40d514b34216')}
[INFO]: {'ti': 1685947980, 'low': 18616.5, 'high': 18623.2, 'open': 18617.6, 'close': 18622.85, '_id': ObjectId('647d8688d7fb40d514b34217')}
[INFO]: {'ti': 1685947980, 'low': 44185.15, 'high': 44215.6, 'open': 44190.2, 'close': 44215.6, '_id': ObjectId('647d8688d7fb40d514b34218')}
[INFO]: {'ti': 1685948040, 'low': 44201.75, 'high': 44220.35, 'open': 44214.05, 'close': 44201.75, '_id': ObjectId('647d86c4d7fb40d514b34219')}
[INFO]: {'ti': 1685948040, 'low': 18619.0, 'high': 18624.6, 'open': 18622.9, 'close': 18619.95, '_id': ObjectId('647d86c4d7fb40d514b3421a')}
[INFO]: {'ti': 1685948100, 'low': 18616.4, 'high': 18619.4, 'open': 18619.4, 'close': 18616.5, '_id': ObjectId('647d8700d7fb40d514b3421b')}
[INFO]: {'ti': 1685948100, 'low': 44180.9, 'high': 44201.6, 'open': 44201.6, 'close': 44180.9, '_id': ObjectId('647d8700d7fb40d514b3421c')}
[INFO]: {'ti': 1685948160, 'low': 18615.0, 'high': 18617.2, 'open': 18616.7, 'close': 18615.4, '_id': ObjectId('647d873cd7fb40d514b3421d')}
[INFO]: {'ti': 1685948160, 'low': 44177.05, 'high': 44187.35, 'open': 44183.55, 'close': 44177.8, '_id': ObjectId('647d873cd7fb40d514b3421e')}
[INFO]: {'ti': 1685948220, 'low': 18613.65, 'high': 18619.5, 'open': 18614.95, 'close': 18617.65, '_id': ObjectId('647d8778d7fb40d514b3421f')}
[INFO]: {'ti': 1685948220, 'low': 44171.8, 'high': 44203.85, 'open': 44175.9, 'close': 44194.6, '_id': ObjectId('647d8778d7fb40d514b34220')}
[INFO]: {'ti': 1685948280, 'low': 44188.6, 'high': 44202.4, 'open': 44193.75, 'close': 44198.3, '_id': ObjectId('647d87b4d7fb40d514b34221')}
[INFO]: {'ti': 1685948280, 'low': 18616.2, 'high': 18619.3, 'open': 18617.7, 'close': 18618.5, '_id': ObjectId('647d87b4d7fb40d514b34222')}
[INFO]: {'ti': 1685948340, 'low': 18616.75, 'high': 18619.6, 'open': 18618.3, 'close': 18618.15, '_id': ObjectId('647d87f0d7fb40d514b34223')}
[INFO]: {'ti': 1685948340, 'low': 44197.3, 'high': 44206.3, 'open': 44200.45, 'close': 44205.15, '_id': ObjectId('647d87f0d7fb40d514b34224')}
[INFO]: {'ti': 1685948400, 'low': 18616.35, 'high': 18619.3, 'open': 18617.9, 'close': 18616.35, '_id': ObjectId('647d882cd7fb40d514b34225')}
[INFO]: {'ti': 1685948400, 'low': 44200.15, 'high': 44207.25, 'open': 44203.8, 'close': 44201.9, '_id': ObjectId('647d882cd7fb40d514b34226')}
[INFO]: {'ti': 1685948460, 'low': 18614.1, 'high': 18616.65, 'open': 18616.2, 'close': 18615.85, '_id': ObjectId('647d8868d7fb40d514b34227')}
[INFO]: {'ti': 1685948460, 'low': 44197.1, 'high': 44204.95, 'open': 44202.25, 'close': 44200.35, '_id': ObjectId('647d8868d7fb40d514b34228')}
[INFO]: {'ti': 1685948520, 'low': 18612.7, 'high': 18615.8, 'open': 18615.65, 'close': 18613.3, '_id': ObjectId('647d88a4d7fb40d514b34229')}
[INFO]: {'ti': 1685948520, 'low': 44192.7, 'high': 44202.65, 'open': 44202.65, 'close': 44193.1, '_id': ObjectId('647d88a4d7fb40d514b3422a')}
[INFO]: {'ti': 1685948580, 'low': 18610.55, 'high': 18613.55, 'open': 18613.55, 'close': 18612.4, '_id': ObjectId('647d88e0d7fb40d514b3422b')}
[INFO]: {'ti': 1685948580, 'low': 44189.45, 'high': 44198.3, 'open': 44195.2, 'close': 44197.6, '_id': ObjectId('647d88e0d7fb40d514b3422c')}
[INFO]: {'ti': 1685948640, 'low': 18609.5, 'high': 18612.65, 'open': 18612.1, 'close': 18611.05, '_id': ObjectId('647d891cd7fb40d514b3422d')}
[INFO]: {'ti': 1685948640, 'low': 44183.05, 'high': 44196.95, 'open': 44196.95, 'close': 44190.8, '_id': ObjectId('647d891cd7fb40d514b3422e')}
[INFO]: {'ti': 1685948700, 'low': 44188.35, 'high': 44199.15, 'open': 44191.4, 'close': 44192.15, '_id': ObjectId('647d8958d7fb40d514b3422f')}
[INFO]: {'ti': 1685948700, 'low': 18609.85, 'high': 18613.1, 'open': 18611.7, 'close': 18610.95, '_id': ObjectId('647d8959d7fb40d514b34230')}
[INFO]: {'ti': 1685948760, 'low': 18610.1, 'high': 18612.6, 'open': 18610.85, 'close': 18610.55, '_id': ObjectId('647d8994d7fb40d514b34231')}
[INFO]: {'ti': 1685948760, 'low': 44188.8, 'high': 44198.3, 'open': 44191.25, 'close': 44191.95, '_id': ObjectId('647d8994d7fb40d514b34232')}
[INFO]: {'ti': 1685948820, 'low': 18609.9, 'high': 18614.15, 'open': 18611.05, 'close': 18613.35, '_id': ObjectId('647d89d0d7fb40d514b34233')}
[INFO]: {'ti': 1685948820, 'low': 44189.85, 'high': 44202.6, 'open': 44195.95, 'close': 44202.45, '_id': ObjectId('647d89d0d7fb40d514b34234')}
[INFO]: {'ti': 1685948880, 'low': 18611.85, 'high': 18614.7, 'open': 18613.55, 'close': 18613.25, '_id': ObjectId('647d8a0cd7fb40d514b34235')}
[INFO]: {'ti': 1685948880, 'low': 44191.7, 'high': 44204.2, 'open': 44203.8, 'close': 44194.4, '_id': ObjectId('647d8a0cd7fb40d514b34236')}
[INFO]: {'ti': 1685948940, 'low': 18609.8, 'high': 18613.3, 'open': 18612.9, 'close': 18609.85, '_id': ObjectId('647d8a48d7fb40d514b34237')}
[INFO]: {'ti': 1685948940, 'low': 44190.15, 'high': 44199.4, 'open': 44195.4, 'close': 44195.15, '_id': ObjectId('647d8a48d7fb40d514b34238')}
[INFO]: {'ti': 1685949000, 'low': 18606.25, 'high': 18609.55, 'open': 18609.45, 'close': 18608.3, '_id': ObjectId('647d8a84d7fb40d514b34239')}
[INFO]: {'ti': 1685949000, 'low': 44182.65, 'high': 44192.6, 'open': 44192.55, 'close': 44189.9, '_id': ObjectId('647d8a84d7fb40d514b3423a')}
[INFO]: {'ti': 1685949060, 'low': 44187.95, 'high': 44193.65, 'open': 44188.9, 'close': 44189.85, '_id': ObjectId('647d8ac0d7fb40d514b3423b')}
[INFO]: {'ti': 1685949060, 'low': 18607.05, 'high': 18609.55, 'open': 18608.4, 'close': 18608.3, '_id': ObjectId('647d8ac0d7fb40d514b3423c')}
[INFO]: {'ti': 1685949120, 'low': 18608.25, 'high': 18613.3, 'open': 18608.9, 'close': 18612.5, '_id': ObjectId('647d8afcd7fb40d514b3423d')}
[INFO]: {'ti': 1685949120, 'low': 44188.2, 'high': 44201.9, 'open': 44188.95, 'close': 44199.55, '_id': ObjectId('647d8afcd7fb40d514b3423e')}
[INFO]: {'ti': 1685949180, 'low': 44198.05, 'high': 44207.8, 'open': 44198.55, 'close': 44207.5, '_id': ObjectId('647d8b38d7fb40d514b3423f')}
[INFO]: {'ti': 1685949180, 'low': 18611.0, 'high': 18614.55, 'open': 18612.5, 'close': 18612.95, '_id': ObjectId('647d8b38d7fb40d514b34240')}
[INFO]: {'ti': 1685949240, 'low': 18610.0, 'high': 18613.3, 'open': 18613.1, 'close': 18611.1, '_id': ObjectId('647d8b74d7fb40d514b34241')}
[INFO]: {'ti': 1685949240, 'low': 44199.45, 'high': 44207.75, 'open': 44207.75, 'close': 44201.5, '_id': ObjectId('647d8b74d7fb40d514b34242')}
[INFO]: {'ti': 1685949300, 'low': 18610.1, 'high': 18612.55, 'open': 18610.9, 'close': 18612.25, '_id': ObjectId('647d8bb0d7fb40d514b34243')}
[INFO]: {'ti': 1685949300, 'low': 44195.7, 'high': 44203.9, 'open': 44202.2, 'close': 44199.1, '_id': ObjectId('647d8bb0d7fb40d514b34244')}
[INFO]: {'ti': 1685949360, 'low': 18610.4, 'high': 18615.05, 'open': 18611.95, 'close': 18614.7, '_id': ObjectId('647d8becd7fb40d514b34245')}
[INFO]: {'ti': 1685949360, 'low': 44194.8, 'high': 44202.8, 'open': 44200.05, 'close': 44199.6, '_id': ObjectId('647d8becd7fb40d514b34246')}
[INFO]: {'ti': 1685949420, 'low': 44196.8, 'high': 44204.3, 'open': 44201.75, 'close': 44200.6, '_id': ObjectId('647d8c28d7fb40d514b34247')}
[INFO]: {'ti': 1685949420, 'low': 18613.8, 'high': 18615.9, 'open': 18615.2, 'close': 18614.9, '_id': ObjectId('647d8c28d7fb40d514b34248')}
[INFO]: {'ti': 1685949480, 'low': 18613.95, 'high': 18615.75, 'open': 18615.35, 'close': 18614.55, '_id': ObjectId('647d8cedd7fb40d514b34249')}
[INFO]: {'ti': 1685949480, 'low': 44197.0, 'high': 44206.85, 'open': 44203.7, 'close': 44204.85, '_id': ObjectId('647d8cedd7fb40d514b3424a')}
[INFO]: {'ti': 1685949660, 'low': 18611.45, 'high': 18614.25, 'open': 18613.7, 'close': 18611.45, '_id': ObjectId('647d8d18d7fb40d514b3424b')}
[INFO]: {'ti': 1685949660, 'low': 44214.75, 'high': 44226.15, 'open': 44223.9, 'close': 44215.1, '_id': ObjectId('647d8d18d7fb40d514b3424c')}
[INFO]: {'ti': 1685949720, 'low': 18608.85, 'high': 18611.7, 'open': 18611.7, 'close': 18610.55, '_id': ObjectId('647d8d54d7fb40d514b3424d')}
[INFO]: {'ti': 1685949720, 'low': 44204.7, 'high': 44217.15, 'open': 44217.15, 'close': 44206.3, '_id': ObjectId('647d8d54d7fb40d514b3424e')}
[INFO]: {'ti': 1685949780, 'low': 44204.5, 'high': 44210.0, 'open': 44209.25, 'close': 44206.4, '_id': ObjectId('647d8d90d7fb40d514b3424f')}
[INFO]: {'ti': 1685949780, 'low': 18609.3, 'high': 18611.2, 'open': 18610.55, 'close': 18609.55, '_id': ObjectId('647d8d90d7fb40d514b34250')}
[INFO]: {'ti': 1685949840, 'low': 18607.05, 'high': 18609.85, 'open': 18609.85, 'close': 18608.5, '_id': ObjectId('647d8dccd7fb40d514b34251')}
[INFO]: {'ti': 1685949840, 'low': 44200.9, 'high': 44207.85, 'open': 44207.65, 'close': 44202.95, '_id': ObjectId('647d8dccd7fb40d514b34252')}
[INFO]: {'ti': 1685949900, 'low': 44201.3, 'high': 44211.0, 'open': 44206.25, 'close': 44208.25, '_id': ObjectId('647d8e08d7fb40d514b34253')}
[INFO]: {'ti': 1685949900, 'low': 18607.35, 'high': 18609.7, 'open': 18608.4, 'close': 18608.8, '_id': ObjectId('647d8e08d7fb40d514b34254')}
[INFO]: {'ti': 1685949960, 'low': 18608.2, 'high': 18610.6, 'open': 18608.75, 'close': 18609.65, '_id': ObjectId('647d8e44d7fb40d514b34255')}
[INFO]: {'ti': 1685949960, 'low': 44208.4, 'high': 44217.05, 'open': 44210.55, 'close': 44217.05, '_id': ObjectId('647d8e44d7fb40d514b34256')}
[INFO]: {'ti': 1685950020, 'low': 44209.15, 'high': 44219.25, 'open': 44215.7, 'close': 44214.65, '_id': ObjectId('647d8e80d7fb40d514b34257')}
[INFO]: {'ti': 1685950020, 'low': 18608.6, 'high': 18613.25, 'open': 18609.5, 'close': 18612.4, '_id': ObjectId('647d8e80d7fb40d514b34258')}
[INFO]: {'ti': 1685950080, 'low': 18612.05, 'high': 18613.95, 'open': 18612.3, 'close': 18613.8, '_id': ObjectId('647d8ebcd7fb40d514b34259')}
[INFO]: {'ti': 1685950080, 'low': 44212.6, 'high': 44219.05, 'open': 44213.3, 'close': 44214.75, '_id': ObjectId('647d8ebcd7fb40d514b3425a')}
[INFO]: {'ti': 1685950140, 'low': 18612.7, 'high': 18614.15, 'open': 18613.65, 'close': 18613.45, '_id': ObjectId('647d8ef8d7fb40d514b3425b')}
[INFO]: {'ti': 1685950140, 'low': 44213.95, 'high': 44220.9, 'open': 44214.95, 'close': 44218.45, '_id': ObjectId('647d8ef8d7fb40d514b3425c')}
[INFO]: {'ti': 1685950200, 'low': 18611.7, 'high': 18614.8, 'open': 18613.25, 'close': 18613.85, '_id': ObjectId('647d8f34d7fb40d514b3425d')}
[INFO]: {'ti': 1685950200, 'low': 44215.45, 'high': 44223.55, 'open': 44219.7, 'close': 44216.3, '_id': ObjectId('647d8f34d7fb40d514b3425e')}
[INFO]: {'ti': 1685950260, 'low': 18610.35, 'high': 18614.4, 'open': 18613.6, 'close': 18611.45, '_id': ObjectId('647d8f70d7fb40d514b3425f')}
[INFO]: {'ti': 1685950260, 'low': 44203.05, 'high': 44218.35, 'open': 44217.0, 'close': 44207.05, '_id': ObjectId('647d8f70d7fb40d514b34260')}
[INFO]: {'ti': 1685950320, 'low': 18610.9, 'high': 18615.2, 'open': 18611.85, 'close': 18615.05, '_id': ObjectId('647d8facd7fb40d514b34261')}
[INFO]: {'ti': 1685950320, 'low': 44203.65, 'high': 44219.4, 'open': 44207.95, 'close': 44217.95, '_id': ObjectId('647d8facd7fb40d514b34262')}
[INFO]: {'ti': 1685950440, 'low': 18612.5, 'high': 18614.65, 'open': 18613.0, 'close': 18613.85, '_id': ObjectId('647d9024d7fb40d514b34263')}
[INFO]: {'ti': 1685950440, 'low': 44206.6, 'high': 44216.65, 'open': 44210.8, 'close': 44212.7, '_id': ObjectId('647d9024d7fb40d514b34264')}
[INFO]: {'ti': 1685950500, 'low': 18611.6, 'high': 18614.1, 'open': 18614.1, 'close': 18612.55, '_id': ObjectId('647d9060d7fb40d514b34265')}
[INFO]: {'ti': 1685950500, 'low': 44208.25, 'high': 44214.9, 'open': 44214.9, 'close': 44210.75, '_id': ObjectId('647d9060d7fb40d514b34266')}
[INFO]: {'ti': 1685950560, 'low': 18610.9, 'high': 18614.0, 'open': 18612.7, 'close': 18612.95, '_id': ObjectId('647d909cd7fb40d514b34267')}
[INFO]: {'ti': 1685950560, 'low': 44202.7, 'high': 44213.7, 'open': 44209.6, 'close': 44206.8, '_id': ObjectId('647d909cd7fb40d514b34268')}
[INFO]: {'ti': 1685950620, 'low': 44200.6, 'high': 44210.15, 'open': 44208.9, 'close': 44202.5, '_id': ObjectId('647d90d8d7fb40d514b34269')}
[INFO]: {'ti': 1685950620, 'low': 18611.25, 'high': 18613.45, 'open': 18613.05, 'close': 18611.5, '_id': ObjectId('647d90d8d7fb40d514b3426a')}
[INFO]: {'ti': 1685950680, 'low': 18610.9, 'high': 18613.7, 'open': 18611.6, 'close': 18613.15, '_id': ObjectId('647d9114d7fb40d514b3426b')}
[INFO]: {'ti': 1685950680, 'low': 44201.35, 'high': 44216.95, 'open': 44203.9, 'close': 44214.25, '_id': ObjectId('647d9114d7fb40d514b3426c')}
[INFO]: {'ti': 1685950740, 'low': 44208.4, 'high': 44216.15, 'open': 44215.35, 'close': 44212.25, '_id': ObjectId('647d9150d7fb40d514b3426d')}
[INFO]: {'ti': 1685950740, 'low': 18610.05, 'high': 18613.5, 'open': 18613.1, 'close': 18611.05, '_id': ObjectId('647d9150d7fb40d514b3426e')}
[INFO]: {'ti': 1685950800, 'low': 18610.2, 'high': 18613.45, 'open': 18610.65, 'close': 18612.6, '_id': ObjectId('647d918cd7fb40d514b3426f')}
[INFO]: {'ti': 1685950800, 'low': 44206.1, 'high': 44217.55, 'open': 44210.7, 'close': 44214.05, '_id': ObjectId('647d918cd7fb40d514b34270')}
[INFO]: {'ti': 1685950860, 'low': 18608.9, 'high': 18613.15, 'open': 18612.4, 'close': 18609.75, '_id': ObjectId('647d91c8d7fb40d514b34271')}
[INFO]: {'ti': 1685950860, 'low': 44194.0, 'high': 44213.85, 'open': 44210.95, 'close': 44200.85, '_id': ObjectId('647d91c8d7fb40d514b34272')}
[INFO]: {'ti': 1685950920, 'low': 18609.35, 'high': 18611.95, 'open': 18610.45, 'close': 18611.6, '_id': ObjectId('647d9204d7fb40d514b34273')}
[INFO]: {'ti': 1685950920, 'low': 44199.95, 'high': 44206.2, 'open': 44205.25, 'close': 44204.25, '_id': ObjectId('647d9204d7fb40d514b34274')}
[INFO]: {'ti': 1685950980, 'low': 18602.95, 'high': 18611.35, 'open': 18611.3, 'close': 18607.7, '_id': ObjectId('647d9240d7fb40d514b34275')}
[INFO]: {'ti': 1685950980, 'low': 44165.85, 'high': 44204.05, 'open': 44204.05, 'close': 44191.0, '_id': ObjectId('647d9240d7fb40d514b34276')}
[INFO]: {'ti': 1685951040, 'low': 18605.25, 'high': 18607.8, 'open': 18607.4, 'close': 18606.55, '_id': ObjectId('647d927cd7fb40d514b34277')}
[INFO]: {'ti': 1685951040, 'low': 44179.2, 'high': 44196.0, 'open': 44191.25, 'close': 44186.65, '_id': ObjectId('647d927cd7fb40d514b34278')}
[INFO]: {'ti': 1685951100, 'low': 18605.25, 'high': 18609.1, 'open': 18606.4, 'close': 18607.75, '_id': ObjectId('647d92b8d7fb40d514b34279')}
[INFO]: {'ti': 1685951100, 'low': 44176.65, 'high': 44188.0, 'open': 44184.65, 'close': 44180.3, '_id': ObjectId('647d92b8d7fb40d514b3427a')}
[INFO]: {'ti': 1685951160, 'low': 18607.2, 'high': 18609.3, 'open': 18607.8, 'close': 18608.15, '_id': ObjectId('647d92f4d7fb40d514b3427b')}
[INFO]: {'ti': 1685951160, 'low': 44174.85, 'high': 44186.05, 'open': 44180.1, 'close': 44182.85, '_id': ObjectId('647d92f4d7fb40d514b3427c')}
[INFO]: {'ti': 1685951220, 'low': 18608.05, 'high': 18612.05, 'open': 18608.05, 'close': 18611.05, '_id': ObjectId('647d9330d7fb40d514b3427d')}
[INFO]: {'ti': 1685951220, 'low': 44184.25, 'high': 44203.25, 'open': 44184.25, 'close': 44199.25, '_id': ObjectId('647d9330d7fb40d514b3427e')}
[INFO]: {'ti': 1685951280, 'low': 18610.5, 'high': 18613.25, 'open': 18610.9, 'close': 18612.8, '_id': ObjectId('647d936cd7fb40d514b3427f')}
[INFO]: {'ti': 1685951280, 'low': 44192.95, 'high': 44209.45, 'open': 44197.6, 'close': 44206.15, '_id': ObjectId('647d936cd7fb40d514b34280')}
[INFO]: {'ti': 1685951340, 'low': 18612.0, 'high': 18615.4, 'open': 18612.7, 'close': 18614.7, '_id': ObjectId('647d93a8d7fb40d514b34281')}
[INFO]: {'ti': 1685951340, 'low': 44200.85, 'high': 44219.0, 'open': 44206.85, 'close': 44217.1, '_id': ObjectId('647d93a8d7fb40d514b34282')}
[INFO]: {'ti': 1685951400, 'low': 44208.95, 'high': 44219.2, 'open': 44219.2, 'close': 44210.85, '_id': ObjectId('647d93e4d7fb40d514b34283')}
[INFO]: {'ti': 1685951400, 'low': 18612.65, 'high': 18615.6, 'open': 18614.5, 'close': 18613.9, '_id': ObjectId('647d93e4d7fb40d514b34284')}
[INFO]: {'ti': 1685951460, 'low': 18612.75, 'high': 18614.4, 'open': 18614.3, 'close': 18613.2, '_id': ObjectId('647d9420d7fb40d514b34285')}
[INFO]: {'ti': 1685951460, 'low': 44211.05, 'high': 44217.5, 'open': 44211.85, 'close': 44216.85, '_id': ObjectId('647d9420d7fb40d514b34286')}
[INFO]: {'ti': 1685951520, 'low': 44214.85, 'high': 44227.25, 'open': 44217.05, 'close': 44226.25, '_id': ObjectId('647d945cd7fb40d514b34287')}
[INFO]: {'ti': 1685951520, 'low': 18612.5, 'high': 18615.6, 'open': 18613.1, 'close': 18615.05, '_id': ObjectId('647d945cd7fb40d514b34288')}
[INFO]: {'ti': 1685951580, 'low': 18614.5, 'high': 18618.3, 'open': 18615.1, 'close': 18617.35, '_id': ObjectId('647d9498d7fb40d514b34289')}
[INFO]: {'ti': 1685951580, 'low': 44222.4, 'high': 44236.05, 'open': 44225.9, 'close': 44230.65, '_id': ObjectId('647d9498d7fb40d514b3428a')}
[INFO]: {'ti': 1685951640, 'low': 18614.4, 'high': 18617.95, 'open': 18617.0, 'close': 18617.05, '_id': ObjectId('647d94d4d7fb40d514b3428b')}
[INFO]: {'ti': 1685951640, 'low': 44222.65, 'high': 44233.85, 'open': 44230.8, 'close': 44230.3, '_id': ObjectId('647d94d4d7fb40d514b3428c')}
[INFO]: {'ti': 1685951700, 'low': 18616.35, 'high': 18619.65, 'open': 18617.1, 'close': 18617.95, '_id': ObjectId('647d9510d7fb40d514b3428d')}
[INFO]: {'ti': 1685951700, 'low': 44229.05, 'high': 44245.9, 'open': 44232.55, 'close': 44237.9, '_id': ObjectId('647d9510d7fb40d514b3428e')}
[INFO]: {'ti': 1685951760, 'low': 44230.75, 'high': 44243.85, 'open': 44237.45, 'close': 44231.05, '_id': ObjectId('647d954cd7fb40d514b3428f')}
[INFO]: {'ti': 1685951760, 'low': 18616.05, 'high': 18619.55, 'open': 18618.05, 'close': 18616.35, '_id': ObjectId('647d954cd7fb40d514b34290')}
[INFO]: {'ti': 1685951820, 'low': 18611.5, 'high': 18615.95, 'open': 18615.95, 'close': 18614.15, '_id': ObjectId('647d9588d7fb40d514b34291')}
[INFO]: {'ti': 1685951820, 'low': 44213.3, 'high': 44231.95, 'open': 44231.95, 'close': 44224.4, '_id': ObjectId('647d9588d7fb40d514b34292')}
[INFO]: {'ti': 1685951880, 'low': 44211.65, 'high': 44226.05, 'open': 44223.25, 'close': 44217.95, '_id': ObjectId('647d95c4d7fb40d514b34293')}
[INFO]: {'ti': 1685951880, 'low': 18611.65, 'high': 18614.5, 'open': 18613.9, 'close': 18613.35, '_id': ObjectId('647d95c4d7fb40d514b34294')}
[INFO]: {'ti': 1685951940, 'low': 18611.45, 'high': 18614.05, 'open': 18613.0, 'close': 18613.4, '_id': ObjectId('647d9600d7fb40d514b34295')}
[INFO]: {'ti': 1685951940, 'low': 44210.25, 'high': 44220.4, 'open': 44216.7, 'close': 44215.05, '_id': ObjectId('647d9600d7fb40d514b34296')}
[INFO]: {'ti': 1685952000, 'low': 18611.5, 'high': 18613.8, 'open': 18613.05, 'close': 18612.15, '_id': ObjectId('647d963cd7fb40d514b34297')}
[INFO]: {'ti': 1685952000, 'low': 44211.75, 'high': 44219.0, 'open': 44215.2, 'close': 44214.05, '_id': ObjectId('647d963cd7fb40d514b34298')}
[INFO]: {'ti': 1685952060, 'low': 44210.15, 'high': 44223.7, 'open': 44214.55, 'close': 44217.55, '_id': ObjectId('647d9678d7fb40d514b34299')}
[INFO]: {'ti': 1685952120, 'low': 44207.8, 'high': 44216.6, 'open': 44215.3, 'close': 44209.65, '_id': ObjectId('647d96b4d7fb40d514b3429a')}
[INFO]: {'ti': 1685952120, 'low': 18612.5, 'high': 18614.1, 'open': 18613.85, 'close': 18613.5, '_id': ObjectId('647d96b4d7fb40d514b3429b')}
[INFO]: {'ti': 1685952180, 'low': 18613.5, 'high': 18616.3, 'open': 18613.5, 'close': 18614.95, '_id': ObjectId('647d96f0d7fb40d514b3429c')}
[INFO]: {'ti': 1685952180, 'low': 44206.9, 'high': 44213.3, 'open': 44209.7, 'close': 44206.9, '_id': ObjectId('647d96f0d7fb40d514b3429d')}
[INFO]: {'ti': 1685952240, 'low': 18614.1, 'high': 18615.95, 'open': 18614.6, 'close': 18615.5, '_id': ObjectId('647d972cd7fb40d514b3429e')}
[INFO]: {'ti': 1685952240, 'low': 44206.15, 'high': 44217.25, 'open': 44206.35, 'close': 44216.3, '_id': ObjectId('647d972cd7fb40d514b3429f')}
